<?xml version="1.0" encoding="UTF-8"?>
<testsuite xmlns:xsi="http://www.w3.org/2001/XMLSchema-instance" xsi:noNamespaceSchemaLocation="https://maven.apache.org/surefire/maven-surefire-plugin/xsd/surefire-test-report-3.0.xsd" version="3.0" name="com.example.demo.DemoApplicationTests" time="5.952" tests="1" errors="0" skipped="0" failures="0">
  <properties>
    <property name="java.specification.version" value="22"/>
    <property name="sun.jnu.encoding" value="UTF-8"/>
    <property name="java.class.path" value="/Users/lucas/Downloads/Oracle App/target/test-classes:/Users/lucas/Downloads/Oracle App/target/classes:/Users/lucas/.m2/repository/org/springframework/boot/spring-boot-starter-logging/3.3.4/spring-boot-starter-logging-3.3.4.jar:/Users/lucas/.m2/repository/ch/qos/logback/logback-classic/1.5.8/logback-classic-1.5.8.jar:/Users/lucas/.m2/repository/ch/qos/logback/logback-core/1.5.8/logback-core-1.5.8.jar:/Users/lucas/.m2/repository/org/slf4j/slf4j-api/2.0.16/slf4j-api-2.0.16.jar:/Users/lucas/.m2/repository/org/apache/logging/log4j/log4j-to-slf4j/2.23.1/log4j-to-slf4j-2.23.1.jar:/Users/lucas/.m2/repository/org/apache/logging/log4j/log4j-api/2.23.1/log4j-api-2.23.1.jar:/Users/lucas/.m2/repository/org/slf4j/jul-to-slf4j/2.0.16/jul-to-slf4j-2.0.16.jar:/Users/lucas/.m2/repository/org/springframework/boot/spring-boot-starter-web/3.3.4/spring-boot-starter-web-3.3.4.jar:/Users/lucas/.m2/repository/org/springframework/boot/spring-boot-starter/3.3.4/spring-boot-starter-3.3.4.jar:/Users/lucas/.m2/repository/org/springframework/boot/spring-boot/3.3.4/spring-boot-3.3.4.jar:/Users/lucas/.m2/repository/org/springframework/boot/spring-boot-autoconfigure/3.3.4/spring-boot-autoconfigure-3.3.4.jar:/Users/lucas/.m2/repository/jakarta/annotation/jakarta.annotation-api/2.1.1/jakarta.annotation-api-2.1.1.jar:/Users/lucas/.m2/repository/org/yaml/snakeyaml/2.2/snakeyaml-2.2.jar:/Users/lucas/.m2/repository/org/springframework/boot/spring-boot-starter-json/3.3.4/spring-boot-starter-json-3.3.4.jar:/Users/lucas/.m2/repository/com/fasterxml/jackson/core/jackson-databind/2.17.2/jackson-databind-2.17.2.jar:/Users/lucas/.m2/repository/com/fasterxml/jackson/core/jackson-annotations/2.17.2/jackson-annotations-2.17.2.jar:/Users/lucas/.m2/repository/com/fasterxml/jackson/core/jackson-core/2.17.2/jackson-core-2.17.2.jar:/Users/lucas/.m2/repository/com/fasterxml/jackson/datatype/jackson-datatype-jdk8/2.17.2/jackson-datatype-jdk8-2.17.2.jar:/Users/lucas/.m2/repository/com/fasterxml/jackson/datatype/jackson-datatype-jsr310/2.17.2/jackson-datatype-jsr310-2.17.2.jar:/Users/lucas/.m2/repository/com/fasterxml/jackson/module/jackson-module-parameter-names/2.17.2/jackson-module-parameter-names-2.17.2.jar:/Users/lucas/.m2/repository/org/springframework/boot/spring-boot-starter-tomcat/3.3.4/spring-boot-starter-tomcat-3.3.4.jar:/Users/lucas/.m2/repository/org/apache/tomcat/embed/tomcat-embed-core/10.1.30/tomcat-embed-core-10.1.30.jar:/Users/lucas/.m2/repository/org/apache/tomcat/embed/tomcat-embed-websocket/10.1.30/tomcat-embed-websocket-10.1.30.jar:/Users/lucas/.m2/repository/org/springframework/spring-web/6.1.13/spring-web-6.1.13.jar:/Users/lucas/.m2/repository/org/springframework/spring-beans/6.1.13/spring-beans-6.1.13.jar:/Users/lucas/.m2/repository/io/micrometer/micrometer-observation/1.13.4/micrometer-observation-1.13.4.jar:/Users/lucas/.m2/repository/io/micrometer/micrometer-commons/1.13.4/micrometer-commons-1.13.4.jar:/Users/lucas/.m2/repository/org/springframework/spring-webmvc/6.1.13/spring-webmvc-6.1.13.jar:/Users/lucas/.m2/repository/org/springframework/spring-context/6.1.13/spring-context-6.1.13.jar:/Users/lucas/.m2/repository/org/springframework/spring-expression/6.1.13/spring-expression-6.1.13.jar:/Users/lucas/.m2/repository/org/springframework/boot/spring-boot-starter-validation/3.3.4/spring-boot-starter-validation-3.3.4.jar:/Users/lucas/.m2/repository/org/apache/tomcat/embed/tomcat-embed-el/10.1.30/tomcat-embed-el-10.1.30.jar:/Users/lucas/.m2/repository/org/hibernate/validator/hibernate-validator/8.0.1.Final/hibernate-validator-8.0.1.Final.jar:/Users/lucas/.m2/repository/jakarta/validation/jakarta.validation-api/3.0.2/jakarta.validation-api-3.0.2.jar:/Users/lucas/.m2/repository/org/jboss/logging/jboss-logging/3.5.3.Final/jboss-logging-3.5.3.Final.jar:/Users/lucas/.m2/repository/com/fasterxml/classmate/1.7.0/classmate-1.7.0.jar:/Users/lucas/.m2/repository/org/hibernate/orm/hibernate-core/6.5.3.Final/hibernate-core-6.5.3.Final.jar:/Users/lucas/.m2/repository/jakarta/persistence/jakarta.persistence-api/3.1.0/jakarta.persistence-api-3.1.0.jar:/Users/lucas/.m2/repository/jakarta/transaction/jakarta.transaction-api/2.0.1/jakarta.transaction-api-2.0.1.jar:/Users/lucas/.m2/repository/org/hibernate/common/hibernate-commons-annotations/6.0.6.Final/hibernate-commons-annotations-6.0.6.Final.jar:/Users/lucas/.m2/repository/io/smallrye/jandex/3.1.2/jandex-3.1.2.jar:/Users/lucas/.m2/repository/net/bytebuddy/byte-buddy/1.14.19/byte-buddy-1.14.19.jar:/Users/lucas/.m2/repository/jakarta/xml/bind/jakarta.xml.bind-api/4.0.2/jakarta.xml.bind-api-4.0.2.jar:/Users/lucas/.m2/repository/jakarta/activation/jakarta.activation-api/2.1.3/jakarta.activation-api-2.1.3.jar:/Users/lucas/.m2/repository/org/glassfish/jaxb/jaxb-runtime/4.0.5/jaxb-runtime-4.0.5.jar:/Users/lucas/.m2/repository/org/glassfish/jaxb/jaxb-core/4.0.5/jaxb-core-4.0.5.jar:/Users/lucas/.m2/repository/org/eclipse/angus/angus-activation/2.0.2/angus-activation-2.0.2.jar:/Users/lucas/.m2/repository/org/glassfish/jaxb/txw2/4.0.5/txw2-4.0.5.jar:/Users/lucas/.m2/repository/com/sun/istack/istack-commons-runtime/4.1.2/istack-commons-runtime-4.1.2.jar:/Users/lucas/.m2/repository/jakarta/inject/jakarta.inject-api/2.0.1/jakarta.inject-api-2.0.1.jar:/Users/lucas/.m2/repository/org/antlr/antlr4-runtime/4.13.0/antlr4-runtime-4.13.0.jar:/Users/lucas/.m2/repository/org/springframework/boot/spring-boot-starter-data-jpa/3.3.4/spring-boot-starter-data-jpa-3.3.4.jar:/Users/lucas/.m2/repository/org/springframework/boot/spring-boot-starter-aop/3.3.4/spring-boot-starter-aop-3.3.4.jar:/Users/lucas/.m2/repository/org/aspectj/aspectjweaver/1.9.22.1/aspectjweaver-1.9.22.1.jar:/Users/lucas/.m2/repository/org/springframework/boot/spring-boot-starter-jdbc/3.3.4/spring-boot-starter-jdbc-3.3.4.jar:/Users/lucas/.m2/repository/com/zaxxer/HikariCP/5.1.0/HikariCP-5.1.0.jar:/Users/lucas/.m2/repository/org/springframework/spring-jdbc/6.1.13/spring-jdbc-6.1.13.jar:/Users/lucas/.m2/repository/org/springframework/data/spring-data-jpa/3.3.4/spring-data-jpa-3.3.4.jar:/Users/lucas/.m2/repository/org/springframework/data/spring-data-commons/3.3.4/spring-data-commons-3.3.4.jar:/Users/lucas/.m2/repository/org/springframework/spring-orm/6.1.13/spring-orm-6.1.13.jar:/Users/lucas/.m2/repository/org/springframework/spring-tx/6.1.13/spring-tx-6.1.13.jar:/Users/lucas/.m2/repository/org/springframework/spring-aspects/6.1.13/spring-aspects-6.1.13.jar:/Users/lucas/.m2/repository/com/oracle/database/jdbc/ojdbc11/21.9.0.0/ojdbc11-21.9.0.0.jar:/Users/lucas/.m2/repository/javax/persistence/javax.persistence-api/2.2/javax.persistence-api-2.2.jar:/Users/lucas/.m2/repository/org/springframework/boot/spring-boot-starter-security/3.3.4/spring-boot-starter-security-3.3.4.jar:/Users/lucas/.m2/repository/org/springframework/spring-aop/6.1.13/spring-aop-6.1.13.jar:/Users/lucas/.m2/repository/org/springframework/security/spring-security-config/6.3.3/spring-security-config-6.3.3.jar:/Users/lucas/.m2/repository/org/springframework/security/spring-security-web/6.3.3/spring-security-web-6.3.3.jar:/Users/lucas/.m2/repository/org/springframework/boot/spring-boot-starter-test/3.3.4/spring-boot-starter-test-3.3.4.jar:/Users/lucas/.m2/repository/org/springframework/boot/spring-boot-test/3.3.4/spring-boot-test-3.3.4.jar:/Users/lucas/.m2/repository/org/springframework/boot/spring-boot-test-autoconfigure/3.3.4/spring-boot-test-autoconfigure-3.3.4.jar:/Users/lucas/.m2/repository/com/jayway/jsonpath/json-path/2.9.0/json-path-2.9.0.jar:/Users/lucas/.m2/repository/net/minidev/json-smart/2.5.1/json-smart-2.5.1.jar:/Users/lucas/.m2/repository/net/minidev/accessors-smart/2.5.1/accessors-smart-2.5.1.jar:/Users/lucas/.m2/repository/org/ow2/asm/asm/9.6/asm-9.6.jar:/Users/lucas/.m2/repository/org/assertj/assertj-core/3.25.3/assertj-core-3.25.3.jar:/Users/lucas/.m2/repository/org/awaitility/awaitility/4.2.2/awaitility-4.2.2.jar:/Users/lucas/.m2/repository/org/hamcrest/hamcrest/2.2/hamcrest-2.2.jar:/Users/lucas/.m2/repository/org/junit/jupiter/junit-jupiter/5.10.3/junit-jupiter-5.10.3.jar:/Users/lucas/.m2/repository/org/junit/jupiter/junit-jupiter-api/5.10.3/junit-jupiter-api-5.10.3.jar:/Users/lucas/.m2/repository/org/opentest4j/opentest4j/1.3.0/opentest4j-1.3.0.jar:/Users/lucas/.m2/repository/org/junit/platform/junit-platform-commons/1.10.3/junit-platform-commons-1.10.3.jar:/Users/lucas/.m2/repository/org/apiguardian/apiguardian-api/1.1.2/apiguardian-api-1.1.2.jar:/Users/lucas/.m2/repository/org/junit/jupiter/junit-jupiter-params/5.10.3/junit-jupiter-params-5.10.3.jar:/Users/lucas/.m2/repository/org/junit/jupiter/junit-jupiter-engine/5.10.3/junit-jupiter-engine-5.10.3.jar:/Users/lucas/.m2/repository/org/junit/platform/junit-platform-engine/1.10.3/junit-platform-engine-1.10.3.jar:/Users/lucas/.m2/repository/org/mockito/mockito-core/5.11.0/mockito-core-5.11.0.jar:/Users/lucas/.m2/repository/net/bytebuddy/byte-buddy-agent/1.14.19/byte-buddy-agent-1.14.19.jar:/Users/lucas/.m2/repository/org/objenesis/objenesis/3.3/objenesis-3.3.jar:/Users/lucas/.m2/repository/org/mockito/mockito-junit-jupiter/5.11.0/mockito-junit-jupiter-5.11.0.jar:/Users/lucas/.m2/repository/org/skyscreamer/jsonassert/1.5.3/jsonassert-1.5.3.jar:/Users/lucas/.m2/repository/com/vaadin/external/google/android-json/0.0.20131108.vaadin1/android-json-0.0.20131108.vaadin1.jar:/Users/lucas/.m2/repository/org/springframework/spring-core/6.1.13/spring-core-6.1.13.jar:/Users/lucas/.m2/repository/org/springframework/spring-jcl/6.1.13/spring-jcl-6.1.13.jar:/Users/lucas/.m2/repository/org/springframework/spring-test/6.1.13/spring-test-6.1.13.jar:/Users/lucas/.m2/repository/org/xmlunit/xmlunit-core/2.9.1/xmlunit-core-2.9.1.jar:/Users/lucas/.m2/repository/org/springframework/security/spring-security-test/6.3.3/spring-security-test-6.3.3.jar:/Users/lucas/.m2/repository/org/springframework/security/spring-security-core/6.3.3/spring-security-core-6.3.3.jar:/Users/lucas/.m2/repository/org/springframework/security/spring-security-crypto/6.3.3/spring-security-crypto-6.3.3.jar:"/>
    <property name="java.vm.vendor" value="Oracle Corporation"/>
    <property name="sun.arch.data.model" value="64"/>
    <property name="java.vendor.url" value="https://java.oracle.com/"/>
    <property name="user.timezone" value="America/Chicago"/>
    <property name="org.jboss.logging.provider" value="slf4j"/>
    <property name="os.name" value="Mac OS X"/>
    <property name="java.vm.specification.version" value="22"/>
    <property name="sun.java.launcher" value="SUN_STANDARD"/>
    <property name="user.country" value="US"/>
    <property name="sun.boot.library.path" value="/Library/Java/JavaVirtualMachines/jdk-22.jdk/Contents/Home/lib"/>
    <property name="sun.java.command" value="/Users/lucas/Downloads/Oracle App/target/surefire/surefirebooter-20241031161103683_3.jar /Users/lucas/Downloads/Oracle App/target/surefire 2024-10-31T16-11-03_596-jvmRun1 surefire-20241031161103683_1tmp surefire_0-20241031161103683_2tmp"/>
    <property name="http.nonProxyHosts" value="local|*.local|169.254/16|*.169.254/16"/>
    <property name="jdk.debug" value="release"/>
    <property name="surefire.test.class.path" value="/Users/lucas/Downloads/Oracle App/target/test-classes:/Users/lucas/Downloads/Oracle App/target/classes:/Users/lucas/.m2/repository/org/springframework/boot/spring-boot-starter-logging/3.3.4/spring-boot-starter-logging-3.3.4.jar:/Users/lucas/.m2/repository/ch/qos/logback/logback-classic/1.5.8/logback-classic-1.5.8.jar:/Users/lucas/.m2/repository/ch/qos/logback/logback-core/1.5.8/logback-core-1.5.8.jar:/Users/lucas/.m2/repository/org/slf4j/slf4j-api/2.0.16/slf4j-api-2.0.16.jar:/Users/lucas/.m2/repository/org/apache/logging/log4j/log4j-to-slf4j/2.23.1/log4j-to-slf4j-2.23.1.jar:/Users/lucas/.m2/repository/org/apache/logging/log4j/log4j-api/2.23.1/log4j-api-2.23.1.jar:/Users/lucas/.m2/repository/org/slf4j/jul-to-slf4j/2.0.16/jul-to-slf4j-2.0.16.jar:/Users/lucas/.m2/repository/org/springframework/boot/spring-boot-starter-web/3.3.4/spring-boot-starter-web-3.3.4.jar:/Users/lucas/.m2/repository/org/springframework/boot/spring-boot-starter/3.3.4/spring-boot-starter-3.3.4.jar:/Users/lucas/.m2/repository/org/springframework/boot/spring-boot/3.3.4/spring-boot-3.3.4.jar:/Users/lucas/.m2/repository/org/springframework/boot/spring-boot-autoconfigure/3.3.4/spring-boot-autoconfigure-3.3.4.jar:/Users/lucas/.m2/repository/jakarta/annotation/jakarta.annotation-api/2.1.1/jakarta.annotation-api-2.1.1.jar:/Users/lucas/.m2/repository/org/yaml/snakeyaml/2.2/snakeyaml-2.2.jar:/Users/lucas/.m2/repository/org/springframework/boot/spring-boot-starter-json/3.3.4/spring-boot-starter-json-3.3.4.jar:/Users/lucas/.m2/repository/com/fasterxml/jackson/core/jackson-databind/2.17.2/jackson-databind-2.17.2.jar:/Users/lucas/.m2/repository/com/fasterxml/jackson/core/jackson-annotations/2.17.2/jackson-annotations-2.17.2.jar:/Users/lucas/.m2/repository/com/fasterxml/jackson/core/jackson-core/2.17.2/jackson-core-2.17.2.jar:/Users/lucas/.m2/repository/com/fasterxml/jackson/datatype/jackson-datatype-jdk8/2.17.2/jackson-datatype-jdk8-2.17.2.jar:/Users/lucas/.m2/repository/com/fasterxml/jackson/datatype/jackson-datatype-jsr310/2.17.2/jackson-datatype-jsr310-2.17.2.jar:/Users/lucas/.m2/repository/com/fasterxml/jackson/module/jackson-module-parameter-names/2.17.2/jackson-module-parameter-names-2.17.2.jar:/Users/lucas/.m2/repository/org/springframework/boot/spring-boot-starter-tomcat/3.3.4/spring-boot-starter-tomcat-3.3.4.jar:/Users/lucas/.m2/repository/org/apache/tomcat/embed/tomcat-embed-core/10.1.30/tomcat-embed-core-10.1.30.jar:/Users/lucas/.m2/repository/org/apache/tomcat/embed/tomcat-embed-websocket/10.1.30/tomcat-embed-websocket-10.1.30.jar:/Users/lucas/.m2/repository/org/springframework/spring-web/6.1.13/spring-web-6.1.13.jar:/Users/lucas/.m2/repository/org/springframework/spring-beans/6.1.13/spring-beans-6.1.13.jar:/Users/lucas/.m2/repository/io/micrometer/micrometer-observation/1.13.4/micrometer-observation-1.13.4.jar:/Users/lucas/.m2/repository/io/micrometer/micrometer-commons/1.13.4/micrometer-commons-1.13.4.jar:/Users/lucas/.m2/repository/org/springframework/spring-webmvc/6.1.13/spring-webmvc-6.1.13.jar:/Users/lucas/.m2/repository/org/springframework/spring-context/6.1.13/spring-context-6.1.13.jar:/Users/lucas/.m2/repository/org/springframework/spring-expression/6.1.13/spring-expression-6.1.13.jar:/Users/lucas/.m2/repository/org/springframework/boot/spring-boot-starter-validation/3.3.4/spring-boot-starter-validation-3.3.4.jar:/Users/lucas/.m2/repository/org/apache/tomcat/embed/tomcat-embed-el/10.1.30/tomcat-embed-el-10.1.30.jar:/Users/lucas/.m2/repository/org/hibernate/validator/hibernate-validator/8.0.1.Final/hibernate-validator-8.0.1.Final.jar:/Users/lucas/.m2/repository/jakarta/validation/jakarta.validation-api/3.0.2/jakarta.validation-api-3.0.2.jar:/Users/lucas/.m2/repository/org/jboss/logging/jboss-logging/3.5.3.Final/jboss-logging-3.5.3.Final.jar:/Users/lucas/.m2/repository/com/fasterxml/classmate/1.7.0/classmate-1.7.0.jar:/Users/lucas/.m2/repository/org/hibernate/orm/hibernate-core/6.5.3.Final/hibernate-core-6.5.3.Final.jar:/Users/lucas/.m2/repository/jakarta/persistence/jakarta.persistence-api/3.1.0/jakarta.persistence-api-3.1.0.jar:/Users/lucas/.m2/repository/jakarta/transaction/jakarta.transaction-api/2.0.1/jakarta.transaction-api-2.0.1.jar:/Users/lucas/.m2/repository/org/hibernate/common/hibernate-commons-annotations/6.0.6.Final/hibernate-commons-annotations-6.0.6.Final.jar:/Users/lucas/.m2/repository/io/smallrye/jandex/3.1.2/jandex-3.1.2.jar:/Users/lucas/.m2/repository/net/bytebuddy/byte-buddy/1.14.19/byte-buddy-1.14.19.jar:/Users/lucas/.m2/repository/jakarta/xml/bind/jakarta.xml.bind-api/4.0.2/jakarta.xml.bind-api-4.0.2.jar:/Users/lucas/.m2/repository/jakarta/activation/jakarta.activation-api/2.1.3/jakarta.activation-api-2.1.3.jar:/Users/lucas/.m2/repository/org/glassfish/jaxb/jaxb-runtime/4.0.5/jaxb-runtime-4.0.5.jar:/Users/lucas/.m2/repository/org/glassfish/jaxb/jaxb-core/4.0.5/jaxb-core-4.0.5.jar:/Users/lucas/.m2/repository/org/eclipse/angus/angus-activation/2.0.2/angus-activation-2.0.2.jar:/Users/lucas/.m2/repository/org/glassfish/jaxb/txw2/4.0.5/txw2-4.0.5.jar:/Users/lucas/.m2/repository/com/sun/istack/istack-commons-runtime/4.1.2/istack-commons-runtime-4.1.2.jar:/Users/lucas/.m2/repository/jakarta/inject/jakarta.inject-api/2.0.1/jakarta.inject-api-2.0.1.jar:/Users/lucas/.m2/repository/org/antlr/antlr4-runtime/4.13.0/antlr4-runtime-4.13.0.jar:/Users/lucas/.m2/repository/org/springframework/boot/spring-boot-starter-data-jpa/3.3.4/spring-boot-starter-data-jpa-3.3.4.jar:/Users/lucas/.m2/repository/org/springframework/boot/spring-boot-starter-aop/3.3.4/spring-boot-starter-aop-3.3.4.jar:/Users/lucas/.m2/repository/org/aspectj/aspectjweaver/1.9.22.1/aspectjweaver-1.9.22.1.jar:/Users/lucas/.m2/repository/org/springframework/boot/spring-boot-starter-jdbc/3.3.4/spring-boot-starter-jdbc-3.3.4.jar:/Users/lucas/.m2/repository/com/zaxxer/HikariCP/5.1.0/HikariCP-5.1.0.jar:/Users/lucas/.m2/repository/org/springframework/spring-jdbc/6.1.13/spring-jdbc-6.1.13.jar:/Users/lucas/.m2/repository/org/springframework/data/spring-data-jpa/3.3.4/spring-data-jpa-3.3.4.jar:/Users/lucas/.m2/repository/org/springframework/data/spring-data-commons/3.3.4/spring-data-commons-3.3.4.jar:/Users/lucas/.m2/repository/org/springframework/spring-orm/6.1.13/spring-orm-6.1.13.jar:/Users/lucas/.m2/repository/org/springframework/spring-tx/6.1.13/spring-tx-6.1.13.jar:/Users/lucas/.m2/repository/org/springframework/spring-aspects/6.1.13/spring-aspects-6.1.13.jar:/Users/lucas/.m2/repository/com/oracle/database/jdbc/ojdbc11/21.9.0.0/ojdbc11-21.9.0.0.jar:/Users/lucas/.m2/repository/javax/persistence/javax.persistence-api/2.2/javax.persistence-api-2.2.jar:/Users/lucas/.m2/repository/org/springframework/boot/spring-boot-starter-security/3.3.4/spring-boot-starter-security-3.3.4.jar:/Users/lucas/.m2/repository/org/springframework/spring-aop/6.1.13/spring-aop-6.1.13.jar:/Users/lucas/.m2/repository/org/springframework/security/spring-security-config/6.3.3/spring-security-config-6.3.3.jar:/Users/lucas/.m2/repository/org/springframework/security/spring-security-web/6.3.3/spring-security-web-6.3.3.jar:/Users/lucas/.m2/repository/org/springframework/boot/spring-boot-starter-test/3.3.4/spring-boot-starter-test-3.3.4.jar:/Users/lucas/.m2/repository/org/springframework/boot/spring-boot-test/3.3.4/spring-boot-test-3.3.4.jar:/Users/lucas/.m2/repository/org/springframework/boot/spring-boot-test-autoconfigure/3.3.4/spring-boot-test-autoconfigure-3.3.4.jar:/Users/lucas/.m2/repository/com/jayway/jsonpath/json-path/2.9.0/json-path-2.9.0.jar:/Users/lucas/.m2/repository/net/minidev/json-smart/2.5.1/json-smart-2.5.1.jar:/Users/lucas/.m2/repository/net/minidev/accessors-smart/2.5.1/accessors-smart-2.5.1.jar:/Users/lucas/.m2/repository/org/ow2/asm/asm/9.6/asm-9.6.jar:/Users/lucas/.m2/repository/org/assertj/assertj-core/3.25.3/assertj-core-3.25.3.jar:/Users/lucas/.m2/repository/org/awaitility/awaitility/4.2.2/awaitility-4.2.2.jar:/Users/lucas/.m2/repository/org/hamcrest/hamcrest/2.2/hamcrest-2.2.jar:/Users/lucas/.m2/repository/org/junit/jupiter/junit-jupiter/5.10.3/junit-jupiter-5.10.3.jar:/Users/lucas/.m2/repository/org/junit/jupiter/junit-jupiter-api/5.10.3/junit-jupiter-api-5.10.3.jar:/Users/lucas/.m2/repository/org/opentest4j/opentest4j/1.3.0/opentest4j-1.3.0.jar:/Users/lucas/.m2/repository/org/junit/platform/junit-platform-commons/1.10.3/junit-platform-commons-1.10.3.jar:/Users/lucas/.m2/repository/org/apiguardian/apiguardian-api/1.1.2/apiguardian-api-1.1.2.jar:/Users/lucas/.m2/repository/org/junit/jupiter/junit-jupiter-params/5.10.3/junit-jupiter-params-5.10.3.jar:/Users/lucas/.m2/repository/org/junit/jupiter/junit-jupiter-engine/5.10.3/junit-jupiter-engine-5.10.3.jar:/Users/lucas/.m2/repository/org/junit/platform/junit-platform-engine/1.10.3/junit-platform-engine-1.10.3.jar:/Users/lucas/.m2/repository/org/mockito/mockito-core/5.11.0/mockito-core-5.11.0.jar:/Users/lucas/.m2/repository/net/bytebuddy/byte-buddy-agent/1.14.19/byte-buddy-agent-1.14.19.jar:/Users/lucas/.m2/repository/org/objenesis/objenesis/3.3/objenesis-3.3.jar:/Users/lucas/.m2/repository/org/mockito/mockito-junit-jupiter/5.11.0/mockito-junit-jupiter-5.11.0.jar:/Users/lucas/.m2/repository/org/skyscreamer/jsonassert/1.5.3/jsonassert-1.5.3.jar:/Users/lucas/.m2/repository/com/vaadin/external/google/android-json/0.0.20131108.vaadin1/android-json-0.0.20131108.vaadin1.jar:/Users/lucas/.m2/repository/org/springframework/spring-core/6.1.13/spring-core-6.1.13.jar:/Users/lucas/.m2/repository/org/springframework/spring-jcl/6.1.13/spring-jcl-6.1.13.jar:/Users/lucas/.m2/repository/org/springframework/spring-test/6.1.13/spring-test-6.1.13.jar:/Users/lucas/.m2/repository/org/xmlunit/xmlunit-core/2.9.1/xmlunit-core-2.9.1.jar:/Users/lucas/.m2/repository/org/springframework/security/spring-security-test/6.3.3/spring-security-test-6.3.3.jar:/Users/lucas/.m2/repository/org/springframework/security/spring-security-core/6.3.3/spring-security-core-6.3.3.jar:/Users/lucas/.m2/repository/org/springframework/security/spring-security-crypto/6.3.3/spring-security-crypto-6.3.3.jar:"/>
    <property name="sun.cpu.endian" value="little"/>
    <property name="user.home" value="/Users/lucas"/>
    <property name="user.language" value="en"/>
    <property name="java.specification.vendor" value="Oracle Corporation"/>
    <property name="java.version.date" value="2024-07-16"/>
    <property name="java.home" value="/Library/Java/JavaVirtualMachines/jdk-22.jdk/Contents/Home"/>
    <property name="file.separator" value="/"/>
    <property name="basedir" value="/Users/lucas/Downloads/Oracle App"/>
    <property name="java.vm.compressedOopsMode" value="Zero based"/>
    <property name="line.separator" value="&#10;"/>
    <property name="java.vm.specification.vendor" value="Oracle Corporation"/>
    <property name="java.specification.name" value="Java Platform API Specification"/>
    <property name="FILE_LOG_CHARSET" value="UTF-8"/>
    <property name="java.awt.headless" value="true"/>
    <property name="apple.awt.application.name" value="ForkedBooter"/>
    <property name="surefire.real.class.path" value="/Users/lucas/Downloads/Oracle App/target/surefire/surefirebooter-20241031161103683_3.jar"/>
    <property name="sun.management.compiler" value="HotSpot 64-Bit Tiered Compilers"/>
    <property name="ftp.nonProxyHosts" value="local|*.local|169.254/16|*.169.254/16"/>
    <property name="java.runtime.version" value="22.0.2+9-70"/>
    <property name="user.name" value="lucas"/>
    <property name="stdout.encoding" value="UTF-8"/>
    <property name="path.separator" value=":"/>
    <property name="os.version" value="12.7.5"/>
    <property name="java.runtime.name" value="Java(TM) SE Runtime Environment"/>
    <property name="file.encoding" value="UTF-8"/>
    <property name="java.vm.name" value="Java HotSpot(TM) 64-Bit Server VM"/>
    <property name="localRepository" value="/Users/lucas/.m2/repository"/>
    <property name="java.vendor.url.bug" value="https://bugreport.java.com/bugreport/"/>
    <property name="java.io.tmpdir" value="/var/folders/d1/bxh43jqs5zggnh7788ddxd340000gp/T/"/>
    <property name="com.zaxxer.hikari.pool_number" value="1"/>
    <property name="java.version" value="22.0.2"/>
    <property name="user.dir" value="/Users/lucas/Downloads/Oracle App"/>
    <property name="os.arch" value="x86_64"/>
    <property name="java.vm.specification.name" value="Java Virtual Machine Specification"/>
    <property name="PID" value="15192"/>
    <property name="CONSOLE_LOG_CHARSET" value="UTF-8"/>
    <property name="native.encoding" value="UTF-8"/>
    <property name="java.library.path" value="/Users/lucas/Library/Java/Extensions:/Library/Java/Extensions:/Network/Library/Java/Extensions:/System/Library/Java/Extensions:/usr/lib/java:."/>
    <property name="java.vm.info" value="mixed mode, sharing"/>
    <property name="stderr.encoding" value="UTF-8"/>
    <property name="java.vendor" value="Oracle Corporation"/>
    <property name="java.vm.version" value="22.0.2+9-70"/>
    <property name="sun.io.unicode.encoding" value="UnicodeBig"/>
    <property name="socksNonProxyHosts" value="local|*.local|169.254/16|*.169.254/16"/>
    <property name="java.class.version" value="66.0"/>
    <property name="LOGGED_APPLICATION_NAME" value="[demo] "/>
  </properties>
  <testcase name="contextLoads" classname="com.example.demo.DemoApplicationTests" time="0.491">
    <system-out><![CDATA[16:11:04.372 [main] INFO org.springframework.test.context.support.AnnotationConfigContextLoaderUtils -- Could not detect default configuration classes for test class [com.example.demo.DemoApplicationTests]: DemoApplicationTests does not declare any static, non-private, non-final, nested classes annotated with @Configuration.
16:11:04.508 [main] INFO org.springframework.boot.test.context.SpringBootTestContextBootstrapper -- Found @SpringBootConfiguration com.example.demo.DemoApplication for test class com.example.demo.DemoApplicationTests

  .   ____          _            __ _ _
 /\\ / ___'_ __ _ _(_)_ __  __ _ \ \ \ \
( ( )\___ | '_ | '_| | '_ \/ _` | \ \ \ \
 \\/  ___)| |_)| | | | | || (_| |  ) ) ) )
  '  |____| .__|_| |_|_| |_\__, | / / / /
 =========|_|==============|___/=/_/_/_/

 :: Spring Boot ::                (v3.3.4)

2024-10-31T16:11:04.891-05:00 DEBUG 15192 --- [demo] [kground-preinit] o.h.v.i.xml.config.ValidationXmlParser   : Trying to load META-INF/validation.xml for XML based Validator configuration.
2024-10-31T16:11:04.915-05:00 DEBUG 15192 --- [demo] [kground-preinit] o.h.v.i.xml.config.ResourceLoaderHelper  : Trying to load META-INF/validation.xml via TCCL
2024-10-31T16:11:04.915-05:00 DEBUG 15192 --- [demo] [kground-preinit] o.h.v.i.xml.config.ResourceLoaderHelper  : Trying to load META-INF/validation.xml via Hibernate Validator's class loader
2024-10-31T16:11:04.915-05:00 DEBUG 15192 --- [demo] [kground-preinit] o.h.v.i.xml.config.ValidationXmlParser   : No META-INF/validation.xml found. Using annotation based configuration only.
2024-10-31T16:11:04.923-05:00 DEBUG 15192 --- [demo] [kground-preinit] o.h.v.i.e.resolver.TraversableResolvers  : Found jakarta.persistence.Persistence on classpath containing 'getPersistenceUtil'. Assuming JPA 2 environment. Trying to instantiate JPA aware TraversableResolver
2024-10-31T16:11:04.928-05:00 DEBUG 15192 --- [demo] [kground-preinit] o.h.v.i.e.resolver.TraversableResolvers  : Instantiated JPA aware TraversableResolver of type org.hibernate.validator.internal.engine.resolver.JPATraversableResolver.
2024-10-31T16:11:04.957-05:00 DEBUG 15192 --- [demo] [kground-preinit] .h.v.m.ResourceBundleMessageInterpolator : Loaded expression factory via original TCCL
2024-10-31T16:11:04.964-05:00  INFO 15192 --- [demo] [           main] com.example.demo.DemoApplicationTests    : Starting DemoApplicationTests using Java 22.0.2 with PID 15192 (started by lucas in /Users/lucas/Downloads/Oracle App)
2024-10-31T16:11:04.964-05:00 DEBUG 15192 --- [demo] [           main] com.example.demo.DemoApplicationTests    : Running with Spring Boot v3.3.4, Spring v6.1.13
2024-10-31T16:11:04.965-05:00  INFO 15192 --- [demo] [           main] com.example.demo.DemoApplicationTests    : No active profile set, falling back to 1 default profile: "default"
2024-10-31T16:11:05.054-05:00 DEBUG 15192 --- [demo] [kground-preinit] .i.e.ValidatorFactoryConfigurationHelper : HV000252: Using org.hibernate.validator.internal.engine.DefaultPropertyNodeNameProvider as property node name provider.
2024-10-31T16:11:05.059-05:00 DEBUG 15192 --- [demo] [kground-preinit] .i.e.ValidatorFactoryConfigurationHelper : HV000234: Using org.hibernate.validator.messageinterpolation.ResourceBundleMessageInterpolator as ValidatorFactory-scoped message interpolator.
2024-10-31T16:11:05.060-05:00 DEBUG 15192 --- [demo] [kground-preinit] .i.e.ValidatorFactoryConfigurationHelper : HV000234: Using org.hibernate.validator.internal.engine.resolver.JPATraversableResolver as ValidatorFactory-scoped traversable resolver.
2024-10-31T16:11:05.060-05:00 DEBUG 15192 --- [demo] [kground-preinit] .i.e.ValidatorFactoryConfigurationHelper : HV000234: Using org.hibernate.validator.internal.util.ExecutableParameterNameProvider as ValidatorFactory-scoped parameter name provider.
2024-10-31T16:11:05.060-05:00 DEBUG 15192 --- [demo] [kground-preinit] .i.e.ValidatorFactoryConfigurationHelper : HV000234: Using org.hibernate.validator.internal.engine.DefaultClockProvider as ValidatorFactory-scoped clock provider.
2024-10-31T16:11:05.060-05:00 DEBUG 15192 --- [demo] [kground-preinit] .i.e.ValidatorFactoryConfigurationHelper : HV000234: Using org.hibernate.validator.internal.engine.scripting.DefaultScriptEvaluatorFactory as ValidatorFactory-scoped script evaluator factory.
2024-10-31T16:11:05.616-05:00  INFO 15192 --- [demo] [           main] .s.d.r.c.RepositoryConfigurationDelegate : Bootstrapping Spring Data JPA repositories in DEFAULT mode.
2024-10-31T16:11:05.637-05:00  INFO 15192 --- [demo] [           main] .s.d.r.c.RepositoryConfigurationDelegate : Finished Spring Data repository scanning in 12 ms. Found 0 JPA repository interfaces.
2024-10-31T16:11:06.161-05:00 DEBUG 15192 --- [demo] [           main] j.LocalContainerEntityManagerFactoryBean : Building JPA container EntityManagerFactory for persistence unit 'default'
2024-10-31T16:11:06.178-05:00 DEBUG 15192 --- [demo] [           main] o.hibernate.jpa.internal.util.LogHelper  : PersistenceUnitInfo [
	name: default
	persistence provider classname: null
	classloader: jdk.internal.loader.ClassLoaders$AppClassLoader@43e45247
	excludeUnlistedClasses: true
	JTA datasource: null
	Non JTA datasource: HikariDataSource (null)
	Transaction type: RESOURCE_LOCAL
	PU root URL: file:/Users/lucas/Downloads/Oracle%20App/target/test-classes/
	Shared Cache Mode: UNSPECIFIED
	Validation Mode: AUTO
	Jar files URLs []
	Managed classes names [
		com.example.demo.DepartmentDTO
		com.example.demo.EmployeeDTO
		com.example.demo.PerformanceReviewDTO]
	Mapping files names []
	Properties []
2024-10-31T16:11:06.194-05:00 DEBUG 15192 --- [demo] [           main] o.h.i.internal.IntegratorServiceImpl     : Adding Integrator [org.hibernate.boot.beanvalidation.BeanValidationIntegrator].
2024-10-31T16:11:06.197-05:00 DEBUG 15192 --- [demo] [           main] o.h.i.internal.IntegratorServiceImpl     : Adding Integrator [org.hibernate.cache.internal.CollectionCacheInvalidator].
2024-10-31T16:11:06.264-05:00  INFO 15192 --- [demo] [           main] org.hibernate.Version                    : HHH000412: Hibernate ORM core version 6.5.3.Final
2024-10-31T16:11:06.265-05:00 DEBUG 15192 --- [demo] [           main] org.hibernate.cfg.Environment            : HHH000206: 'hibernate.properties' not found
2024-10-31T16:11:06.290-05:00 DEBUG 15192 --- [demo] [           main] org.hibernate.orm.idgen.factory          : Registering IdentifierGenerator strategy [uuid2] -> [org.hibernate.id.UUIDGenerator]
2024-10-31T16:11:06.290-05:00 DEBUG 15192 --- [demo] [           main] org.hibernate.orm.idgen.factory          : Registering IdentifierGenerator strategy [guid] -> [org.hibernate.id.GUIDGenerator]
2024-10-31T16:11:06.291-05:00 DEBUG 15192 --- [demo] [           main] org.hibernate.orm.idgen.factory          : Registering IdentifierGenerator strategy [uuid] -> [org.hibernate.id.UUIDHexGenerator]
2024-10-31T16:11:06.292-05:00 DEBUG 15192 --- [demo] [           main] org.hibernate.orm.idgen.factory          : Registering IdentifierGenerator strategy [uuid.hex] -> [org.hibernate.id.UUIDHexGenerator]
2024-10-31T16:11:06.292-05:00 DEBUG 15192 --- [demo] [           main] org.hibernate.orm.idgen.factory          : Registering IdentifierGenerator strategy [assigned] -> [org.hibernate.id.Assigned]
2024-10-31T16:11:06.293-05:00 DEBUG 15192 --- [demo] [           main] org.hibernate.orm.idgen.factory          : Registering IdentifierGenerator strategy [identity] -> [org.hibernate.id.IdentityGenerator]
2024-10-31T16:11:06.293-05:00 DEBUG 15192 --- [demo] [           main] org.hibernate.orm.idgen.factory          : Registering IdentifierGenerator strategy [select] -> [org.hibernate.id.SelectGenerator]
2024-10-31T16:11:06.294-05:00 DEBUG 15192 --- [demo] [           main] org.hibernate.orm.idgen.factory          : Registering IdentifierGenerator strategy [sequence] -> [org.hibernate.id.enhanced.SequenceStyleGenerator]
2024-10-31T16:11:06.295-05:00 DEBUG 15192 --- [demo] [           main] org.hibernate.orm.idgen.factory          : Registering IdentifierGenerator strategy [increment] -> [org.hibernate.id.IncrementGenerator]
2024-10-31T16:11:06.295-05:00 DEBUG 15192 --- [demo] [           main] org.hibernate.orm.idgen.factory          : Registering IdentifierGenerator strategy [foreign] -> [org.hibernate.id.ForeignGenerator]
2024-10-31T16:11:06.296-05:00 DEBUG 15192 --- [demo] [           main] org.hibernate.orm.idgen.factory          : Registering IdentifierGenerator strategy [enhanced-sequence] -> [org.hibernate.id.enhanced.SequenceStyleGenerator]
2024-10-31T16:11:06.297-05:00 DEBUG 15192 --- [demo] [           main] org.hibernate.orm.idgen.factory          : Registering IdentifierGenerator strategy [enhanced-table] -> [org.hibernate.id.enhanced.TableGenerator]
2024-10-31T16:11:06.304-05:00 DEBUG 15192 --- [demo] [           main] o.h.c.internal.RegionFactoryInitiator    : Cannot default RegionFactory based on registered strategies as `[]` RegionFactory strategies were registered
2024-10-31T16:11:06.305-05:00  INFO 15192 --- [demo] [           main] o.h.c.internal.RegionFactoryInitiator    : HHH000026: Second-level cache disabled
2024-10-31T16:11:06.399-05:00 DEBUG 15192 --- [demo] [           main] org.hibernate.type.BasicTypeRegistry     : Adding type registration boolean -> org.hibernate.type.BasicTypeReference@492521c4
2024-10-31T16:11:06.400-05:00 DEBUG 15192 --- [demo] [           main] org.hibernate.type.BasicTypeRegistry     : Adding type registration boolean -> org.hibernate.type.BasicTypeReference@492521c4
2024-10-31T16:11:06.400-05:00 DEBUG 15192 --- [demo] [           main] org.hibernate.type.BasicTypeRegistry     : Adding type registration java.lang.Boolean -> org.hibernate.type.BasicTypeReference@492521c4
2024-10-31T16:11:06.400-05:00 DEBUG 15192 --- [demo] [           main] org.hibernate.type.BasicTypeRegistry     : Adding type registration numeric_boolean -> org.hibernate.type.BasicTypeReference@443a06ad
2024-10-31T16:11:06.400-05:00 DEBUG 15192 --- [demo] [           main] org.hibernate.type.BasicTypeRegistry     : Adding type registration org.hibernate.type.NumericBooleanConverter -> org.hibernate.type.BasicTypeReference@443a06ad
2024-10-31T16:11:06.400-05:00 DEBUG 15192 --- [demo] [           main] org.hibernate.type.BasicTypeRegistry     : Adding type registration true_false -> org.hibernate.type.BasicTypeReference@6ddd1c51
2024-10-31T16:11:06.400-05:00 DEBUG 15192 --- [demo] [           main] org.hibernate.type.BasicTypeRegistry     : Adding type registration org.hibernate.type.TrueFalseConverter -> org.hibernate.type.BasicTypeReference@6ddd1c51
2024-10-31T16:11:06.401-05:00 DEBUG 15192 --- [demo] [           main] org.hibernate.type.BasicTypeRegistry     : Adding type registration yes_no -> org.hibernate.type.BasicTypeReference@752b69e3
2024-10-31T16:11:06.401-05:00 DEBUG 15192 --- [demo] [           main] org.hibernate.type.BasicTypeRegistry     : Adding type registration org.hibernate.type.YesNoConverter -> org.hibernate.type.BasicTypeReference@752b69e3
2024-10-31T16:11:06.401-05:00 DEBUG 15192 --- [demo] [           main] org.hibernate.type.BasicTypeRegistry     : Adding type registration byte -> org.hibernate.type.BasicTypeReference@15605d83
2024-10-31T16:11:06.401-05:00 DEBUG 15192 --- [demo] [           main] org.hibernate.type.BasicTypeRegistry     : Adding type registration byte -> org.hibernate.type.BasicTypeReference@15605d83
2024-10-31T16:11:06.401-05:00 DEBUG 15192 --- [demo] [           main] org.hibernate.type.BasicTypeRegistry     : Adding type registration java.lang.Byte -> org.hibernate.type.BasicTypeReference@15605d83
2024-10-31T16:11:06.401-05:00 DEBUG 15192 --- [demo] [           main] org.hibernate.type.BasicTypeRegistry     : Adding type registration binary -> org.hibernate.type.BasicTypeReference@1fb2eec
2024-10-31T16:11:06.401-05:00 DEBUG 15192 --- [demo] [           main] org.hibernate.type.BasicTypeRegistry     : Adding type registration byte[] -> org.hibernate.type.BasicTypeReference@1fb2eec
2024-10-31T16:11:06.402-05:00 DEBUG 15192 --- [demo] [           main] org.hibernate.type.BasicTypeRegistry     : Adding type registration [B -> org.hibernate.type.BasicTypeReference@1fb2eec
2024-10-31T16:11:06.402-05:00 DEBUG 15192 --- [demo] [           main] org.hibernate.type.BasicTypeRegistry     : Adding type registration binary_wrapper -> org.hibernate.type.BasicTypeReference@4c18516
2024-10-31T16:11:06.402-05:00 DEBUG 15192 --- [demo] [           main] org.hibernate.type.BasicTypeRegistry     : Adding type registration wrapper-binary -> org.hibernate.type.BasicTypeReference@4c18516
2024-10-31T16:11:06.402-05:00 DEBUG 15192 --- [demo] [           main] org.hibernate.type.BasicTypeRegistry     : Adding type registration image -> org.hibernate.type.BasicTypeReference@2a0b901c
2024-10-31T16:11:06.402-05:00 DEBUG 15192 --- [demo] [           main] org.hibernate.type.BasicTypeRegistry     : Adding type registration blob -> org.hibernate.type.BasicTypeReference@3d104c9b
2024-10-31T16:11:06.403-05:00 DEBUG 15192 --- [demo] [           main] org.hibernate.type.BasicTypeRegistry     : Adding type registration java.sql.Blob -> org.hibernate.type.BasicTypeReference@3d104c9b
2024-10-31T16:11:06.403-05:00 DEBUG 15192 --- [demo] [           main] org.hibernate.type.BasicTypeRegistry     : Adding type registration materialized_blob -> org.hibernate.type.BasicTypeReference@6544899b
2024-10-31T16:11:06.403-05:00 DEBUG 15192 --- [demo] [           main] org.hibernate.type.BasicTypeRegistry     : Adding type registration materialized_blob_wrapper -> org.hibernate.type.BasicTypeReference@6da54910
2024-10-31T16:11:06.403-05:00 DEBUG 15192 --- [demo] [           main] org.hibernate.type.BasicTypeRegistry     : Adding type registration short -> org.hibernate.type.BasicTypeReference@1bd8afc8
2024-10-31T16:11:06.403-05:00 DEBUG 15192 --- [demo] [           main] org.hibernate.type.BasicTypeRegistry     : Adding type registration short -> org.hibernate.type.BasicTypeReference@1bd8afc8
2024-10-31T16:11:06.403-05:00 DEBUG 15192 --- [demo] [           main] org.hibernate.type.BasicTypeRegistry     : Adding type registration java.lang.Short -> org.hibernate.type.BasicTypeReference@1bd8afc8
2024-10-31T16:11:06.404-05:00 DEBUG 15192 --- [demo] [           main] org.hibernate.type.BasicTypeRegistry     : Adding type registration integer -> org.hibernate.type.BasicTypeReference@24134cbc
2024-10-31T16:11:06.404-05:00 DEBUG 15192 --- [demo] [           main] org.hibernate.type.BasicTypeRegistry     : Adding type registration int -> org.hibernate.type.BasicTypeReference@24134cbc
2024-10-31T16:11:06.404-05:00 DEBUG 15192 --- [demo] [           main] org.hibernate.type.BasicTypeRegistry     : Adding type registration java.lang.Integer -> org.hibernate.type.BasicTypeReference@24134cbc
2024-10-31T16:11:06.404-05:00 DEBUG 15192 --- [demo] [           main] org.hibernate.type.BasicTypeRegistry     : Adding type registration long -> org.hibernate.type.BasicTypeReference@65da01f4
2024-10-31T16:11:06.404-05:00 DEBUG 15192 --- [demo] [           main] org.hibernate.type.BasicTypeRegistry     : Adding type registration long -> org.hibernate.type.BasicTypeReference@65da01f4
2024-10-31T16:11:06.404-05:00 DEBUG 15192 --- [demo] [           main] org.hibernate.type.BasicTypeRegistry     : Adding type registration java.lang.Long -> org.hibernate.type.BasicTypeReference@65da01f4
2024-10-31T16:11:06.404-05:00 DEBUG 15192 --- [demo] [           main] org.hibernate.type.BasicTypeRegistry     : Adding type registration float -> org.hibernate.type.BasicTypeReference@22f02996
2024-10-31T16:11:06.404-05:00 DEBUG 15192 --- [demo] [           main] org.hibernate.type.BasicTypeRegistry     : Adding type registration float -> org.hibernate.type.BasicTypeReference@22f02996
2024-10-31T16:11:06.405-05:00 DEBUG 15192 --- [demo] [           main] org.hibernate.type.BasicTypeRegistry     : Adding type registration java.lang.Float -> org.hibernate.type.BasicTypeReference@22f02996
2024-10-31T16:11:06.405-05:00 DEBUG 15192 --- [demo] [           main] org.hibernate.type.BasicTypeRegistry     : Adding type registration double -> org.hibernate.type.BasicTypeReference@7c8874ef
2024-10-31T16:11:06.405-05:00 DEBUG 15192 --- [demo] [           main] org.hibernate.type.BasicTypeRegistry     : Adding type registration double -> org.hibernate.type.BasicTypeReference@7c8874ef
2024-10-31T16:11:06.405-05:00 DEBUG 15192 --- [demo] [           main] org.hibernate.type.BasicTypeRegistry     : Adding type registration java.lang.Double -> org.hibernate.type.BasicTypeReference@7c8874ef
2024-10-31T16:11:06.405-05:00 DEBUG 15192 --- [demo] [           main] org.hibernate.type.BasicTypeRegistry     : Adding type registration big_integer -> org.hibernate.type.BasicTypeReference@42c0a16e
2024-10-31T16:11:06.405-05:00 DEBUG 15192 --- [demo] [           main] org.hibernate.type.BasicTypeRegistry     : Adding type registration java.math.BigInteger -> org.hibernate.type.BasicTypeReference@42c0a16e
2024-10-31T16:11:06.405-05:00 DEBUG 15192 --- [demo] [           main] org.hibernate.type.BasicTypeRegistry     : Adding type registration big_decimal -> org.hibernate.type.BasicTypeReference@77a0dd63
2024-10-31T16:11:06.405-05:00 DEBUG 15192 --- [demo] [           main] org.hibernate.type.BasicTypeRegistry     : Adding type registration java.math.BigDecimal -> org.hibernate.type.BasicTypeReference@77a0dd63
2024-10-31T16:11:06.406-05:00 DEBUG 15192 --- [demo] [           main] org.hibernate.type.BasicTypeRegistry     : Adding type registration character -> org.hibernate.type.BasicTypeReference@543fe698
2024-10-31T16:11:06.406-05:00 DEBUG 15192 --- [demo] [           main] org.hibernate.type.BasicTypeRegistry     : Adding type registration char -> org.hibernate.type.BasicTypeReference@543fe698
2024-10-31T16:11:06.406-05:00 DEBUG 15192 --- [demo] [           main] org.hibernate.type.BasicTypeRegistry     : Adding type registration java.lang.Character -> org.hibernate.type.BasicTypeReference@543fe698
2024-10-31T16:11:06.406-05:00 DEBUG 15192 --- [demo] [           main] org.hibernate.type.BasicTypeRegistry     : Adding type registration character_nchar -> org.hibernate.type.BasicTypeReference@6b2fdffc
2024-10-31T16:11:06.406-05:00 DEBUG 15192 --- [demo] [           main] org.hibernate.type.BasicTypeRegistry     : Adding type registration string -> org.hibernate.type.BasicTypeReference@2ca3d826
2024-10-31T16:11:06.406-05:00 DEBUG 15192 --- [demo] [           main] org.hibernate.type.BasicTypeRegistry     : Adding type registration java.lang.String -> org.hibernate.type.BasicTypeReference@2ca3d826
2024-10-31T16:11:06.406-05:00 DEBUG 15192 --- [demo] [           main] org.hibernate.type.BasicTypeRegistry     : Adding type registration nstring -> org.hibernate.type.BasicTypeReference@5d194314
2024-10-31T16:11:06.407-05:00 DEBUG 15192 --- [demo] [           main] org.hibernate.type.BasicTypeRegistry     : Adding type registration characters -> org.hibernate.type.BasicTypeReference@76396509
2024-10-31T16:11:06.407-05:00 DEBUG 15192 --- [demo] [           main] org.hibernate.type.BasicTypeRegistry     : Adding type registration char[] -> org.hibernate.type.BasicTypeReference@76396509
2024-10-31T16:11:06.407-05:00 DEBUG 15192 --- [demo] [           main] org.hibernate.type.BasicTypeRegistry     : Adding type registration [C -> org.hibernate.type.BasicTypeReference@76396509
2024-10-31T16:11:06.407-05:00 DEBUG 15192 --- [demo] [           main] org.hibernate.type.BasicTypeRegistry     : Adding type registration wrapper-characters -> org.hibernate.type.BasicTypeReference@637c840d
2024-10-31T16:11:06.407-05:00 DEBUG 15192 --- [demo] [           main] org.hibernate.type.BasicTypeRegistry     : Adding type registration text -> org.hibernate.type.BasicTypeReference@51ac12ac
2024-10-31T16:11:06.407-05:00 DEBUG 15192 --- [demo] [           main] org.hibernate.type.BasicTypeRegistry     : Adding type registration ntext -> org.hibernate.type.BasicTypeReference@463afa6e
2024-10-31T16:11:06.407-05:00 DEBUG 15192 --- [demo] [           main] org.hibernate.type.BasicTypeRegistry     : Adding type registration clob -> org.hibernate.type.BasicTypeReference@7b96de8d
2024-10-31T16:11:06.407-05:00 DEBUG 15192 --- [demo] [           main] org.hibernate.type.BasicTypeRegistry     : Adding type registration java.sql.Clob -> org.hibernate.type.BasicTypeReference@7b96de8d
2024-10-31T16:11:06.407-05:00 DEBUG 15192 --- [demo] [           main] org.hibernate.type.BasicTypeRegistry     : Adding type registration nclob -> org.hibernate.type.BasicTypeReference@7ccd611e
2024-10-31T16:11:06.408-05:00 DEBUG 15192 --- [demo] [           main] org.hibernate.type.BasicTypeRegistry     : Adding type registration java.sql.NClob -> org.hibernate.type.BasicTypeReference@7ccd611e
2024-10-31T16:11:06.408-05:00 DEBUG 15192 --- [demo] [           main] org.hibernate.type.BasicTypeRegistry     : Adding type registration materialized_clob -> org.hibernate.type.BasicTypeReference@4dc52559
2024-10-31T16:11:06.408-05:00 DEBUG 15192 --- [demo] [           main] org.hibernate.type.BasicTypeRegistry     : Adding type registration materialized_clob_char_array -> org.hibernate.type.BasicTypeReference@5c3d4f05
2024-10-31T16:11:06.408-05:00 DEBUG 15192 --- [demo] [           main] org.hibernate.type.BasicTypeRegistry     : Adding type registration materialized_clob_character_array -> org.hibernate.type.BasicTypeReference@119290b9
2024-10-31T16:11:06.408-05:00 DEBUG 15192 --- [demo] [           main] org.hibernate.type.BasicTypeRegistry     : Adding type registration materialized_nclob -> org.hibernate.type.BasicTypeReference@640d604
2024-10-31T16:11:06.408-05:00 DEBUG 15192 --- [demo] [           main] org.hibernate.type.BasicTypeRegistry     : Adding type registration materialized_nclob_character_array -> org.hibernate.type.BasicTypeReference@62cbc478
2024-10-31T16:11:06.408-05:00 DEBUG 15192 --- [demo] [           main] org.hibernate.type.BasicTypeRegistry     : Adding type registration materialized_nclob_char_array -> org.hibernate.type.BasicTypeReference@5438fa43
2024-10-31T16:11:06.408-05:00 DEBUG 15192 --- [demo] [           main] org.hibernate.type.BasicTypeRegistry     : Adding type registration Duration -> org.hibernate.type.BasicTypeReference@512abf25
2024-10-31T16:11:06.408-05:00 DEBUG 15192 --- [demo] [           main] org.hibernate.type.BasicTypeRegistry     : Adding type registration java.time.Duration -> org.hibernate.type.BasicTypeReference@512abf25
2024-10-31T16:11:06.409-05:00 DEBUG 15192 --- [demo] [           main] org.hibernate.type.BasicTypeRegistry     : Adding type registration LocalDateTime -> org.hibernate.type.BasicTypeReference@515ab3f2
2024-10-31T16:11:06.409-05:00 DEBUG 15192 --- [demo] [           main] org.hibernate.type.BasicTypeRegistry     : Adding type registration java.time.LocalDateTime -> org.hibernate.type.BasicTypeReference@515ab3f2
2024-10-31T16:11:06.409-05:00 DEBUG 15192 --- [demo] [           main] org.hibernate.type.BasicTypeRegistry     : Adding type registration LocalDate -> org.hibernate.type.BasicTypeReference@6d0e45a5
2024-10-31T16:11:06.409-05:00 DEBUG 15192 --- [demo] [           main] org.hibernate.type.BasicTypeRegistry     : Adding type registration java.time.LocalDate -> org.hibernate.type.BasicTypeReference@6d0e45a5
2024-10-31T16:11:06.409-05:00 DEBUG 15192 --- [demo] [           main] org.hibernate.type.BasicTypeRegistry     : Adding type registration LocalTime -> org.hibernate.type.BasicTypeReference@7e7740a5
2024-10-31T16:11:06.409-05:00 DEBUG 15192 --- [demo] [           main] org.hibernate.type.BasicTypeRegistry     : Adding type registration java.time.LocalTime -> org.hibernate.type.BasicTypeReference@7e7740a5
2024-10-31T16:11:06.409-05:00 DEBUG 15192 --- [demo] [           main] org.hibernate.type.BasicTypeRegistry     : Adding type registration OffsetDateTime -> org.hibernate.type.BasicTypeReference@7aa01bd9
2024-10-31T16:11:06.409-05:00 DEBUG 15192 --- [demo] [           main] org.hibernate.type.BasicTypeRegistry     : Adding type registration java.time.OffsetDateTime -> org.hibernate.type.BasicTypeReference@7aa01bd9
2024-10-31T16:11:06.409-05:00 DEBUG 15192 --- [demo] [           main] org.hibernate.type.BasicTypeRegistry     : Adding type registration OffsetDateTimeWithTimezone -> org.hibernate.type.BasicTypeReference@7e61e25c
2024-10-31T16:11:06.410-05:00 DEBUG 15192 --- [demo] [           main] org.hibernate.type.BasicTypeRegistry     : Adding type registration OffsetDateTimeWithoutTimezone -> org.hibernate.type.BasicTypeReference@615db358
2024-10-31T16:11:06.410-05:00 DEBUG 15192 --- [demo] [           main] org.hibernate.type.BasicTypeRegistry     : Adding type registration OffsetTime -> org.hibernate.type.BasicTypeReference@256bb5be
2024-10-31T16:11:06.410-05:00 DEBUG 15192 --- [demo] [           main] org.hibernate.type.BasicTypeRegistry     : Adding type registration java.time.OffsetTime -> org.hibernate.type.BasicTypeReference@256bb5be
2024-10-31T16:11:06.410-05:00 DEBUG 15192 --- [demo] [           main] org.hibernate.type.BasicTypeRegistry     : Adding type registration OffsetTimeUtc -> org.hibernate.type.BasicTypeReference@5fef0c19
2024-10-31T16:11:06.410-05:00 DEBUG 15192 --- [demo] [           main] org.hibernate.type.BasicTypeRegistry     : Adding type registration OffsetTimeWithTimezone -> org.hibernate.type.BasicTypeReference@2e6d76ba
2024-10-31T16:11:06.410-05:00 DEBUG 15192 --- [demo] [           main] org.hibernate.type.BasicTypeRegistry     : Adding type registration OffsetTimeWithoutTimezone -> org.hibernate.type.BasicTypeReference@22a6d75c
2024-10-31T16:11:06.410-05:00 DEBUG 15192 --- [demo] [           main] org.hibernate.type.BasicTypeRegistry     : Adding type registration ZonedDateTime -> org.hibernate.type.BasicTypeReference@5a9840f3
2024-10-31T16:11:06.411-05:00 DEBUG 15192 --- [demo] [           main] org.hibernate.type.BasicTypeRegistry     : Adding type registration java.time.ZonedDateTime -> org.hibernate.type.BasicTypeReference@5a9840f3
2024-10-31T16:11:06.411-05:00 DEBUG 15192 --- [demo] [           main] org.hibernate.type.BasicTypeRegistry     : Adding type registration ZonedDateTimeWithTimezone -> org.hibernate.type.BasicTypeReference@7d30007d
2024-10-31T16:11:06.411-05:00 DEBUG 15192 --- [demo] [           main] org.hibernate.type.BasicTypeRegistry     : Adding type registration ZonedDateTimeWithoutTimezone -> org.hibernate.type.BasicTypeReference@382d71c7
2024-10-31T16:11:06.411-05:00 DEBUG 15192 --- [demo] [           main] org.hibernate.type.BasicTypeRegistry     : Adding type registration date -> org.hibernate.type.BasicTypeReference@2ca54da9
2024-10-31T16:11:06.411-05:00 DEBUG 15192 --- [demo] [           main] org.hibernate.type.BasicTypeRegistry     : Adding type registration java.sql.Date -> org.hibernate.type.BasicTypeReference@2ca54da9
2024-10-31T16:11:06.411-05:00 DEBUG 15192 --- [demo] [           main] org.hibernate.type.BasicTypeRegistry     : Adding type registration time -> org.hibernate.type.BasicTypeReference@34a20f16
2024-10-31T16:11:06.411-05:00 DEBUG 15192 --- [demo] [           main] org.hibernate.type.BasicTypeRegistry     : Adding type registration java.sql.Time -> org.hibernate.type.BasicTypeReference@34a20f16
2024-10-31T16:11:06.411-05:00 DEBUG 15192 --- [demo] [           main] org.hibernate.type.BasicTypeRegistry     : Adding type registration timestamp -> org.hibernate.type.BasicTypeReference@496cc217
2024-10-31T16:11:06.412-05:00 DEBUG 15192 --- [demo] [           main] org.hibernate.type.BasicTypeRegistry     : Adding type registration java.sql.Timestamp -> org.hibernate.type.BasicTypeReference@496cc217
2024-10-31T16:11:06.412-05:00 DEBUG 15192 --- [demo] [           main] org.hibernate.type.BasicTypeRegistry     : Adding type registration java.util.Date -> org.hibernate.type.BasicTypeReference@496cc217
2024-10-31T16:11:06.412-05:00 DEBUG 15192 --- [demo] [           main] org.hibernate.type.BasicTypeRegistry     : Adding type registration calendar -> org.hibernate.type.BasicTypeReference@1a1c21b4
2024-10-31T16:11:06.412-05:00 DEBUG 15192 --- [demo] [           main] org.hibernate.type.BasicTypeRegistry     : Adding type registration java.util.Calendar -> org.hibernate.type.BasicTypeReference@1a1c21b4
2024-10-31T16:11:06.412-05:00 DEBUG 15192 --- [demo] [           main] org.hibernate.type.BasicTypeRegistry     : Adding type registration java.util.GregorianCalendar -> org.hibernate.type.BasicTypeReference@1a1c21b4
2024-10-31T16:11:06.413-05:00 DEBUG 15192 --- [demo] [           main] org.hibernate.type.BasicTypeRegistry     : Adding type registration calendar_date -> org.hibernate.type.BasicTypeReference@1cd2ff5b
2024-10-31T16:11:06.413-05:00 DEBUG 15192 --- [demo] [           main] org.hibernate.type.BasicTypeRegistry     : Adding type registration calendar_time -> org.hibernate.type.BasicTypeReference@17ff8810
2024-10-31T16:11:06.413-05:00 DEBUG 15192 --- [demo] [           main] org.hibernate.type.BasicTypeRegistry     : Adding type registration instant -> org.hibernate.type.BasicTypeReference@6c951ada
2024-10-31T16:11:06.413-05:00 DEBUG 15192 --- [demo] [           main] org.hibernate.type.BasicTypeRegistry     : Adding type registration java.time.Instant -> org.hibernate.type.BasicTypeReference@6c951ada
2024-10-31T16:11:06.413-05:00 DEBUG 15192 --- [demo] [           main] org.hibernate.type.BasicTypeRegistry     : Adding type registration uuid -> org.hibernate.type.BasicTypeReference@67b61834
2024-10-31T16:11:06.413-05:00 DEBUG 15192 --- [demo] [           main] org.hibernate.type.BasicTypeRegistry     : Adding type registration java.util.UUID -> org.hibernate.type.BasicTypeReference@67b61834
2024-10-31T16:11:06.413-05:00 DEBUG 15192 --- [demo] [           main] org.hibernate.type.BasicTypeRegistry     : Adding type registration pg-uuid -> org.hibernate.type.BasicTypeReference@67b61834
2024-10-31T16:11:06.414-05:00 DEBUG 15192 --- [demo] [           main] org.hibernate.type.BasicTypeRegistry     : Adding type registration uuid-binary -> org.hibernate.type.BasicTypeReference@3b0d3a63
2024-10-31T16:11:06.414-05:00 DEBUG 15192 --- [demo] [           main] org.hibernate.type.BasicTypeRegistry     : Adding type registration uuid-char -> org.hibernate.type.BasicTypeReference@50598a1a
2024-10-31T16:11:06.414-05:00 DEBUG 15192 --- [demo] [           main] org.hibernate.type.BasicTypeRegistry     : Adding type registration class -> org.hibernate.type.BasicTypeReference@14de1901
2024-10-31T16:11:06.414-05:00 DEBUG 15192 --- [demo] [           main] org.hibernate.type.BasicTypeRegistry     : Adding type registration java.lang.Class -> org.hibernate.type.BasicTypeReference@14de1901
2024-10-31T16:11:06.414-05:00 DEBUG 15192 --- [demo] [           main] org.hibernate.type.BasicTypeRegistry     : Adding type registration currency -> org.hibernate.type.BasicTypeReference@437ed416
2024-10-31T16:11:06.414-05:00 DEBUG 15192 --- [demo] [           main] org.hibernate.type.BasicTypeRegistry     : Adding type registration Currency -> org.hibernate.type.BasicTypeReference@437ed416
2024-10-31T16:11:06.414-05:00 DEBUG 15192 --- [demo] [           main] org.hibernate.type.BasicTypeRegistry     : Adding type registration java.util.Currency -> org.hibernate.type.BasicTypeReference@437ed416
2024-10-31T16:11:06.414-05:00 DEBUG 15192 --- [demo] [           main] org.hibernate.type.BasicTypeRegistry     : Adding type registration locale -> org.hibernate.type.BasicTypeReference@11f23038
2024-10-31T16:11:06.414-05:00 DEBUG 15192 --- [demo] [           main] org.hibernate.type.BasicTypeRegistry     : Adding type registration java.util.Locale -> org.hibernate.type.BasicTypeReference@11f23038
2024-10-31T16:11:06.414-05:00 DEBUG 15192 --- [demo] [           main] org.hibernate.type.BasicTypeRegistry     : Adding type registration serializable -> org.hibernate.type.BasicTypeReference@de77146
2024-10-31T16:11:06.414-05:00 DEBUG 15192 --- [demo] [           main] org.hibernate.type.BasicTypeRegistry     : Adding type registration java.io.Serializable -> org.hibernate.type.BasicTypeReference@de77146
2024-10-31T16:11:06.415-05:00 DEBUG 15192 --- [demo] [           main] org.hibernate.type.BasicTypeRegistry     : Adding type registration timezone -> org.hibernate.type.BasicTypeReference@691567ea
2024-10-31T16:11:06.415-05:00 DEBUG 15192 --- [demo] [           main] org.hibernate.type.BasicTypeRegistry     : Adding type registration java.util.TimeZone -> org.hibernate.type.BasicTypeReference@691567ea
2024-10-31T16:11:06.415-05:00 DEBUG 15192 --- [demo] [           main] org.hibernate.type.BasicTypeRegistry     : Adding type registration ZoneOffset -> org.hibernate.type.BasicTypeReference@5cfed0ba
2024-10-31T16:11:06.415-05:00 DEBUG 15192 --- [demo] [           main] org.hibernate.type.BasicTypeRegistry     : Adding type registration java.time.ZoneOffset -> org.hibernate.type.BasicTypeReference@5cfed0ba
2024-10-31T16:11:06.415-05:00 DEBUG 15192 --- [demo] [           main] org.hibernate.type.BasicTypeRegistry     : Adding type registration url -> org.hibernate.type.BasicTypeReference@5c8d58ed
2024-10-31T16:11:06.415-05:00 DEBUG 15192 --- [demo] [           main] org.hibernate.type.BasicTypeRegistry     : Adding type registration java.net.URL -> org.hibernate.type.BasicTypeReference@5c8d58ed
2024-10-31T16:11:06.415-05:00 DEBUG 15192 --- [demo] [           main] org.hibernate.type.BasicTypeRegistry     : Adding type registration vector -> org.hibernate.type.BasicTypeReference@6a567f7b
2024-10-31T16:11:06.415-05:00 DEBUG 15192 --- [demo] [           main] org.hibernate.type.BasicTypeRegistry     : Adding type registration row_version -> org.hibernate.type.BasicTypeReference@28be7fec
2024-10-31T16:11:06.420-05:00 DEBUG 15192 --- [demo] [           main] org.hibernate.type.BasicTypeRegistry     : Adding type registration object -> org.hibernate.type.JavaObjectType@3fb450d7
2024-10-31T16:11:06.420-05:00 DEBUG 15192 --- [demo] [           main] org.hibernate.type.BasicTypeRegistry     : Adding type registration java.lang.Object -> org.hibernate.type.JavaObjectType@3fb450d7
2024-10-31T16:11:06.421-05:00 DEBUG 15192 --- [demo] [           main] org.hibernate.type.BasicTypeRegistry     : Adding type registration null -> org.hibernate.type.NullType@30abf79c
2024-10-31T16:11:06.421-05:00 DEBUG 15192 --- [demo] [           main] org.hibernate.type.BasicTypeRegistry     : Adding type registration imm_date -> org.hibernate.type.BasicTypeReference@49a38b1
2024-10-31T16:11:06.421-05:00 DEBUG 15192 --- [demo] [           main] org.hibernate.type.BasicTypeRegistry     : Adding type registration imm_time -> org.hibernate.type.BasicTypeReference@681061d6
2024-10-31T16:11:06.421-05:00 DEBUG 15192 --- [demo] [           main] org.hibernate.type.BasicTypeRegistry     : Adding type registration imm_timestamp -> org.hibernate.type.BasicTypeReference@53d6e959
2024-10-31T16:11:06.421-05:00 DEBUG 15192 --- [demo] [           main] org.hibernate.type.BasicTypeRegistry     : Adding type registration imm_calendar -> org.hibernate.type.BasicTypeReference@3caee3a8
2024-10-31T16:11:06.421-05:00 DEBUG 15192 --- [demo] [           main] org.hibernate.type.BasicTypeRegistry     : Adding type registration imm_calendar_date -> org.hibernate.type.BasicTypeReference@69a40b3c
2024-10-31T16:11:06.421-05:00 DEBUG 15192 --- [demo] [           main] org.hibernate.type.BasicTypeRegistry     : Adding type registration imm_calendar_time -> org.hibernate.type.BasicTypeReference@251c90f
2024-10-31T16:11:06.422-05:00 DEBUG 15192 --- [demo] [           main] org.hibernate.type.BasicTypeRegistry     : Adding type registration imm_binary -> org.hibernate.type.BasicTypeReference@6629643d
2024-10-31T16:11:06.422-05:00 DEBUG 15192 --- [demo] [           main] org.hibernate.type.BasicTypeRegistry     : Adding type registration imm_serializable -> org.hibernate.type.BasicTypeReference@2dd178f3
2024-10-31T16:11:06.426-05:00 DEBUG 15192 --- [demo] [           main] o.h.boot.internal.BootstrapContextImpl   : Injecting JPA temp ClassLoader [org.springframework.instrument.classloading.SimpleThrowawayClassLoader@43d76a92] into BootstrapContext; was [null]
2024-10-31T16:11:06.426-05:00 DEBUG 15192 --- [demo] [           main] o.h.boot.internal.ClassLoaderAccessImpl  : ClassLoaderAccessImpl#injectTempClassLoader(org.springframework.instrument.classloading.SimpleThrowawayClassLoader@43d76a92) [was null]
2024-10-31T16:11:06.426-05:00 DEBUG 15192 --- [demo] [           main] o.h.boot.internal.BootstrapContextImpl   : Injecting ScanEnvironment [org.hibernate.jpa.boot.internal.StandardJpaScanEnvironmentImpl@486bd064] into BootstrapContext; was [null]
2024-10-31T16:11:06.427-05:00 DEBUG 15192 --- [demo] [           main] o.h.boot.internal.BootstrapContextImpl   : Injecting ScanOptions [org.hibernate.boot.archive.scan.internal.StandardScanOptions@6459f4ea] into BootstrapContext; was [org.hibernate.boot.archive.scan.internal.StandardScanOptions@740b9a50]
2024-10-31T16:11:06.721-05:00  INFO 15192 --- [demo] [           main] o.s.o.j.p.SpringPersistenceUnitInfo      : No LoadTimeWeaver setup: ignoring JPA class transformer
2024-10-31T16:11:06.721-05:00 DEBUG 15192 --- [demo] [           main] o.h.boot.internal.BootstrapContextImpl   : Injecting JPA temp ClassLoader [null] into BootstrapContext; was [org.springframework.instrument.classloading.SimpleThrowawayClassLoader@43d76a92]
2024-10-31T16:11:06.721-05:00 DEBUG 15192 --- [demo] [           main] o.h.boot.internal.ClassLoaderAccessImpl  : ClassLoaderAccessImpl#injectTempClassLoader(null) [was org.springframework.instrument.classloading.SimpleThrowawayClassLoader@43d76a92]
2024-10-31T16:11:06.752-05:00  INFO 15192 --- [demo] [           main] com.zaxxer.hikari.HikariDataSource       : HikariPool-1 - Starting...
2024-10-31T16:11:07.326-05:00  INFO 15192 --- [demo] [           main] com.zaxxer.hikari.pool.HikariPool        : HikariPool-1 - Added connection oracle.jdbc.driver.T4CConnection@4e4d0a0b
2024-10-31T16:11:07.328-05:00  INFO 15192 --- [demo] [           main] com.zaxxer.hikari.HikariDataSource       : HikariPool-1 - Start completed.
2024-10-31T16:11:07.333-05:00 DEBUG 15192 --- [demo] [           main] o.h.e.j.e.i.JdbcEnvironmentInitiator     : Database ->
	   name : Oracle
	version : Oracle Database 21c Express Edition Release 21.0.0.0.0 - Production
Version 21.3.0.0.0
	  major : 21
	  minor : 0
2024-10-31T16:11:07.333-05:00 DEBUG 15192 --- [demo] [           main] o.h.e.j.e.i.JdbcEnvironmentInitiator     : Driver ->
	   name : Oracle JDBC driver
	version : 21.9.0.0.0
	  major : 21
	  minor : 9
2024-10-31T16:11:07.333-05:00 DEBUG 15192 --- [demo] [           main] o.h.e.j.e.i.JdbcEnvironmentInitiator     : JDBC version : 4.3
2024-10-31T16:11:07.509-05:00 DEBUG 15192 --- [demo] [           main] org.hibernate.orm.dialect                : HHH035001: Using dialect: org.hibernate.dialect.OracleDialect, version: 21.0
2024-10-31T16:11:07.542-05:00 DEBUG 15192 --- [demo] [           main] o.h.t.d.jdbc.spi.JdbcTypeRegistry        : addDescriptor(NCharTypeDescriptor) replaced previous registration(CharTypeDescriptor)
2024-10-31T16:11:07.542-05:00 DEBUG 15192 --- [demo] [           main] o.h.t.d.jdbc.spi.JdbcTypeRegistry        : addDescriptor(NVarcharTypeDescriptor) replaced previous registration(VarcharTypeDescriptor)
2024-10-31T16:11:07.542-05:00 DEBUG 15192 --- [demo] [           main] o.h.t.d.jdbc.spi.JdbcTypeRegistry        : addDescriptor(LongNVarcharTypeDescriptor) replaced previous registration(LongVarcharTypeDescriptor)
2024-10-31T16:11:07.544-05:00 DEBUG 15192 --- [demo] [           main] o.h.t.d.jdbc.spi.JdbcTypeRegistry        : addDescriptor(NClobTypeDescriptor(DEFAULT)) replaced previous registration(ClobTypeDescriptor(DEFAULT))
2024-10-31T16:11:07.544-05:00 DEBUG 15192 --- [demo] [           main] o.h.t.d.jdbc.spi.JdbcTypeRegistry        : addDescriptor(2005, ClobTypeDescriptor(STREAM_BINDING)) replaced previous registration(ClobTypeDescriptor(DEFAULT))
2024-10-31T16:11:07.545-05:00 DEBUG 15192 --- [demo] [           main] o.h.t.d.jdbc.spi.JdbcTypeRegistry        : addDescriptor(BooleanTypeDescriptor) replaced previous registration(BooleanTypeDescriptor)
2024-10-31T16:11:07.552-05:00 DEBUG 15192 --- [demo] [           main] org.hibernate.type.BasicTypeRegistry     : Adding type registration null -> org.hibernate.type.NullType@6ed691fd
2024-10-31T16:11:07.553-05:00 DEBUG 15192 --- [demo] [           main] org.hibernate.type.BasicTypeRegistry     : Type registration key [null] overrode previous entry : `org.hibernate.type.NullType@30abf79c`
2024-10-31T16:11:07.553-05:00 DEBUG 15192 --- [demo] [           main] org.hibernate.type.BasicTypeRegistry     : Adding type registration JAVA_OBJECT -> org.hibernate.type.JavaObjectType@2fcc5f49
2024-10-31T16:11:07.553-05:00 DEBUG 15192 --- [demo] [           main] org.hibernate.type.BasicTypeRegistry     : Adding type registration java.lang.Object -> org.hibernate.type.JavaObjectType@2fcc5f49
2024-10-31T16:11:07.553-05:00 DEBUG 15192 --- [demo] [           main] org.hibernate.type.BasicTypeRegistry     : Type registration key [java.lang.Object] overrode previous entry : `org.hibernate.type.JavaObjectType@3fb450d7`
2024-10-31T16:11:07.556-05:00 DEBUG 15192 --- [demo] [           main] org.hibernate.type.BasicTypeRegistry     : Adding type registration org.hibernate.type.DurationType -> basicType@1(java.time.Duration,3015)
2024-10-31T16:11:07.556-05:00 DEBUG 15192 --- [demo] [           main] org.hibernate.type.BasicTypeRegistry     : Adding type registration Duration -> basicType@1(java.time.Duration,3015)
2024-10-31T16:11:07.556-05:00 DEBUG 15192 --- [demo] [           main] org.hibernate.type.BasicTypeRegistry     : Adding type registration java.time.Duration -> basicType@1(java.time.Duration,3015)
2024-10-31T16:11:07.559-05:00 DEBUG 15192 --- [demo] [           main] o.h.type.spi.TypeConfiguration$Scope     : Scoping TypeConfiguration [org.hibernate.type.spi.TypeConfiguration@6dd38df2] to MetadataBuildingContext [org.hibernate.boot.internal.MetadataBuildingContextRootImpl@99c3cee]
2024-10-31T16:11:07.595-05:00 DEBUG 15192 --- [demo] [           main] o.h.boot.model.relational.Namespace      : Created database namespace [logicalName=Name{catalog=null, schema=null}, physicalName=Name{catalog=null, schema=null}]
2024-10-31T16:11:07.619-05:00 DEBUG 15192 --- [demo] [           main] o.h.boot.model.internal.EntityBinder     : Binding entity from annotated class: com.example.demo.DepartmentDTO
2024-10-31T16:11:07.625-05:00 DEBUG 15192 --- [demo] [           main] o.h.boot.model.internal.EntityBinder     : Import with entity name DepartmentDTO
2024-10-31T16:11:07.632-05:00 DEBUG 15192 --- [demo] [           main] o.h.boot.model.internal.EntityBinder     : Bind entity com.example.demo.DepartmentDTO on table departmentdto
2024-10-31T16:11:07.642-05:00 DEBUG 15192 --- [demo] [           main] o.h.boot.model.internal.AnnotatedColumn  : Binding column: AnnotatedDiscriminatorColumn(column='DTYPE')
2024-10-31T16:11:07.657-05:00 DEBUG 15192 --- [demo] [           main] o.h.boot.model.internal.AnnotatedColumn  : Binding column: AnnotatedColumn()
2024-10-31T16:11:07.657-05:00 DEBUG 15192 --- [demo] [           main] o.h.boot.internal.ClassLoaderAccessImpl  : Not known whether passed class name [com.example.demo.DepartmentDTO] is safe
2024-10-31T16:11:07.657-05:00 DEBUG 15192 --- [demo] [           main] o.h.boot.internal.ClassLoaderAccessImpl  : No temp ClassLoader provided; using live ClassLoader for loading potentially unsafe class : com.example.demo.DepartmentDTO
2024-10-31T16:11:07.660-05:00 DEBUG 15192 --- [demo] [           main] o.h.boot.model.internal.PropertyBinder   : MetadataSourceProcessor property departmentId with lazy=false
2024-10-31T16:11:07.664-05:00 DEBUG 15192 --- [demo] [           main] o.h.b.m.internal.AbstractPropertyHolder  : Attempting to locate auto-apply AttributeConverter for property [com.example.demo.DepartmentDTO:departmentId]
2024-10-31T16:11:07.668-05:00 DEBUG 15192 --- [demo] [           main] o.h.b.model.internal.BasicValueBinder    : building BasicValue for departmentId
2024-10-31T16:11:07.670-05:00 DEBUG 15192 --- [demo] [           main] org.hibernate.mapping.BasicValue         : Skipping column re-registration: departmentdto.department_id
2024-10-31T16:11:07.671-05:00 DEBUG 15192 --- [demo] [           main] o.h.boot.model.internal.PropertyBinder   : Building property departmentId
2024-10-31T16:11:07.675-05:00 DEBUG 15192 --- [demo] [           main] o.h.boot.model.internal.BinderHelper     : #makeIdGenerator(BasicValue([Column(department_id)]), departmentId, identity, , ...)
2024-10-31T16:11:07.676-05:00 DEBUG 15192 --- [demo] [           main] o.h.boot.model.internal.AnnotatedColumn  : Binding column: AnnotatedColumn()
2024-10-31T16:11:07.676-05:00 DEBUG 15192 --- [demo] [           main] o.h.boot.model.internal.PropertyBinder   : MetadataSourceProcessor property departmentManager with lazy=false
2024-10-31T16:11:07.676-05:00 DEBUG 15192 --- [demo] [           main] o.h.b.m.internal.AbstractPropertyHolder  : Attempting to locate auto-apply AttributeConverter for property [com.example.demo.DepartmentDTO:departmentManager]
2024-10-31T16:11:07.676-05:00 DEBUG 15192 --- [demo] [           main] o.h.b.model.internal.BasicValueBinder    : building BasicValue for departmentManager
2024-10-31T16:11:07.676-05:00 DEBUG 15192 --- [demo] [           main] org.hibernate.mapping.BasicValue         : Skipping column re-registration: departmentdto.department_manager
2024-10-31T16:11:07.676-05:00 DEBUG 15192 --- [demo] [           main] o.h.boot.model.internal.PropertyBinder   : Building property departmentManager
2024-10-31T16:11:07.677-05:00 DEBUG 15192 --- [demo] [           main] o.h.boot.model.internal.AnnotatedColumn  : Binding column: AnnotatedColumn()
2024-10-31T16:11:07.677-05:00 DEBUG 15192 --- [demo] [           main] o.h.boot.model.internal.PropertyBinder   : MetadataSourceProcessor property departmentName with lazy=false
2024-10-31T16:11:07.677-05:00 DEBUG 15192 --- [demo] [           main] o.h.b.m.internal.AbstractPropertyHolder  : Attempting to locate auto-apply AttributeConverter for property [com.example.demo.DepartmentDTO:departmentName]
2024-10-31T16:11:07.677-05:00 DEBUG 15192 --- [demo] [           main] o.h.b.model.internal.BasicValueBinder    : building BasicValue for departmentName
2024-10-31T16:11:07.677-05:00 DEBUG 15192 --- [demo] [           main] org.hibernate.mapping.BasicValue         : Skipping column re-registration: departmentdto.department_name
2024-10-31T16:11:07.677-05:00 DEBUG 15192 --- [demo] [           main] o.h.boot.model.internal.PropertyBinder   : Building property departmentName
2024-10-31T16:11:07.679-05:00 DEBUG 15192 --- [demo] [           main] o.h.b.r.c.i.ClassLoaderServiceImpl       : HHH000194: Package not found or no package-info.java: com.example.demo
2024-10-31T16:11:07.683-05:00 DEBUG 15192 --- [demo] [           main] o.h.boot.model.internal.EntityBinder     : Binding entity from annotated class: com.example.demo.EmployeeDTO
2024-10-31T16:11:07.684-05:00 DEBUG 15192 --- [demo] [           main] o.h.boot.model.internal.EntityBinder     : Import with entity name EmployeeDTO
2024-10-31T16:11:07.684-05:00 DEBUG 15192 --- [demo] [           main] o.h.boot.model.internal.EntityBinder     : Bind entity com.example.demo.EmployeeDTO on table employeedto
2024-10-31T16:11:07.684-05:00 DEBUG 15192 --- [demo] [           main] o.h.boot.model.internal.AnnotatedColumn  : Binding column: AnnotatedDiscriminatorColumn(column='DTYPE')
2024-10-31T16:11:07.687-05:00 DEBUG 15192 --- [demo] [           main] o.h.boot.model.internal.AnnotatedColumn  : Binding column: AnnotatedColumn()
2024-10-31T16:11:07.687-05:00 DEBUG 15192 --- [demo] [           main] o.h.boot.internal.ClassLoaderAccessImpl  : Not known whether passed class name [com.example.demo.EmployeeDTO] is safe
2024-10-31T16:11:07.687-05:00 DEBUG 15192 --- [demo] [           main] o.h.boot.internal.ClassLoaderAccessImpl  : No temp ClassLoader provided; using live ClassLoader for loading potentially unsafe class : com.example.demo.EmployeeDTO
2024-10-31T16:11:07.687-05:00 DEBUG 15192 --- [demo] [           main] o.h.boot.model.internal.PropertyBinder   : MetadataSourceProcessor property employeeId with lazy=false
2024-10-31T16:11:07.687-05:00 DEBUG 15192 --- [demo] [           main] o.h.b.m.internal.AbstractPropertyHolder  : Attempting to locate auto-apply AttributeConverter for property [com.example.demo.EmployeeDTO:employeeId]
2024-10-31T16:11:07.688-05:00 DEBUG 15192 --- [demo] [           main] o.h.b.model.internal.BasicValueBinder    : building BasicValue for employeeId
2024-10-31T16:11:07.688-05:00 DEBUG 15192 --- [demo] [           main] org.hibernate.mapping.BasicValue         : Skipping column re-registration: employeedto.employee_id
2024-10-31T16:11:07.688-05:00 DEBUG 15192 --- [demo] [           main] o.h.boot.model.internal.PropertyBinder   : Building property employeeId
2024-10-31T16:11:07.688-05:00 DEBUG 15192 --- [demo] [           main] o.h.boot.model.internal.BinderHelper     : #makeIdGenerator(BasicValue([Column(employee_id)]), employeeId, identity, , ...)
2024-10-31T16:11:07.689-05:00 DEBUG 15192 --- [demo] [           main] o.h.boot.model.internal.AnnotatedColumn  : Binding column: AnnotatedColumn()
2024-10-31T16:11:07.689-05:00 DEBUG 15192 --- [demo] [           main] o.h.boot.model.internal.PropertyBinder   : MetadataSourceProcessor property departmentId with lazy=false
2024-10-31T16:11:07.689-05:00 DEBUG 15192 --- [demo] [           main] o.h.b.m.internal.AbstractPropertyHolder  : Attempting to locate auto-apply AttributeConverter for property [com.example.demo.EmployeeDTO:departmentId]
2024-10-31T16:11:07.689-05:00 DEBUG 15192 --- [demo] [           main] o.h.b.model.internal.BasicValueBinder    : building BasicValue for departmentId
2024-10-31T16:11:07.689-05:00 DEBUG 15192 --- [demo] [           main] org.hibernate.mapping.BasicValue         : Skipping column re-registration: employeedto.department_id
2024-10-31T16:11:07.690-05:00 DEBUG 15192 --- [demo] [           main] o.h.boot.model.internal.PropertyBinder   : Building property departmentId
2024-10-31T16:11:07.690-05:00 DEBUG 15192 --- [demo] [           main] o.h.boot.model.internal.AnnotatedColumn  : Binding column: AnnotatedColumn()
2024-10-31T16:11:07.690-05:00 DEBUG 15192 --- [demo] [           main] o.h.boot.model.internal.PropertyBinder   : MetadataSourceProcessor property employeeName with lazy=false
2024-10-31T16:11:07.690-05:00 DEBUG 15192 --- [demo] [           main] o.h.b.m.internal.AbstractPropertyHolder  : Attempting to locate auto-apply AttributeConverter for property [com.example.demo.EmployeeDTO:employeeName]
2024-10-31T16:11:07.690-05:00 DEBUG 15192 --- [demo] [           main] o.h.b.model.internal.BasicValueBinder    : building BasicValue for employeeName
2024-10-31T16:11:07.691-05:00 DEBUG 15192 --- [demo] [           main] org.hibernate.mapping.BasicValue         : Skipping column re-registration: employeedto.employee_name
2024-10-31T16:11:07.691-05:00 DEBUG 15192 --- [demo] [           main] o.h.boot.model.internal.PropertyBinder   : Building property employeeName
2024-10-31T16:11:07.691-05:00 DEBUG 15192 --- [demo] [           main] o.h.boot.model.internal.AnnotatedColumn  : Binding column: AnnotatedColumn()
2024-10-31T16:11:07.691-05:00 DEBUG 15192 --- [demo] [           main] o.h.boot.model.internal.PropertyBinder   : MetadataSourceProcessor property roleId with lazy=false
2024-10-31T16:11:07.691-05:00 DEBUG 15192 --- [demo] [           main] o.h.b.m.internal.AbstractPropertyHolder  : Attempting to locate auto-apply AttributeConverter for property [com.example.demo.EmployeeDTO:roleId]
2024-10-31T16:11:07.691-05:00 DEBUG 15192 --- [demo] [           main] o.h.b.model.internal.BasicValueBinder    : building BasicValue for roleId
2024-10-31T16:11:07.691-05:00 DEBUG 15192 --- [demo] [           main] org.hibernate.mapping.BasicValue         : Skipping column re-registration: employeedto.role_id
2024-10-31T16:11:07.691-05:00 DEBUG 15192 --- [demo] [           main] o.h.boot.model.internal.PropertyBinder   : Building property roleId
2024-10-31T16:11:07.692-05:00 DEBUG 15192 --- [demo] [           main] o.h.boot.model.internal.AnnotatedColumn  : Binding column: AnnotatedColumn()
2024-10-31T16:11:07.692-05:00 DEBUG 15192 --- [demo] [           main] o.h.boot.model.internal.PropertyBinder   : MetadataSourceProcessor property salary with lazy=false
2024-10-31T16:11:07.692-05:00 DEBUG 15192 --- [demo] [           main] o.h.b.m.internal.AbstractPropertyHolder  : Attempting to locate auto-apply AttributeConverter for property [com.example.demo.EmployeeDTO:salary]
2024-10-31T16:11:07.692-05:00 DEBUG 15192 --- [demo] [           main] o.h.b.model.internal.BasicValueBinder    : building BasicValue for salary
2024-10-31T16:11:07.693-05:00 DEBUG 15192 --- [demo] [           main] org.hibernate.mapping.BasicValue         : Skipping column re-registration: employeedto.salary
2024-10-31T16:11:07.693-05:00 DEBUG 15192 --- [demo] [           main] o.h.boot.model.internal.PropertyBinder   : Building property salary
2024-10-31T16:11:07.693-05:00 DEBUG 15192 --- [demo] [           main] o.h.b.r.c.i.ClassLoaderServiceImpl       : HHH000194: Package not found or no package-info.java: com.example.demo
2024-10-31T16:11:07.694-05:00 DEBUG 15192 --- [demo] [           main] o.h.boot.model.internal.EntityBinder     : Binding entity from annotated class: com.example.demo.PerformanceReviewDTO
2024-10-31T16:11:07.694-05:00 DEBUG 15192 --- [demo] [           main] o.h.boot.model.internal.EntityBinder     : Import with entity name PerformanceReviewDTO
2024-10-31T16:11:07.694-05:00 DEBUG 15192 --- [demo] [           main] o.h.boot.model.internal.EntityBinder     : Bind entity com.example.demo.PerformanceReviewDTO on table performance_reviewdto
2024-10-31T16:11:07.694-05:00 DEBUG 15192 --- [demo] [           main] o.h.boot.model.internal.AnnotatedColumn  : Binding column: AnnotatedDiscriminatorColumn(column='DTYPE')
2024-10-31T16:11:07.695-05:00 DEBUG 15192 --- [demo] [           main] o.h.boot.model.internal.AnnotatedColumn  : Binding column: AnnotatedColumn()
2024-10-31T16:11:07.695-05:00 DEBUG 15192 --- [demo] [           main] o.h.boot.internal.ClassLoaderAccessImpl  : Not known whether passed class name [com.example.demo.PerformanceReviewDTO] is safe
2024-10-31T16:11:07.695-05:00 DEBUG 15192 --- [demo] [           main] o.h.boot.internal.ClassLoaderAccessImpl  : No temp ClassLoader provided; using live ClassLoader for loading potentially unsafe class : com.example.demo.PerformanceReviewDTO
2024-10-31T16:11:07.695-05:00 DEBUG 15192 --- [demo] [           main] o.h.boot.model.internal.PropertyBinder   : MetadataSourceProcessor property reviewId with lazy=false
2024-10-31T16:11:07.695-05:00 DEBUG 15192 --- [demo] [           main] o.h.b.m.internal.AbstractPropertyHolder  : Attempting to locate auto-apply AttributeConverter for property [com.example.demo.PerformanceReviewDTO:reviewId]
2024-10-31T16:11:07.695-05:00 DEBUG 15192 --- [demo] [           main] o.h.b.model.internal.BasicValueBinder    : building BasicValue for reviewId
2024-10-31T16:11:07.695-05:00 DEBUG 15192 --- [demo] [           main] org.hibernate.mapping.BasicValue         : Skipping column re-registration: performance_reviewdto.review_id
2024-10-31T16:11:07.695-05:00 DEBUG 15192 --- [demo] [           main] o.h.boot.model.internal.PropertyBinder   : Building property reviewId
2024-10-31T16:11:07.695-05:00 DEBUG 15192 --- [demo] [           main] o.h.boot.model.internal.BinderHelper     : #makeIdGenerator(BasicValue([Column(review_id)]), reviewId, identity, , ...)
2024-10-31T16:11:07.696-05:00 DEBUG 15192 --- [demo] [           main] o.h.boot.model.internal.AnnotatedColumn  : Binding column: AnnotatedColumn()
2024-10-31T16:11:07.696-05:00 DEBUG 15192 --- [demo] [           main] o.h.boot.model.internal.PropertyBinder   : MetadataSourceProcessor property employeeId with lazy=false
2024-10-31T16:11:07.696-05:00 DEBUG 15192 --- [demo] [           main] o.h.b.m.internal.AbstractPropertyHolder  : Attempting to locate auto-apply AttributeConverter for property [com.example.demo.PerformanceReviewDTO:employeeId]
2024-10-31T16:11:07.696-05:00 DEBUG 15192 --- [demo] [           main] o.h.b.model.internal.BasicValueBinder    : building BasicValue for employeeId
2024-10-31T16:11:07.696-05:00 DEBUG 15192 --- [demo] [           main] org.hibernate.mapping.BasicValue         : Skipping column re-registration: performance_reviewdto.employee_id
2024-10-31T16:11:07.696-05:00 DEBUG 15192 --- [demo] [           main] o.h.boot.model.internal.PropertyBinder   : Building property employeeId
2024-10-31T16:11:07.696-05:00 DEBUG 15192 --- [demo] [           main] o.h.boot.model.internal.AnnotatedColumn  : Binding column: AnnotatedColumn()
2024-10-31T16:11:07.696-05:00 DEBUG 15192 --- [demo] [           main] o.h.boot.model.internal.PropertyBinder   : MetadataSourceProcessor property reviewComments with lazy=false
2024-10-31T16:11:07.696-05:00 DEBUG 15192 --- [demo] [           main] o.h.b.m.internal.AbstractPropertyHolder  : Attempting to locate auto-apply AttributeConverter for property [com.example.demo.PerformanceReviewDTO:reviewComments]
2024-10-31T16:11:07.696-05:00 DEBUG 15192 --- [demo] [           main] o.h.b.model.internal.BasicValueBinder    : building BasicValue for reviewComments
2024-10-31T16:11:07.697-05:00 DEBUG 15192 --- [demo] [           main] org.hibernate.mapping.BasicValue         : Skipping column re-registration: performance_reviewdto.review_comments
2024-10-31T16:11:07.697-05:00 DEBUG 15192 --- [demo] [           main] o.h.boot.model.internal.PropertyBinder   : Building property reviewComments
2024-10-31T16:11:07.697-05:00 DEBUG 15192 --- [demo] [           main] o.h.boot.model.internal.AnnotatedColumn  : Binding column: AnnotatedColumn()
2024-10-31T16:11:07.697-05:00 DEBUG 15192 --- [demo] [           main] o.h.boot.model.internal.PropertyBinder   : MetadataSourceProcessor property reviewDate with lazy=false
2024-10-31T16:11:07.697-05:00 DEBUG 15192 --- [demo] [           main] o.h.b.m.internal.AbstractPropertyHolder  : Attempting to locate auto-apply AttributeConverter for property [com.example.demo.PerformanceReviewDTO:reviewDate]
2024-10-31T16:11:07.697-05:00 DEBUG 15192 --- [demo] [           main] o.h.b.model.internal.BasicValueBinder    : building BasicValue for reviewDate
2024-10-31T16:11:07.697-05:00 DEBUG 15192 --- [demo] [           main] org.hibernate.mapping.BasicValue         : Skipping column re-registration: performance_reviewdto.review_date
2024-10-31T16:11:07.697-05:00 DEBUG 15192 --- [demo] [           main] o.h.boot.model.internal.PropertyBinder   : Building property reviewDate
2024-10-31T16:11:07.697-05:00 DEBUG 15192 --- [demo] [           main] o.h.boot.model.internal.AnnotatedColumn  : Binding column: AnnotatedColumn()
2024-10-31T16:11:07.697-05:00 DEBUG 15192 --- [demo] [           main] o.h.boot.model.internal.PropertyBinder   : MetadataSourceProcessor property reviewScore with lazy=false
2024-10-31T16:11:07.697-05:00 DEBUG 15192 --- [demo] [           main] o.h.b.m.internal.AbstractPropertyHolder  : Attempting to locate auto-apply AttributeConverter for property [com.example.demo.PerformanceReviewDTO:reviewScore]
2024-10-31T16:11:07.698-05:00 DEBUG 15192 --- [demo] [           main] o.h.b.model.internal.BasicValueBinder    : building BasicValue for reviewScore
2024-10-31T16:11:07.698-05:00 DEBUG 15192 --- [demo] [           main] org.hibernate.mapping.BasicValue         : Skipping column re-registration: performance_reviewdto.review_score
2024-10-31T16:11:07.698-05:00 DEBUG 15192 --- [demo] [           main] o.h.boot.model.internal.PropertyBinder   : Building property reviewScore
2024-10-31T16:11:07.698-05:00 DEBUG 15192 --- [demo] [           main] o.h.b.r.c.i.ClassLoaderServiceImpl       : HHH000194: Package not found or no package-info.java: com.example.demo
2024-10-31T16:11:07.699-05:00 DEBUG 15192 --- [demo] [           main] o.h.b.model.internal.BasicValueBinder    : Starting `BasicValueBinder#fillSimpleValue` for departmentId
2024-10-31T16:11:07.700-05:00 DEBUG 15192 --- [demo] [           main] o.h.b.model.internal.BasicValueBinder    : Starting `BasicValueBinder#fillSimpleValue` for departmentManager
2024-10-31T16:11:07.701-05:00 DEBUG 15192 --- [demo] [           main] o.h.b.model.internal.BasicValueBinder    : Starting `BasicValueBinder#fillSimpleValue` for departmentName
2024-10-31T16:11:07.701-05:00 DEBUG 15192 --- [demo] [           main] o.h.b.model.internal.BasicValueBinder    : Starting `BasicValueBinder#fillSimpleValue` for employeeId
2024-10-31T16:11:07.701-05:00 DEBUG 15192 --- [demo] [           main] o.h.b.model.internal.BasicValueBinder    : Starting `BasicValueBinder#fillSimpleValue` for departmentId
2024-10-31T16:11:07.701-05:00 DEBUG 15192 --- [demo] [           main] o.h.b.model.internal.BasicValueBinder    : Starting `BasicValueBinder#fillSimpleValue` for employeeName
2024-10-31T16:11:07.701-05:00 DEBUG 15192 --- [demo] [           main] o.h.b.model.internal.BasicValueBinder    : Starting `BasicValueBinder#fillSimpleValue` for roleId
2024-10-31T16:11:07.701-05:00 DEBUG 15192 --- [demo] [           main] o.h.b.model.internal.BasicValueBinder    : Starting `BasicValueBinder#fillSimpleValue` for salary
2024-10-31T16:11:07.701-05:00 DEBUG 15192 --- [demo] [           main] o.h.b.model.internal.BasicValueBinder    : Starting `BasicValueBinder#fillSimpleValue` for reviewId
2024-10-31T16:11:07.701-05:00 DEBUG 15192 --- [demo] [           main] o.h.b.model.internal.BasicValueBinder    : Starting `BasicValueBinder#fillSimpleValue` for employeeId
2024-10-31T16:11:07.701-05:00 DEBUG 15192 --- [demo] [           main] o.h.b.model.internal.BasicValueBinder    : Starting `BasicValueBinder#fillSimpleValue` for reviewComments
2024-10-31T16:11:07.701-05:00 DEBUG 15192 --- [demo] [           main] o.h.b.model.internal.BasicValueBinder    : Starting `BasicValueBinder#fillSimpleValue` for reviewDate
2024-10-31T16:11:07.702-05:00 DEBUG 15192 --- [demo] [           main] o.h.b.model.internal.BasicValueBinder    : Starting `BasicValueBinder#fillSimpleValue` for reviewScore
2024-10-31T16:11:07.704-05:00 DEBUG 15192 --- [demo] [           main] org.hibernate.mapping.PrimaryKey         : Forcing column [department_id] to be non-null as it is part of the primary key for table [departmentdto]
2024-10-31T16:11:07.704-05:00 DEBUG 15192 --- [demo] [           main] org.hibernate.mapping.PrimaryKey         : Forcing column [employee_id] to be non-null as it is part of the primary key for table [employeedto]
2024-10-31T16:11:07.704-05:00 DEBUG 15192 --- [demo] [           main] org.hibernate.mapping.PrimaryKey         : Forcing column [review_id] to be non-null as it is part of the primary key for table [performance_reviewdto]
2024-10-31T16:11:07.766-05:00 DEBUG 15192 --- [demo] [           main] o.hibernate.internal.SessionFactoryImpl  : Building session factory
2024-10-31T16:11:07.803-05:00 DEBUG 15192 --- [demo] [           main] .h.s.i.SessionFactoryServiceRegistryImpl : EventListenerRegistry access via ServiceRegistry is deprecated.  Use `sessionFactory.getEventEngine().getListenerRegistry()` instead
2024-10-31T16:11:07.804-05:00 DEBUG 15192 --- [demo] [           main] o.hibernate.internal.SessionFactoryImpl  : Instantiating SessionFactory with settings: {java.specification.version=22, hibernate.resource.beans.container=org.springframework.orm.hibernate5.SpringBeanContainer@20fa5277, hibernate.connection.handling_mode=DELAYED_ACQUISITION_AND_HOLD, sun.jnu.encoding=UTF-8, hibernate.implicit_naming_strategy=org.springframework.boot.orm.jpa.hibernate.SpringImplicitNamingStrategy, java.class.path=/Users/lucas/Downloads/Oracle App/target/test-classes:/Users/lucas/Downloads/Oracle App/target/classes:/Users/lucas/.m2/repository/org/springframework/boot/spring-boot-starter-logging/3.3.4/spring-boot-starter-logging-3.3.4.jar:/Users/lucas/.m2/repository/ch/qos/logback/logback-classic/1.5.8/logback-classic-1.5.8.jar:/Users/lucas/.m2/repository/ch/qos/logback/logback-core/1.5.8/logback-core-1.5.8.jar:/Users/lucas/.m2/repository/org/slf4j/slf4j-api/2.0.16/slf4j-api-2.0.16.jar:/Users/lucas/.m2/repository/org/apache/logging/log4j/log4j-to-slf4j/2.23.1/log4j-to-slf4j-2.23.1.jar:/Users/lucas/.m2/repository/org/apache/logging/log4j/log4j-api/2.23.1/log4j-api-2.23.1.jar:/Users/lucas/.m2/repository/org/slf4j/jul-to-slf4j/2.0.16/jul-to-slf4j-2.0.16.jar:/Users/lucas/.m2/repository/org/springframework/boot/spring-boot-starter-web/3.3.4/spring-boot-starter-web-3.3.4.jar:/Users/lucas/.m2/repository/org/springframework/boot/spring-boot-starter/3.3.4/spring-boot-starter-3.3.4.jar:/Users/lucas/.m2/repository/org/springframework/boot/spring-boot/3.3.4/spring-boot-3.3.4.jar:/Users/lucas/.m2/repository/org/springframework/boot/spring-boot-autoconfigure/3.3.4/spring-boot-autoconfigure-3.3.4.jar:/Users/lucas/.m2/repository/jakarta/annotation/jakarta.annotation-api/2.1.1/jakarta.annotation-api-2.1.1.jar:/Users/lucas/.m2/repository/org/yaml/snakeyaml/2.2/snakeyaml-2.2.jar:/Users/lucas/.m2/repository/org/springframework/boot/spring-boot-starter-json/3.3.4/spring-boot-starter-json-3.3.4.jar:/Users/lucas/.m2/repository/com/fasterxml/jackson/core/jackson-databind/2.17.2/jackson-databind-2.17.2.jar:/Users/lucas/.m2/repository/com/fasterxml/jackson/core/jackson-annotations/2.17.2/jackson-annotations-2.17.2.jar:/Users/lucas/.m2/repository/com/fasterxml/jackson/core/jackson-core/2.17.2/jackson-core-2.17.2.jar:/Users/lucas/.m2/repository/com/fasterxml/jackson/datatype/jackson-datatype-jdk8/2.17.2/jackson-datatype-jdk8-2.17.2.jar:/Users/lucas/.m2/repository/com/fasterxml/jackson/datatype/jackson-datatype-jsr310/2.17.2/jackson-datatype-jsr310-2.17.2.jar:/Users/lucas/.m2/repository/com/fasterxml/jackson/module/jackson-module-parameter-names/2.17.2/jackson-module-parameter-names-2.17.2.jar:/Users/lucas/.m2/repository/org/springframework/boot/spring-boot-starter-tomcat/3.3.4/spring-boot-starter-tomcat-3.3.4.jar:/Users/lucas/.m2/repository/org/apache/tomcat/embed/tomcat-embed-core/10.1.30/tomcat-embed-core-10.1.30.jar:/Users/lucas/.m2/repository/org/apache/tomcat/embed/tomcat-embed-websocket/10.1.30/tomcat-embed-websocket-10.1.30.jar:/Users/lucas/.m2/repository/org/springframework/spring-web/6.1.13/spring-web-6.1.13.jar:/Users/lucas/.m2/repository/org/springframework/spring-beans/6.1.13/spring-beans-6.1.13.jar:/Users/lucas/.m2/repository/io/micrometer/micrometer-observation/1.13.4/micrometer-observation-1.13.4.jar:/Users/lucas/.m2/repository/io/micrometer/micrometer-commons/1.13.4/micrometer-commons-1.13.4.jar:/Users/lucas/.m2/repository/org/springframework/spring-webmvc/6.1.13/spring-webmvc-6.1.13.jar:/Users/lucas/.m2/repository/org/springframework/spring-context/6.1.13/spring-context-6.1.13.jar:/Users/lucas/.m2/repository/org/springframework/spring-expression/6.1.13/spring-expression-6.1.13.jar:/Users/lucas/.m2/repository/org/springframework/boot/spring-boot-starter-validation/3.3.4/spring-boot-starter-validation-3.3.4.jar:/Users/lucas/.m2/repository/org/apache/tomcat/embed/tomcat-embed-el/10.1.30/tomcat-embed-el-10.1.30.jar:/Users/lucas/.m2/repository/org/hibernate/validator/hibernate-validator/8.0.1.Final/hibernate-validator-8.0.1.Final.jar:/Users/lucas/.m2/repository/jakarta/validation/jakarta.validation-api/3.0.2/jakarta.validation-api-3.0.2.jar:/Users/lucas/.m2/repository/org/jboss/logging/jboss-logging/3.5.3.Final/jboss-logging-3.5.3.Final.jar:/Users/lucas/.m2/repository/com/fasterxml/classmate/1.7.0/classmate-1.7.0.jar:/Users/lucas/.m2/repository/org/hibernate/orm/hibernate-core/6.5.3.Final/hibernate-core-6.5.3.Final.jar:/Users/lucas/.m2/repository/jakarta/persistence/jakarta.persistence-api/3.1.0/jakarta.persistence-api-3.1.0.jar:/Users/lucas/.m2/repository/jakarta/transaction/jakarta.transaction-api/2.0.1/jakarta.transaction-api-2.0.1.jar:/Users/lucas/.m2/repository/org/hibernate/common/hibernate-commons-annotations/6.0.6.Final/hibernate-commons-annotations-6.0.6.Final.jar:/Users/lucas/.m2/repository/io/smallrye/jandex/3.1.2/jandex-3.1.2.jar:/Users/lucas/.m2/repository/net/bytebuddy/byte-buddy/1.14.19/byte-buddy-1.14.19.jar:/Users/lucas/.m2/repository/jakarta/xml/bind/jakarta.xml.bind-api/4.0.2/jakarta.xml.bind-api-4.0.2.jar:/Users/lucas/.m2/repository/jakarta/activation/jakarta.activation-api/2.1.3/jakarta.activation-api-2.1.3.jar:/Users/lucas/.m2/repository/org/glassfish/jaxb/jaxb-runtime/4.0.5/jaxb-runtime-4.0.5.jar:/Users/lucas/.m2/repository/org/glassfish/jaxb/jaxb-core/4.0.5/jaxb-core-4.0.5.jar:/Users/lucas/.m2/repository/org/eclipse/angus/angus-activation/2.0.2/angus-activation-2.0.2.jar:/Users/lucas/.m2/repository/org/glassfish/jaxb/txw2/4.0.5/txw2-4.0.5.jar:/Users/lucas/.m2/repository/com/sun/istack/istack-commons-runtime/4.1.2/istack-commons-runtime-4.1.2.jar:/Users/lucas/.m2/repository/jakarta/inject/jakarta.inject-api/2.0.1/jakarta.inject-api-2.0.1.jar:/Users/lucas/.m2/repository/org/antlr/antlr4-runtime/4.13.0/antlr4-runtime-4.13.0.jar:/Users/lucas/.m2/repository/org/springframework/boot/spring-boot-starter-data-jpa/3.3.4/spring-boot-starter-data-jpa-3.3.4.jar:/Users/lucas/.m2/repository/org/springframework/boot/spring-boot-starter-aop/3.3.4/spring-boot-starter-aop-3.3.4.jar:/Users/lucas/.m2/repository/org/aspectj/aspectjweaver/1.9.22.1/aspectjweaver-1.9.22.1.jar:/Users/lucas/.m2/repository/org/springframework/boot/spring-boot-starter-jdbc/3.3.4/spring-boot-starter-jdbc-3.3.4.jar:/Users/lucas/.m2/repository/com/zaxxer/HikariCP/5.1.0/HikariCP-5.1.0.jar:/Users/lucas/.m2/repository/org/springframework/spring-jdbc/6.1.13/spring-jdbc-6.1.13.jar:/Users/lucas/.m2/repository/org/springframework/data/spring-data-jpa/3.3.4/spring-data-jpa-3.3.4.jar:/Users/lucas/.m2/repository/org/springframework/data/spring-data-commons/3.3.4/spring-data-commons-3.3.4.jar:/Users/lucas/.m2/repository/org/springframework/spring-orm/6.1.13/spring-orm-6.1.13.jar:/Users/lucas/.m2/repository/org/springframework/spring-tx/6.1.13/spring-tx-6.1.13.jar:/Users/lucas/.m2/repository/org/springframework/spring-aspects/6.1.13/spring-aspects-6.1.13.jar:/Users/lucas/.m2/repository/com/oracle/database/jdbc/ojdbc11/21.9.0.0/ojdbc11-21.9.0.0.jar:/Users/lucas/.m2/repository/javax/persistence/javax.persistence-api/2.2/javax.persistence-api-2.2.jar:/Users/lucas/.m2/repository/org/springframework/boot/spring-boot-starter-security/3.3.4/spring-boot-starter-security-3.3.4.jar:/Users/lucas/.m2/repository/org/springframework/spring-aop/6.1.13/spring-aop-6.1.13.jar:/Users/lucas/.m2/repository/org/springframework/security/spring-security-config/6.3.3/spring-security-config-6.3.3.jar:/Users/lucas/.m2/repository/org/springframework/security/spring-security-web/6.3.3/spring-security-web-6.3.3.jar:/Users/lucas/.m2/repository/org/springframework/boot/spring-boot-starter-test/3.3.4/spring-boot-starter-test-3.3.4.jar:/Users/lucas/.m2/repository/org/springframework/boot/spring-boot-test/3.3.4/spring-boot-test-3.3.4.jar:/Users/lucas/.m2/repository/org/springframework/boot/spring-boot-test-autoconfigure/3.3.4/spring-boot-test-autoconfigure-3.3.4.jar:/Users/lucas/.m2/repository/com/jayway/jsonpath/json-path/2.9.0/json-path-2.9.0.jar:/Users/lucas/.m2/repository/net/minidev/json-smart/2.5.1/json-smart-2.5.1.jar:/Users/lucas/.m2/repository/net/minidev/accessors-smart/2.5.1/accessors-smart-2.5.1.jar:/Users/lucas/.m2/repository/org/ow2/asm/asm/9.6/asm-9.6.jar:/Users/lucas/.m2/repository/org/assertj/assertj-core/3.25.3/assertj-core-3.25.3.jar:/Users/lucas/.m2/repository/org/awaitility/awaitility/4.2.2/awaitility-4.2.2.jar:/Users/lucas/.m2/repository/org/hamcrest/hamcrest/2.2/hamcrest-2.2.jar:/Users/lucas/.m2/repository/org/junit/jupiter/junit-jupiter/5.10.3/junit-jupiter-5.10.3.jar:/Users/lucas/.m2/repository/org/junit/jupiter/junit-jupiter-api/5.10.3/junit-jupiter-api-5.10.3.jar:/Users/lucas/.m2/repository/org/opentest4j/opentest4j/1.3.0/opentest4j-1.3.0.jar:/Users/lucas/.m2/repository/org/junit/platform/junit-platform-commons/1.10.3/junit-platform-commons-1.10.3.jar:/Users/lucas/.m2/repository/org/apiguardian/apiguardian-api/1.1.2/apiguardian-api-1.1.2.jar:/Users/lucas/.m2/repository/org/junit/jupiter/junit-jupiter-params/5.10.3/junit-jupiter-params-5.10.3.jar:/Users/lucas/.m2/repository/org/junit/jupiter/junit-jupiter-engine/5.10.3/junit-jupiter-engine-5.10.3.jar:/Users/lucas/.m2/repository/org/junit/platform/junit-platform-engine/1.10.3/junit-platform-engine-1.10.3.jar:/Users/lucas/.m2/repository/org/mockito/mockito-core/5.11.0/mockito-core-5.11.0.jar:/Users/lucas/.m2/repository/net/bytebuddy/byte-buddy-agent/1.14.19/byte-buddy-agent-1.14.19.jar:/Users/lucas/.m2/repository/org/objenesis/objenesis/3.3/objenesis-3.3.jar:/Users/lucas/.m2/repository/org/mockito/mockito-junit-jupiter/5.11.0/mockito-junit-jupiter-5.11.0.jar:/Users/lucas/.m2/repository/org/skyscreamer/jsonassert/1.5.3/jsonassert-1.5.3.jar:/Users/lucas/.m2/repository/com/vaadin/external/google/android-json/0.0.20131108.vaadin1/android-json-0.0.20131108.vaadin1.jar:/Users/lucas/.m2/repository/org/springframework/spring-core/6.1.13/spring-core-6.1.13.jar:/Users/lucas/.m2/repository/org/springframework/spring-jcl/6.1.13/spring-jcl-6.1.13.jar:/Users/lucas/.m2/repository/org/springframework/spring-test/6.1.13/spring-test-6.1.13.jar:/Users/lucas/.m2/repository/org/xmlunit/xmlunit-core/2.9.1/xmlunit-core-2.9.1.jar:/Users/lucas/.m2/repository/org/springframework/security/spring-security-test/6.3.3/spring-security-test-6.3.3.jar:/Users/lucas/.m2/repository/org/springframework/security/spring-security-core/6.3.3/spring-security-core-6.3.3.jar:/Users/lucas/.m2/repository/org/springframework/security/spring-security-crypto/6.3.3/spring-security-crypto-6.3.3.jar:, java.vm.vendor=Oracle Corporation, sun.arch.data.model=64, java.vendor.url=https://java.oracle.com/, user.timezone=America/Chicago, jakarta.persistence.sharedCache.mode=UNSPECIFIED, org.jboss.logging.provider=slf4j, java.vm.specification.version=22, os.name=Mac OS X, jakarta.persistence.nonJtaDataSource=HikariDataSource (HikariPool-1), sun.java.launcher=SUN_STANDARD, user.country=US, sun.boot.library.path=/Library/Java/JavaVirtualMachines/jdk-22.jdk/Contents/Home/lib, sun.java.command=/Users/lucas/Downloads/Oracle App/target/surefire/surefirebooter-20241031161103683_3.jar /Users/lucas/Downloads/Oracle App/target/surefire 2024-10-31T16-11-03_596-jvmRun1 surefire-20241031161103683_1tmp surefire_0-20241031161103683_2tmp, javax.persistence.nonJtaDataSource=HikariDataSource (HikariPool-1), hibernate.transaction.jta.platform=org.hibernate.engine.transaction.jta.platform.internal.NoJtaPlatform@17a7d6c8, http.nonProxyHosts=local|*.local|169.254/16|*.169.254/16, jdk.debug=release, surefire.test.class.path=/Users/lucas/Downloads/Oracle App/target/test-classes:/Users/lucas/Downloads/Oracle App/target/classes:/Users/lucas/.m2/repository/org/springframework/boot/spring-boot-starter-logging/3.3.4/spring-boot-starter-logging-3.3.4.jar:/Users/lucas/.m2/repository/ch/qos/logback/logback-classic/1.5.8/logback-classic-1.5.8.jar:/Users/lucas/.m2/repository/ch/qos/logback/logback-core/1.5.8/logback-core-1.5.8.jar:/Users/lucas/.m2/repository/org/slf4j/slf4j-api/2.0.16/slf4j-api-2.0.16.jar:/Users/lucas/.m2/repository/org/apache/logging/log4j/log4j-to-slf4j/2.23.1/log4j-to-slf4j-2.23.1.jar:/Users/lucas/.m2/repository/org/apache/logging/log4j/log4j-api/2.23.1/log4j-api-2.23.1.jar:/Users/lucas/.m2/repository/org/slf4j/jul-to-slf4j/2.0.16/jul-to-slf4j-2.0.16.jar:/Users/lucas/.m2/repository/org/springframework/boot/spring-boot-starter-web/3.3.4/spring-boot-starter-web-3.3.4.jar:/Users/lucas/.m2/repository/org/springframework/boot/spring-boot-starter/3.3.4/spring-boot-starter-3.3.4.jar:/Users/lucas/.m2/repository/org/springframework/boot/spring-boot/3.3.4/spring-boot-3.3.4.jar:/Users/lucas/.m2/repository/org/springframework/boot/spring-boot-autoconfigure/3.3.4/spring-boot-autoconfigure-3.3.4.jar:/Users/lucas/.m2/repository/jakarta/annotation/jakarta.annotation-api/2.1.1/jakarta.annotation-api-2.1.1.jar:/Users/lucas/.m2/repository/org/yaml/snakeyaml/2.2/snakeyaml-2.2.jar:/Users/lucas/.m2/repository/org/springframework/boot/spring-boot-starter-json/3.3.4/spring-boot-starter-json-3.3.4.jar:/Users/lucas/.m2/repository/com/fasterxml/jackson/core/jackson-databind/2.17.2/jackson-databind-2.17.2.jar:/Users/lucas/.m2/repository/com/fasterxml/jackson/core/jackson-annotations/2.17.2/jackson-annotations-2.17.2.jar:/Users/lucas/.m2/repository/com/fasterxml/jackson/core/jackson-core/2.17.2/jackson-core-2.17.2.jar:/Users/lucas/.m2/repository/com/fasterxml/jackson/datatype/jackson-datatype-jdk8/2.17.2/jackson-datatype-jdk8-2.17.2.jar:/Users/lucas/.m2/repository/com/fasterxml/jackson/datatype/jackson-datatype-jsr310/2.17.2/jackson-datatype-jsr310-2.17.2.jar:/Users/lucas/.m2/repository/com/fasterxml/jackson/module/jackson-module-parameter-names/2.17.2/jackson-module-parameter-names-2.17.2.jar:/Users/lucas/.m2/repository/org/springframework/boot/spring-boot-starter-tomcat/3.3.4/spring-boot-starter-tomcat-3.3.4.jar:/Users/lucas/.m2/repository/org/apache/tomcat/embed/tomcat-embed-core/10.1.30/tomcat-embed-core-10.1.30.jar:/Users/lucas/.m2/repository/org/apache/tomcat/embed/tomcat-embed-websocket/10.1.30/tomcat-embed-websocket-10.1.30.jar:/Users/lucas/.m2/repository/org/springframework/spring-web/6.1.13/spring-web-6.1.13.jar:/Users/lucas/.m2/repository/org/springframework/spring-beans/6.1.13/spring-beans-6.1.13.jar:/Users/lucas/.m2/repository/io/micrometer/micrometer-observation/1.13.4/micrometer-observation-1.13.4.jar:/Users/lucas/.m2/repository/io/micrometer/micrometer-commons/1.13.4/micrometer-commons-1.13.4.jar:/Users/lucas/.m2/repository/org/springframework/spring-webmvc/6.1.13/spring-webmvc-6.1.13.jar:/Users/lucas/.m2/repository/org/springframework/spring-context/6.1.13/spring-context-6.1.13.jar:/Users/lucas/.m2/repository/org/springframework/spring-expression/6.1.13/spring-expression-6.1.13.jar:/Users/lucas/.m2/repository/org/springframework/boot/spring-boot-starter-validation/3.3.4/spring-boot-starter-validation-3.3.4.jar:/Users/lucas/.m2/repository/org/apache/tomcat/embed/tomcat-embed-el/10.1.30/tomcat-embed-el-10.1.30.jar:/Users/lucas/.m2/repository/org/hibernate/validator/hibernate-validator/8.0.1.Final/hibernate-validator-8.0.1.Final.jar:/Users/lucas/.m2/repository/jakarta/validation/jakarta.validation-api/3.0.2/jakarta.validation-api-3.0.2.jar:/Users/lucas/.m2/repository/org/jboss/logging/jboss-logging/3.5.3.Final/jboss-logging-3.5.3.Final.jar:/Users/lucas/.m2/repository/com/fasterxml/classmate/1.7.0/classmate-1.7.0.jar:/Users/lucas/.m2/repository/org/hibernate/orm/hibernate-core/6.5.3.Final/hibernate-core-6.5.3.Final.jar:/Users/lucas/.m2/repository/jakarta/persistence/jakarta.persistence-api/3.1.0/jakarta.persistence-api-3.1.0.jar:/Users/lucas/.m2/repository/jakarta/transaction/jakarta.transaction-api/2.0.1/jakarta.transaction-api-2.0.1.jar:/Users/lucas/.m2/repository/org/hibernate/common/hibernate-commons-annotations/6.0.6.Final/hibernate-commons-annotations-6.0.6.Final.jar:/Users/lucas/.m2/repository/io/smallrye/jandex/3.1.2/jandex-3.1.2.jar:/Users/lucas/.m2/repository/net/bytebuddy/byte-buddy/1.14.19/byte-buddy-1.14.19.jar:/Users/lucas/.m2/repository/jakarta/xml/bind/jakarta.xml.bind-api/4.0.2/jakarta.xml.bind-api-4.0.2.jar:/Users/lucas/.m2/repository/jakarta/activation/jakarta.activation-api/2.1.3/jakarta.activation-api-2.1.3.jar:/Users/lucas/.m2/repository/org/glassfish/jaxb/jaxb-runtime/4.0.5/jaxb-runtime-4.0.5.jar:/Users/lucas/.m2/repository/org/glassfish/jaxb/jaxb-core/4.0.5/jaxb-core-4.0.5.jar:/Users/lucas/.m2/repository/org/eclipse/angus/angus-activation/2.0.2/angus-activation-2.0.2.jar:/Users/lucas/.m2/repository/org/glassfish/jaxb/txw2/4.0.5/txw2-4.0.5.jar:/Users/lucas/.m2/repository/com/sun/istack/istack-commons-runtime/4.1.2/istack-commons-runtime-4.1.2.jar:/Users/lucas/.m2/repository/jakarta/inject/jakarta.inject-api/2.0.1/jakarta.inject-api-2.0.1.jar:/Users/lucas/.m2/repository/org/antlr/antlr4-runtime/4.13.0/antlr4-runtime-4.13.0.jar:/Users/lucas/.m2/repository/org/springframework/boot/spring-boot-starter-data-jpa/3.3.4/spring-boot-starter-data-jpa-3.3.4.jar:/Users/lucas/.m2/repository/org/springframework/boot/spring-boot-starter-aop/3.3.4/spring-boot-starter-aop-3.3.4.jar:/Users/lucas/.m2/repository/org/aspectj/aspectjweaver/1.9.22.1/aspectjweaver-1.9.22.1.jar:/Users/lucas/.m2/repository/org/springframework/boot/spring-boot-starter-jdbc/3.3.4/spring-boot-starter-jdbc-3.3.4.jar:/Users/lucas/.m2/repository/com/zaxxer/HikariCP/5.1.0/HikariCP-5.1.0.jar:/Users/lucas/.m2/repository/org/springframework/spring-jdbc/6.1.13/spring-jdbc-6.1.13.jar:/Users/lucas/.m2/repository/org/springframework/data/spring-data-jpa/3.3.4/spring-data-jpa-3.3.4.jar:/Users/lucas/.m2/repository/org/springframework/data/spring-data-commons/3.3.4/spring-data-commons-3.3.4.jar:/Users/lucas/.m2/repository/org/springframework/spring-orm/6.1.13/spring-orm-6.1.13.jar:/Users/lucas/.m2/repository/org/springframework/spring-tx/6.1.13/spring-tx-6.1.13.jar:/Users/lucas/.m2/repository/org/springframework/spring-aspects/6.1.13/spring-aspects-6.1.13.jar:/Users/lucas/.m2/repository/com/oracle/database/jdbc/ojdbc11/21.9.0.0/ojdbc11-21.9.0.0.jar:/Users/lucas/.m2/repository/javax/persistence/javax.persistence-api/2.2/javax.persistence-api-2.2.jar:/Users/lucas/.m2/repository/org/springframework/boot/spring-boot-starter-security/3.3.4/spring-boot-starter-security-3.3.4.jar:/Users/lucas/.m2/repository/org/springframework/spring-aop/6.1.13/spring-aop-6.1.13.jar:/Users/lucas/.m2/repository/org/springframework/security/spring-security-config/6.3.3/spring-security-config-6.3.3.jar:/Users/lucas/.m2/repository/org/springframework/security/spring-security-web/6.3.3/spring-security-web-6.3.3.jar:/Users/lucas/.m2/repository/org/springframework/boot/spring-boot-starter-test/3.3.4/spring-boot-starter-test-3.3.4.jar:/Users/lucas/.m2/repository/org/springframework/boot/spring-boot-test/3.3.4/spring-boot-test-3.3.4.jar:/Users/lucas/.m2/repository/org/springframework/boot/spring-boot-test-autoconfigure/3.3.4/spring-boot-test-autoconfigure-3.3.4.jar:/Users/lucas/.m2/repository/com/jayway/jsonpath/json-path/2.9.0/json-path-2.9.0.jar:/Users/lucas/.m2/repository/net/minidev/json-smart/2.5.1/json-smart-2.5.1.jar:/Users/lucas/.m2/repository/net/minidev/accessors-smart/2.5.1/accessors-smart-2.5.1.jar:/Users/lucas/.m2/repository/org/ow2/asm/asm/9.6/asm-9.6.jar:/Users/lucas/.m2/repository/org/assertj/assertj-core/3.25.3/assertj-core-3.25.3.jar:/Users/lucas/.m2/repository/org/awaitility/awaitility/4.2.2/awaitility-4.2.2.jar:/Users/lucas/.m2/repository/org/hamcrest/hamcrest/2.2/hamcrest-2.2.jar:/Users/lucas/.m2/repository/org/junit/jupiter/junit-jupiter/5.10.3/junit-jupiter-5.10.3.jar:/Users/lucas/.m2/repository/org/junit/jupiter/junit-jupiter-api/5.10.3/junit-jupiter-api-5.10.3.jar:/Users/lucas/.m2/repository/org/opentest4j/opentest4j/1.3.0/opentest4j-1.3.0.jar:/Users/lucas/.m2/repository/org/junit/platform/junit-platform-commons/1.10.3/junit-platform-commons-1.10.3.jar:/Users/lucas/.m2/repository/org/apiguardian/apiguardian-api/1.1.2/apiguardian-api-1.1.2.jar:/Users/lucas/.m2/repository/org/junit/jupiter/junit-jupiter-params/5.10.3/junit-jupiter-params-5.10.3.jar:/Users/lucas/.m2/repository/org/junit/jupiter/junit-jupiter-engine/5.10.3/junit-jupiter-engine-5.10.3.jar:/Users/lucas/.m2/repository/org/junit/platform/junit-platform-engine/1.10.3/junit-platform-engine-1.10.3.jar:/Users/lucas/.m2/repository/org/mockito/mockito-core/5.11.0/mockito-core-5.11.0.jar:/Users/lucas/.m2/repository/net/bytebuddy/byte-buddy-agent/1.14.19/byte-buddy-agent-1.14.19.jar:/Users/lucas/.m2/repository/org/objenesis/objenesis/3.3/objenesis-3.3.jar:/Users/lucas/.m2/repository/org/mockito/mockito-junit-jupiter/5.11.0/mockito-junit-jupiter-5.11.0.jar:/Users/lucas/.m2/repository/org/skyscreamer/jsonassert/1.5.3/jsonassert-1.5.3.jar:/Users/lucas/.m2/repository/com/vaadin/external/google/android-json/0.0.20131108.vaadin1/android-json-0.0.20131108.vaadin1.jar:/Users/lucas/.m2/repository/org/springframework/spring-core/6.1.13/spring-core-6.1.13.jar:/Users/lucas/.m2/repository/org/springframework/spring-jcl/6.1.13/spring-jcl-6.1.13.jar:/Users/lucas/.m2/repository/org/springframework/spring-test/6.1.13/spring-test-6.1.13.jar:/Users/lucas/.m2/repository/org/xmlunit/xmlunit-core/2.9.1/xmlunit-core-2.9.1.jar:/Users/lucas/.m2/repository/org/springframework/security/spring-security-test/6.3.3/spring-security-test-6.3.3.jar:/Users/lucas/.m2/repository/org/springframework/security/spring-security-core/6.3.3/spring-security-core-6.3.3.jar:/Users/lucas/.m2/repository/org/springframework/security/spring-security-crypto/6.3.3/spring-security-crypto-6.3.3.jar:, sun.cpu.endian=little, hibernate.cdi.extensions=true, user.home=/Users/lucas, user.language=en, java.specification.vendor=Oracle Corporation, java.version.date=2024-07-16, java.home=/Library/Java/JavaVirtualMachines/jdk-22.jdk/Contents/Home, file.separator=/, basedir=/Users/lucas/Downloads/Oracle App, java.vm.compressedOopsMode=Zero based, line.separator=
, hibernate.persistenceUnitName=default, java.vm.specification.vendor=Oracle Corporation, java.specification.name=Java Platform API Specification, FILE_LOG_CHARSET=UTF-8, hibernate.transaction.coordinator_class=class org.hibernate.resource.transaction.backend.jdbc.internal.JdbcResourceLocalTransactionCoordinatorBuilderImpl, java.awt.headless=true, apple.awt.application.name=ForkedBooter, surefire.real.class.path=/Users/lucas/Downloads/Oracle App/target/surefire/surefirebooter-20241031161103683_3.jar, jakarta.persistence.validation.mode=AUTO, hibernate.hbm2ddl.auto=update, sun.management.compiler=HotSpot 64-Bit Tiered Compilers, ftp.nonProxyHosts=local|*.local|169.254/16|*.169.254/16, java.runtime.version=22.0.2+9-70, user.name=lucas, stdout.encoding=UTF-8, path.separator=:, os.version=12.7.5, java.runtime.name=Java(TM) SE Runtime Environment, file.encoding=UTF-8, java.vm.name=Java HotSpot(TM) 64-Bit Server VM, hibernate.show_sql=true, localRepository=/Users/lucas/.m2/repository, java.vendor.url.bug=https://bugreport.java.com/bugreport/, java.io.tmpdir=/var/folders/d1/bxh43jqs5zggnh7788ddxd340000gp/T/, java.version=22.0.2, hibernate.physical_naming_strategy=org.hibernate.boot.model.naming.CamelCaseToUnderscoresNamingStrategy, user.dir=/Users/lucas/Downloads/Oracle App, os.arch=x86_64, java.vm.specification.name=Java Virtual Machine Specification, PID=15192, CONSOLE_LOG_CHARSET=UTF-8, hibernate.boot.CfgXmlAccessService.key=org.hibernate.boot.registry.StandardServiceRegistryBuilder$1@4f2b1e9f, native.encoding=UTF-8, java.library.path=/Users/lucas/Library/Java/Extensions:/Library/Java/Extensions:/Network/Library/Java/Extensions:/System/Library/Java/Extensions:/usr/lib/java:., stderr.encoding=UTF-8, java.vendor=Oracle Corporation, java.vm.info=mixed mode, sharing, java.vm.version=22.0.2+9-70, sun.io.unicode.encoding=UnicodeBig, hibernate.archive.scanner=org.hibernate.boot.archive.scan.internal.DisabledScanner, hibernate.connection.datasource=HikariDataSource (HikariPool-1), socksNonProxyHosts=local|*.local|169.254/16|*.169.254/16, java.class.version=66.0, LOGGED_APPLICATION_NAME=[demo] }
2024-10-31T16:11:07.808-05:00 DEBUG 15192 --- [demo] [           main] o.hibernate.internal.SessionFactoryImpl  : Session factory constructed with filter configurations : {}
2024-10-31T16:11:07.811-05:00 DEBUG 15192 --- [demo] [           main] o.h.v.i.xml.config.ValidationXmlParser   : Trying to load META-INF/validation.xml for XML based Validator configuration.
2024-10-31T16:11:07.812-05:00 DEBUG 15192 --- [demo] [           main] o.h.v.i.xml.config.ResourceLoaderHelper  : Trying to load META-INF/validation.xml via TCCL
2024-10-31T16:11:07.812-05:00 DEBUG 15192 --- [demo] [           main] o.h.v.i.xml.config.ResourceLoaderHelper  : Trying to load META-INF/validation.xml via Hibernate Validator's class loader
2024-10-31T16:11:07.812-05:00 DEBUG 15192 --- [demo] [           main] o.h.v.i.xml.config.ValidationXmlParser   : No META-INF/validation.xml found. Using annotation based configuration only.
2024-10-31T16:11:07.812-05:00 DEBUG 15192 --- [demo] [           main] o.h.v.i.e.resolver.TraversableResolvers  : Found jakarta.persistence.Persistence on classpath containing 'getPersistenceUtil'. Assuming JPA 2 environment. Trying to instantiate JPA aware TraversableResolver
2024-10-31T16:11:07.812-05:00 DEBUG 15192 --- [demo] [           main] o.h.v.i.e.resolver.TraversableResolvers  : Instantiated JPA aware TraversableResolver of type org.hibernate.validator.internal.engine.resolver.JPATraversableResolver.
2024-10-31T16:11:07.812-05:00 DEBUG 15192 --- [demo] [           main] .h.v.m.ResourceBundleMessageInterpolator : Loaded expression factory via original TCCL
2024-10-31T16:11:07.813-05:00 DEBUG 15192 --- [demo] [           main] .i.e.ValidatorFactoryConfigurationHelper : HV000252: Using org.hibernate.validator.internal.engine.DefaultPropertyNodeNameProvider as property node name provider.
2024-10-31T16:11:07.814-05:00 DEBUG 15192 --- [demo] [           main] .i.e.ValidatorFactoryConfigurationHelper : HV000234: Using org.hibernate.validator.messageinterpolation.ResourceBundleMessageInterpolator as ValidatorFactory-scoped message interpolator.
2024-10-31T16:11:07.814-05:00 DEBUG 15192 --- [demo] [           main] .i.e.ValidatorFactoryConfigurationHelper : HV000234: Using org.hibernate.validator.internal.engine.resolver.JPATraversableResolver as ValidatorFactory-scoped traversable resolver.
2024-10-31T16:11:07.814-05:00 DEBUG 15192 --- [demo] [           main] .i.e.ValidatorFactoryConfigurationHelper : HV000234: Using org.hibernate.validator.internal.util.ExecutableParameterNameProvider as ValidatorFactory-scoped parameter name provider.
2024-10-31T16:11:07.814-05:00 DEBUG 15192 --- [demo] [           main] .i.e.ValidatorFactoryConfigurationHelper : HV000234: Using org.hibernate.validator.internal.engine.DefaultClockProvider as ValidatorFactory-scoped clock provider.
2024-10-31T16:11:07.814-05:00 DEBUG 15192 --- [demo] [           main] .i.e.ValidatorFactoryConfigurationHelper : HV000234: Using org.hibernate.validator.internal.engine.scripting.DefaultScriptEvaluatorFactory as ValidatorFactory-scoped script evaluator factory.
2024-10-31T16:11:07.815-05:00 DEBUG 15192 --- [demo] [           main] o.h.boot.internal.ClassLoaderAccessImpl  : Not known whether passed class name [com.example.demo.DepartmentDTO] is safe
2024-10-31T16:11:07.815-05:00 DEBUG 15192 --- [demo] [           main] o.h.boot.internal.ClassLoaderAccessImpl  : No temp ClassLoader provided; using live ClassLoader for loading potentially unsafe class : com.example.demo.DepartmentDTO
2024-10-31T16:11:07.839-05:00 DEBUG 15192 --- [demo] [           main] o.h.boot.internal.ClassLoaderAccessImpl  : Not known whether passed class name [com.example.demo.EmployeeDTO] is safe
2024-10-31T16:11:07.839-05:00 DEBUG 15192 --- [demo] [           main] o.h.boot.internal.ClassLoaderAccessImpl  : No temp ClassLoader provided; using live ClassLoader for loading potentially unsafe class : com.example.demo.EmployeeDTO
2024-10-31T16:11:07.859-05:00 DEBUG 15192 --- [demo] [           main] o.h.boot.internal.ClassLoaderAccessImpl  : Not known whether passed class name [com.example.demo.PerformanceReviewDTO] is safe
2024-10-31T16:11:07.859-05:00 DEBUG 15192 --- [demo] [           main] o.h.boot.internal.ClassLoaderAccessImpl  : No temp ClassLoader provided; using live ClassLoader for loading potentially unsafe class : com.example.demo.PerformanceReviewDTO
2024-10-31T16:11:07.863-05:00 DEBUG 15192 --- [demo] [           main] .h.s.i.SessionFactoryServiceRegistryImpl : EventListenerRegistry access via ServiceRegistry is deprecated.  Use `sessionFactory.getEventEngine().getListenerRegistry()` instead
2024-10-31T16:11:07.913-05:00 DEBUG 15192 --- [demo] [           main] o.h.q.sqm.function.SqmFunctionRegistry   : Registered SqmFunctionTemplate [NamedSqmFunctionTemplate(max)] under max; prior registration was null
2024-10-31T16:11:07.914-05:00 DEBUG 15192 --- [demo] [           main] o.h.q.sqm.function.SqmFunctionRegistry   : Registered SqmFunctionTemplate [NamedSqmFunctionTemplate(min)] under min; prior registration was null
2024-10-31T16:11:07.914-05:00 DEBUG 15192 --- [demo] [           main] o.h.q.sqm.function.SqmFunctionRegistry   : Registered SqmFunctionTemplate [NamedSqmFunctionTemplate(sum)] under sum; prior registration was null
2024-10-31T16:11:07.916-05:00 DEBUG 15192 --- [demo] [           main] o.h.q.sqm.function.SqmFunctionRegistry   : Registered SqmFunctionTemplate [NamedSqmFunctionTemplate(avg)] under avg; prior registration was null
2024-10-31T16:11:07.917-05:00 DEBUG 15192 --- [demo] [           main] o.h.q.sqm.function.SqmFunctionRegistry   : Registered SqmFunctionTemplate [org.hibernate.dialect.function.CountFunction@37dec463] under count; prior registration was null
2024-10-31T16:11:07.918-05:00 DEBUG 15192 --- [demo] [           main] o.h.q.sqm.function.SqmFunctionRegistry   : Registered SqmFunctionTemplate [org.hibernate.dialect.function.EveryAnyEmulation@6942ee48] under every; prior registration was null
2024-10-31T16:11:07.918-05:00 DEBUG 15192 --- [demo] [           main] o.h.q.sqm.function.SqmFunctionRegistry   : Registered SqmFunctionTemplate [org.hibernate.dialect.function.EveryAnyEmulation@3f033664] under any; prior registration was null
2024-10-31T16:11:07.918-05:00 DEBUG 15192 --- [demo] [           main] o.h.q.sqm.function.SqmFunctionRegistry   : Registered SqmFunctionTemplate [NamedSqmFunctionTemplate(floor)] under floor; prior registration was null
2024-10-31T16:11:07.918-05:00 DEBUG 15192 --- [demo] [           main] o.h.q.sqm.function.SqmFunctionRegistry   : Registered SqmFunctionTemplate [NamedSqmFunctionTemplate(ceiling)] under ceiling; prior registration was null
2024-10-31T16:11:07.918-05:00 DEBUG 15192 --- [demo] [           main] o.h.q.sqm.function.SqmFunctionRegistry   : Registered SqmFunctionTemplate [NamedSqmFunctionTemplate(mod)] under mod; prior registration was null
2024-10-31T16:11:07.918-05:00 DEBUG 15192 --- [demo] [           main] o.h.q.sqm.function.SqmFunctionRegistry   : Registered SqmFunctionTemplate [NamedSqmFunctionTemplate(abs)] under abs; prior registration was null
2024-10-31T16:11:07.918-05:00 DEBUG 15192 --- [demo] [           main] o.h.q.sqm.function.SqmFunctionRegistry   : Registered SqmFunctionTemplate [NamedSqmFunctionTemplate(sign)] under sign; prior registration was null
2024-10-31T16:11:07.918-05:00 DEBUG 15192 --- [demo] [           main] o.h.q.sqm.function.SqmFunctionRegistry   : Registered SqmFunctionTemplate [NamedSqmFunctionTemplate(sqrt)] under sqrt; prior registration was null
2024-10-31T16:11:07.918-05:00 DEBUG 15192 --- [demo] [           main] o.h.q.sqm.function.SqmFunctionRegistry   : Registered SqmFunctionTemplate [NamedSqmFunctionTemplate(ln)] under ln; prior registration was null
2024-10-31T16:11:07.919-05:00 DEBUG 15192 --- [demo] [           main] o.h.q.sqm.function.SqmFunctionRegistry   : Registered SqmFunctionTemplate [NamedSqmFunctionTemplate(exp)] under exp; prior registration was null
2024-10-31T16:11:07.919-05:00 DEBUG 15192 --- [demo] [           main] o.h.q.sqm.function.SqmFunctionRegistry   : Registered SqmFunctionTemplate [NamedSqmFunctionTemplate(power)] under power; prior registration was null
2024-10-31T16:11:07.919-05:00 DEBUG 15192 --- [demo] [           main] o.h.q.sqm.function.SqmFunctionRegistry   : Registered SqmFunctionTemplate [NamedSqmFunctionTemplate(round)] under round; prior registration was null
2024-10-31T16:11:07.919-05:00 DEBUG 15192 --- [demo] [           main] o.h.q.sqm.function.SqmFunctionRegistry   : Registered SqmFunctionTemplate [NamedSqmFunctionTemplate(sin)] under sin; prior registration was null
2024-10-31T16:11:07.919-05:00 DEBUG 15192 --- [demo] [           main] o.h.q.sqm.function.SqmFunctionRegistry   : Registered SqmFunctionTemplate [NamedSqmFunctionTemplate(cos)] under cos; prior registration was null
2024-10-31T16:11:07.919-05:00 DEBUG 15192 --- [demo] [           main] o.h.q.sqm.function.SqmFunctionRegistry   : Registered SqmFunctionTemplate [NamedSqmFunctionTemplate(tan)] under tan; prior registration was null
2024-10-31T16:11:07.919-05:00 DEBUG 15192 --- [demo] [           main] o.h.q.sqm.function.SqmFunctionRegistry   : Registered SqmFunctionTemplate [NamedSqmFunctionTemplate(asin)] under asin; prior registration was null
2024-10-31T16:11:07.919-05:00 DEBUG 15192 --- [demo] [           main] o.h.q.sqm.function.SqmFunctionRegistry   : Registered SqmFunctionTemplate [NamedSqmFunctionTemplate(acos)] under acos; prior registration was null
2024-10-31T16:11:07.919-05:00 DEBUG 15192 --- [demo] [           main] o.h.q.sqm.function.SqmFunctionRegistry   : Registered SqmFunctionTemplate [NamedSqmFunctionTemplate(atan)] under atan; prior registration was null
2024-10-31T16:11:07.919-05:00 DEBUG 15192 --- [demo] [           main] o.h.q.sqm.function.SqmFunctionRegistry   : Registered SqmFunctionTemplate [NamedSqmFunctionTemplate(atan2)] under atan2; prior registration was null
2024-10-31T16:11:07.921-05:00 DEBUG 15192 --- [demo] [           main] o.h.q.sqm.function.SqmFunctionRegistry   : Registered SqmFunctionTemplate [org.hibernate.query.sqm.function.PatternBasedSqmFunctionDescriptor@1ed52f44] under sinh; prior registration was null
2024-10-31T16:11:07.921-05:00 DEBUG 15192 --- [demo] [           main] o.h.q.sqm.function.SqmFunctionRegistry   : Registered SqmFunctionTemplate [org.hibernate.query.sqm.function.PatternBasedSqmFunctionDescriptor@771afdd5] under cosh; prior registration was null
2024-10-31T16:11:07.921-05:00 DEBUG 15192 --- [demo] [           main] o.h.q.sqm.function.SqmFunctionRegistry   : Registered SqmFunctionTemplate [org.hibernate.query.sqm.function.PatternBasedSqmFunctionDescriptor@3abadb65] under tanh; prior registration was null
2024-10-31T16:11:07.921-05:00 DEBUG 15192 --- [demo] [           main] o.h.q.sqm.function.SqmFunctionRegistry   : Registered SqmFunctionTemplate [org.hibernate.query.sqm.function.PatternBasedSqmFunctionDescriptor@7131d668] under pi; prior registration was null
2024-10-31T16:11:07.922-05:00 DEBUG 15192 --- [demo] [           main] o.h.q.sqm.function.SqmFunctionRegistry   : Registered SqmFunctionTemplate [org.hibernate.query.sqm.function.PatternBasedSqmFunctionDescriptor@46a97805] under log; prior registration was null
2024-10-31T16:11:07.922-05:00 DEBUG 15192 --- [demo] [           main] o.h.q.sqm.function.SqmFunctionRegistry   : Registered SqmFunctionTemplate [NamedSqmFunctionTemplate(coalesce)] under coalesce; prior registration was null
2024-10-31T16:11:07.922-05:00 DEBUG 15192 --- [demo] [           main] o.h.q.sqm.function.SqmFunctionRegistry   : Registered SqmFunctionTemplate [NamedSqmFunctionTemplate(nullif)] under nullif; prior registration was null
2024-10-31T16:11:07.922-05:00 DEBUG 15192 --- [demo] [           main] o.h.q.sqm.function.SqmFunctionRegistry   : Registered SqmFunctionTemplate [NamedSqmFunctionTemplate(left)] under left; prior registration was null
2024-10-31T16:11:07.922-05:00 DEBUG 15192 --- [demo] [           main] o.h.q.sqm.function.SqmFunctionRegistry   : Registered SqmFunctionTemplate [NamedSqmFunctionTemplate(right)] under right; prior registration was null
2024-10-31T16:11:07.922-05:00 DEBUG 15192 --- [demo] [           main] o.h.q.sqm.function.SqmFunctionRegistry   : Registered SqmFunctionTemplate [NamedSqmFunctionTemplate(replace)] under replace; prior registration was null
2024-10-31T16:11:07.923-05:00 DEBUG 15192 --- [demo] [           main] o.h.q.sqm.function.SqmFunctionRegistry   : Registered SqmFunctionTemplate [NamedSqmFunctionTemplate(concat)] under concat; prior registration was null
2024-10-31T16:11:07.923-05:00 DEBUG 15192 --- [demo] [           main] o.h.q.sqm.function.SqmFunctionRegistry   : Registered SqmFunctionTemplate [NamedSqmFunctionTemplate(lower)] under lower; prior registration was null
2024-10-31T16:11:07.923-05:00 DEBUG 15192 --- [demo] [           main] o.h.q.sqm.function.SqmFunctionRegistry   : Registered SqmFunctionTemplate [NamedSqmFunctionTemplate(upper)] under upper; prior registration was null
2024-10-31T16:11:07.923-05:00 DEBUG 15192 --- [demo] [           main] o.h.q.sqm.function.SqmFunctionRegistry   : Registered SqmFunctionTemplate [NamedSqmFunctionTemplate(substring)] under substring; prior registration was null
2024-10-31T16:11:07.923-05:00 DEBUG 15192 --- [demo] [           main] o.h.q.sqm.function.SqmFunctionRegistry   : Registered SqmFunctionTemplate [NamedSqmFunctionTemplate(locate)] under locate; prior registration was null
2024-10-31T16:11:07.923-05:00 DEBUG 15192 --- [demo] [           main] o.h.q.sqm.function.SqmFunctionRegistry   : Registered SqmFunctionTemplate [NamedSqmFunctionTemplate(character_length)] under character_length; prior registration was null
2024-10-31T16:11:07.923-05:00 DEBUG 15192 --- [demo] [           main] o.h.q.sqm.function.SqmFunctionRegistry   : Registering alternate key : length -> character_length
2024-10-31T16:11:07.924-05:00 DEBUG 15192 --- [demo] [           main] o.h.q.sqm.function.SqmFunctionRegistry   : Registered SqmFunctionTemplate [org.hibernate.dialect.function.LocatePositionEmulation@58e5fbe5] under position; prior registration was null
2024-10-31T16:11:07.926-05:00 DEBUG 15192 --- [demo] [           main] o.h.q.sqm.function.SqmFunctionRegistry   : Registered SqmFunctionTemplate [org.hibernate.dialect.function.InsertSubstringOverlayEmulation@1325f967] under overlay; prior registration was null
2024-10-31T16:11:07.927-05:00 DEBUG 15192 --- [demo] [           main] o.h.q.sqm.function.SqmFunctionRegistry   : Registered SqmFunctionTemplate [org.hibernate.dialect.function.TrimFunction@6c9e74f3] under trim; prior registration was null
2024-10-31T16:11:07.928-05:00 DEBUG 15192 --- [demo] [           main] o.h.q.sqm.function.SqmFunctionRegistry   : Registered SqmFunctionTemplate [org.hibernate.dialect.function.CastFunction@7db06c50] under cast; prior registration was null
2024-10-31T16:11:07.928-05:00 DEBUG 15192 --- [demo] [           main] o.h.q.sqm.function.SqmFunctionRegistry   : Registered SqmFunctionTemplate [org.hibernate.query.sqm.function.PatternBasedSqmFunctionDescriptor@1554eaa4] under collate; prior registration was null
2024-10-31T16:11:07.929-05:00 DEBUG 15192 --- [demo] [           main] o.h.q.sqm.function.SqmFunctionRegistry   : Registered SqmFunctionTemplate [org.hibernate.dialect.function.ExtractFunction@7074da1d] under extract; prior registration was null
2024-10-31T16:11:07.929-05:00 DEBUG 15192 --- [demo] [           main] o.h.q.sqm.function.SqmFunctionRegistry   : Registered SqmFunctionTemplate [NamedSqmFunctionTemplate(least)] under least; prior registration was null
2024-10-31T16:11:07.929-05:00 DEBUG 15192 --- [demo] [           main] o.h.q.sqm.function.SqmFunctionRegistry   : Registered SqmFunctionTemplate [NamedSqmFunctionTemplate(greatest)] under greatest; prior registration was null
2024-10-31T16:11:07.929-05:00 DEBUG 15192 --- [demo] [           main] o.h.q.sqm.function.SqmFunctionRegistry   : Registered SqmFunctionTemplate [org.hibernate.dialect.function.CoalesceIfnullEmulation@1253b822] under ifnull; prior registration was null
2024-10-31T16:11:07.929-05:00 DEBUG 15192 --- [demo] [           main] o.h.q.sqm.function.SqmFunctionRegistry   : Registered SqmFunctionTemplate [NamedSqmFunctionTemplate(lpad)] under lpad; prior registration was null
2024-10-31T16:11:07.929-05:00 DEBUG 15192 --- [demo] [           main] o.h.q.sqm.function.SqmFunctionRegistry   : Registered SqmFunctionTemplate [NamedSqmFunctionTemplate(rpad)] under rpad; prior registration was null
2024-10-31T16:11:07.930-05:00 DEBUG 15192 --- [demo] [           main] o.h.q.sqm.function.SqmFunctionRegistry   : Registered SqmFunctionTemplate [org.hibernate.dialect.function.LpadRpadPadEmulation@4189e668] under pad; prior registration was null
2024-10-31T16:11:07.931-05:00 DEBUG 15192 --- [demo] [           main] o.h.q.sqm.function.SqmFunctionRegistry   : Registered SqmFunctionTemplate [org.hibernate.dialect.function.CastStrEmulation@3ee68377] under str; prior registration was null
2024-10-31T16:11:07.934-05:00 DEBUG 15192 --- [demo] [           main] o.h.q.sqm.function.SqmFunctionRegistry   : Registered SqmFunctionTemplate [org.hibernate.dialect.function.FormatFunction@12d35bc9] under format; prior registration was null
2024-10-31T16:11:07.934-05:00 DEBUG 15192 --- [demo] [           main] o.h.q.sqm.function.SqmFunctionRegistry   : Registered SqmFunctionTemplate [org.hibernate.dialect.function.TimestampaddFunction@52035328] under timestampadd; prior registration was null
2024-10-31T16:11:07.935-05:00 DEBUG 15192 --- [demo] [           main] o.h.q.sqm.function.SqmFunctionRegistry   : Registered SqmFunctionTemplate [org.hibernate.dialect.function.TimestampdiffFunction@349aeec4] under timestampdiff; prior registration was null
2024-10-31T16:11:07.935-05:00 DEBUG 15192 --- [demo] [           main] o.h.q.sqm.function.SqmFunctionRegistry   : Registering alternate key : dateadd -> timestampadd
2024-10-31T16:11:07.935-05:00 DEBUG 15192 --- [demo] [           main] o.h.q.sqm.function.SqmFunctionRegistry   : Registering alternate key : datediff -> timestampdiff
2024-10-31T16:11:07.936-05:00 DEBUG 15192 --- [demo] [           main] o.h.q.sqm.function.SqmFunctionRegistry   : Registered SqmFunctionTemplate [org.hibernate.dialect.function.CurrentFunction@2d3bb944] under current_date; prior registration was null
2024-10-31T16:11:07.936-05:00 DEBUG 15192 --- [demo] [           main] o.h.q.sqm.function.SqmFunctionRegistry   : Registered SqmFunctionTemplate [org.hibernate.dialect.function.CurrentFunction@1e429f56] under current_time; prior registration was null
2024-10-31T16:11:07.936-05:00 DEBUG 15192 --- [demo] [           main] o.h.q.sqm.function.SqmFunctionRegistry   : Registered SqmFunctionTemplate [org.hibernate.dialect.function.CurrentFunction@6dbeaef8] under current_timestamp; prior registration was null
2024-10-31T16:11:07.936-05:00 DEBUG 15192 --- [demo] [           main] o.h.q.sqm.function.SqmFunctionRegistry   : Registering alternate key : current date -> current_date
2024-10-31T16:11:07.936-05:00 DEBUG 15192 --- [demo] [           main] o.h.q.sqm.function.SqmFunctionRegistry   : Registering alternate key : current time -> current_time
2024-10-31T16:11:07.936-05:00 DEBUG 15192 --- [demo] [           main] o.h.q.sqm.function.SqmFunctionRegistry   : Registering alternate key : current timestamp -> current_timestamp
2024-10-31T16:11:07.936-05:00 DEBUG 15192 --- [demo] [           main] o.h.q.sqm.function.SqmFunctionRegistry   : Registered SqmFunctionTemplate [org.hibernate.dialect.function.CurrentFunction@7744195] under local_date; prior registration was null
2024-10-31T16:11:07.936-05:00 DEBUG 15192 --- [demo] [           main] o.h.q.sqm.function.SqmFunctionRegistry   : Registered SqmFunctionTemplate [org.hibernate.dialect.function.CurrentFunction@77f529a6] under local_time; prior registration was null
2024-10-31T16:11:07.936-05:00 DEBUG 15192 --- [demo] [           main] o.h.q.sqm.function.SqmFunctionRegistry   : Registered SqmFunctionTemplate [org.hibernate.dialect.function.CurrentFunction@7d47b021] under local_datetime; prior registration was null
2024-10-31T16:11:07.936-05:00 DEBUG 15192 --- [demo] [           main] o.h.q.sqm.function.SqmFunctionRegistry   : Registered SqmFunctionTemplate [org.hibernate.dialect.function.CurrentFunction@6516181f] under offset_datetime; prior registration was null
2024-10-31T16:11:07.936-05:00 DEBUG 15192 --- [demo] [           main] o.h.q.sqm.function.SqmFunctionRegistry   : Registering alternate key : local date -> local_date
2024-10-31T16:11:07.936-05:00 DEBUG 15192 --- [demo] [           main] o.h.q.sqm.function.SqmFunctionRegistry   : Registering alternate key : local time -> local_time
2024-10-31T16:11:07.936-05:00 DEBUG 15192 --- [demo] [           main] o.h.q.sqm.function.SqmFunctionRegistry   : Registering alternate key : local datetime -> local_datetime
2024-10-31T16:11:07.936-05:00 DEBUG 15192 --- [demo] [           main] o.h.q.sqm.function.SqmFunctionRegistry   : Registering alternate key : offset datetime -> offset_datetime
2024-10-31T16:11:07.936-05:00 DEBUG 15192 --- [demo] [           main] o.h.q.sqm.function.SqmFunctionRegistry   : Registered SqmFunctionTemplate [org.hibernate.dialect.function.CurrentFunction@40cb95c1] under instant; prior registration was null
2024-10-31T16:11:07.936-05:00 DEBUG 15192 --- [demo] [           main] o.h.q.sqm.function.SqmFunctionRegistry   : Registering alternate key : current_instant -> instant
2024-10-31T16:11:07.937-05:00 DEBUG 15192 --- [demo] [           main] o.h.q.sqm.function.SqmFunctionRegistry   : Registered SqmFunctionTemplate [org.hibernate.dialect.function.SqlFunction@17d19538] under sql; prior registration was null
2024-10-31T16:11:07.937-05:00 DEBUG 15192 --- [demo] [           main] o.h.q.sqm.function.SqmFunctionRegistry   : Registered SqmFunctionTemplate [NamedSqmFunctionTemplate(ascii)] under ascii; prior registration was null
2024-10-31T16:11:07.937-05:00 DEBUG 15192 --- [demo] [           main] o.h.q.sqm.function.SqmFunctionRegistry   : Registered SqmFunctionTemplate [NamedSqmFunctionTemplate(chr)] under chr; prior registration was null
2024-10-31T16:11:07.937-05:00 DEBUG 15192 --- [demo] [           main] o.h.q.sqm.function.SqmFunctionRegistry   : Registering alternate key : char -> chr
2024-10-31T16:11:07.937-05:00 DEBUG 15192 --- [demo] [           main] o.h.q.sqm.function.SqmFunctionRegistry   : Registered SqmFunctionTemplate [NamedSqmFunctionTemplate(cosh)] under cosh; prior registration was org.hibernate.query.sqm.function.PatternBasedSqmFunctionDescriptor@771afdd5
2024-10-31T16:11:07.937-05:00 DEBUG 15192 --- [demo] [           main] o.h.q.sqm.function.SqmFunctionRegistry   : Registered SqmFunctionTemplate [NamedSqmFunctionTemplate(sinh)] under sinh; prior registration was org.hibernate.query.sqm.function.PatternBasedSqmFunctionDescriptor@1ed52f44
2024-10-31T16:11:07.937-05:00 DEBUG 15192 --- [demo] [           main] o.h.q.sqm.function.SqmFunctionRegistry   : Registered SqmFunctionTemplate [NamedSqmFunctionTemplate(tanh)] under tanh; prior registration was org.hibernate.query.sqm.function.PatternBasedSqmFunctionDescriptor@3abadb65
2024-10-31T16:11:07.937-05:00 DEBUG 15192 --- [demo] [           main] o.h.q.sqm.function.SqmFunctionRegistry   : Registered SqmFunctionTemplate [NamedSqmFunctionTemplate(log)] under log; prior registration was org.hibernate.query.sqm.function.PatternBasedSqmFunctionDescriptor@46a97805
2024-10-31T16:11:07.937-05:00 DEBUG 15192 --- [demo] [           main] o.h.q.sqm.function.SqmFunctionRegistry   : Registered SqmFunctionTemplate [org.hibernate.query.sqm.function.PatternBasedSqmFunctionDescriptor@6068cda1] under log10; prior registration was null
2024-10-31T16:11:07.937-05:00 DEBUG 15192 --- [demo] [           main] o.h.q.sqm.function.SqmFunctionRegistry   : Registered SqmFunctionTemplate [NamedSqmFunctionTemplate(soundex)] under soundex; prior registration was null
2024-10-31T16:11:07.938-05:00 DEBUG 15192 --- [demo] [           main] o.h.q.sqm.function.SqmFunctionRegistry   : Registered SqmFunctionTemplate [NamedSqmFunctionTemplate(ltrim)] under ltrim; prior registration was null
2024-10-31T16:11:07.938-05:00 DEBUG 15192 --- [demo] [           main] o.h.q.sqm.function.SqmFunctionRegistry   : Registered SqmFunctionTemplate [NamedSqmFunctionTemplate(rtrim)] under rtrim; prior registration was null
2024-10-31T16:11:07.938-05:00 DEBUG 15192 --- [demo] [           main] o.h.q.sqm.function.SqmFunctionRegistry   : Registered SqmFunctionTemplate [NamedSqmFunctionTemplate(initcap)] under initcap; prior registration was null
2024-10-31T16:11:07.938-05:00 DEBUG 15192 --- [demo] [           main] o.h.q.sqm.function.SqmFunctionRegistry   : Registered SqmFunctionTemplate [NamedSqmFunctionTemplate(instr)] under instr; prior registration was null
2024-10-31T16:11:07.938-05:00 DEBUG 15192 --- [demo] [           main] o.h.q.sqm.function.SqmFunctionRegistry   : Registered SqmFunctionTemplate [NamedSqmFunctionTemplate(substr)] under substr; prior registration was null
2024-10-31T16:11:07.938-05:00 DEBUG 15192 --- [demo] [           main] o.h.q.sqm.function.SqmFunctionRegistry   : Registered SqmFunctionTemplate [NamedSqmFunctionTemplate(substr)] under substring; prior registration was NamedSqmFunctionTemplate(substring)
2024-10-31T16:11:07.938-05:00 DEBUG 15192 --- [demo] [           main] o.h.q.sqm.function.SqmFunctionRegistry   : Registered SqmFunctionTemplate [org.hibernate.query.sqm.function.PatternBasedSqmFunctionDescriptor@644e6a8e] under left; prior registration was NamedSqmFunctionTemplate(left)
2024-10-31T16:11:07.938-05:00 DEBUG 15192 --- [demo] [           main] o.h.q.sqm.function.SqmFunctionRegistry   : Registered SqmFunctionTemplate [org.hibernate.query.sqm.function.PatternBasedSqmFunctionDescriptor@2ccecae2] under right; prior registration was NamedSqmFunctionTemplate(right)
2024-10-31T16:11:07.938-05:00 DEBUG 15192 --- [demo] [           main] o.h.q.sqm.function.SqmFunctionRegistry   : Registered SqmFunctionTemplate [NamedSqmFunctionTemplate(translate)] under translate; prior registration was null
2024-10-31T16:11:07.938-05:00 DEBUG 15192 --- [demo] [           main] o.h.q.sqm.function.SqmFunctionRegistry   : Registered SqmFunctionTemplate [NamedSqmFunctionTemplate(bitand)] under bitand; prior registration was null
2024-10-31T16:11:07.938-05:00 DEBUG 15192 --- [demo] [           main] o.h.q.sqm.function.SqmFunctionRegistry   : Registered SqmFunctionTemplate [NamedSqmFunctionTemplate(last_day)] under last_day; prior registration was null
2024-10-31T16:11:07.938-05:00 DEBUG 15192 --- [demo] [           main] o.h.q.sqm.function.SqmFunctionRegistry   : Registered SqmFunctionTemplate [NamedSqmFunctionTemplate(to_number)] under to_number; prior registration was null
2024-10-31T16:11:07.938-05:00 DEBUG 15192 --- [demo] [           main] o.h.q.sqm.function.SqmFunctionRegistry   : Registered SqmFunctionTemplate [NamedSqmFunctionTemplate(to_char)] under to_char; prior registration was null
2024-10-31T16:11:07.938-05:00 DEBUG 15192 --- [demo] [           main] o.h.q.sqm.function.SqmFunctionRegistry   : Registered SqmFunctionTemplate [NamedSqmFunctionTemplate(to_date)] under to_date; prior registration was null
2024-10-31T16:11:07.938-05:00 DEBUG 15192 --- [demo] [           main] o.h.q.sqm.function.SqmFunctionRegistry   : Registered SqmFunctionTemplate [NamedSqmFunctionTemplate(to_timestamp)] under to_timestamp; prior registration was null
2024-10-31T16:11:07.938-05:00 DEBUG 15192 --- [demo] [           main] o.h.q.sqm.function.SqmFunctionRegistry   : Registered SqmFunctionTemplate [NamedSqmFunctionTemplate(ceil)] under ceil; prior registration was null
2024-10-31T16:11:07.938-05:00 DEBUG 15192 --- [demo] [           main] o.h.q.sqm.function.SqmFunctionRegistry   : Registering alternate key : ceiling -> ceil
2024-10-31T16:11:07.939-05:00 DEBUG 15192 --- [demo] [           main] o.h.q.sqm.function.SqmFunctionRegistry   : Registered SqmFunctionTemplate [org.hibernate.query.sqm.function.PatternBasedSqmFunctionDescriptor@37ade216] under concat; prior registration was NamedSqmFunctionTemplate(concat)
2024-10-31T16:11:07.939-05:00 DEBUG 15192 --- [demo] [           main] o.h.q.sqm.function.SqmFunctionRegistry   : Registered SqmFunctionTemplate [NamedSqmFunctionTemplate(rowid)] under rowid; prior registration was null
2024-10-31T16:11:07.939-05:00 DEBUG 15192 --- [demo] [           main] o.h.q.sqm.function.SqmFunctionRegistry   : Registered SqmFunctionTemplate [NamedSqmFunctionTemplate(rownum)] under rownum; prior registration was null
2024-10-31T16:11:07.939-05:00 DEBUG 15192 --- [demo] [           main] o.h.q.sqm.function.SqmFunctionRegistry   : Registered SqmFunctionTemplate [NamedSqmFunctionTemplate(sysdate)] under sysdate; prior registration was null
2024-10-31T16:11:07.939-05:00 DEBUG 15192 --- [demo] [           main] o.h.q.sqm.function.SqmFunctionRegistry   : Registered SqmFunctionTemplate [NamedSqmFunctionTemplate(systimestamp)] under systimestamp; prior registration was null
2024-10-31T16:11:07.939-05:00 DEBUG 15192 --- [demo] [           main] o.h.q.sqm.function.SqmFunctionRegistry   : Registered SqmFunctionTemplate [NamedSqmFunctionTemplate(add_months)] under add_months; prior registration was null
2024-10-31T16:11:07.939-05:00 DEBUG 15192 --- [demo] [           main] o.h.q.sqm.function.SqmFunctionRegistry   : Registered SqmFunctionTemplate [NamedSqmFunctionTemplate(months_between)] under months_between; prior registration was null
2024-10-31T16:11:07.939-05:00 DEBUG 15192 --- [demo] [           main] o.h.q.sqm.function.SqmFunctionRegistry   : Registered SqmFunctionTemplate [org.hibernate.dialect.function.MinMaxCaseEveryAnyEmulation@4258106] under every; prior registration was org.hibernate.dialect.function.EveryAnyEmulation@6942ee48
2024-10-31T16:11:07.939-05:00 DEBUG 15192 --- [demo] [           main] o.h.q.sqm.function.SqmFunctionRegistry   : Registered SqmFunctionTemplate [org.hibernate.dialect.function.MinMaxCaseEveryAnyEmulation@64ef2719] under any; prior registration was org.hibernate.dialect.function.EveryAnyEmulation@3f033664
2024-10-31T16:11:07.940-05:00 DEBUG 15192 --- [demo] [           main] o.h.q.sqm.function.SqmFunctionRegistry   : Registered SqmFunctionTemplate [org.hibernate.query.sqm.function.PatternBasedSqmFunctionDescriptor@7b423f90] under repeat; prior registration was null
2024-10-31T16:11:07.940-05:00 DEBUG 15192 --- [demo] [           main] o.h.q.sqm.function.SqmFunctionRegistry   : Registered SqmFunctionTemplate [org.hibernate.query.sqm.function.PatternBasedSqmFunctionDescriptor@24f3fb87] under radians; prior registration was null
2024-10-31T16:11:07.940-05:00 DEBUG 15192 --- [demo] [           main] o.h.q.sqm.function.SqmFunctionRegistry   : Registered SqmFunctionTemplate [org.hibernate.query.sqm.function.PatternBasedSqmFunctionDescriptor@c7673ae] under degrees; prior registration was null
2024-10-31T16:11:07.940-05:00 DEBUG 15192 --- [demo] [           main] o.h.q.sqm.function.SqmFunctionRegistry   : Registered SqmFunctionTemplate [NamedSqmFunctionTemplate(median)] under median; prior registration was null
2024-10-31T16:11:07.940-05:00 DEBUG 15192 --- [demo] [           main] o.h.q.sqm.function.SqmFunctionRegistry   : Registered SqmFunctionTemplate [NamedSqmFunctionTemplate(stddev)] under stddev; prior registration was null
2024-10-31T16:11:07.940-05:00 DEBUG 15192 --- [demo] [           main] o.h.q.sqm.function.SqmFunctionRegistry   : Registered SqmFunctionTemplate [NamedSqmFunctionTemplate(stddev_pop)] under stddev_pop; prior registration was null
2024-10-31T16:11:07.940-05:00 DEBUG 15192 --- [demo] [           main] o.h.q.sqm.function.SqmFunctionRegistry   : Registered SqmFunctionTemplate [NamedSqmFunctionTemplate(stddev_samp)] under stddev_samp; prior registration was null
2024-10-31T16:11:07.940-05:00 DEBUG 15192 --- [demo] [           main] o.h.q.sqm.function.SqmFunctionRegistry   : Registered SqmFunctionTemplate [NamedSqmFunctionTemplate(variance)] under variance; prior registration was null
2024-10-31T16:11:07.940-05:00 DEBUG 15192 --- [demo] [           main] o.h.q.sqm.function.SqmFunctionRegistry   : Registered SqmFunctionTemplate [NamedSqmFunctionTemplate(var_pop)] under var_pop; prior registration was null
2024-10-31T16:11:07.940-05:00 DEBUG 15192 --- [demo] [           main] o.h.q.sqm.function.SqmFunctionRegistry   : Registered SqmFunctionTemplate [NamedSqmFunctionTemplate(var_samp)] under var_samp; prior registration was null
2024-10-31T16:11:07.940-05:00 DEBUG 15192 --- [demo] [           main] o.h.q.sqm.function.SqmFunctionRegistry   : Registered SqmFunctionTemplate [NamedSqmFunctionTemplate(covar_pop)] under covar_pop; prior registration was null
2024-10-31T16:11:07.940-05:00 DEBUG 15192 --- [demo] [           main] o.h.q.sqm.function.SqmFunctionRegistry   : Registered SqmFunctionTemplate [NamedSqmFunctionTemplate(covar_samp)] under covar_samp; prior registration was null
2024-10-31T16:11:07.940-05:00 DEBUG 15192 --- [demo] [           main] o.h.q.sqm.function.SqmFunctionRegistry   : Registered SqmFunctionTemplate [NamedSqmFunctionTemplate(corr)] under corr; prior registration was null
2024-10-31T16:11:07.941-05:00 DEBUG 15192 --- [demo] [           main] o.h.q.sqm.function.SqmFunctionRegistry   : Registered SqmFunctionTemplate [NamedSqmFunctionTemplate(regr_avgx)] under regr_avgx; prior registration was null
2024-10-31T16:11:07.941-05:00 DEBUG 15192 --- [demo] [           main] o.h.q.sqm.function.SqmFunctionRegistry   : Registered SqmFunctionTemplate [NamedSqmFunctionTemplate(regr_avgy)] under regr_avgy; prior registration was null
2024-10-31T16:11:07.941-05:00 DEBUG 15192 --- [demo] [           main] o.h.q.sqm.function.SqmFunctionRegistry   : Registered SqmFunctionTemplate [NamedSqmFunctionTemplate(regr_count)] under regr_count; prior registration was null
2024-10-31T16:11:07.941-05:00 DEBUG 15192 --- [demo] [           main] o.h.q.sqm.function.SqmFunctionRegistry   : Registered SqmFunctionTemplate [NamedSqmFunctionTemplate(regr_intercept)] under regr_intercept; prior registration was null
2024-10-31T16:11:07.941-05:00 DEBUG 15192 --- [demo] [           main] o.h.q.sqm.function.SqmFunctionRegistry   : Registered SqmFunctionTemplate [NamedSqmFunctionTemplate(regr_r2)] under regr_r2; prior registration was null
2024-10-31T16:11:07.941-05:00 DEBUG 15192 --- [demo] [           main] o.h.q.sqm.function.SqmFunctionRegistry   : Registered SqmFunctionTemplate [NamedSqmFunctionTemplate(regr_slope)] under regr_slope; prior registration was null
2024-10-31T16:11:07.941-05:00 DEBUG 15192 --- [demo] [           main] o.h.q.sqm.function.SqmFunctionRegistry   : Registered SqmFunctionTemplate [NamedSqmFunctionTemplate(regr_sxx)] under regr_sxx; prior registration was null
2024-10-31T16:11:07.941-05:00 DEBUG 15192 --- [demo] [           main] o.h.q.sqm.function.SqmFunctionRegistry   : Registered SqmFunctionTemplate [NamedSqmFunctionTemplate(regr_sxy)] under regr_sxy; prior registration was null
2024-10-31T16:11:07.941-05:00 DEBUG 15192 --- [demo] [           main] o.h.q.sqm.function.SqmFunctionRegistry   : Registered SqmFunctionTemplate [NamedSqmFunctionTemplate(regr_syy)] under regr_syy; prior registration was null
2024-10-31T16:11:07.942-05:00 DEBUG 15192 --- [demo] [           main] o.h.q.sqm.function.SqmFunctionRegistry   : Registered SqmFunctionTemplate [org.hibernate.dialect.function.LengthFunction@cb1c58c] under length; prior registration was null
2024-10-31T16:11:07.942-05:00 DEBUG 15192 --- [demo] [           main] o.h.q.sqm.function.SqmFunctionRegistry   : Registering alternate key : character_length -> length
2024-10-31T16:11:07.942-05:00 DEBUG 15192 --- [demo] [           main] o.h.q.sqm.function.SqmFunctionRegistry   : Registered SqmFunctionTemplate [org.hibernate.dialect.function.LengthFunction@352e4b6d] under octet_length; prior registration was null
2024-10-31T16:11:07.942-05:00 DEBUG 15192 --- [demo] [           main] o.h.q.sqm.function.SqmFunctionRegistry   : Registered SqmFunctionTemplate [org.hibernate.dialect.function.LengthFunction@10a064bd] under bit_length; prior registration was null
2024-10-31T16:11:07.942-05:00 DEBUG 15192 --- [demo] [           main] o.h.q.sqm.function.SqmFunctionRegistry   : Registered SqmFunctionTemplate [NamedSqmFunctionTemplate(coalesce)] under coalesce; prior registration was NamedSqmFunctionTemplate(coalesce)
2024-10-31T16:11:07.942-05:00 DEBUG 15192 --- [demo] [           main] o.h.q.sqm.function.SqmFunctionRegistry   : Registered SqmFunctionTemplate [org.hibernate.query.sqm.function.PatternBasedSqmFunctionDescriptor@2de7fe0e] under bitor; prior registration was null
2024-10-31T16:11:07.943-05:00 DEBUG 15192 --- [demo] [           main] o.h.q.sqm.function.SqmFunctionRegistry   : Registered SqmFunctionTemplate [org.hibernate.query.sqm.function.PatternBasedSqmFunctionDescriptor@2ff8d39b] under bitxor; prior registration was null
2024-10-31T16:11:07.943-05:00 DEBUG 15192 --- [demo] [           main] o.h.q.sqm.function.SqmFunctionRegistry   : Registered SqmFunctionTemplate [org.hibernate.query.sqm.function.MultipatternSqmFunctionDescriptor@547052] under locate; prior registration was NamedSqmFunctionTemplate(locate)
2024-10-31T16:11:07.944-05:00 DEBUG 15192 --- [demo] [           main] o.h.q.sqm.function.SqmFunctionRegistry   : Registered SqmFunctionTemplate [org.hibernate.dialect.function.ListaggFunction@215a329c] under listagg; prior registration was null
2024-10-31T16:11:07.944-05:00 DEBUG 15192 --- [demo] [           main] o.h.q.sqm.function.SqmFunctionRegistry   : Registered SqmFunctionTemplate [NamedSqmFunctionTemplate(row_number)] under row_number; prior registration was null
2024-10-31T16:11:07.944-05:00 DEBUG 15192 --- [demo] [           main] o.h.q.sqm.function.SqmFunctionRegistry   : Registered SqmFunctionTemplate [NamedSqmFunctionTemplate(lag)] under lag; prior registration was null
2024-10-31T16:11:07.944-05:00 DEBUG 15192 --- [demo] [           main] o.h.q.sqm.function.SqmFunctionRegistry   : Registered SqmFunctionTemplate [NamedSqmFunctionTemplate(lead)] under lead; prior registration was null
2024-10-31T16:11:07.945-05:00 DEBUG 15192 --- [demo] [           main] o.h.q.sqm.function.SqmFunctionRegistry   : Registered SqmFunctionTemplate [NamedSqmFunctionTemplate(first_value)] under first_value; prior registration was null
2024-10-31T16:11:07.945-05:00 DEBUG 15192 --- [demo] [           main] o.h.q.sqm.function.SqmFunctionRegistry   : Registered SqmFunctionTemplate [NamedSqmFunctionTemplate(last_value)] under last_value; prior registration was null
2024-10-31T16:11:07.945-05:00 DEBUG 15192 --- [demo] [           main] o.h.q.sqm.function.SqmFunctionRegistry   : Registered SqmFunctionTemplate [NamedSqmFunctionTemplate(nth_value)] under nth_value; prior registration was null
2024-10-31T16:11:07.945-05:00 DEBUG 15192 --- [demo] [           main] o.h.q.sqm.function.SqmFunctionRegistry   : Registered SqmFunctionTemplate [org.hibernate.dialect.function.HypotheticalSetFunction@583030bd] under rank; prior registration was null
2024-10-31T16:11:07.945-05:00 DEBUG 15192 --- [demo] [           main] o.h.q.sqm.function.SqmFunctionRegistry   : Registered SqmFunctionTemplate [org.hibernate.dialect.function.HypotheticalSetFunction@1f57666b] under dense_rank; prior registration was null
2024-10-31T16:11:07.945-05:00 DEBUG 15192 --- [demo] [           main] o.h.q.sqm.function.SqmFunctionRegistry   : Registered SqmFunctionTemplate [org.hibernate.dialect.function.HypotheticalSetFunction@7944c323] under percent_rank; prior registration was null
2024-10-31T16:11:07.945-05:00 DEBUG 15192 --- [demo] [           main] o.h.q.sqm.function.SqmFunctionRegistry   : Registered SqmFunctionTemplate [org.hibernate.dialect.function.HypotheticalSetFunction@637d111d] under cume_dist; prior registration was null
2024-10-31T16:11:07.946-05:00 DEBUG 15192 --- [demo] [           main] o.h.q.sqm.function.SqmFunctionRegistry   : Registered SqmFunctionTemplate [org.hibernate.dialect.function.InverseDistributionFunction@6ca367aa] under mode; prior registration was null
2024-10-31T16:11:07.946-05:00 DEBUG 15192 --- [demo] [           main] o.h.q.sqm.function.SqmFunctionRegistry   : Registered SqmFunctionTemplate [org.hibernate.dialect.function.InverseDistributionFunction@30ed4034] under percentile_cont; prior registration was null
2024-10-31T16:11:07.946-05:00 DEBUG 15192 --- [demo] [           main] o.h.q.sqm.function.SqmFunctionRegistry   : Registered SqmFunctionTemplate [org.hibernate.dialect.function.InverseDistributionFunction@1700d089] under percentile_disc; prior registration was null
2024-10-31T16:11:07.947-05:00 DEBUG 15192 --- [demo] [           main] o.h.q.sqm.function.SqmFunctionRegistry   : Registered SqmFunctionTemplate [org.hibernate.dialect.function.ModeStatsModeEmulation@3bb4c2b2] under mode; prior registration was org.hibernate.dialect.function.InverseDistributionFunction@6ca367aa
2024-10-31T16:11:07.951-05:00 DEBUG 15192 --- [demo] [           main] o.h.q.sqm.function.SqmFunctionRegistry   : Registered SqmFunctionTemplate [org.hibernate.dialect.function.OracleTruncFunction@234ce7ff] under trunc; prior registration was null
2024-10-31T16:11:07.952-05:00 DEBUG 15192 --- [demo] [           main] o.h.q.sqm.function.SqmFunctionRegistry   : Registering alternate key : truncate -> trunc
2024-10-31T16:11:07.954-05:00 DEBUG 15192 --- [demo] [           main] o.h.q.sqm.function.SqmFunctionRegistry   : Registered SqmFunctionTemplate [org.hibernate.dialect.function.array.OracleArrayConstructorFunction@1736273c] under array; prior registration was null
2024-10-31T16:11:07.954-05:00 DEBUG 15192 --- [demo] [           main] o.h.q.sqm.function.SqmFunctionRegistry   : Registered SqmFunctionTemplate [org.hibernate.dialect.function.array.OracleArrayConstructorFunction@ba86c53] under array_list; prior registration was null
2024-10-31T16:11:07.955-05:00 DEBUG 15192 --- [demo] [           main] o.h.q.sqm.function.SqmFunctionRegistry   : Registered SqmFunctionTemplate [org.hibernate.dialect.function.array.OracleArrayAggEmulation@323b0632] under array_agg; prior registration was null
2024-10-31T16:11:07.958-05:00 DEBUG 15192 --- [demo] [           main] o.h.q.sqm.function.SqmFunctionRegistry   : Registered SqmFunctionTemplate [org.hibernate.dialect.function.array.OracleArrayPositionFunction@c2f7c63] under array_position; prior registration was null
2024-10-31T16:11:07.962-05:00 DEBUG 15192 --- [demo] [           main] o.h.q.sqm.function.SqmFunctionRegistry   : Registered SqmFunctionTemplate [org.hibernate.dialect.function.array.OracleArrayPositionsFunction@341964d0] under array_positions; prior registration was null
2024-10-31T16:11:07.965-05:00 DEBUG 15192 --- [demo] [           main] o.h.q.sqm.function.SqmFunctionRegistry   : Registered SqmFunctionTemplate [org.hibernate.dialect.function.array.OracleArrayPositionsFunction@70e5737f] under array_positions_list; prior registration was null
2024-10-31T16:11:07.966-05:00 DEBUG 15192 --- [demo] [           main] o.h.q.sqm.function.SqmFunctionRegistry   : Registered SqmFunctionTemplate [org.hibernate.dialect.function.array.OracleArrayLengthFunction@32d8710a] under array_length; prior registration was null
2024-10-31T16:11:07.967-05:00 DEBUG 15192 --- [demo] [           main] o.h.q.sqm.function.SqmFunctionRegistry   : Registered SqmFunctionTemplate [org.hibernate.dialect.function.array.OracleArrayConcatFunction@1eb7ec59] under array_concat; prior registration was null
2024-10-31T16:11:07.968-05:00 DEBUG 15192 --- [demo] [           main] o.h.q.sqm.function.SqmFunctionRegistry   : Registered SqmFunctionTemplate [org.hibernate.dialect.function.array.OracleArrayConcatElementFunction@706d2bae] under array_prepend; prior registration was null
2024-10-31T16:11:07.968-05:00 DEBUG 15192 --- [demo] [           main] o.h.q.sqm.function.SqmFunctionRegistry   : Registered SqmFunctionTemplate [org.hibernate.dialect.function.array.OracleArrayConcatElementFunction@3205610d] under array_append; prior registration was null
2024-10-31T16:11:07.970-05:00 DEBUG 15192 --- [demo] [           main] o.h.q.sqm.function.SqmFunctionRegistry   : Registered SqmFunctionTemplate [org.hibernate.dialect.function.array.OracleArrayContainsFunction@2459333a] under array_contains; prior registration was null
2024-10-31T16:11:07.970-05:00 DEBUG 15192 --- [demo] [           main] o.h.q.sqm.function.SqmFunctionRegistry   : Registered SqmFunctionTemplate [org.hibernate.dialect.function.array.OracleArrayContainsFunction@1e6bd367] under array_contains_nullable; prior registration was null
2024-10-31T16:11:07.970-05:00 DEBUG 15192 --- [demo] [           main] o.h.q.sqm.function.SqmFunctionRegistry   : Registered SqmFunctionTemplate [org.hibernate.dialect.function.array.OracleArrayOverlapsFunction@bea283b] under array_overlaps; prior registration was null
2024-10-31T16:11:07.971-05:00 DEBUG 15192 --- [demo] [           main] o.h.q.sqm.function.SqmFunctionRegistry   : Registered SqmFunctionTemplate [org.hibernate.dialect.function.array.OracleArrayOverlapsFunction@73852720] under array_overlaps_nullable; prior registration was null
2024-10-31T16:11:07.972-05:00 DEBUG 15192 --- [demo] [           main] o.h.q.sqm.function.SqmFunctionRegistry   : Registered SqmFunctionTemplate [org.hibernate.dialect.function.array.OracleArrayGetFunction@27d6267e] under array_get; prior registration was null
2024-10-31T16:11:07.973-05:00 DEBUG 15192 --- [demo] [           main] o.h.q.sqm.function.SqmFunctionRegistry   : Registered SqmFunctionTemplate [org.hibernate.dialect.function.array.OracleArraySetFunction@18f4086e] under array_set; prior registration was null
2024-10-31T16:11:07.973-05:00 DEBUG 15192 --- [demo] [           main] o.h.q.sqm.function.SqmFunctionRegistry   : Registered SqmFunctionTemplate [org.hibernate.dialect.function.array.OracleArrayRemoveFunction@6c8ad6d7] under array_remove; prior registration was null
2024-10-31T16:11:07.974-05:00 DEBUG 15192 --- [demo] [           main] o.h.q.sqm.function.SqmFunctionRegistry   : Registered SqmFunctionTemplate [org.hibernate.dialect.function.array.OracleArrayRemoveIndexFunction@64d53f0d] under array_remove_index; prior registration was null
2024-10-31T16:11:07.974-05:00 DEBUG 15192 --- [demo] [           main] o.h.q.sqm.function.SqmFunctionRegistry   : Registered SqmFunctionTemplate [org.hibernate.dialect.function.array.OracleArraySliceFunction@652a1a17] under array_slice; prior registration was null
2024-10-31T16:11:07.975-05:00 DEBUG 15192 --- [demo] [           main] o.h.q.sqm.function.SqmFunctionRegistry   : Registered SqmFunctionTemplate [org.hibernate.dialect.function.array.OracleArrayReplaceFunction@2337bf27] under array_replace; prior registration was null
2024-10-31T16:11:07.975-05:00 DEBUG 15192 --- [demo] [           main] o.h.q.sqm.function.SqmFunctionRegistry   : Registered SqmFunctionTemplate [org.hibernate.dialect.function.array.OracleArrayTrimFunction@744fb110] under array_trim; prior registration was null
2024-10-31T16:11:07.976-05:00 DEBUG 15192 --- [demo] [           main] o.h.q.sqm.function.SqmFunctionRegistry   : Registered SqmFunctionTemplate [org.hibernate.dialect.function.array.OracleArrayFillFunction@1c43e84e] under array_fill; prior registration was null
2024-10-31T16:11:07.976-05:00 DEBUG 15192 --- [demo] [           main] o.h.q.sqm.function.SqmFunctionRegistry   : Registered SqmFunctionTemplate [org.hibernate.dialect.function.array.OracleArrayFillFunction@7bd694a5] under array_fill_list; prior registration was null
2024-10-31T16:11:07.977-05:00 DEBUG 15192 --- [demo] [           main] o.h.q.sqm.function.SqmFunctionRegistry   : Registered SqmFunctionTemplate [org.hibernate.dialect.function.array.OracleArrayToStringFunction@3211cc84] under array_to_string; prior registration was null
2024-10-31T16:11:07.978-05:00 DEBUG 15192 --- [demo] [           main] org.hibernate.HQL_FUNCTIONS              : abs(NUMERIC arg)
2024-10-31T16:11:07.978-05:00 DEBUG 15192 --- [demo] [           main] org.hibernate.HQL_FUNCTIONS              : Double acos(NUMERIC arg)
2024-10-31T16:11:07.978-05:00 DEBUG 15192 --- [demo] [           main] org.hibernate.HQL_FUNCTIONS              : add_months(DATE datetime, INTEGER months)
2024-10-31T16:11:07.978-05:00 DEBUG 15192 --- [demo] [           main] org.hibernate.HQL_FUNCTIONS              : Boolean any(BOOLEAN arg)
2024-10-31T16:11:07.978-05:00 DEBUG 15192 --- [demo] [           main] org.hibernate.HQL_FUNCTIONS              : array( ... )
2024-10-31T16:11:07.978-05:00 DEBUG 15192 --- [demo] [           main] org.hibernate.HQL_FUNCTIONS              : array_agg(arg)
2024-10-31T16:11:07.978-05:00 DEBUG 15192 --- [demo] [           main] org.hibernate.HQL_FUNCTIONS              : array_append( ... )
2024-10-31T16:11:07.978-05:00 DEBUG 15192 --- [demo] [           main] org.hibernate.HQL_FUNCTIONS              : array_concat( ... )
2024-10-31T16:11:07.978-05:00 DEBUG 15192 --- [demo] [           main] org.hibernate.HQL_FUNCTIONS              : Boolean array_contains(ARRAY haystackArray, OBJECT needleElementOrArray)
2024-10-31T16:11:07.978-05:00 DEBUG 15192 --- [demo] [           main] org.hibernate.HQL_FUNCTIONS              : Boolean array_contains_nullable(ARRAY haystackArray, OBJECT needleElementOrArray)
2024-10-31T16:11:07.978-05:00 DEBUG 15192 --- [demo] [           main] org.hibernate.HQL_FUNCTIONS              : array_fill(OBJECT element, INTEGER elementCount)
2024-10-31T16:11:07.978-05:00 DEBUG 15192 --- [demo] [           main] org.hibernate.HQL_FUNCTIONS              : array_fill_list(OBJECT element, INTEGER elementCount)
2024-10-31T16:11:07.978-05:00 DEBUG 15192 --- [demo] [           main] org.hibernate.HQL_FUNCTIONS              : array_get( ... )
2024-10-31T16:11:07.978-05:00 DEBUG 15192 --- [demo] [           main] org.hibernate.HQL_FUNCTIONS              : Integer array_length(ARRAY array)
2024-10-31T16:11:07.978-05:00 DEBUG 15192 --- [demo] [           main] org.hibernate.HQL_FUNCTIONS              : array_list( ... )
2024-10-31T16:11:07.978-05:00 DEBUG 15192 --- [demo] [           main] org.hibernate.HQL_FUNCTIONS              : Boolean array_overlaps(ARRAY array0, OBJECT array1)
2024-10-31T16:11:07.978-05:00 DEBUG 15192 --- [demo] [           main] org.hibernate.HQL_FUNCTIONS              : Boolean array_overlaps_nullable(ARRAY array0, OBJECT array1)
2024-10-31T16:11:07.978-05:00 DEBUG 15192 --- [demo] [           main] org.hibernate.HQL_FUNCTIONS              : Integer array_position(ARRAY array, OBJECT element[, INTEGER startPosition])
2024-10-31T16:11:07.979-05:00 DEBUG 15192 --- [demo] [           main] org.hibernate.HQL_FUNCTIONS              : int[] array_positions(ARRAY array, OBJECT element)
2024-10-31T16:11:07.979-05:00 DEBUG 15192 --- [demo] [           main] org.hibernate.HQL_FUNCTIONS              : List array_positions_list(ARRAY array, OBJECT element)
2024-10-31T16:11:07.979-05:00 DEBUG 15192 --- [demo] [           main] org.hibernate.HQL_FUNCTIONS              : array_prepend( ... )
2024-10-31T16:11:07.979-05:00 DEBUG 15192 --- [demo] [           main] org.hibernate.HQL_FUNCTIONS              : array_remove( ... )
2024-10-31T16:11:07.979-05:00 DEBUG 15192 --- [demo] [           main] org.hibernate.HQL_FUNCTIONS              : array_remove_index( ... )
2024-10-31T16:11:07.979-05:00 DEBUG 15192 --- [demo] [           main] org.hibernate.HQL_FUNCTIONS              : array_replace( ... )
2024-10-31T16:11:07.979-05:00 DEBUG 15192 --- [demo] [           main] org.hibernate.HQL_FUNCTIONS              : array_set( ... )
2024-10-31T16:11:07.979-05:00 DEBUG 15192 --- [demo] [           main] org.hibernate.HQL_FUNCTIONS              : array_slice( ... )
2024-10-31T16:11:07.979-05:00 DEBUG 15192 --- [demo] [           main] org.hibernate.HQL_FUNCTIONS              : String array_to_string( ... )
2024-10-31T16:11:07.979-05:00 DEBUG 15192 --- [demo] [           main] org.hibernate.HQL_FUNCTIONS              : array_trim( ... )
2024-10-31T16:11:07.979-05:00 DEBUG 15192 --- [demo] [           main] org.hibernate.HQL_FUNCTIONS              : Integer ascii(STRING arg)
2024-10-31T16:11:07.979-05:00 DEBUG 15192 --- [demo] [           main] org.hibernate.HQL_FUNCTIONS              : Double asin(NUMERIC arg)
2024-10-31T16:11:07.979-05:00 DEBUG 15192 --- [demo] [           main] org.hibernate.HQL_FUNCTIONS              : Double atan(NUMERIC arg)
2024-10-31T16:11:07.979-05:00 DEBUG 15192 --- [demo] [           main] org.hibernate.HQL_FUNCTIONS              : Double atan2(NUMERIC arg0, NUMERIC arg1)
2024-10-31T16:11:07.979-05:00 DEBUG 15192 --- [demo] [           main] org.hibernate.HQL_FUNCTIONS              : avg(arg)
2024-10-31T16:11:07.979-05:00 DEBUG 15192 --- [demo] [           main] org.hibernate.HQL_FUNCTIONS              : Integer bit_length(STRING_OR_CLOB arg)
2024-10-31T16:11:07.979-05:00 DEBUG 15192 --- [demo] [           main] org.hibernate.HQL_FUNCTIONS              : bitand(arg0, arg1)
2024-10-31T16:11:07.980-05:00 DEBUG 15192 --- [demo] [           main] org.hibernate.HQL_FUNCTIONS              : bitor(arg0, arg1)
2024-10-31T16:11:07.980-05:00 DEBUG 15192 --- [demo] [           main] org.hibernate.HQL_FUNCTIONS              : bitxor(arg0, arg1)
2024-10-31T16:11:07.980-05:00 DEBUG 15192 --- [demo] [           main] org.hibernate.HQL_FUNCTIONS              : cast(arg as Type)
2024-10-31T16:11:07.980-05:00 DEBUG 15192 --- [demo] [           main] org.hibernate.HQL_FUNCTIONS              : ceil(NUMERIC arg)
2024-10-31T16:11:07.980-05:00 DEBUG 15192 --- [demo] [           main] org.hibernate.HQL_FUNCTIONS              : ceiling(NUMERIC arg)
2024-10-31T16:11:07.980-05:00 DEBUG 15192 --- [demo] [           main] org.hibernate.HQL_FUNCTIONS              : Character char(INTEGER arg)
2024-10-31T16:11:07.980-05:00 DEBUG 15192 --- [demo] [           main] org.hibernate.HQL_FUNCTIONS              : Integer character_length(STRING_OR_CLOB arg)
2024-10-31T16:11:07.980-05:00 DEBUG 15192 --- [demo] [           main] org.hibernate.HQL_FUNCTIONS              : Character chr(INTEGER arg)
2024-10-31T16:11:07.980-05:00 DEBUG 15192 --- [demo] [           main] org.hibernate.HQL_FUNCTIONS              : coalesce(arg0[, arg1[, ...]])
2024-10-31T16:11:07.980-05:00 DEBUG 15192 --- [demo] [           main] org.hibernate.HQL_FUNCTIONS              : String collate(STRING string as COLLATION collation)
2024-10-31T16:11:07.980-05:00 DEBUG 15192 --- [demo] [           main] org.hibernate.HQL_FUNCTIONS              : String concat(STRING string0[, STRING string1[, ...]])
2024-10-31T16:11:07.980-05:00 DEBUG 15192 --- [demo] [           main] org.hibernate.HQL_FUNCTIONS              : Double corr(NUMERIC arg0, NUMERIC arg1)
2024-10-31T16:11:07.980-05:00 DEBUG 15192 --- [demo] [           main] org.hibernate.HQL_FUNCTIONS              : Double cos(NUMERIC arg)
2024-10-31T16:11:07.980-05:00 DEBUG 15192 --- [demo] [           main] org.hibernate.HQL_FUNCTIONS              : Double cosh(NUMERIC arg)
2024-10-31T16:11:07.980-05:00 DEBUG 15192 --- [demo] [           main] org.hibernate.HQL_FUNCTIONS              : Long count([distinct ]{arg|*})
2024-10-31T16:11:07.980-05:00 DEBUG 15192 --- [demo] [           main] org.hibernate.HQL_FUNCTIONS              : Double covar_pop(NUMERIC arg0, NUMERIC arg1)
2024-10-31T16:11:07.980-05:00 DEBUG 15192 --- [demo] [           main] org.hibernate.HQL_FUNCTIONS              : Double covar_samp(NUMERIC arg0, NUMERIC arg1)
2024-10-31T16:11:07.980-05:00 DEBUG 15192 --- [demo] [           main] org.hibernate.HQL_FUNCTIONS              : Double cume_dist([arg0[, ...]])
2024-10-31T16:11:07.981-05:00 DEBUG 15192 --- [demo] [           main] org.hibernate.HQL_FUNCTIONS              : Date current date
2024-10-31T16:11:07.981-05:00 DEBUG 15192 --- [demo] [           main] org.hibernate.HQL_FUNCTIONS              : Time current time
2024-10-31T16:11:07.981-05:00 DEBUG 15192 --- [demo] [           main] org.hibernate.HQL_FUNCTIONS              : Timestamp current timestamp
2024-10-31T16:11:07.981-05:00 DEBUG 15192 --- [demo] [           main] org.hibernate.HQL_FUNCTIONS              : Date current_date
2024-10-31T16:11:07.981-05:00 DEBUG 15192 --- [demo] [           main] org.hibernate.HQL_FUNCTIONS              : Instant current_instant
2024-10-31T16:11:07.981-05:00 DEBUG 15192 --- [demo] [           main] org.hibernate.HQL_FUNCTIONS              : Time current_time
2024-10-31T16:11:07.981-05:00 DEBUG 15192 --- [demo] [           main] org.hibernate.HQL_FUNCTIONS              : Timestamp current_timestamp
2024-10-31T16:11:07.981-05:00 DEBUG 15192 --- [demo] [           main] org.hibernate.HQL_FUNCTIONS              : dateadd(TEMPORAL_UNIT field, INTEGER magnitude, TEMPORAL datetime)
2024-10-31T16:11:07.981-05:00 DEBUG 15192 --- [demo] [           main] org.hibernate.HQL_FUNCTIONS              : Long|Double datediff(TEMPORAL_UNIT field, TEMPORAL start, TEMPORAL end)
2024-10-31T16:11:07.981-05:00 DEBUG 15192 --- [demo] [           main] org.hibernate.HQL_FUNCTIONS              : Double degrees(NUMERIC arg)
2024-10-31T16:11:07.981-05:00 DEBUG 15192 --- [demo] [           main] org.hibernate.HQL_FUNCTIONS              : Long dense_rank([arg0[, ...]])
2024-10-31T16:11:07.981-05:00 DEBUG 15192 --- [demo] [           main] org.hibernate.HQL_FUNCTIONS              : Boolean every(BOOLEAN arg)
2024-10-31T16:11:07.982-05:00 DEBUG 15192 --- [demo] [           main] org.hibernate.HQL_FUNCTIONS              : Double exp(NUMERIC arg)
2024-10-31T16:11:07.982-05:00 DEBUG 15192 --- [demo] [           main] org.hibernate.HQL_FUNCTIONS              : extract(TEMPORAL_UNIT field from TEMPORAL arg)
2024-10-31T16:11:07.982-05:00 DEBUG 15192 --- [demo] [           main] org.hibernate.HQL_FUNCTIONS              : first_valueANY value
2024-10-31T16:11:07.982-05:00 DEBUG 15192 --- [demo] [           main] org.hibernate.HQL_FUNCTIONS              : floor(NUMERIC arg)
2024-10-31T16:11:07.982-05:00 DEBUG 15192 --- [demo] [           main] org.hibernate.HQL_FUNCTIONS              : String format(TEMPORAL datetime as STRING pattern)
2024-10-31T16:11:07.982-05:00 DEBUG 15192 --- [demo] [           main] org.hibernate.HQL_FUNCTIONS              : greatest(COMPARABLE arg0, COMPARABLE arg1[, arg2[, ...]])
2024-10-31T16:11:07.982-05:00 DEBUG 15192 --- [demo] [           main] org.hibernate.HQL_FUNCTIONS              : ifnull(arg0, arg1)
2024-10-31T16:11:07.982-05:00 DEBUG 15192 --- [demo] [           main] org.hibernate.HQL_FUNCTIONS              : String initcap(arg)
2024-10-31T16:11:07.982-05:00 DEBUG 15192 --- [demo] [           main] org.hibernate.HQL_FUNCTIONS              : Instant instant
2024-10-31T16:11:07.982-05:00 DEBUG 15192 --- [demo] [           main] org.hibernate.HQL_FUNCTIONS              : Integer instr(STRING string, STRING pattern[, INTEGER start[, INTEGER occurrence]])
2024-10-31T16:11:07.982-05:00 DEBUG 15192 --- [demo] [           main] org.hibernate.HQL_FUNCTIONS              : lagANY value[, INTEGER offset[, ANY default]]
2024-10-31T16:11:07.982-05:00 DEBUG 15192 --- [demo] [           main] org.hibernate.HQL_FUNCTIONS              : Date last_day(DATE arg)
2024-10-31T16:11:07.982-05:00 DEBUG 15192 --- [demo] [           main] org.hibernate.HQL_FUNCTIONS              : last_valueANY value
2024-10-31T16:11:07.982-05:00 DEBUG 15192 --- [demo] [           main] org.hibernate.HQL_FUNCTIONS              : leadANY value[, INTEGER offset[, ANY default]]
2024-10-31T16:11:07.982-05:00 DEBUG 15192 --- [demo] [           main] org.hibernate.HQL_FUNCTIONS              : least(COMPARABLE arg0, COMPARABLE arg1[, arg2[, ...]])
2024-10-31T16:11:07.982-05:00 DEBUG 15192 --- [demo] [           main] org.hibernate.HQL_FUNCTIONS              : String left(STRING string, INTEGER length)
2024-10-31T16:11:07.982-05:00 DEBUG 15192 --- [demo] [           main] org.hibernate.HQL_FUNCTIONS              : Integer length(STRING_OR_CLOB arg)
2024-10-31T16:11:07.982-05:00 DEBUG 15192 --- [demo] [           main] org.hibernate.HQL_FUNCTIONS              : String listagg(STRING arg0, STRING arg1)
2024-10-31T16:11:07.983-05:00 DEBUG 15192 --- [demo] [           main] org.hibernate.HQL_FUNCTIONS              : Double ln(NUMERIC arg)
2024-10-31T16:11:07.983-05:00 DEBUG 15192 --- [demo] [           main] org.hibernate.HQL_FUNCTIONS              : LocalDate local date
2024-10-31T16:11:07.983-05:00 DEBUG 15192 --- [demo] [           main] org.hibernate.HQL_FUNCTIONS              : LocalDateTime local datetime
2024-10-31T16:11:07.983-05:00 DEBUG 15192 --- [demo] [           main] org.hibernate.HQL_FUNCTIONS              : LocalTime local time
2024-10-31T16:11:07.983-05:00 DEBUG 15192 --- [demo] [           main] org.hibernate.HQL_FUNCTIONS              : LocalDate local_date
2024-10-31T16:11:07.983-05:00 DEBUG 15192 --- [demo] [           main] org.hibernate.HQL_FUNCTIONS              : LocalDateTime local_datetime
2024-10-31T16:11:07.983-05:00 DEBUG 15192 --- [demo] [           main] org.hibernate.HQL_FUNCTIONS              : LocalTime local_time
2024-10-31T16:11:07.983-05:00 DEBUG 15192 --- [demo] [           main] org.hibernate.HQL_FUNCTIONS              : Integer locate(pattern, string[, start])
2024-10-31T16:11:07.983-05:00 DEBUG 15192 --- [demo] [           main] org.hibernate.HQL_FUNCTIONS              : Double log(NUMERIC arg0[, NUMERIC arg1])
2024-10-31T16:11:07.983-05:00 DEBUG 15192 --- [demo] [           main] org.hibernate.HQL_FUNCTIONS              : Double log10(NUMERIC arg)
2024-10-31T16:11:07.983-05:00 DEBUG 15192 --- [demo] [           main] org.hibernate.HQL_FUNCTIONS              : String lower(STRING string)
2024-10-31T16:11:07.983-05:00 DEBUG 15192 --- [demo] [           main] org.hibernate.HQL_FUNCTIONS              : String lpad(STRING string, INTEGER length[, STRING padding])
2024-10-31T16:11:07.983-05:00 DEBUG 15192 --- [demo] [           main] org.hibernate.HQL_FUNCTIONS              : String ltrim(STRING string[, STRING characters])
2024-10-31T16:11:07.983-05:00 DEBUG 15192 --- [demo] [           main] org.hibernate.HQL_FUNCTIONS              : max(COMPARABLE arg)
2024-10-31T16:11:07.983-05:00 DEBUG 15192 --- [demo] [           main] org.hibernate.HQL_FUNCTIONS              : Double median(NUMERIC arg)
2024-10-31T16:11:07.983-05:00 DEBUG 15192 --- [demo] [           main] org.hibernate.HQL_FUNCTIONS              : min(COMPARABLE arg)
2024-10-31T16:11:07.983-05:00 DEBUG 15192 --- [demo] [           main] org.hibernate.HQL_FUNCTIONS              : Integer mod(INTEGER arg0, INTEGER arg1)
2024-10-31T16:11:07.983-05:00 DEBUG 15192 --- [demo] [           main] org.hibernate.HQL_FUNCTIONS              : mode()
2024-10-31T16:11:07.983-05:00 DEBUG 15192 --- [demo] [           main] org.hibernate.HQL_FUNCTIONS              : Integer months_between(DATE end, DATE start)
2024-10-31T16:11:07.983-05:00 DEBUG 15192 --- [demo] [           main] org.hibernate.HQL_FUNCTIONS              : nth_valueANY value, INTEGER nth
2024-10-31T16:11:07.984-05:00 DEBUG 15192 --- [demo] [           main] org.hibernate.HQL_FUNCTIONS              : nullif(arg0, arg1)
2024-10-31T16:11:07.984-05:00 DEBUG 15192 --- [demo] [           main] org.hibernate.HQL_FUNCTIONS              : Integer octet_length(STRING_OR_CLOB arg)
2024-10-31T16:11:07.984-05:00 DEBUG 15192 --- [demo] [           main] org.hibernate.HQL_FUNCTIONS              : OffsetDateTime offset datetime
2024-10-31T16:11:07.984-05:00 DEBUG 15192 --- [demo] [           main] org.hibernate.HQL_FUNCTIONS              : OffsetDateTime offset_datetime
2024-10-31T16:11:07.984-05:00 DEBUG 15192 --- [demo] [           main] org.hibernate.HQL_FUNCTIONS              : String overlay(STRING string placing STRING replacement from INTEGER start[ for INTEGER length])
2024-10-31T16:11:07.984-05:00 DEBUG 15192 --- [demo] [           main] org.hibernate.HQL_FUNCTIONS              : String pad(STRING string with INTEGER length {leading|trailing}[ STRING character])
2024-10-31T16:11:07.984-05:00 DEBUG 15192 --- [demo] [           main] org.hibernate.HQL_FUNCTIONS              : Double percent_rank([arg0[, ...]])
2024-10-31T16:11:07.984-05:00 DEBUG 15192 --- [demo] [           main] org.hibernate.HQL_FUNCTIONS              : percentile_cont(NUMERIC arg)
2024-10-31T16:11:07.984-05:00 DEBUG 15192 --- [demo] [           main] org.hibernate.HQL_FUNCTIONS              : percentile_disc(NUMERIC arg)
2024-10-31T16:11:07.984-05:00 DEBUG 15192 --- [demo] [           main] org.hibernate.HQL_FUNCTIONS              : Double pi
2024-10-31T16:11:07.984-05:00 DEBUG 15192 --- [demo] [           main] org.hibernate.HQL_FUNCTIONS              : Integer position(STRING pattern in STRING string)
2024-10-31T16:11:07.984-05:00 DEBUG 15192 --- [demo] [           main] org.hibernate.HQL_FUNCTIONS              : Double power(NUMERIC arg0, NUMERIC arg1)
2024-10-31T16:11:07.984-05:00 DEBUG 15192 --- [demo] [           main] org.hibernate.HQL_FUNCTIONS              : Double radians(NUMERIC arg)
2024-10-31T16:11:07.984-05:00 DEBUG 15192 --- [demo] [           main] org.hibernate.HQL_FUNCTIONS              : Long rank([arg0[, ...]])
2024-10-31T16:11:07.984-05:00 DEBUG 15192 --- [demo] [           main] org.hibernate.HQL_FUNCTIONS              : Double regr_avgx(NUMERIC arg0, NUMERIC arg1)
2024-10-31T16:11:07.985-05:00 DEBUG 15192 --- [demo] [           main] org.hibernate.HQL_FUNCTIONS              : Double regr_avgy(NUMERIC arg0, NUMERIC arg1)
2024-10-31T16:11:07.985-05:00 DEBUG 15192 --- [demo] [           main] org.hibernate.HQL_FUNCTIONS              : Double regr_count(NUMERIC arg0, NUMERIC arg1)
2024-10-31T16:11:07.985-05:00 DEBUG 15192 --- [demo] [           main] org.hibernate.HQL_FUNCTIONS              : Double regr_intercept(NUMERIC arg0, NUMERIC arg1)
2024-10-31T16:11:07.985-05:00 DEBUG 15192 --- [demo] [           main] org.hibernate.HQL_FUNCTIONS              : Double regr_r2(NUMERIC arg0, NUMERIC arg1)
2024-10-31T16:11:07.985-05:00 DEBUG 15192 --- [demo] [           main] org.hibernate.HQL_FUNCTIONS              : Double regr_slope(NUMERIC arg0, NUMERIC arg1)
2024-10-31T16:11:07.985-05:00 DEBUG 15192 --- [demo] [           main] org.hibernate.HQL_FUNCTIONS              : Double regr_sxx(NUMERIC arg0, NUMERIC arg1)
2024-10-31T16:11:07.985-05:00 DEBUG 15192 --- [demo] [           main] org.hibernate.HQL_FUNCTIONS              : Double regr_sxy(NUMERIC arg0, NUMERIC arg1)
2024-10-31T16:11:07.985-05:00 DEBUG 15192 --- [demo] [           main] org.hibernate.HQL_FUNCTIONS              : Double regr_syy(NUMERIC arg0, NUMERIC arg1)
2024-10-31T16:11:07.985-05:00 DEBUG 15192 --- [demo] [           main] org.hibernate.HQL_FUNCTIONS              : String repeat(STRING string, INTEGER times)
2024-10-31T16:11:07.985-05:00 DEBUG 15192 --- [demo] [           main] org.hibernate.HQL_FUNCTIONS              : String replace(STRING string, STRING pattern, STRING replacement)
2024-10-31T16:11:07.985-05:00 DEBUG 15192 --- [demo] [           main] org.hibernate.HQL_FUNCTIONS              : String right(STRING string, INTEGER length)
2024-10-31T16:11:07.985-05:00 DEBUG 15192 --- [demo] [           main] org.hibernate.HQL_FUNCTIONS              : round(NUMERIC number[, INTEGER places])
2024-10-31T16:11:07.985-05:00 DEBUG 15192 --- [demo] [           main] org.hibernate.HQL_FUNCTIONS              : Long row_number()
2024-10-31T16:11:07.985-05:00 DEBUG 15192 --- [demo] [           main] org.hibernate.HQL_FUNCTIONS              : Long rowid
2024-10-31T16:11:07.985-05:00 DEBUG 15192 --- [demo] [           main] org.hibernate.HQL_FUNCTIONS              : Long rownum
2024-10-31T16:11:07.985-05:00 DEBUG 15192 --- [demo] [           main] org.hibernate.HQL_FUNCTIONS              : String rpad(STRING string, INTEGER length[, STRING padding])
2024-10-31T16:11:07.985-05:00 DEBUG 15192 --- [demo] [           main] org.hibernate.HQL_FUNCTIONS              : String rtrim(STRING string[, STRING characters])
2024-10-31T16:11:07.985-05:00 DEBUG 15192 --- [demo] [           main] org.hibernate.HQL_FUNCTIONS              : Integer sign(NUMERIC arg)
2024-10-31T16:11:07.985-05:00 DEBUG 15192 --- [demo] [           main] org.hibernate.HQL_FUNCTIONS              : Double sin(NUMERIC arg)
2024-10-31T16:11:07.985-05:00 DEBUG 15192 --- [demo] [           main] org.hibernate.HQL_FUNCTIONS              : Double sinh(NUMERIC arg)
2024-10-31T16:11:07.986-05:00 DEBUG 15192 --- [demo] [           main] org.hibernate.HQL_FUNCTIONS              : String soundex(arg)
2024-10-31T16:11:07.986-05:00 DEBUG 15192 --- [demo] [           main] org.hibernate.HQL_FUNCTIONS              : Object sql
2024-10-31T16:11:07.986-05:00 DEBUG 15192 --- [demo] [           main] org.hibernate.HQL_FUNCTIONS              : Double sqrt(NUMERIC arg)
2024-10-31T16:11:07.986-05:00 DEBUG 15192 --- [demo] [           main] org.hibernate.HQL_FUNCTIONS              : Double stddev(NUMERIC arg)
2024-10-31T16:11:07.986-05:00 DEBUG 15192 --- [demo] [           main] org.hibernate.HQL_FUNCTIONS              : Double stddev_pop(NUMERIC arg)
2024-10-31T16:11:07.986-05:00 DEBUG 15192 --- [demo] [           main] org.hibernate.HQL_FUNCTIONS              : Double stddev_samp(NUMERIC arg)
2024-10-31T16:11:07.986-05:00 DEBUG 15192 --- [demo] [           main] org.hibernate.HQL_FUNCTIONS              : String str(arg)
2024-10-31T16:11:07.986-05:00 DEBUG 15192 --- [demo] [           main] org.hibernate.HQL_FUNCTIONS              : String substr(STRING string, INTEGER start[, INTEGER length])
2024-10-31T16:11:07.986-05:00 DEBUG 15192 --- [demo] [           main] org.hibernate.HQL_FUNCTIONS              : String substring(STRING string{ from|,} INTEGER start[{ for|,} INTEGER length])
2024-10-31T16:11:07.986-05:00 DEBUG 15192 --- [demo] [           main] org.hibernate.HQL_FUNCTIONS              : sum(arg)
2024-10-31T16:11:07.986-05:00 DEBUG 15192 --- [demo] [           main] org.hibernate.HQL_FUNCTIONS              : Timestamp sysdate
2024-10-31T16:11:07.986-05:00 DEBUG 15192 --- [demo] [           main] org.hibernate.HQL_FUNCTIONS              : Timestamp systimestamp
2024-10-31T16:11:07.986-05:00 DEBUG 15192 --- [demo] [           main] org.hibernate.HQL_FUNCTIONS              : Double tan(NUMERIC arg)
2024-10-31T16:11:07.986-05:00 DEBUG 15192 --- [demo] [           main] org.hibernate.HQL_FUNCTIONS              : Double tanh(NUMERIC arg)
2024-10-31T16:11:07.986-05:00 DEBUG 15192 --- [demo] [           main] org.hibernate.HQL_FUNCTIONS              : timestampadd(TEMPORAL_UNIT field, INTEGER magnitude, TEMPORAL datetime)
2024-10-31T16:11:07.986-05:00 DEBUG 15192 --- [demo] [           main] org.hibernate.HQL_FUNCTIONS              : Long|Double timestampdiff(TEMPORAL_UNIT field, TEMPORAL start, TEMPORAL end)
2024-10-31T16:11:07.986-05:00 DEBUG 15192 --- [demo] [           main] org.hibernate.HQL_FUNCTIONS              : String to_char(ANY arg0[, STRING arg1, STRING arg2])
2024-10-31T16:11:07.987-05:00 DEBUG 15192 --- [demo] [           main] org.hibernate.HQL_FUNCTIONS              : Date to_date(STRING arg0[, STRING arg1, STRING arg2])
2024-10-31T16:11:07.987-05:00 DEBUG 15192 --- [demo] [           main] org.hibernate.HQL_FUNCTIONS              : Double to_number(STRING arg0[, STRING arg1, STRING arg2])
2024-10-31T16:11:07.987-05:00 DEBUG 15192 --- [demo] [           main] org.hibernate.HQL_FUNCTIONS              : Timestamp to_timestamp(STRING arg0[, STRING arg1, STRING arg2])
2024-10-31T16:11:07.987-05:00 DEBUG 15192 --- [demo] [           main] org.hibernate.HQL_FUNCTIONS              : String translate(STRING arg0, STRING arg1, STRING arg2)
2024-10-31T16:11:07.987-05:00 DEBUG 15192 --- [demo] [           main] org.hibernate.HQL_FUNCTIONS              : String trim([[{leading|trailing|both} ][STRING arg0 ]from] STRING arg1)
2024-10-31T16:11:07.987-05:00 DEBUG 15192 --- [demo] [           main] org.hibernate.HQL_FUNCTIONS              : trunc( ... )
2024-10-31T16:11:07.987-05:00 DEBUG 15192 --- [demo] [           main] org.hibernate.HQL_FUNCTIONS              : truncate( ... )
2024-10-31T16:11:07.987-05:00 DEBUG 15192 --- [demo] [           main] org.hibernate.HQL_FUNCTIONS              : String upper(STRING string)
2024-10-31T16:11:07.987-05:00 DEBUG 15192 --- [demo] [           main] org.hibernate.HQL_FUNCTIONS              : Double var_pop(NUMERIC arg)
2024-10-31T16:11:07.987-05:00 DEBUG 15192 --- [demo] [           main] org.hibernate.HQL_FUNCTIONS              : Double var_samp(NUMERIC arg)
2024-10-31T16:11:07.987-05:00 DEBUG 15192 --- [demo] [           main] org.hibernate.HQL_FUNCTIONS              : Double variance(NUMERIC arg)
2024-10-31T16:11:07.992-05:00 DEBUG 15192 --- [demo] [           main] org.hibernate.orm.query.plan.cache       : Starting QueryInterpretationCache(2048)
2024-10-31T16:11:08.086-05:00 DEBUG 15192 --- [demo] [           main] .h.s.i.SessionFactoryServiceRegistryImpl : EventListenerRegistry access via ServiceRegistry is deprecated.  Use `sessionFactory.getEventEngine().getListenerRegistry()` instead
2024-10-31T16:11:08.088-05:00 DEBUG 15192 --- [demo] [           main] h.e.i.EntityCopyObserverFactoryInitiator : Configured EntityCopyObserver strategy: disallow
2024-10-31T16:11:08.173-05:00 DEBUG 15192 --- [demo] [           main] o.h.boot.internal.ClassLoaderAccessImpl  : Not known whether passed class name [com.example.demo.DepartmentDTO] is safe
2024-10-31T16:11:08.173-05:00 DEBUG 15192 --- [demo] [           main] o.h.boot.internal.ClassLoaderAccessImpl  : No temp ClassLoader provided; using live ClassLoader for loading potentially unsafe class : com.example.demo.DepartmentDTO
2024-10-31T16:11:08.363-05:00 DEBUG 15192 --- [demo] [           main] o.h.b.i.bytebuddy.BytecodeProviderImpl   : HHH000513: Unable to create the ReflectionOptimizer for [com.example.demo.DepartmentDTO]: private accessor [departmentManager]
2024-10-31T16:11:08.390-05:00 DEBUG 15192 --- [demo] [           main] o.h.boot.internal.ClassLoaderAccessImpl  : Not known whether passed class name [com.example.demo.EmployeeDTO] is safe
2024-10-31T16:11:08.390-05:00 DEBUG 15192 --- [demo] [           main] o.h.boot.internal.ClassLoaderAccessImpl  : No temp ClassLoader provided; using live ClassLoader for loading potentially unsafe class : com.example.demo.EmployeeDTO
2024-10-31T16:11:08.404-05:00 DEBUG 15192 --- [demo] [           main] o.h.b.i.bytebuddy.BytecodeProviderImpl   : HHH000513: Unable to create the ReflectionOptimizer for [com.example.demo.EmployeeDTO]: private accessor [departmentId]
2024-10-31T16:11:08.404-05:00 DEBUG 15192 --- [demo] [           main] o.h.boot.internal.ClassLoaderAccessImpl  : Not known whether passed class name [com.example.demo.PerformanceReviewDTO] is safe
2024-10-31T16:11:08.405-05:00 DEBUG 15192 --- [demo] [           main] o.h.boot.internal.ClassLoaderAccessImpl  : No temp ClassLoader provided; using live ClassLoader for loading potentially unsafe class : com.example.demo.PerformanceReviewDTO
2024-10-31T16:11:08.418-05:00 DEBUG 15192 --- [demo] [           main] o.h.b.i.bytebuddy.BytecodeProviderImpl   : HHH000513: Unable to create the ReflectionOptimizer for [com.example.demo.PerformanceReviewDTO]: private accessor [employeeId]
2024-10-31T16:11:08.435-05:00 DEBUG 15192 --- [demo] [           main] o.hibernate.orm.model.mapping.creation   : Starting post-init callbacks
2024-10-31T16:11:08.435-05:00 DEBUG 15192 --- [demo] [           main] o.hibernate.orm.model.mapping.creation   : Starting PostInitCallbackEntry : Entity(com.example.demo.DepartmentDTO) `staticFetchableList` generator
2024-10-31T16:11:08.435-05:00 DEBUG 15192 --- [demo] [           main] o.hibernate.orm.model.mapping.creation   : Starting PostInitCallbackEntry : Entity(com.example.demo.EmployeeDTO) `staticFetchableList` generator
2024-10-31T16:11:08.435-05:00 DEBUG 15192 --- [demo] [           main] o.hibernate.orm.model.mapping.creation   : Starting PostInitCallbackEntry : Entity(com.example.demo.PerformanceReviewDTO) `staticFetchableList` generator
2024-10-31T16:11:08.527-05:00 DEBUG 15192 --- [demo] [           main] org.hibernate.orm.sql.ast.create         : Created new SQL alias : dd1_0
2024-10-31T16:11:08.528-05:00 DEBUG 15192 --- [demo] [           main] org.hibernate.orm.sql.ast.create         : Registration of TableGroup [StandardTableGroup(com.example.demo.DepartmentDTO)] with identifierForTableGroup [com.example.demo.DepartmentDTO] for NavigablePath [com.example.demo.DepartmentDTO] 
2024-10-31T16:11:08.541-05:00 DEBUG 15192 --- [demo] [           main] org.hibernate.orm.results.graph.AST      : DomainResult Graph:
 \-EntityResultImpl [com.example.demo.DepartmentDTO]
 |  +-BasicFetch [com.example.demo.DepartmentDTO.departmentManager]
 |  \-BasicFetch [com.example.demo.DepartmentDTO.departmentName]

2024-10-31T16:11:08.543-05:00 DEBUG 15192 --- [demo] [           main] org.hibernate.orm.sql.ast.tree           : SQL AST Tree:
    SelectStatement {
      FromClause {
        StandardTableGroup (dd1 : com.example.demo.DepartmentDTO) {
          primaryTableReference : departmentdto as dd1_0
        }
      }
    }

2024-10-31T16:11:08.550-05:00 DEBUG 15192 --- [demo] [           main] o.h.p.entity.AbstractEntityPersister     : Static SQL for entity: com.example.demo.DepartmentDTO
2024-10-31T16:11:08.550-05:00 DEBUG 15192 --- [demo] [           main] o.h.p.entity.AbstractEntityPersister     :  Version select: select department_id from departmentdto where department_id=?
2024-10-31T16:11:08.550-05:00 DEBUG 15192 --- [demo] [           main] o.h.p.entity.AbstractEntityPersister     :  Insert (0): insert into departmentdto (department_manager,department_name,department_id) values (?,?,default)
2024-10-31T16:11:08.550-05:00 DEBUG 15192 --- [demo] [           main] o.h.p.entity.AbstractEntityPersister     :  Update (0): update departmentdto set department_manager=?,department_name=? where department_id=?
2024-10-31T16:11:08.550-05:00 DEBUG 15192 --- [demo] [           main] o.h.p.entity.AbstractEntityPersister     :  Delete (0): delete from departmentdto where department_id=?
2024-10-31T16:11:08.550-05:00 DEBUG 15192 --- [demo] [           main] org.hibernate.orm.sql.ast.create         : Created new SQL alias : ed1_0
2024-10-31T16:11:08.550-05:00 DEBUG 15192 --- [demo] [           main] org.hibernate.orm.sql.ast.create         : Registration of TableGroup [StandardTableGroup(com.example.demo.EmployeeDTO)] with identifierForTableGroup [com.example.demo.EmployeeDTO] for NavigablePath [com.example.demo.EmployeeDTO] 
2024-10-31T16:11:08.551-05:00 DEBUG 15192 --- [demo] [           main] org.hibernate.orm.results.graph.AST      : DomainResult Graph:
 \-EntityResultImpl [com.example.demo.EmployeeDTO]
 |  +-BasicFetch [com.example.demo.EmployeeDTO.departmentId]
 |  +-BasicFetch [com.example.demo.EmployeeDTO.employeeName]
 |  +-BasicFetch [com.example.demo.EmployeeDTO.roleId]
 |  \-BasicFetch [com.example.demo.EmployeeDTO.salary]

2024-10-31T16:11:08.551-05:00 DEBUG 15192 --- [demo] [           main] org.hibernate.orm.sql.ast.tree           : SQL AST Tree:
    SelectStatement {
      FromClause {
        StandardTableGroup (ed1 : com.example.demo.EmployeeDTO) {
          primaryTableReference : employeedto as ed1_0
        }
      }
    }

2024-10-31T16:11:08.551-05:00 DEBUG 15192 --- [demo] [           main] o.h.p.entity.AbstractEntityPersister     : Static SQL for entity: com.example.demo.EmployeeDTO
2024-10-31T16:11:08.551-05:00 DEBUG 15192 --- [demo] [           main] o.h.p.entity.AbstractEntityPersister     :  Version select: select employee_id from employeedto where employee_id=?
2024-10-31T16:11:08.551-05:00 DEBUG 15192 --- [demo] [           main] o.h.p.entity.AbstractEntityPersister     :  Insert (0): insert into employeedto (department_id,employee_name,role_id,salary,employee_id) values (?,?,?,?,default)
2024-10-31T16:11:08.551-05:00 DEBUG 15192 --- [demo] [           main] o.h.p.entity.AbstractEntityPersister     :  Update (0): update employeedto set department_id=?,employee_name=?,role_id=?,salary=? where employee_id=?
2024-10-31T16:11:08.551-05:00 DEBUG 15192 --- [demo] [           main] o.h.p.entity.AbstractEntityPersister     :  Delete (0): delete from employeedto where employee_id=?
2024-10-31T16:11:08.551-05:00 DEBUG 15192 --- [demo] [           main] org.hibernate.orm.sql.ast.create         : Created new SQL alias : prd1_0
2024-10-31T16:11:08.551-05:00 DEBUG 15192 --- [demo] [           main] org.hibernate.orm.sql.ast.create         : Registration of TableGroup [StandardTableGroup(com.example.demo.PerformanceReviewDTO)] with identifierForTableGroup [com.example.demo.PerformanceReviewDTO] for NavigablePath [com.example.demo.PerformanceReviewDTO] 
2024-10-31T16:11:08.551-05:00 DEBUG 15192 --- [demo] [           main] org.hibernate.orm.results.graph.AST      : DomainResult Graph:
 \-EntityResultImpl [com.example.demo.PerformanceReviewDTO]
 |  +-BasicFetch [com.example.demo.PerformanceReviewDTO.employeeId]
 |  +-BasicFetch [com.example.demo.PerformanceReviewDTO.reviewComments]
 |  +-BasicFetch [com.example.demo.PerformanceReviewDTO.reviewDate]
 |  \-BasicFetch [com.example.demo.PerformanceReviewDTO.reviewScore]

2024-10-31T16:11:08.551-05:00 DEBUG 15192 --- [demo] [           main] org.hibernate.orm.sql.ast.tree           : SQL AST Tree:
    SelectStatement {
      FromClause {
        StandardTableGroup (prd1 : com.example.demo.PerformanceReviewDTO) {
          primaryTableReference : performance_reviewdto as prd1_0
        }
      }
    }

2024-10-31T16:11:08.551-05:00 DEBUG 15192 --- [demo] [           main] o.h.p.entity.AbstractEntityPersister     : Static SQL for entity: com.example.demo.PerformanceReviewDTO
2024-10-31T16:11:08.551-05:00 DEBUG 15192 --- [demo] [           main] o.h.p.entity.AbstractEntityPersister     :  Version select: select review_id from performance_reviewdto where review_id=?
2024-10-31T16:11:08.551-05:00 DEBUG 15192 --- [demo] [           main] o.h.p.entity.AbstractEntityPersister     :  Insert (0): insert into performance_reviewdto (employee_id,review_comments,review_date,review_score,review_id) values (?,?,?,?,default)
2024-10-31T16:11:08.551-05:00 DEBUG 15192 --- [demo] [           main] o.h.p.entity.AbstractEntityPersister     :  Update (0): update performance_reviewdto set employee_id=?,review_comments=?,review_date=?,review_score=? where review_id=?
2024-10-31T16:11:08.551-05:00 DEBUG 15192 --- [demo] [           main] o.h.p.entity.AbstractEntityPersister     :  Delete (0): delete from performance_reviewdto where review_id=?
2024-10-31T16:11:08.574-05:00  INFO 15192 --- [demo] [           main] o.h.e.t.j.p.i.JtaPlatformInitiator       : HHH000489: No JTA platform available (set 'hibernate.transaction.jta.platform' to enable JTA platform integration)
2024-10-31T16:11:08.575-05:00 DEBUG 15192 --- [demo] [           main] o.h.type.spi.TypeConfiguration$Scope     : Scoping TypeConfiguration [org.hibernate.type.spi.TypeConfiguration@6dd38df2] to SessionFactoryImplementor [org.hibernate.internal.SessionFactoryImpl@359a2c96]
2024-10-31T16:11:08.576-05:00 DEBUG 15192 --- [demo] [           main] o.h.query.named.NamedObjectRepository    : Checking 0 named HQL queries
2024-10-31T16:11:08.576-05:00 DEBUG 15192 --- [demo] [           main] o.h.query.named.NamedObjectRepository    : Checking 0 named SQL queries
2024-10-31T16:11:08.802-05:00 DEBUG 15192 --- [demo] [           main] org.hibernate.mapping.Table              : No alter strings for table : departmentdto
2024-10-31T16:11:08.803-05:00 DEBUG 15192 --- [demo] [           main] org.hibernate.mapping.Table              : No alter strings for table : employeedto
2024-10-31T16:11:08.803-05:00 DEBUG 15192 --- [demo] [           main] org.hibernate.mapping.Table              : No alter strings for table : performance_reviewdto
2024-10-31T16:11:08.804-05:00 DEBUG 15192 --- [demo] [           main] o.h.internal.SessionFactoryRegistry      : Initializing SessionFactoryRegistry : org.hibernate.internal.SessionFactoryRegistry@458704ee
2024-10-31T16:11:08.804-05:00 DEBUG 15192 --- [demo] [           main] o.h.internal.SessionFactoryRegistry      : Registering SessionFactory: 27ae936f-9146-4535-9a80-fb73896ad76e (<unnamed>)
2024-10-31T16:11:08.804-05:00 DEBUG 15192 --- [demo] [           main] o.h.internal.SessionFactoryRegistry      : Not binding SessionFactory to JNDI, no JNDI name configured
2024-10-31T16:11:08.804-05:00 DEBUG 15192 --- [demo] [           main] o.hibernate.internal.SessionFactoryImpl  : Instantiated SessionFactory
2024-10-31T16:11:08.804-05:00  INFO 15192 --- [demo] [           main] j.LocalContainerEntityManagerFactoryBean : Initialized JPA EntityManagerFactory for persistence unit 'default'
2024-10-31T16:11:09.040-05:00  INFO 15192 --- [demo] [           main] r$InitializeUserDetailsManagerConfigurer : Global AuthenticationManager configured with UserDetailsService bean with name userDetailsService
2024-10-31T16:11:09.411-05:00 DEBUG 15192 --- [demo] [           main] .h.v.m.ResourceBundleMessageInterpolator : Loaded expression factory via original TCCL
2024-10-31T16:11:09.413-05:00 DEBUG 15192 --- [demo] [           main] o.h.v.i.e.AbstractConfigurationImpl      : Setting custom MessageInterpolator of type org.springframework.validation.beanvalidation.LocaleContextMessageInterpolator
2024-10-31T16:11:09.413-05:00 DEBUG 15192 --- [demo] [           main] o.h.v.i.e.AbstractConfigurationImpl      : Setting custom ConstraintValidatorFactory of type org.springframework.validation.beanvalidation.SpringConstraintValidatorFactory
2024-10-31T16:11:09.414-05:00 DEBUG 15192 --- [demo] [           main] o.h.v.i.xml.config.ValidationXmlParser   : Trying to load META-INF/validation.xml for XML based Validator configuration.
2024-10-31T16:11:09.414-05:00 DEBUG 15192 --- [demo] [           main] o.h.v.i.xml.config.ResourceLoaderHelper  : Trying to load META-INF/validation.xml via user class loader
2024-10-31T16:11:09.414-05:00 DEBUG 15192 --- [demo] [           main] o.h.v.i.xml.config.ResourceLoaderHelper  : Trying to load META-INF/validation.xml via TCCL
2024-10-31T16:11:09.414-05:00 DEBUG 15192 --- [demo] [           main] o.h.v.i.xml.config.ResourceLoaderHelper  : Trying to load META-INF/validation.xml via Hibernate Validator's class loader
2024-10-31T16:11:09.414-05:00 DEBUG 15192 --- [demo] [           main] o.h.v.i.xml.config.ValidationXmlParser   : No META-INF/validation.xml found. Using annotation based configuration only.
2024-10-31T16:11:09.414-05:00 DEBUG 15192 --- [demo] [           main] o.h.v.i.e.resolver.TraversableResolvers  : Found jakarta.persistence.Persistence on classpath containing 'getPersistenceUtil'. Assuming JPA 2 environment. Trying to instantiate JPA aware TraversableResolver
2024-10-31T16:11:09.414-05:00 DEBUG 15192 --- [demo] [           main] o.h.v.i.e.resolver.TraversableResolvers  : Instantiated JPA aware TraversableResolver of type org.hibernate.validator.internal.engine.resolver.JPATraversableResolver.
2024-10-31T16:11:09.415-05:00 DEBUG 15192 --- [demo] [           main] .i.e.ValidatorFactoryConfigurationHelper : HV000252: Using org.hibernate.validator.internal.engine.DefaultPropertyNodeNameProvider as property node name provider.
2024-10-31T16:11:09.416-05:00 DEBUG 15192 --- [demo] [           main] .i.e.ValidatorFactoryConfigurationHelper : HV000234: Using org.springframework.validation.beanvalidation.LocaleContextMessageInterpolator as ValidatorFactory-scoped message interpolator.
2024-10-31T16:11:09.416-05:00 DEBUG 15192 --- [demo] [           main] .i.e.ValidatorFactoryConfigurationHelper : HV000234: Using org.hibernate.validator.internal.engine.resolver.JPATraversableResolver as ValidatorFactory-scoped traversable resolver.
2024-10-31T16:11:09.416-05:00 DEBUG 15192 --- [demo] [           main] .i.e.ValidatorFactoryConfigurationHelper : HV000234: Using org.hibernate.validator.internal.util.ExecutableParameterNameProvider as ValidatorFactory-scoped parameter name provider.
2024-10-31T16:11:09.416-05:00 DEBUG 15192 --- [demo] [           main] .i.e.ValidatorFactoryConfigurationHelper : HV000234: Using org.hibernate.validator.internal.engine.DefaultClockProvider as ValidatorFactory-scoped clock provider.
2024-10-31T16:11:09.416-05:00 DEBUG 15192 --- [demo] [           main] .i.e.ValidatorFactoryConfigurationHelper : HV000234: Using org.hibernate.validator.internal.engine.scripting.DefaultScriptEvaluatorFactory as ValidatorFactory-scoped script evaluator factory.
2024-10-31T16:11:09.637-05:00  INFO 15192 --- [demo] [           main] com.example.demo.DemoApplicationTests    : Started DemoApplicationTests in 4.994 seconds (process running for 5.881)
]]></system-out>
    <system-err><![CDATA[WARNING: A Java agent has been loaded dynamically (/Users/lucas/.m2/repository/net/bytebuddy/byte-buddy-agent/1.14.19/byte-buddy-agent-1.14.19.jar)
WARNING: If a serviceability tool is in use, please run with -XX:+EnableDynamicAgentLoading to hide this warning
WARNING: If a serviceability tool is not in use, please run with -Djdk.instrument.traceUsage for more information
WARNING: Dynamic loading of agents will be disallowed by default in a future release
]]></system-err>
  </testcase>
</testsuite>