<?xml version="1.0" encoding="UTF-8"?>
<testsuite xmlns:xsi="http://www.w3.org/2001/XMLSchema-instance" xsi:noNamespaceSchemaLocation="https://maven.apache.org/surefire/maven-surefire-plugin/xsd/surefire-test-report-3.0.xsd" version="3.0" name="com.example.demo.DemoApplicationTests" time="6.85" tests="1" errors="0" skipped="0" failures="0">
  <properties>
    <property name="java.specification.version" value="22"/>
    <property name="sun.jnu.encoding" value="UTF-8"/>
    <property name="java.class.path" value="/Users/lucas/Downloads/Oracle_E_Commerce_App/target/test-classes:/Users/lucas/Downloads/Oracle_E_Commerce_App/target/classes:/Users/lucas/.m2/repository/org/springframework/boot/spring-boot-starter-logging/3.3.4/spring-boot-starter-logging-3.3.4.jar:/Users/lucas/.m2/repository/ch/qos/logback/logback-classic/1.5.8/logback-classic-1.5.8.jar:/Users/lucas/.m2/repository/ch/qos/logback/logback-core/1.5.8/logback-core-1.5.8.jar:/Users/lucas/.m2/repository/org/slf4j/slf4j-api/2.0.16/slf4j-api-2.0.16.jar:/Users/lucas/.m2/repository/org/apache/logging/log4j/log4j-to-slf4j/2.23.1/log4j-to-slf4j-2.23.1.jar:/Users/lucas/.m2/repository/org/apache/logging/log4j/log4j-api/2.23.1/log4j-api-2.23.1.jar:/Users/lucas/.m2/repository/org/slf4j/jul-to-slf4j/2.0.16/jul-to-slf4j-2.0.16.jar:/Users/lucas/.m2/repository/org/springframework/boot/spring-boot-starter-web/3.3.4/spring-boot-starter-web-3.3.4.jar:/Users/lucas/.m2/repository/org/springframework/boot/spring-boot-starter/3.3.4/spring-boot-starter-3.3.4.jar:/Users/lucas/.m2/repository/org/springframework/boot/spring-boot/3.3.4/spring-boot-3.3.4.jar:/Users/lucas/.m2/repository/org/springframework/boot/spring-boot-autoconfigure/3.3.4/spring-boot-autoconfigure-3.3.4.jar:/Users/lucas/.m2/repository/jakarta/annotation/jakarta.annotation-api/2.1.1/jakarta.annotation-api-2.1.1.jar:/Users/lucas/.m2/repository/org/yaml/snakeyaml/2.2/snakeyaml-2.2.jar:/Users/lucas/.m2/repository/org/springframework/boot/spring-boot-starter-json/3.3.4/spring-boot-starter-json-3.3.4.jar:/Users/lucas/.m2/repository/com/fasterxml/jackson/core/jackson-databind/2.17.2/jackson-databind-2.17.2.jar:/Users/lucas/.m2/repository/com/fasterxml/jackson/core/jackson-annotations/2.17.2/jackson-annotations-2.17.2.jar:/Users/lucas/.m2/repository/com/fasterxml/jackson/core/jackson-core/2.17.2/jackson-core-2.17.2.jar:/Users/lucas/.m2/repository/com/fasterxml/jackson/datatype/jackson-datatype-jdk8/2.17.2/jackson-datatype-jdk8-2.17.2.jar:/Users/lucas/.m2/repository/com/fasterxml/jackson/datatype/jackson-datatype-jsr310/2.17.2/jackson-datatype-jsr310-2.17.2.jar:/Users/lucas/.m2/repository/com/fasterxml/jackson/module/jackson-module-parameter-names/2.17.2/jackson-module-parameter-names-2.17.2.jar:/Users/lucas/.m2/repository/org/springframework/boot/spring-boot-starter-tomcat/3.3.4/spring-boot-starter-tomcat-3.3.4.jar:/Users/lucas/.m2/repository/org/apache/tomcat/embed/tomcat-embed-core/10.1.30/tomcat-embed-core-10.1.30.jar:/Users/lucas/.m2/repository/org/apache/tomcat/embed/tomcat-embed-websocket/10.1.30/tomcat-embed-websocket-10.1.30.jar:/Users/lucas/.m2/repository/org/springframework/spring-web/6.1.13/spring-web-6.1.13.jar:/Users/lucas/.m2/repository/org/springframework/spring-beans/6.1.13/spring-beans-6.1.13.jar:/Users/lucas/.m2/repository/io/micrometer/micrometer-observation/1.13.4/micrometer-observation-1.13.4.jar:/Users/lucas/.m2/repository/io/micrometer/micrometer-commons/1.13.4/micrometer-commons-1.13.4.jar:/Users/lucas/.m2/repository/org/springframework/spring-webmvc/6.1.13/spring-webmvc-6.1.13.jar:/Users/lucas/.m2/repository/org/springframework/spring-context/6.1.13/spring-context-6.1.13.jar:/Users/lucas/.m2/repository/org/springframework/spring-expression/6.1.13/spring-expression-6.1.13.jar:/Users/lucas/.m2/repository/org/springframework/boot/spring-boot-starter-validation/3.3.4/spring-boot-starter-validation-3.3.4.jar:/Users/lucas/.m2/repository/org/apache/tomcat/embed/tomcat-embed-el/10.1.30/tomcat-embed-el-10.1.30.jar:/Users/lucas/.m2/repository/org/hibernate/validator/hibernate-validator/8.0.1.Final/hibernate-validator-8.0.1.Final.jar:/Users/lucas/.m2/repository/jakarta/validation/jakarta.validation-api/3.0.2/jakarta.validation-api-3.0.2.jar:/Users/lucas/.m2/repository/org/jboss/logging/jboss-logging/3.5.3.Final/jboss-logging-3.5.3.Final.jar:/Users/lucas/.m2/repository/com/fasterxml/classmate/1.7.0/classmate-1.7.0.jar:/Users/lucas/.m2/repository/org/hibernate/orm/hibernate-core/6.5.3.Final/hibernate-core-6.5.3.Final.jar:/Users/lucas/.m2/repository/jakarta/persistence/jakarta.persistence-api/3.1.0/jakarta.persistence-api-3.1.0.jar:/Users/lucas/.m2/repository/jakarta/transaction/jakarta.transaction-api/2.0.1/jakarta.transaction-api-2.0.1.jar:/Users/lucas/.m2/repository/org/hibernate/common/hibernate-commons-annotations/6.0.6.Final/hibernate-commons-annotations-6.0.6.Final.jar:/Users/lucas/.m2/repository/io/smallrye/jandex/3.1.2/jandex-3.1.2.jar:/Users/lucas/.m2/repository/net/bytebuddy/byte-buddy/1.14.19/byte-buddy-1.14.19.jar:/Users/lucas/.m2/repository/jakarta/xml/bind/jakarta.xml.bind-api/4.0.2/jakarta.xml.bind-api-4.0.2.jar:/Users/lucas/.m2/repository/jakarta/activation/jakarta.activation-api/2.1.3/jakarta.activation-api-2.1.3.jar:/Users/lucas/.m2/repository/org/glassfish/jaxb/jaxb-runtime/4.0.5/jaxb-runtime-4.0.5.jar:/Users/lucas/.m2/repository/org/glassfish/jaxb/jaxb-core/4.0.5/jaxb-core-4.0.5.jar:/Users/lucas/.m2/repository/org/eclipse/angus/angus-activation/2.0.2/angus-activation-2.0.2.jar:/Users/lucas/.m2/repository/org/glassfish/jaxb/txw2/4.0.5/txw2-4.0.5.jar:/Users/lucas/.m2/repository/com/sun/istack/istack-commons-runtime/4.1.2/istack-commons-runtime-4.1.2.jar:/Users/lucas/.m2/repository/jakarta/inject/jakarta.inject-api/2.0.1/jakarta.inject-api-2.0.1.jar:/Users/lucas/.m2/repository/org/antlr/antlr4-runtime/4.13.0/antlr4-runtime-4.13.0.jar:/Users/lucas/.m2/repository/org/springframework/boot/spring-boot-starter-data-jpa/3.3.4/spring-boot-starter-data-jpa-3.3.4.jar:/Users/lucas/.m2/repository/org/springframework/boot/spring-boot-starter-aop/3.3.4/spring-boot-starter-aop-3.3.4.jar:/Users/lucas/.m2/repository/org/aspectj/aspectjweaver/1.9.22.1/aspectjweaver-1.9.22.1.jar:/Users/lucas/.m2/repository/org/springframework/boot/spring-boot-starter-jdbc/3.3.4/spring-boot-starter-jdbc-3.3.4.jar:/Users/lucas/.m2/repository/com/zaxxer/HikariCP/5.1.0/HikariCP-5.1.0.jar:/Users/lucas/.m2/repository/org/springframework/spring-jdbc/6.1.13/spring-jdbc-6.1.13.jar:/Users/lucas/.m2/repository/org/springframework/data/spring-data-jpa/3.3.4/spring-data-jpa-3.3.4.jar:/Users/lucas/.m2/repository/org/springframework/data/spring-data-commons/3.3.4/spring-data-commons-3.3.4.jar:/Users/lucas/.m2/repository/org/springframework/spring-orm/6.1.13/spring-orm-6.1.13.jar:/Users/lucas/.m2/repository/org/springframework/spring-tx/6.1.13/spring-tx-6.1.13.jar:/Users/lucas/.m2/repository/org/springframework/spring-aspects/6.1.13/spring-aspects-6.1.13.jar:/Users/lucas/.m2/repository/com/oracle/database/jdbc/ojdbc11/21.9.0.0/ojdbc11-21.9.0.0.jar:/Users/lucas/.m2/repository/javax/persistence/javax.persistence-api/2.2/javax.persistence-api-2.2.jar:/Users/lucas/.m2/repository/org/springframework/boot/spring-boot-starter-security/3.3.4/spring-boot-starter-security-3.3.4.jar:/Users/lucas/.m2/repository/org/springframework/spring-aop/6.1.13/spring-aop-6.1.13.jar:/Users/lucas/.m2/repository/org/springframework/security/spring-security-config/6.3.3/spring-security-config-6.3.3.jar:/Users/lucas/.m2/repository/org/springframework/security/spring-security-web/6.3.3/spring-security-web-6.3.3.jar:/Users/lucas/.m2/repository/org/springframework/boot/spring-boot-starter-test/3.3.4/spring-boot-starter-test-3.3.4.jar:/Users/lucas/.m2/repository/org/springframework/boot/spring-boot-test/3.3.4/spring-boot-test-3.3.4.jar:/Users/lucas/.m2/repository/org/springframework/boot/spring-boot-test-autoconfigure/3.3.4/spring-boot-test-autoconfigure-3.3.4.jar:/Users/lucas/.m2/repository/com/jayway/jsonpath/json-path/2.9.0/json-path-2.9.0.jar:/Users/lucas/.m2/repository/net/minidev/json-smart/2.5.1/json-smart-2.5.1.jar:/Users/lucas/.m2/repository/net/minidev/accessors-smart/2.5.1/accessors-smart-2.5.1.jar:/Users/lucas/.m2/repository/org/ow2/asm/asm/9.6/asm-9.6.jar:/Users/lucas/.m2/repository/org/assertj/assertj-core/3.25.3/assertj-core-3.25.3.jar:/Users/lucas/.m2/repository/org/awaitility/awaitility/4.2.2/awaitility-4.2.2.jar:/Users/lucas/.m2/repository/org/hamcrest/hamcrest/2.2/hamcrest-2.2.jar:/Users/lucas/.m2/repository/org/junit/jupiter/junit-jupiter/5.10.3/junit-jupiter-5.10.3.jar:/Users/lucas/.m2/repository/org/junit/jupiter/junit-jupiter-api/5.10.3/junit-jupiter-api-5.10.3.jar:/Users/lucas/.m2/repository/org/opentest4j/opentest4j/1.3.0/opentest4j-1.3.0.jar:/Users/lucas/.m2/repository/org/junit/platform/junit-platform-commons/1.10.3/junit-platform-commons-1.10.3.jar:/Users/lucas/.m2/repository/org/apiguardian/apiguardian-api/1.1.2/apiguardian-api-1.1.2.jar:/Users/lucas/.m2/repository/org/junit/jupiter/junit-jupiter-params/5.10.3/junit-jupiter-params-5.10.3.jar:/Users/lucas/.m2/repository/org/junit/jupiter/junit-jupiter-engine/5.10.3/junit-jupiter-engine-5.10.3.jar:/Users/lucas/.m2/repository/org/junit/platform/junit-platform-engine/1.10.3/junit-platform-engine-1.10.3.jar:/Users/lucas/.m2/repository/org/mockito/mockito-core/5.11.0/mockito-core-5.11.0.jar:/Users/lucas/.m2/repository/net/bytebuddy/byte-buddy-agent/1.14.19/byte-buddy-agent-1.14.19.jar:/Users/lucas/.m2/repository/org/objenesis/objenesis/3.3/objenesis-3.3.jar:/Users/lucas/.m2/repository/org/mockito/mockito-junit-jupiter/5.11.0/mockito-junit-jupiter-5.11.0.jar:/Users/lucas/.m2/repository/org/skyscreamer/jsonassert/1.5.3/jsonassert-1.5.3.jar:/Users/lucas/.m2/repository/com/vaadin/external/google/android-json/0.0.20131108.vaadin1/android-json-0.0.20131108.vaadin1.jar:/Users/lucas/.m2/repository/org/springframework/spring-core/6.1.13/spring-core-6.1.13.jar:/Users/lucas/.m2/repository/org/springframework/spring-jcl/6.1.13/spring-jcl-6.1.13.jar:/Users/lucas/.m2/repository/org/springframework/spring-test/6.1.13/spring-test-6.1.13.jar:/Users/lucas/.m2/repository/org/xmlunit/xmlunit-core/2.9.1/xmlunit-core-2.9.1.jar:/Users/lucas/.m2/repository/org/springframework/security/spring-security-test/6.3.3/spring-security-test-6.3.3.jar:/Users/lucas/.m2/repository/org/springframework/security/spring-security-core/6.3.3/spring-security-core-6.3.3.jar:/Users/lucas/.m2/repository/org/springframework/security/spring-security-crypto/6.3.3/spring-security-crypto-6.3.3.jar:"/>
    <property name="java.vm.vendor" value="Oracle Corporation"/>
    <property name="sun.arch.data.model" value="64"/>
    <property name="java.vendor.url" value="https://java.oracle.com/"/>
    <property name="user.timezone" value="America/Chicago"/>
    <property name="org.jboss.logging.provider" value="slf4j"/>
    <property name="os.name" value="Mac OS X"/>
    <property name="java.vm.specification.version" value="22"/>
    <property name="sun.java.launcher" value="SUN_STANDARD"/>
    <property name="user.country" value="US"/>
    <property name="sun.boot.library.path" value="/Library/Java/JavaVirtualMachines/jdk-22.jdk/Contents/Home/lib"/>
    <property name="sun.java.command" value="/Users/lucas/Downloads/Oracle_E_Commerce_App/target/surefire/surefirebooter-20241106213709766_3.jar /Users/lucas/Downloads/Oracle_E_Commerce_App/target/surefire 2024-11-06T21-37-09_681-jvmRun1 surefire-20241106213709766_1tmp surefire_0-20241106213709766_2tmp"/>
    <property name="http.nonProxyHosts" value="local|*.local|169.254/16|*.169.254/16"/>
    <property name="jdk.debug" value="release"/>
    <property name="surefire.test.class.path" value="/Users/lucas/Downloads/Oracle_E_Commerce_App/target/test-classes:/Users/lucas/Downloads/Oracle_E_Commerce_App/target/classes:/Users/lucas/.m2/repository/org/springframework/boot/spring-boot-starter-logging/3.3.4/spring-boot-starter-logging-3.3.4.jar:/Users/lucas/.m2/repository/ch/qos/logback/logback-classic/1.5.8/logback-classic-1.5.8.jar:/Users/lucas/.m2/repository/ch/qos/logback/logback-core/1.5.8/logback-core-1.5.8.jar:/Users/lucas/.m2/repository/org/slf4j/slf4j-api/2.0.16/slf4j-api-2.0.16.jar:/Users/lucas/.m2/repository/org/apache/logging/log4j/log4j-to-slf4j/2.23.1/log4j-to-slf4j-2.23.1.jar:/Users/lucas/.m2/repository/org/apache/logging/log4j/log4j-api/2.23.1/log4j-api-2.23.1.jar:/Users/lucas/.m2/repository/org/slf4j/jul-to-slf4j/2.0.16/jul-to-slf4j-2.0.16.jar:/Users/lucas/.m2/repository/org/springframework/boot/spring-boot-starter-web/3.3.4/spring-boot-starter-web-3.3.4.jar:/Users/lucas/.m2/repository/org/springframework/boot/spring-boot-starter/3.3.4/spring-boot-starter-3.3.4.jar:/Users/lucas/.m2/repository/org/springframework/boot/spring-boot/3.3.4/spring-boot-3.3.4.jar:/Users/lucas/.m2/repository/org/springframework/boot/spring-boot-autoconfigure/3.3.4/spring-boot-autoconfigure-3.3.4.jar:/Users/lucas/.m2/repository/jakarta/annotation/jakarta.annotation-api/2.1.1/jakarta.annotation-api-2.1.1.jar:/Users/lucas/.m2/repository/org/yaml/snakeyaml/2.2/snakeyaml-2.2.jar:/Users/lucas/.m2/repository/org/springframework/boot/spring-boot-starter-json/3.3.4/spring-boot-starter-json-3.3.4.jar:/Users/lucas/.m2/repository/com/fasterxml/jackson/core/jackson-databind/2.17.2/jackson-databind-2.17.2.jar:/Users/lucas/.m2/repository/com/fasterxml/jackson/core/jackson-annotations/2.17.2/jackson-annotations-2.17.2.jar:/Users/lucas/.m2/repository/com/fasterxml/jackson/core/jackson-core/2.17.2/jackson-core-2.17.2.jar:/Users/lucas/.m2/repository/com/fasterxml/jackson/datatype/jackson-datatype-jdk8/2.17.2/jackson-datatype-jdk8-2.17.2.jar:/Users/lucas/.m2/repository/com/fasterxml/jackson/datatype/jackson-datatype-jsr310/2.17.2/jackson-datatype-jsr310-2.17.2.jar:/Users/lucas/.m2/repository/com/fasterxml/jackson/module/jackson-module-parameter-names/2.17.2/jackson-module-parameter-names-2.17.2.jar:/Users/lucas/.m2/repository/org/springframework/boot/spring-boot-starter-tomcat/3.3.4/spring-boot-starter-tomcat-3.3.4.jar:/Users/lucas/.m2/repository/org/apache/tomcat/embed/tomcat-embed-core/10.1.30/tomcat-embed-core-10.1.30.jar:/Users/lucas/.m2/repository/org/apache/tomcat/embed/tomcat-embed-websocket/10.1.30/tomcat-embed-websocket-10.1.30.jar:/Users/lucas/.m2/repository/org/springframework/spring-web/6.1.13/spring-web-6.1.13.jar:/Users/lucas/.m2/repository/org/springframework/spring-beans/6.1.13/spring-beans-6.1.13.jar:/Users/lucas/.m2/repository/io/micrometer/micrometer-observation/1.13.4/micrometer-observation-1.13.4.jar:/Users/lucas/.m2/repository/io/micrometer/micrometer-commons/1.13.4/micrometer-commons-1.13.4.jar:/Users/lucas/.m2/repository/org/springframework/spring-webmvc/6.1.13/spring-webmvc-6.1.13.jar:/Users/lucas/.m2/repository/org/springframework/spring-context/6.1.13/spring-context-6.1.13.jar:/Users/lucas/.m2/repository/org/springframework/spring-expression/6.1.13/spring-expression-6.1.13.jar:/Users/lucas/.m2/repository/org/springframework/boot/spring-boot-starter-validation/3.3.4/spring-boot-starter-validation-3.3.4.jar:/Users/lucas/.m2/repository/org/apache/tomcat/embed/tomcat-embed-el/10.1.30/tomcat-embed-el-10.1.30.jar:/Users/lucas/.m2/repository/org/hibernate/validator/hibernate-validator/8.0.1.Final/hibernate-validator-8.0.1.Final.jar:/Users/lucas/.m2/repository/jakarta/validation/jakarta.validation-api/3.0.2/jakarta.validation-api-3.0.2.jar:/Users/lucas/.m2/repository/org/jboss/logging/jboss-logging/3.5.3.Final/jboss-logging-3.5.3.Final.jar:/Users/lucas/.m2/repository/com/fasterxml/classmate/1.7.0/classmate-1.7.0.jar:/Users/lucas/.m2/repository/org/hibernate/orm/hibernate-core/6.5.3.Final/hibernate-core-6.5.3.Final.jar:/Users/lucas/.m2/repository/jakarta/persistence/jakarta.persistence-api/3.1.0/jakarta.persistence-api-3.1.0.jar:/Users/lucas/.m2/repository/jakarta/transaction/jakarta.transaction-api/2.0.1/jakarta.transaction-api-2.0.1.jar:/Users/lucas/.m2/repository/org/hibernate/common/hibernate-commons-annotations/6.0.6.Final/hibernate-commons-annotations-6.0.6.Final.jar:/Users/lucas/.m2/repository/io/smallrye/jandex/3.1.2/jandex-3.1.2.jar:/Users/lucas/.m2/repository/net/bytebuddy/byte-buddy/1.14.19/byte-buddy-1.14.19.jar:/Users/lucas/.m2/repository/jakarta/xml/bind/jakarta.xml.bind-api/4.0.2/jakarta.xml.bind-api-4.0.2.jar:/Users/lucas/.m2/repository/jakarta/activation/jakarta.activation-api/2.1.3/jakarta.activation-api-2.1.3.jar:/Users/lucas/.m2/repository/org/glassfish/jaxb/jaxb-runtime/4.0.5/jaxb-runtime-4.0.5.jar:/Users/lucas/.m2/repository/org/glassfish/jaxb/jaxb-core/4.0.5/jaxb-core-4.0.5.jar:/Users/lucas/.m2/repository/org/eclipse/angus/angus-activation/2.0.2/angus-activation-2.0.2.jar:/Users/lucas/.m2/repository/org/glassfish/jaxb/txw2/4.0.5/txw2-4.0.5.jar:/Users/lucas/.m2/repository/com/sun/istack/istack-commons-runtime/4.1.2/istack-commons-runtime-4.1.2.jar:/Users/lucas/.m2/repository/jakarta/inject/jakarta.inject-api/2.0.1/jakarta.inject-api-2.0.1.jar:/Users/lucas/.m2/repository/org/antlr/antlr4-runtime/4.13.0/antlr4-runtime-4.13.0.jar:/Users/lucas/.m2/repository/org/springframework/boot/spring-boot-starter-data-jpa/3.3.4/spring-boot-starter-data-jpa-3.3.4.jar:/Users/lucas/.m2/repository/org/springframework/boot/spring-boot-starter-aop/3.3.4/spring-boot-starter-aop-3.3.4.jar:/Users/lucas/.m2/repository/org/aspectj/aspectjweaver/1.9.22.1/aspectjweaver-1.9.22.1.jar:/Users/lucas/.m2/repository/org/springframework/boot/spring-boot-starter-jdbc/3.3.4/spring-boot-starter-jdbc-3.3.4.jar:/Users/lucas/.m2/repository/com/zaxxer/HikariCP/5.1.0/HikariCP-5.1.0.jar:/Users/lucas/.m2/repository/org/springframework/spring-jdbc/6.1.13/spring-jdbc-6.1.13.jar:/Users/lucas/.m2/repository/org/springframework/data/spring-data-jpa/3.3.4/spring-data-jpa-3.3.4.jar:/Users/lucas/.m2/repository/org/springframework/data/spring-data-commons/3.3.4/spring-data-commons-3.3.4.jar:/Users/lucas/.m2/repository/org/springframework/spring-orm/6.1.13/spring-orm-6.1.13.jar:/Users/lucas/.m2/repository/org/springframework/spring-tx/6.1.13/spring-tx-6.1.13.jar:/Users/lucas/.m2/repository/org/springframework/spring-aspects/6.1.13/spring-aspects-6.1.13.jar:/Users/lucas/.m2/repository/com/oracle/database/jdbc/ojdbc11/21.9.0.0/ojdbc11-21.9.0.0.jar:/Users/lucas/.m2/repository/javax/persistence/javax.persistence-api/2.2/javax.persistence-api-2.2.jar:/Users/lucas/.m2/repository/org/springframework/boot/spring-boot-starter-security/3.3.4/spring-boot-starter-security-3.3.4.jar:/Users/lucas/.m2/repository/org/springframework/spring-aop/6.1.13/spring-aop-6.1.13.jar:/Users/lucas/.m2/repository/org/springframework/security/spring-security-config/6.3.3/spring-security-config-6.3.3.jar:/Users/lucas/.m2/repository/org/springframework/security/spring-security-web/6.3.3/spring-security-web-6.3.3.jar:/Users/lucas/.m2/repository/org/springframework/boot/spring-boot-starter-test/3.3.4/spring-boot-starter-test-3.3.4.jar:/Users/lucas/.m2/repository/org/springframework/boot/spring-boot-test/3.3.4/spring-boot-test-3.3.4.jar:/Users/lucas/.m2/repository/org/springframework/boot/spring-boot-test-autoconfigure/3.3.4/spring-boot-test-autoconfigure-3.3.4.jar:/Users/lucas/.m2/repository/com/jayway/jsonpath/json-path/2.9.0/json-path-2.9.0.jar:/Users/lucas/.m2/repository/net/minidev/json-smart/2.5.1/json-smart-2.5.1.jar:/Users/lucas/.m2/repository/net/minidev/accessors-smart/2.5.1/accessors-smart-2.5.1.jar:/Users/lucas/.m2/repository/org/ow2/asm/asm/9.6/asm-9.6.jar:/Users/lucas/.m2/repository/org/assertj/assertj-core/3.25.3/assertj-core-3.25.3.jar:/Users/lucas/.m2/repository/org/awaitility/awaitility/4.2.2/awaitility-4.2.2.jar:/Users/lucas/.m2/repository/org/hamcrest/hamcrest/2.2/hamcrest-2.2.jar:/Users/lucas/.m2/repository/org/junit/jupiter/junit-jupiter/5.10.3/junit-jupiter-5.10.3.jar:/Users/lucas/.m2/repository/org/junit/jupiter/junit-jupiter-api/5.10.3/junit-jupiter-api-5.10.3.jar:/Users/lucas/.m2/repository/org/opentest4j/opentest4j/1.3.0/opentest4j-1.3.0.jar:/Users/lucas/.m2/repository/org/junit/platform/junit-platform-commons/1.10.3/junit-platform-commons-1.10.3.jar:/Users/lucas/.m2/repository/org/apiguardian/apiguardian-api/1.1.2/apiguardian-api-1.1.2.jar:/Users/lucas/.m2/repository/org/junit/jupiter/junit-jupiter-params/5.10.3/junit-jupiter-params-5.10.3.jar:/Users/lucas/.m2/repository/org/junit/jupiter/junit-jupiter-engine/5.10.3/junit-jupiter-engine-5.10.3.jar:/Users/lucas/.m2/repository/org/junit/platform/junit-platform-engine/1.10.3/junit-platform-engine-1.10.3.jar:/Users/lucas/.m2/repository/org/mockito/mockito-core/5.11.0/mockito-core-5.11.0.jar:/Users/lucas/.m2/repository/net/bytebuddy/byte-buddy-agent/1.14.19/byte-buddy-agent-1.14.19.jar:/Users/lucas/.m2/repository/org/objenesis/objenesis/3.3/objenesis-3.3.jar:/Users/lucas/.m2/repository/org/mockito/mockito-junit-jupiter/5.11.0/mockito-junit-jupiter-5.11.0.jar:/Users/lucas/.m2/repository/org/skyscreamer/jsonassert/1.5.3/jsonassert-1.5.3.jar:/Users/lucas/.m2/repository/com/vaadin/external/google/android-json/0.0.20131108.vaadin1/android-json-0.0.20131108.vaadin1.jar:/Users/lucas/.m2/repository/org/springframework/spring-core/6.1.13/spring-core-6.1.13.jar:/Users/lucas/.m2/repository/org/springframework/spring-jcl/6.1.13/spring-jcl-6.1.13.jar:/Users/lucas/.m2/repository/org/springframework/spring-test/6.1.13/spring-test-6.1.13.jar:/Users/lucas/.m2/repository/org/xmlunit/xmlunit-core/2.9.1/xmlunit-core-2.9.1.jar:/Users/lucas/.m2/repository/org/springframework/security/spring-security-test/6.3.3/spring-security-test-6.3.3.jar:/Users/lucas/.m2/repository/org/springframework/security/spring-security-core/6.3.3/spring-security-core-6.3.3.jar:/Users/lucas/.m2/repository/org/springframework/security/spring-security-crypto/6.3.3/spring-security-crypto-6.3.3.jar:"/>
    <property name="sun.cpu.endian" value="little"/>
    <property name="user.home" value="/Users/lucas"/>
    <property name="user.language" value="en"/>
    <property name="java.specification.vendor" value="Oracle Corporation"/>
    <property name="java.version.date" value="2024-07-16"/>
    <property name="java.home" value="/Library/Java/JavaVirtualMachines/jdk-22.jdk/Contents/Home"/>
    <property name="file.separator" value="/"/>
    <property name="basedir" value="/Users/lucas/Downloads/Oracle_E_Commerce_App"/>
    <property name="java.vm.compressedOopsMode" value="Zero based"/>
    <property name="line.separator" value="&#10;"/>
    <property name="java.vm.specification.vendor" value="Oracle Corporation"/>
    <property name="java.specification.name" value="Java Platform API Specification"/>
    <property name="FILE_LOG_CHARSET" value="UTF-8"/>
    <property name="java.awt.headless" value="true"/>
    <property name="apple.awt.application.name" value="ForkedBooter"/>
    <property name="surefire.real.class.path" value="/Users/lucas/Downloads/Oracle_E_Commerce_App/target/surefire/surefirebooter-20241106213709766_3.jar"/>
    <property name="sun.management.compiler" value="HotSpot 64-Bit Tiered Compilers"/>
    <property name="ftp.nonProxyHosts" value="local|*.local|169.254/16|*.169.254/16"/>
    <property name="java.runtime.version" value="22.0.2+9-70"/>
    <property name="user.name" value="lucas"/>
    <property name="stdout.encoding" value="UTF-8"/>
    <property name="path.separator" value=":"/>
    <property name="os.version" value="12.7.5"/>
    <property name="java.runtime.name" value="Java(TM) SE Runtime Environment"/>
    <property name="file.encoding" value="UTF-8"/>
    <property name="java.vm.name" value="Java HotSpot(TM) 64-Bit Server VM"/>
    <property name="localRepository" value="/Users/lucas/.m2/repository"/>
    <property name="java.vendor.url.bug" value="https://bugreport.java.com/bugreport/"/>
    <property name="java.io.tmpdir" value="/var/folders/d1/bxh43jqs5zggnh7788ddxd340000gp/T/"/>
    <property name="com.zaxxer.hikari.pool_number" value="1"/>
    <property name="java.version" value="22.0.2"/>
    <property name="user.dir" value="/Users/lucas/Downloads/Oracle_E_Commerce_App"/>
    <property name="os.arch" value="x86_64"/>
    <property name="java.vm.specification.name" value="Java Virtual Machine Specification"/>
    <property name="PID" value="86381"/>
    <property name="CONSOLE_LOG_CHARSET" value="UTF-8"/>
    <property name="native.encoding" value="UTF-8"/>
    <property name="java.library.path" value="/Users/lucas/Library/Java/Extensions:/Library/Java/Extensions:/Network/Library/Java/Extensions:/System/Library/Java/Extensions:/usr/lib/java:."/>
    <property name="java.vm.info" value="mixed mode, sharing"/>
    <property name="stderr.encoding" value="UTF-8"/>
    <property name="java.vendor" value="Oracle Corporation"/>
    <property name="java.vm.version" value="22.0.2+9-70"/>
    <property name="sun.io.unicode.encoding" value="UnicodeBig"/>
    <property name="socksNonProxyHosts" value="local|*.local|169.254/16|*.169.254/16"/>
    <property name="java.class.version" value="66.0"/>
    <property name="LOGGED_APPLICATION_NAME" value="[demo] "/>
  </properties>
  <testcase name="contextLoads" classname="com.example.demo.DemoApplicationTests" time="0.552">
    <system-out><![CDATA[21:37:10.524 [main] INFO org.springframework.test.context.support.AnnotationConfigContextLoaderUtils -- Could not detect default configuration classes for test class [com.example.demo.DemoApplicationTests]: DemoApplicationTests does not declare any static, non-private, non-final, nested classes annotated with @Configuration.
21:37:10.655 [main] INFO org.springframework.boot.test.context.SpringBootTestContextBootstrapper -- Found @SpringBootConfiguration com.example.demo.DemoApplication for test class com.example.demo.DemoApplicationTests

  .   ____          _            __ _ _
 /\\ / ___'_ __ _ _(_)_ __  __ _ \ \ \ \
( ( )\___ | '_ | '_| | '_ \/ _` | \ \ \ \
 \\/  ___)| |_)| | | | | || (_| |  ) ) ) )
  '  |____| .__|_| |_|_| |_\__, | / / / /
 =========|_|==============|___/=/_/_/_/

 :: Spring Boot ::                (v3.3.4)

2024-11-06T21:37:10.993-06:00 DEBUG 86381 --- [demo] [kground-preinit] o.h.v.i.xml.config.ValidationXmlParser   : Trying to load META-INF/validation.xml for XML based Validator configuration.
2024-11-06T21:37:11.021-06:00 DEBUG 86381 --- [demo] [kground-preinit] o.h.v.i.xml.config.ResourceLoaderHelper  : Trying to load META-INF/validation.xml via TCCL
2024-11-06T21:37:11.022-06:00 DEBUG 86381 --- [demo] [kground-preinit] o.h.v.i.xml.config.ResourceLoaderHelper  : Trying to load META-INF/validation.xml via Hibernate Validator's class loader
2024-11-06T21:37:11.022-06:00 DEBUG 86381 --- [demo] [kground-preinit] o.h.v.i.xml.config.ValidationXmlParser   : No META-INF/validation.xml found. Using annotation based configuration only.
2024-11-06T21:37:11.033-06:00 DEBUG 86381 --- [demo] [kground-preinit] o.h.v.i.e.resolver.TraversableResolvers  : Found jakarta.persistence.Persistence on classpath containing 'getPersistenceUtil'. Assuming JPA 2 environment. Trying to instantiate JPA aware TraversableResolver
2024-11-06T21:37:11.034-06:00 DEBUG 86381 --- [demo] [kground-preinit] o.h.v.i.e.resolver.TraversableResolvers  : Instantiated JPA aware TraversableResolver of type org.hibernate.validator.internal.engine.resolver.JPATraversableResolver.
2024-11-06T21:37:11.058-06:00 DEBUG 86381 --- [demo] [kground-preinit] .h.v.m.ResourceBundleMessageInterpolator : Loaded expression factory via original TCCL
2024-11-06T21:37:11.063-06:00  INFO 86381 --- [demo] [           main] com.example.demo.DemoApplicationTests    : Starting DemoApplicationTests using Java 22.0.2 with PID 86381 (started by lucas in /Users/lucas/Downloads/Oracle_E_Commerce_App)
2024-11-06T21:37:11.063-06:00 DEBUG 86381 --- [demo] [           main] com.example.demo.DemoApplicationTests    : Running with Spring Boot v3.3.4, Spring v6.1.13
2024-11-06T21:37:11.064-06:00  INFO 86381 --- [demo] [           main] com.example.demo.DemoApplicationTests    : No active profile set, falling back to 1 default profile: "default"
2024-11-06T21:37:11.131-06:00 DEBUG 86381 --- [demo] [kground-preinit] .i.e.ValidatorFactoryConfigurationHelper : HV000252: Using org.hibernate.validator.internal.engine.DefaultPropertyNodeNameProvider as property node name provider.
2024-11-06T21:37:11.135-06:00 DEBUG 86381 --- [demo] [kground-preinit] .i.e.ValidatorFactoryConfigurationHelper : HV000234: Using org.hibernate.validator.messageinterpolation.ResourceBundleMessageInterpolator as ValidatorFactory-scoped message interpolator.
2024-11-06T21:37:11.135-06:00 DEBUG 86381 --- [demo] [kground-preinit] .i.e.ValidatorFactoryConfigurationHelper : HV000234: Using org.hibernate.validator.internal.engine.resolver.JPATraversableResolver as ValidatorFactory-scoped traversable resolver.
2024-11-06T21:37:11.135-06:00 DEBUG 86381 --- [demo] [kground-preinit] .i.e.ValidatorFactoryConfigurationHelper : HV000234: Using org.hibernate.validator.internal.util.ExecutableParameterNameProvider as ValidatorFactory-scoped parameter name provider.
2024-11-06T21:37:11.136-06:00 DEBUG 86381 --- [demo] [kground-preinit] .i.e.ValidatorFactoryConfigurationHelper : HV000234: Using org.hibernate.validator.internal.engine.DefaultClockProvider as ValidatorFactory-scoped clock provider.
2024-11-06T21:37:11.136-06:00 DEBUG 86381 --- [demo] [kground-preinit] .i.e.ValidatorFactoryConfigurationHelper : HV000234: Using org.hibernate.validator.internal.engine.scripting.DefaultScriptEvaluatorFactory as ValidatorFactory-scoped script evaluator factory.
2024-11-06T21:37:11.628-06:00  INFO 86381 --- [demo] [           main] .s.d.r.c.RepositoryConfigurationDelegate : Bootstrapping Spring Data JPA repositories in DEFAULT mode.
2024-11-06T21:37:11.645-06:00  INFO 86381 --- [demo] [           main] .s.d.r.c.RepositoryConfigurationDelegate : Finished Spring Data repository scanning in 10 ms. Found 0 JPA repository interfaces.
2024-11-06T21:37:12.194-06:00 DEBUG 86381 --- [demo] [           main] j.LocalContainerEntityManagerFactoryBean : Building JPA container EntityManagerFactory for persistence unit 'default'
2024-11-06T21:37:12.210-06:00 DEBUG 86381 --- [demo] [           main] o.hibernate.jpa.internal.util.LogHelper  : PersistenceUnitInfo [
	name: default
	persistence provider classname: null
	classloader: jdk.internal.loader.ClassLoaders$AppClassLoader@43e45247
	excludeUnlistedClasses: true
	JTA datasource: null
	Non JTA datasource: HikariDataSource (null)
	Transaction type: RESOURCE_LOCAL
	PU root URL: file:/Users/lucas/Downloads/Oracle_E_Commerce_App/target/test-classes/
	Shared Cache Mode: UNSPECIFIED
	Validation Mode: AUTO
	Jar files URLs []
	Managed classes names [
		com.example.demo.DepartmentDTO
		com.example.demo.EmployeeDTO
		com.example.demo.PerformanceReviewDTO]
	Mapping files names []
	Properties []
2024-11-06T21:37:12.228-06:00 DEBUG 86381 --- [demo] [           main] o.h.i.internal.IntegratorServiceImpl     : Adding Integrator [org.hibernate.boot.beanvalidation.BeanValidationIntegrator].
2024-11-06T21:37:12.230-06:00 DEBUG 86381 --- [demo] [           main] o.h.i.internal.IntegratorServiceImpl     : Adding Integrator [org.hibernate.cache.internal.CollectionCacheInvalidator].
2024-11-06T21:37:12.296-06:00  INFO 86381 --- [demo] [           main] org.hibernate.Version                    : HHH000412: Hibernate ORM core version 6.5.3.Final
2024-11-06T21:37:12.297-06:00 DEBUG 86381 --- [demo] [           main] org.hibernate.cfg.Environment            : HHH000206: 'hibernate.properties' not found
2024-11-06T21:37:12.317-06:00 DEBUG 86381 --- [demo] [           main] org.hibernate.orm.idgen.factory          : Registering IdentifierGenerator strategy [uuid2] -> [org.hibernate.id.UUIDGenerator]
2024-11-06T21:37:12.318-06:00 DEBUG 86381 --- [demo] [           main] org.hibernate.orm.idgen.factory          : Registering IdentifierGenerator strategy [guid] -> [org.hibernate.id.GUIDGenerator]
2024-11-06T21:37:12.319-06:00 DEBUG 86381 --- [demo] [           main] org.hibernate.orm.idgen.factory          : Registering IdentifierGenerator strategy [uuid] -> [org.hibernate.id.UUIDHexGenerator]
2024-11-06T21:37:12.319-06:00 DEBUG 86381 --- [demo] [           main] org.hibernate.orm.idgen.factory          : Registering IdentifierGenerator strategy [uuid.hex] -> [org.hibernate.id.UUIDHexGenerator]
2024-11-06T21:37:12.319-06:00 DEBUG 86381 --- [demo] [           main] org.hibernate.orm.idgen.factory          : Registering IdentifierGenerator strategy [assigned] -> [org.hibernate.id.Assigned]
2024-11-06T21:37:12.320-06:00 DEBUG 86381 --- [demo] [           main] org.hibernate.orm.idgen.factory          : Registering IdentifierGenerator strategy [identity] -> [org.hibernate.id.IdentityGenerator]
2024-11-06T21:37:12.320-06:00 DEBUG 86381 --- [demo] [           main] org.hibernate.orm.idgen.factory          : Registering IdentifierGenerator strategy [select] -> [org.hibernate.id.SelectGenerator]
2024-11-06T21:37:12.321-06:00 DEBUG 86381 --- [demo] [           main] org.hibernate.orm.idgen.factory          : Registering IdentifierGenerator strategy [sequence] -> [org.hibernate.id.enhanced.SequenceStyleGenerator]
2024-11-06T21:37:12.321-06:00 DEBUG 86381 --- [demo] [           main] org.hibernate.orm.idgen.factory          : Registering IdentifierGenerator strategy [increment] -> [org.hibernate.id.IncrementGenerator]
2024-11-06T21:37:12.321-06:00 DEBUG 86381 --- [demo] [           main] org.hibernate.orm.idgen.factory          : Registering IdentifierGenerator strategy [foreign] -> [org.hibernate.id.ForeignGenerator]
2024-11-06T21:37:12.321-06:00 DEBUG 86381 --- [demo] [           main] org.hibernate.orm.idgen.factory          : Registering IdentifierGenerator strategy [enhanced-sequence] -> [org.hibernate.id.enhanced.SequenceStyleGenerator]
2024-11-06T21:37:12.322-06:00 DEBUG 86381 --- [demo] [           main] org.hibernate.orm.idgen.factory          : Registering IdentifierGenerator strategy [enhanced-table] -> [org.hibernate.id.enhanced.TableGenerator]
2024-11-06T21:37:12.329-06:00 DEBUG 86381 --- [demo] [           main] o.h.c.internal.RegionFactoryInitiator    : Cannot default RegionFactory based on registered strategies as `[]` RegionFactory strategies were registered
2024-11-06T21:37:12.329-06:00  INFO 86381 --- [demo] [           main] o.h.c.internal.RegionFactoryInitiator    : HHH000026: Second-level cache disabled
2024-11-06T21:37:12.393-06:00 DEBUG 86381 --- [demo] [           main] org.hibernate.type.BasicTypeRegistry     : Adding type registration boolean -> org.hibernate.type.BasicTypeReference@261f359f
2024-11-06T21:37:12.394-06:00 DEBUG 86381 --- [demo] [           main] org.hibernate.type.BasicTypeRegistry     : Adding type registration boolean -> org.hibernate.type.BasicTypeReference@261f359f
2024-11-06T21:37:12.394-06:00 DEBUG 86381 --- [demo] [           main] org.hibernate.type.BasicTypeRegistry     : Adding type registration java.lang.Boolean -> org.hibernate.type.BasicTypeReference@261f359f
2024-11-06T21:37:12.394-06:00 DEBUG 86381 --- [demo] [           main] org.hibernate.type.BasicTypeRegistry     : Adding type registration numeric_boolean -> org.hibernate.type.BasicTypeReference@5b02a984
2024-11-06T21:37:12.394-06:00 DEBUG 86381 --- [demo] [           main] org.hibernate.type.BasicTypeRegistry     : Adding type registration org.hibernate.type.NumericBooleanConverter -> org.hibernate.type.BasicTypeReference@5b02a984
2024-11-06T21:37:12.394-06:00 DEBUG 86381 --- [demo] [           main] org.hibernate.type.BasicTypeRegistry     : Adding type registration true_false -> org.hibernate.type.BasicTypeReference@57186526
2024-11-06T21:37:12.394-06:00 DEBUG 86381 --- [demo] [           main] org.hibernate.type.BasicTypeRegistry     : Adding type registration org.hibernate.type.TrueFalseConverter -> org.hibernate.type.BasicTypeReference@57186526
2024-11-06T21:37:12.394-06:00 DEBUG 86381 --- [demo] [           main] org.hibernate.type.BasicTypeRegistry     : Adding type registration yes_no -> org.hibernate.type.BasicTypeReference@391d1e33
2024-11-06T21:37:12.394-06:00 DEBUG 86381 --- [demo] [           main] org.hibernate.type.BasicTypeRegistry     : Adding type registration org.hibernate.type.YesNoConverter -> org.hibernate.type.BasicTypeReference@391d1e33
2024-11-06T21:37:12.394-06:00 DEBUG 86381 --- [demo] [           main] org.hibernate.type.BasicTypeRegistry     : Adding type registration byte -> org.hibernate.type.BasicTypeReference@66f16742
2024-11-06T21:37:12.394-06:00 DEBUG 86381 --- [demo] [           main] org.hibernate.type.BasicTypeRegistry     : Adding type registration byte -> org.hibernate.type.BasicTypeReference@66f16742
2024-11-06T21:37:12.395-06:00 DEBUG 86381 --- [demo] [           main] org.hibernate.type.BasicTypeRegistry     : Adding type registration java.lang.Byte -> org.hibernate.type.BasicTypeReference@66f16742
2024-11-06T21:37:12.395-06:00 DEBUG 86381 --- [demo] [           main] org.hibernate.type.BasicTypeRegistry     : Adding type registration binary -> org.hibernate.type.BasicTypeReference@2871ac91
2024-11-06T21:37:12.395-06:00 DEBUG 86381 --- [demo] [           main] org.hibernate.type.BasicTypeRegistry     : Adding type registration byte[] -> org.hibernate.type.BasicTypeReference@2871ac91
2024-11-06T21:37:12.395-06:00 DEBUG 86381 --- [demo] [           main] org.hibernate.type.BasicTypeRegistry     : Adding type registration [B -> org.hibernate.type.BasicTypeReference@2871ac91
2024-11-06T21:37:12.395-06:00 DEBUG 86381 --- [demo] [           main] org.hibernate.type.BasicTypeRegistry     : Adding type registration binary_wrapper -> org.hibernate.type.BasicTypeReference@3c54ddec
2024-11-06T21:37:12.395-06:00 DEBUG 86381 --- [demo] [           main] org.hibernate.type.BasicTypeRegistry     : Adding type registration wrapper-binary -> org.hibernate.type.BasicTypeReference@3c54ddec
2024-11-06T21:37:12.395-06:00 DEBUG 86381 --- [demo] [           main] org.hibernate.type.BasicTypeRegistry     : Adding type registration image -> org.hibernate.type.BasicTypeReference@6d69a0d3
2024-11-06T21:37:12.395-06:00 DEBUG 86381 --- [demo] [           main] org.hibernate.type.BasicTypeRegistry     : Adding type registration blob -> org.hibernate.type.BasicTypeReference@4f114b
2024-11-06T21:37:12.395-06:00 DEBUG 86381 --- [demo] [           main] org.hibernate.type.BasicTypeRegistry     : Adding type registration java.sql.Blob -> org.hibernate.type.BasicTypeReference@4f114b
2024-11-06T21:37:12.395-06:00 DEBUG 86381 --- [demo] [           main] org.hibernate.type.BasicTypeRegistry     : Adding type registration materialized_blob -> org.hibernate.type.BasicTypeReference@257f30f7
2024-11-06T21:37:12.395-06:00 DEBUG 86381 --- [demo] [           main] org.hibernate.type.BasicTypeRegistry     : Adding type registration materialized_blob_wrapper -> org.hibernate.type.BasicTypeReference@3fde2209
2024-11-06T21:37:12.396-06:00 DEBUG 86381 --- [demo] [           main] org.hibernate.type.BasicTypeRegistry     : Adding type registration short -> org.hibernate.type.BasicTypeReference@1f916219
2024-11-06T21:37:12.396-06:00 DEBUG 86381 --- [demo] [           main] org.hibernate.type.BasicTypeRegistry     : Adding type registration short -> org.hibernate.type.BasicTypeReference@1f916219
2024-11-06T21:37:12.396-06:00 DEBUG 86381 --- [demo] [           main] org.hibernate.type.BasicTypeRegistry     : Adding type registration java.lang.Short -> org.hibernate.type.BasicTypeReference@1f916219
2024-11-06T21:37:12.396-06:00 DEBUG 86381 --- [demo] [           main] org.hibernate.type.BasicTypeRegistry     : Adding type registration integer -> org.hibernate.type.BasicTypeReference@67acfde9
2024-11-06T21:37:12.396-06:00 DEBUG 86381 --- [demo] [           main] org.hibernate.type.BasicTypeRegistry     : Adding type registration int -> org.hibernate.type.BasicTypeReference@67acfde9
2024-11-06T21:37:12.396-06:00 DEBUG 86381 --- [demo] [           main] org.hibernate.type.BasicTypeRegistry     : Adding type registration java.lang.Integer -> org.hibernate.type.BasicTypeReference@67acfde9
2024-11-06T21:37:12.396-06:00 DEBUG 86381 --- [demo] [           main] org.hibernate.type.BasicTypeRegistry     : Adding type registration long -> org.hibernate.type.BasicTypeReference@3b088163
2024-11-06T21:37:12.396-06:00 DEBUG 86381 --- [demo] [           main] org.hibernate.type.BasicTypeRegistry     : Adding type registration long -> org.hibernate.type.BasicTypeReference@3b088163
2024-11-06T21:37:12.396-06:00 DEBUG 86381 --- [demo] [           main] org.hibernate.type.BasicTypeRegistry     : Adding type registration java.lang.Long -> org.hibernate.type.BasicTypeReference@3b088163
2024-11-06T21:37:12.396-06:00 DEBUG 86381 --- [demo] [           main] org.hibernate.type.BasicTypeRegistry     : Adding type registration float -> org.hibernate.type.BasicTypeReference@75882261
2024-11-06T21:37:12.397-06:00 DEBUG 86381 --- [demo] [           main] org.hibernate.type.BasicTypeRegistry     : Adding type registration float -> org.hibernate.type.BasicTypeReference@75882261
2024-11-06T21:37:12.397-06:00 DEBUG 86381 --- [demo] [           main] org.hibernate.type.BasicTypeRegistry     : Adding type registration java.lang.Float -> org.hibernate.type.BasicTypeReference@75882261
2024-11-06T21:37:12.397-06:00 DEBUG 86381 --- [demo] [           main] org.hibernate.type.BasicTypeRegistry     : Adding type registration double -> org.hibernate.type.BasicTypeReference@611d0763
2024-11-06T21:37:12.397-06:00 DEBUG 86381 --- [demo] [           main] org.hibernate.type.BasicTypeRegistry     : Adding type registration double -> org.hibernate.type.BasicTypeReference@611d0763
2024-11-06T21:37:12.397-06:00 DEBUG 86381 --- [demo] [           main] org.hibernate.type.BasicTypeRegistry     : Adding type registration java.lang.Double -> org.hibernate.type.BasicTypeReference@611d0763
2024-11-06T21:37:12.397-06:00 DEBUG 86381 --- [demo] [           main] org.hibernate.type.BasicTypeRegistry     : Adding type registration big_integer -> org.hibernate.type.BasicTypeReference@615efd1c
2024-11-06T21:37:12.397-06:00 DEBUG 86381 --- [demo] [           main] org.hibernate.type.BasicTypeRegistry     : Adding type registration java.math.BigInteger -> org.hibernate.type.BasicTypeReference@615efd1c
2024-11-06T21:37:12.397-06:00 DEBUG 86381 --- [demo] [           main] org.hibernate.type.BasicTypeRegistry     : Adding type registration big_decimal -> org.hibernate.type.BasicTypeReference@1e226bcd
2024-11-06T21:37:12.397-06:00 DEBUG 86381 --- [demo] [           main] org.hibernate.type.BasicTypeRegistry     : Adding type registration java.math.BigDecimal -> org.hibernate.type.BasicTypeReference@1e226bcd
2024-11-06T21:37:12.397-06:00 DEBUG 86381 --- [demo] [           main] org.hibernate.type.BasicTypeRegistry     : Adding type registration character -> org.hibernate.type.BasicTypeReference@2a8dd942
2024-11-06T21:37:12.397-06:00 DEBUG 86381 --- [demo] [           main] org.hibernate.type.BasicTypeRegistry     : Adding type registration char -> org.hibernate.type.BasicTypeReference@2a8dd942
2024-11-06T21:37:12.397-06:00 DEBUG 86381 --- [demo] [           main] org.hibernate.type.BasicTypeRegistry     : Adding type registration java.lang.Character -> org.hibernate.type.BasicTypeReference@2a8dd942
2024-11-06T21:37:12.398-06:00 DEBUG 86381 --- [demo] [           main] org.hibernate.type.BasicTypeRegistry     : Adding type registration character_nchar -> org.hibernate.type.BasicTypeReference@2322e56f
2024-11-06T21:37:12.398-06:00 DEBUG 86381 --- [demo] [           main] org.hibernate.type.BasicTypeRegistry     : Adding type registration string -> org.hibernate.type.BasicTypeReference@35025a0a
2024-11-06T21:37:12.398-06:00 DEBUG 86381 --- [demo] [           main] org.hibernate.type.BasicTypeRegistry     : Adding type registration java.lang.String -> org.hibernate.type.BasicTypeReference@35025a0a
2024-11-06T21:37:12.398-06:00 DEBUG 86381 --- [demo] [           main] org.hibernate.type.BasicTypeRegistry     : Adding type registration nstring -> org.hibernate.type.BasicTypeReference@38732364
2024-11-06T21:37:12.398-06:00 DEBUG 86381 --- [demo] [           main] org.hibernate.type.BasicTypeRegistry     : Adding type registration characters -> org.hibernate.type.BasicTypeReference@7c70aae1
2024-11-06T21:37:12.398-06:00 DEBUG 86381 --- [demo] [           main] org.hibernate.type.BasicTypeRegistry     : Adding type registration char[] -> org.hibernate.type.BasicTypeReference@7c70aae1
2024-11-06T21:37:12.398-06:00 DEBUG 86381 --- [demo] [           main] org.hibernate.type.BasicTypeRegistry     : Adding type registration [C -> org.hibernate.type.BasicTypeReference@7c70aae1
2024-11-06T21:37:12.398-06:00 DEBUG 86381 --- [demo] [           main] org.hibernate.type.BasicTypeRegistry     : Adding type registration wrapper-characters -> org.hibernate.type.BasicTypeReference@48cd319d
2024-11-06T21:37:12.398-06:00 DEBUG 86381 --- [demo] [           main] org.hibernate.type.BasicTypeRegistry     : Adding type registration text -> org.hibernate.type.BasicTypeReference@6f38f084
2024-11-06T21:37:12.398-06:00 DEBUG 86381 --- [demo] [           main] org.hibernate.type.BasicTypeRegistry     : Adding type registration ntext -> org.hibernate.type.BasicTypeReference@4ef18604
2024-11-06T21:37:12.398-06:00 DEBUG 86381 --- [demo] [           main] org.hibernate.type.BasicTypeRegistry     : Adding type registration clob -> org.hibernate.type.BasicTypeReference@372f0a99
2024-11-06T21:37:12.398-06:00 DEBUG 86381 --- [demo] [           main] org.hibernate.type.BasicTypeRegistry     : Adding type registration java.sql.Clob -> org.hibernate.type.BasicTypeReference@372f0a99
2024-11-06T21:37:12.399-06:00 DEBUG 86381 --- [demo] [           main] org.hibernate.type.BasicTypeRegistry     : Adding type registration nclob -> org.hibernate.type.BasicTypeReference@16cf8438
2024-11-06T21:37:12.399-06:00 DEBUG 86381 --- [demo] [           main] org.hibernate.type.BasicTypeRegistry     : Adding type registration java.sql.NClob -> org.hibernate.type.BasicTypeReference@16cf8438
2024-11-06T21:37:12.399-06:00 DEBUG 86381 --- [demo] [           main] org.hibernate.type.BasicTypeRegistry     : Adding type registration materialized_clob -> org.hibernate.type.BasicTypeReference@3e5beab5
2024-11-06T21:37:12.399-06:00 DEBUG 86381 --- [demo] [           main] org.hibernate.type.BasicTypeRegistry     : Adding type registration materialized_clob_char_array -> org.hibernate.type.BasicTypeReference@7c588adc
2024-11-06T21:37:12.399-06:00 DEBUG 86381 --- [demo] [           main] org.hibernate.type.BasicTypeRegistry     : Adding type registration materialized_clob_character_array -> org.hibernate.type.BasicTypeReference@33ec2c0c
2024-11-06T21:37:12.399-06:00 DEBUG 86381 --- [demo] [           main] org.hibernate.type.BasicTypeRegistry     : Adding type registration materialized_nclob -> org.hibernate.type.BasicTypeReference@5968800d
2024-11-06T21:37:12.399-06:00 DEBUG 86381 --- [demo] [           main] org.hibernate.type.BasicTypeRegistry     : Adding type registration materialized_nclob_character_array -> org.hibernate.type.BasicTypeReference@3887c7d7
2024-11-06T21:37:12.399-06:00 DEBUG 86381 --- [demo] [           main] org.hibernate.type.BasicTypeRegistry     : Adding type registration materialized_nclob_char_array -> org.hibernate.type.BasicTypeReference@b1b471
2024-11-06T21:37:12.399-06:00 DEBUG 86381 --- [demo] [           main] org.hibernate.type.BasicTypeRegistry     : Adding type registration Duration -> org.hibernate.type.BasicTypeReference@526f6427
2024-11-06T21:37:12.399-06:00 DEBUG 86381 --- [demo] [           main] org.hibernate.type.BasicTypeRegistry     : Adding type registration java.time.Duration -> org.hibernate.type.BasicTypeReference@526f6427
2024-11-06T21:37:12.399-06:00 DEBUG 86381 --- [demo] [           main] org.hibernate.type.BasicTypeRegistry     : Adding type registration LocalDateTime -> org.hibernate.type.BasicTypeReference@4f1afe8f
2024-11-06T21:37:12.399-06:00 DEBUG 86381 --- [demo] [           main] org.hibernate.type.BasicTypeRegistry     : Adding type registration java.time.LocalDateTime -> org.hibernate.type.BasicTypeReference@4f1afe8f
2024-11-06T21:37:12.400-06:00 DEBUG 86381 --- [demo] [           main] org.hibernate.type.BasicTypeRegistry     : Adding type registration LocalDate -> org.hibernate.type.BasicTypeReference@492521c4
2024-11-06T21:37:12.400-06:00 DEBUG 86381 --- [demo] [           main] org.hibernate.type.BasicTypeRegistry     : Adding type registration java.time.LocalDate -> org.hibernate.type.BasicTypeReference@492521c4
2024-11-06T21:37:12.400-06:00 DEBUG 86381 --- [demo] [           main] org.hibernate.type.BasicTypeRegistry     : Adding type registration LocalTime -> org.hibernate.type.BasicTypeReference@443a06ad
2024-11-06T21:37:12.400-06:00 DEBUG 86381 --- [demo] [           main] org.hibernate.type.BasicTypeRegistry     : Adding type registration java.time.LocalTime -> org.hibernate.type.BasicTypeReference@443a06ad
2024-11-06T21:37:12.400-06:00 DEBUG 86381 --- [demo] [           main] org.hibernate.type.BasicTypeRegistry     : Adding type registration OffsetDateTime -> org.hibernate.type.BasicTypeReference@6ddd1c51
2024-11-06T21:37:12.400-06:00 DEBUG 86381 --- [demo] [           main] org.hibernate.type.BasicTypeRegistry     : Adding type registration java.time.OffsetDateTime -> org.hibernate.type.BasicTypeReference@6ddd1c51
2024-11-06T21:37:12.400-06:00 DEBUG 86381 --- [demo] [           main] org.hibernate.type.BasicTypeRegistry     : Adding type registration OffsetDateTimeWithTimezone -> org.hibernate.type.BasicTypeReference@752b69e3
2024-11-06T21:37:12.400-06:00 DEBUG 86381 --- [demo] [           main] org.hibernate.type.BasicTypeRegistry     : Adding type registration OffsetDateTimeWithoutTimezone -> org.hibernate.type.BasicTypeReference@15605d83
2024-11-06T21:37:12.400-06:00 DEBUG 86381 --- [demo] [           main] org.hibernate.type.BasicTypeRegistry     : Adding type registration OffsetTime -> org.hibernate.type.BasicTypeReference@1fb2eec
2024-11-06T21:37:12.400-06:00 DEBUG 86381 --- [demo] [           main] org.hibernate.type.BasicTypeRegistry     : Adding type registration java.time.OffsetTime -> org.hibernate.type.BasicTypeReference@1fb2eec
2024-11-06T21:37:12.400-06:00 DEBUG 86381 --- [demo] [           main] org.hibernate.type.BasicTypeRegistry     : Adding type registration OffsetTimeUtc -> org.hibernate.type.BasicTypeReference@4c18516
2024-11-06T21:37:12.400-06:00 DEBUG 86381 --- [demo] [           main] org.hibernate.type.BasicTypeRegistry     : Adding type registration OffsetTimeWithTimezone -> org.hibernate.type.BasicTypeReference@2a0b901c
2024-11-06T21:37:12.400-06:00 DEBUG 86381 --- [demo] [           main] org.hibernate.type.BasicTypeRegistry     : Adding type registration OffsetTimeWithoutTimezone -> org.hibernate.type.BasicTypeReference@3d104c9b
2024-11-06T21:37:12.400-06:00 DEBUG 86381 --- [demo] [           main] org.hibernate.type.BasicTypeRegistry     : Adding type registration ZonedDateTime -> org.hibernate.type.BasicTypeReference@6544899b
2024-11-06T21:37:12.401-06:00 DEBUG 86381 --- [demo] [           main] org.hibernate.type.BasicTypeRegistry     : Adding type registration java.time.ZonedDateTime -> org.hibernate.type.BasicTypeReference@6544899b
2024-11-06T21:37:12.401-06:00 DEBUG 86381 --- [demo] [           main] org.hibernate.type.BasicTypeRegistry     : Adding type registration ZonedDateTimeWithTimezone -> org.hibernate.type.BasicTypeReference@6da54910
2024-11-06T21:37:12.401-06:00 DEBUG 86381 --- [demo] [           main] org.hibernate.type.BasicTypeRegistry     : Adding type registration ZonedDateTimeWithoutTimezone -> org.hibernate.type.BasicTypeReference@1bd8afc8
2024-11-06T21:37:12.401-06:00 DEBUG 86381 --- [demo] [           main] org.hibernate.type.BasicTypeRegistry     : Adding type registration date -> org.hibernate.type.BasicTypeReference@24134cbc
2024-11-06T21:37:12.401-06:00 DEBUG 86381 --- [demo] [           main] org.hibernate.type.BasicTypeRegistry     : Adding type registration java.sql.Date -> org.hibernate.type.BasicTypeReference@24134cbc
2024-11-06T21:37:12.401-06:00 DEBUG 86381 --- [demo] [           main] org.hibernate.type.BasicTypeRegistry     : Adding type registration time -> org.hibernate.type.BasicTypeReference@65da01f4
2024-11-06T21:37:12.401-06:00 DEBUG 86381 --- [demo] [           main] org.hibernate.type.BasicTypeRegistry     : Adding type registration java.sql.Time -> org.hibernate.type.BasicTypeReference@65da01f4
2024-11-06T21:37:12.401-06:00 DEBUG 86381 --- [demo] [           main] org.hibernate.type.BasicTypeRegistry     : Adding type registration timestamp -> org.hibernate.type.BasicTypeReference@22f02996
2024-11-06T21:37:12.401-06:00 DEBUG 86381 --- [demo] [           main] org.hibernate.type.BasicTypeRegistry     : Adding type registration java.sql.Timestamp -> org.hibernate.type.BasicTypeReference@22f02996
2024-11-06T21:37:12.401-06:00 DEBUG 86381 --- [demo] [           main] org.hibernate.type.BasicTypeRegistry     : Adding type registration java.util.Date -> org.hibernate.type.BasicTypeReference@22f02996
2024-11-06T21:37:12.401-06:00 DEBUG 86381 --- [demo] [           main] org.hibernate.type.BasicTypeRegistry     : Adding type registration calendar -> org.hibernate.type.BasicTypeReference@7c8874ef
2024-11-06T21:37:12.401-06:00 DEBUG 86381 --- [demo] [           main] org.hibernate.type.BasicTypeRegistry     : Adding type registration java.util.Calendar -> org.hibernate.type.BasicTypeReference@7c8874ef
2024-11-06T21:37:12.401-06:00 DEBUG 86381 --- [demo] [           main] org.hibernate.type.BasicTypeRegistry     : Adding type registration java.util.GregorianCalendar -> org.hibernate.type.BasicTypeReference@7c8874ef
2024-11-06T21:37:12.402-06:00 DEBUG 86381 --- [demo] [           main] org.hibernate.type.BasicTypeRegistry     : Adding type registration calendar_date -> org.hibernate.type.BasicTypeReference@42c0a16e
2024-11-06T21:37:12.402-06:00 DEBUG 86381 --- [demo] [           main] org.hibernate.type.BasicTypeRegistry     : Adding type registration calendar_time -> org.hibernate.type.BasicTypeReference@543fe698
2024-11-06T21:37:12.402-06:00 DEBUG 86381 --- [demo] [           main] org.hibernate.type.BasicTypeRegistry     : Adding type registration instant -> org.hibernate.type.BasicTypeReference@6b2fdffc
2024-11-06T21:37:12.402-06:00 DEBUG 86381 --- [demo] [           main] org.hibernate.type.BasicTypeRegistry     : Adding type registration java.time.Instant -> org.hibernate.type.BasicTypeReference@6b2fdffc
2024-11-06T21:37:12.402-06:00 DEBUG 86381 --- [demo] [           main] org.hibernate.type.BasicTypeRegistry     : Adding type registration uuid -> org.hibernate.type.BasicTypeReference@2ca3d826
2024-11-06T21:37:12.402-06:00 DEBUG 86381 --- [demo] [           main] org.hibernate.type.BasicTypeRegistry     : Adding type registration java.util.UUID -> org.hibernate.type.BasicTypeReference@2ca3d826
2024-11-06T21:37:12.402-06:00 DEBUG 86381 --- [demo] [           main] org.hibernate.type.BasicTypeRegistry     : Adding type registration pg-uuid -> org.hibernate.type.BasicTypeReference@2ca3d826
2024-11-06T21:37:12.402-06:00 DEBUG 86381 --- [demo] [           main] org.hibernate.type.BasicTypeRegistry     : Adding type registration uuid-binary -> org.hibernate.type.BasicTypeReference@5d194314
2024-11-06T21:37:12.402-06:00 DEBUG 86381 --- [demo] [           main] org.hibernate.type.BasicTypeRegistry     : Adding type registration uuid-char -> org.hibernate.type.BasicTypeReference@76396509
2024-11-06T21:37:12.402-06:00 DEBUG 86381 --- [demo] [           main] org.hibernate.type.BasicTypeRegistry     : Adding type registration class -> org.hibernate.type.BasicTypeReference@637c840d
2024-11-06T21:37:12.403-06:00 DEBUG 86381 --- [demo] [           main] org.hibernate.type.BasicTypeRegistry     : Adding type registration java.lang.Class -> org.hibernate.type.BasicTypeReference@637c840d
2024-11-06T21:37:12.403-06:00 DEBUG 86381 --- [demo] [           main] org.hibernate.type.BasicTypeRegistry     : Adding type registration currency -> org.hibernate.type.BasicTypeReference@51ac12ac
2024-11-06T21:37:12.403-06:00 DEBUG 86381 --- [demo] [           main] org.hibernate.type.BasicTypeRegistry     : Adding type registration Currency -> org.hibernate.type.BasicTypeReference@51ac12ac
2024-11-06T21:37:12.403-06:00 DEBUG 86381 --- [demo] [           main] org.hibernate.type.BasicTypeRegistry     : Adding type registration java.util.Currency -> org.hibernate.type.BasicTypeReference@51ac12ac
2024-11-06T21:37:12.403-06:00 DEBUG 86381 --- [demo] [           main] org.hibernate.type.BasicTypeRegistry     : Adding type registration locale -> org.hibernate.type.BasicTypeReference@463afa6e
2024-11-06T21:37:12.403-06:00 DEBUG 86381 --- [demo] [           main] org.hibernate.type.BasicTypeRegistry     : Adding type registration java.util.Locale -> org.hibernate.type.BasicTypeReference@463afa6e
2024-11-06T21:37:12.403-06:00 DEBUG 86381 --- [demo] [           main] org.hibernate.type.BasicTypeRegistry     : Adding type registration serializable -> org.hibernate.type.BasicTypeReference@7b96de8d
2024-11-06T21:37:12.403-06:00 DEBUG 86381 --- [demo] [           main] org.hibernate.type.BasicTypeRegistry     : Adding type registration java.io.Serializable -> org.hibernate.type.BasicTypeReference@7b96de8d
2024-11-06T21:37:12.403-06:00 DEBUG 86381 --- [demo] [           main] org.hibernate.type.BasicTypeRegistry     : Adding type registration timezone -> org.hibernate.type.BasicTypeReference@7ccd611e
2024-11-06T21:37:12.403-06:00 DEBUG 86381 --- [demo] [           main] org.hibernate.type.BasicTypeRegistry     : Adding type registration java.util.TimeZone -> org.hibernate.type.BasicTypeReference@7ccd611e
2024-11-06T21:37:12.403-06:00 DEBUG 86381 --- [demo] [           main] org.hibernate.type.BasicTypeRegistry     : Adding type registration ZoneOffset -> org.hibernate.type.BasicTypeReference@4dc52559
2024-11-06T21:37:12.403-06:00 DEBUG 86381 --- [demo] [           main] org.hibernate.type.BasicTypeRegistry     : Adding type registration java.time.ZoneOffset -> org.hibernate.type.BasicTypeReference@4dc52559
2024-11-06T21:37:12.404-06:00 DEBUG 86381 --- [demo] [           main] org.hibernate.type.BasicTypeRegistry     : Adding type registration url -> org.hibernate.type.BasicTypeReference@5c3d4f05
2024-11-06T21:37:12.404-06:00 DEBUG 86381 --- [demo] [           main] org.hibernate.type.BasicTypeRegistry     : Adding type registration java.net.URL -> org.hibernate.type.BasicTypeReference@5c3d4f05
2024-11-06T21:37:12.404-06:00 DEBUG 86381 --- [demo] [           main] org.hibernate.type.BasicTypeRegistry     : Adding type registration vector -> org.hibernate.type.BasicTypeReference@119290b9
2024-11-06T21:37:12.404-06:00 DEBUG 86381 --- [demo] [           main] org.hibernate.type.BasicTypeRegistry     : Adding type registration row_version -> org.hibernate.type.BasicTypeReference@640d604
2024-11-06T21:37:12.408-06:00 DEBUG 86381 --- [demo] [           main] org.hibernate.type.BasicTypeRegistry     : Adding type registration object -> org.hibernate.type.JavaObjectType@61359e87
2024-11-06T21:37:12.408-06:00 DEBUG 86381 --- [demo] [           main] org.hibernate.type.BasicTypeRegistry     : Adding type registration java.lang.Object -> org.hibernate.type.JavaObjectType@61359e87
2024-11-06T21:37:12.409-06:00 DEBUG 86381 --- [demo] [           main] org.hibernate.type.BasicTypeRegistry     : Adding type registration null -> org.hibernate.type.NullType@12abcd1e
2024-11-06T21:37:12.409-06:00 DEBUG 86381 --- [demo] [           main] org.hibernate.type.BasicTypeRegistry     : Adding type registration imm_date -> org.hibernate.type.BasicTypeReference@2fd9fb34
2024-11-06T21:37:12.409-06:00 DEBUG 86381 --- [demo] [           main] org.hibernate.type.BasicTypeRegistry     : Adding type registration imm_time -> org.hibernate.type.BasicTypeReference@1595d2b2
2024-11-06T21:37:12.410-06:00 DEBUG 86381 --- [demo] [           main] org.hibernate.type.BasicTypeRegistry     : Adding type registration imm_timestamp -> org.hibernate.type.BasicTypeReference@20349058
2024-11-06T21:37:12.410-06:00 DEBUG 86381 --- [demo] [           main] org.hibernate.type.BasicTypeRegistry     : Adding type registration imm_calendar -> org.hibernate.type.BasicTypeReference@6cbb7a7d
2024-11-06T21:37:12.410-06:00 DEBUG 86381 --- [demo] [           main] org.hibernate.type.BasicTypeRegistry     : Adding type registration imm_calendar_date -> org.hibernate.type.BasicTypeReference@cdb3c85
2024-11-06T21:37:12.410-06:00 DEBUG 86381 --- [demo] [           main] org.hibernate.type.BasicTypeRegistry     : Adding type registration imm_calendar_time -> org.hibernate.type.BasicTypeReference@37606fee
2024-11-06T21:37:12.410-06:00 DEBUG 86381 --- [demo] [           main] org.hibernate.type.BasicTypeRegistry     : Adding type registration imm_binary -> org.hibernate.type.BasicTypeReference@33d28f0a
2024-11-06T21:37:12.410-06:00 DEBUG 86381 --- [demo] [           main] org.hibernate.type.BasicTypeRegistry     : Adding type registration imm_serializable -> org.hibernate.type.BasicTypeReference@48d739f
2024-11-06T21:37:12.413-06:00 DEBUG 86381 --- [demo] [           main] o.h.boot.internal.BootstrapContextImpl   : Injecting JPA temp ClassLoader [org.springframework.instrument.classloading.SimpleThrowawayClassLoader@3caee3a8] into BootstrapContext; was [null]
2024-11-06T21:37:12.413-06:00 DEBUG 86381 --- [demo] [           main] o.h.boot.internal.ClassLoaderAccessImpl  : ClassLoaderAccessImpl#injectTempClassLoader(org.springframework.instrument.classloading.SimpleThrowawayClassLoader@3caee3a8) [was null]
2024-11-06T21:37:12.414-06:00 DEBUG 86381 --- [demo] [           main] o.h.boot.internal.BootstrapContextImpl   : Injecting ScanEnvironment [org.hibernate.jpa.boot.internal.StandardJpaScanEnvironmentImpl@64656b9e] into BootstrapContext; was [null]
2024-11-06T21:37:12.414-06:00 DEBUG 86381 --- [demo] [           main] o.h.boot.internal.BootstrapContextImpl   : Injecting ScanOptions [org.hibernate.boot.archive.scan.internal.StandardScanOptions@6870cfac] into BootstrapContext; was [org.hibernate.boot.archive.scan.internal.StandardScanOptions@45554613]
2024-11-06T21:37:12.608-06:00  INFO 86381 --- [demo] [           main] o.s.o.j.p.SpringPersistenceUnitInfo      : No LoadTimeWeaver setup: ignoring JPA class transformer
2024-11-06T21:37:12.608-06:00 DEBUG 86381 --- [demo] [           main] o.h.boot.internal.BootstrapContextImpl   : Injecting JPA temp ClassLoader [null] into BootstrapContext; was [org.springframework.instrument.classloading.SimpleThrowawayClassLoader@3caee3a8]
2024-11-06T21:37:12.608-06:00 DEBUG 86381 --- [demo] [           main] o.h.boot.internal.ClassLoaderAccessImpl  : ClassLoaderAccessImpl#injectTempClassLoader(null) [was org.springframework.instrument.classloading.SimpleThrowawayClassLoader@3caee3a8]
2024-11-06T21:37:12.634-06:00  INFO 86381 --- [demo] [           main] com.zaxxer.hikari.HikariDataSource       : HikariPool-1 - Starting...
2024-11-06T21:37:13.745-06:00  INFO 86381 --- [demo] [           main] com.zaxxer.hikari.pool.HikariPool        : HikariPool-1 - Added connection oracle.jdbc.driver.T4CConnection@33e50ff2
2024-11-06T21:37:13.749-06:00  INFO 86381 --- [demo] [           main] com.zaxxer.hikari.HikariDataSource       : HikariPool-1 - Start completed.
2024-11-06T21:37:13.753-06:00 DEBUG 86381 --- [demo] [           main] o.h.e.j.e.i.JdbcEnvironmentInitiator     : Database ->
	   name : Oracle
	version : Oracle Database 19c Enterprise Edition Release 19.0.0.0.0 - Production
Version 19.25.0.0.0
	  major : 19
	  minor : 0
2024-11-06T21:37:13.754-06:00 DEBUG 86381 --- [demo] [           main] o.h.e.j.e.i.JdbcEnvironmentInitiator     : Driver ->
	   name : Oracle JDBC driver
	version : 21.9.0.0.0
	  major : 21
	  minor : 9
2024-11-06T21:37:13.754-06:00 DEBUG 86381 --- [demo] [           main] o.h.e.j.e.i.JdbcEnvironmentInitiator     : JDBC version : 4.3
2024-11-06T21:37:14.064-06:00 DEBUG 86381 --- [demo] [           main] org.hibernate.orm.dialect                : HHH035001: Using dialect: org.hibernate.dialect.OracleDialect, version: 19.0
2024-11-06T21:37:14.248-06:00 DEBUG 86381 --- [demo] [           main] o.h.t.d.jdbc.spi.JdbcTypeRegistry        : addDescriptor(NCharTypeDescriptor) replaced previous registration(CharTypeDescriptor)
2024-11-06T21:37:14.248-06:00 DEBUG 86381 --- [demo] [           main] o.h.t.d.jdbc.spi.JdbcTypeRegistry        : addDescriptor(NVarcharTypeDescriptor) replaced previous registration(VarcharTypeDescriptor)
2024-11-06T21:37:14.249-06:00 DEBUG 86381 --- [demo] [           main] o.h.t.d.jdbc.spi.JdbcTypeRegistry        : addDescriptor(LongNVarcharTypeDescriptor) replaced previous registration(LongVarcharTypeDescriptor)
2024-11-06T21:37:14.251-06:00 DEBUG 86381 --- [demo] [           main] o.h.t.d.jdbc.spi.JdbcTypeRegistry        : addDescriptor(NClobTypeDescriptor(DEFAULT)) replaced previous registration(ClobTypeDescriptor(DEFAULT))
2024-11-06T21:37:14.251-06:00 DEBUG 86381 --- [demo] [           main] o.h.t.d.jdbc.spi.JdbcTypeRegistry        : addDescriptor(2005, ClobTypeDescriptor(STREAM_BINDING)) replaced previous registration(ClobTypeDescriptor(DEFAULT))
2024-11-06T21:37:14.252-06:00 DEBUG 86381 --- [demo] [           main] o.h.t.d.jdbc.spi.JdbcTypeRegistry        : addDescriptor(BooleanTypeDescriptor) replaced previous registration(BooleanTypeDescriptor)
2024-11-06T21:37:14.259-06:00 DEBUG 86381 --- [demo] [           main] org.hibernate.type.BasicTypeRegistry     : Adding type registration null -> org.hibernate.type.NullType@c4551c6
2024-11-06T21:37:14.259-06:00 DEBUG 86381 --- [demo] [           main] org.hibernate.type.BasicTypeRegistry     : Type registration key [null] overrode previous entry : `org.hibernate.type.NullType@12abcd1e`
2024-11-06T21:37:14.260-06:00 DEBUG 86381 --- [demo] [           main] org.hibernate.type.BasicTypeRegistry     : Adding type registration JAVA_OBJECT -> org.hibernate.type.JavaObjectType@3ccfac29
2024-11-06T21:37:14.260-06:00 DEBUG 86381 --- [demo] [           main] org.hibernate.type.BasicTypeRegistry     : Adding type registration java.lang.Object -> org.hibernate.type.JavaObjectType@3ccfac29
2024-11-06T21:37:14.260-06:00 DEBUG 86381 --- [demo] [           main] org.hibernate.type.BasicTypeRegistry     : Type registration key [java.lang.Object] overrode previous entry : `org.hibernate.type.JavaObjectType@61359e87`
2024-11-06T21:37:14.263-06:00 DEBUG 86381 --- [demo] [           main] org.hibernate.type.BasicTypeRegistry     : Adding type registration org.hibernate.type.DurationType -> basicType@1(java.time.Duration,3015)
2024-11-06T21:37:14.263-06:00 DEBUG 86381 --- [demo] [           main] org.hibernate.type.BasicTypeRegistry     : Adding type registration Duration -> basicType@1(java.time.Duration,3015)
2024-11-06T21:37:14.263-06:00 DEBUG 86381 --- [demo] [           main] org.hibernate.type.BasicTypeRegistry     : Adding type registration java.time.Duration -> basicType@1(java.time.Duration,3015)
2024-11-06T21:37:14.267-06:00 DEBUG 86381 --- [demo] [           main] o.h.type.spi.TypeConfiguration$Scope     : Scoping TypeConfiguration [org.hibernate.type.spi.TypeConfiguration@e994ca] to MetadataBuildingContext [org.hibernate.boot.internal.MetadataBuildingContextRootImpl@5a205ee5]
2024-11-06T21:37:14.303-06:00 DEBUG 86381 --- [demo] [           main] o.h.boot.model.relational.Namespace      : Created database namespace [logicalName=Name{catalog=null, schema=null}, physicalName=Name{catalog=null, schema=null}]
2024-11-06T21:37:14.328-06:00 DEBUG 86381 --- [demo] [           main] o.h.boot.model.internal.EntityBinder     : Binding entity from annotated class: com.example.demo.DepartmentDTO
2024-11-06T21:37:14.334-06:00 DEBUG 86381 --- [demo] [           main] o.h.boot.model.internal.EntityBinder     : Import with entity name DepartmentDTO
2024-11-06T21:37:14.340-06:00 DEBUG 86381 --- [demo] [           main] o.h.boot.model.internal.EntityBinder     : Bind entity com.example.demo.DepartmentDTO on table departmentdto
2024-11-06T21:37:14.349-06:00 DEBUG 86381 --- [demo] [           main] o.h.boot.model.internal.AnnotatedColumn  : Binding column: AnnotatedDiscriminatorColumn(column='DTYPE')
2024-11-06T21:37:14.361-06:00 DEBUG 86381 --- [demo] [           main] o.h.boot.model.internal.AnnotatedColumn  : Binding column: AnnotatedColumn()
2024-11-06T21:37:14.361-06:00 DEBUG 86381 --- [demo] [           main] o.h.boot.internal.ClassLoaderAccessImpl  : Not known whether passed class name [com.example.demo.DepartmentDTO] is safe
2024-11-06T21:37:14.361-06:00 DEBUG 86381 --- [demo] [           main] o.h.boot.internal.ClassLoaderAccessImpl  : No temp ClassLoader provided; using live ClassLoader for loading potentially unsafe class : com.example.demo.DepartmentDTO
2024-11-06T21:37:14.364-06:00 DEBUG 86381 --- [demo] [           main] o.h.boot.model.internal.PropertyBinder   : MetadataSourceProcessor property departmentId with lazy=false
2024-11-06T21:37:14.367-06:00 DEBUG 86381 --- [demo] [           main] o.h.b.m.internal.AbstractPropertyHolder  : Attempting to locate auto-apply AttributeConverter for property [com.example.demo.DepartmentDTO:departmentId]
2024-11-06T21:37:14.370-06:00 DEBUG 86381 --- [demo] [           main] o.h.b.model.internal.BasicValueBinder    : building BasicValue for departmentId
2024-11-06T21:37:14.372-06:00 DEBUG 86381 --- [demo] [           main] org.hibernate.mapping.BasicValue         : Skipping column re-registration: departmentdto.department_id
2024-11-06T21:37:14.373-06:00 DEBUG 86381 --- [demo] [           main] o.h.boot.model.internal.PropertyBinder   : Building property departmentId
2024-11-06T21:37:14.376-06:00 DEBUG 86381 --- [demo] [           main] o.h.boot.model.internal.BinderHelper     : #makeIdGenerator(BasicValue([Column(department_id)]), departmentId, identity, , ...)
2024-11-06T21:37:14.377-06:00 DEBUG 86381 --- [demo] [           main] o.h.boot.model.internal.AnnotatedColumn  : Binding column: AnnotatedColumn()
2024-11-06T21:37:14.377-06:00 DEBUG 86381 --- [demo] [           main] o.h.boot.model.internal.PropertyBinder   : MetadataSourceProcessor property departmentManager with lazy=false
2024-11-06T21:37:14.377-06:00 DEBUG 86381 --- [demo] [           main] o.h.b.m.internal.AbstractPropertyHolder  : Attempting to locate auto-apply AttributeConverter for property [com.example.demo.DepartmentDTO:departmentManager]
2024-11-06T21:37:14.377-06:00 DEBUG 86381 --- [demo] [           main] o.h.b.model.internal.BasicValueBinder    : building BasicValue for departmentManager
2024-11-06T21:37:14.377-06:00 DEBUG 86381 --- [demo] [           main] org.hibernate.mapping.BasicValue         : Skipping column re-registration: departmentdto.department_manager
2024-11-06T21:37:14.377-06:00 DEBUG 86381 --- [demo] [           main] o.h.boot.model.internal.PropertyBinder   : Building property departmentManager
2024-11-06T21:37:14.377-06:00 DEBUG 86381 --- [demo] [           main] o.h.boot.model.internal.AnnotatedColumn  : Binding column: AnnotatedColumn()
2024-11-06T21:37:14.377-06:00 DEBUG 86381 --- [demo] [           main] o.h.boot.model.internal.PropertyBinder   : MetadataSourceProcessor property departmentName with lazy=false
2024-11-06T21:37:14.377-06:00 DEBUG 86381 --- [demo] [           main] o.h.b.m.internal.AbstractPropertyHolder  : Attempting to locate auto-apply AttributeConverter for property [com.example.demo.DepartmentDTO:departmentName]
2024-11-06T21:37:14.378-06:00 DEBUG 86381 --- [demo] [           main] o.h.b.model.internal.BasicValueBinder    : building BasicValue for departmentName
2024-11-06T21:37:14.378-06:00 DEBUG 86381 --- [demo] [           main] org.hibernate.mapping.BasicValue         : Skipping column re-registration: departmentdto.department_name
2024-11-06T21:37:14.378-06:00 DEBUG 86381 --- [demo] [           main] o.h.boot.model.internal.PropertyBinder   : Building property departmentName
2024-11-06T21:37:14.379-06:00 DEBUG 86381 --- [demo] [           main] o.h.b.r.c.i.ClassLoaderServiceImpl       : HHH000194: Package not found or no package-info.java: com.example.demo
2024-11-06T21:37:14.382-06:00 DEBUG 86381 --- [demo] [           main] o.h.boot.model.internal.EntityBinder     : Binding entity from annotated class: com.example.demo.EmployeeDTO
2024-11-06T21:37:14.383-06:00 DEBUG 86381 --- [demo] [           main] o.h.boot.model.internal.EntityBinder     : Import with entity name EmployeeDTO
2024-11-06T21:37:14.383-06:00 DEBUG 86381 --- [demo] [           main] o.h.boot.model.internal.EntityBinder     : Bind entity com.example.demo.EmployeeDTO on table employeedto
2024-11-06T21:37:14.383-06:00 DEBUG 86381 --- [demo] [           main] o.h.boot.model.internal.AnnotatedColumn  : Binding column: AnnotatedDiscriminatorColumn(column='DTYPE')
2024-11-06T21:37:14.386-06:00 DEBUG 86381 --- [demo] [           main] o.h.boot.model.internal.AnnotatedColumn  : Binding column: AnnotatedColumn()
2024-11-06T21:37:14.386-06:00 DEBUG 86381 --- [demo] [           main] o.h.boot.internal.ClassLoaderAccessImpl  : Not known whether passed class name [com.example.demo.EmployeeDTO] is safe
2024-11-06T21:37:14.386-06:00 DEBUG 86381 --- [demo] [           main] o.h.boot.internal.ClassLoaderAccessImpl  : No temp ClassLoader provided; using live ClassLoader for loading potentially unsafe class : com.example.demo.EmployeeDTO
2024-11-06T21:37:14.386-06:00 DEBUG 86381 --- [demo] [           main] o.h.boot.model.internal.PropertyBinder   : MetadataSourceProcessor property employeeId with lazy=false
2024-11-06T21:37:14.386-06:00 DEBUG 86381 --- [demo] [           main] o.h.b.m.internal.AbstractPropertyHolder  : Attempting to locate auto-apply AttributeConverter for property [com.example.demo.EmployeeDTO:employeeId]
2024-11-06T21:37:14.386-06:00 DEBUG 86381 --- [demo] [           main] o.h.b.model.internal.BasicValueBinder    : building BasicValue for employeeId
2024-11-06T21:37:14.386-06:00 DEBUG 86381 --- [demo] [           main] org.hibernate.mapping.BasicValue         : Skipping column re-registration: employeedto.employee_id
2024-11-06T21:37:14.386-06:00 DEBUG 86381 --- [demo] [           main] o.h.boot.model.internal.PropertyBinder   : Building property employeeId
2024-11-06T21:37:14.387-06:00 DEBUG 86381 --- [demo] [           main] o.h.boot.model.internal.BinderHelper     : #makeIdGenerator(BasicValue([Column(employee_id)]), employeeId, identity, , ...)
2024-11-06T21:37:14.387-06:00 DEBUG 86381 --- [demo] [           main] o.h.boot.model.internal.AnnotatedColumn  : Binding column: AnnotatedColumn()
2024-11-06T21:37:14.388-06:00 DEBUG 86381 --- [demo] [           main] o.h.boot.model.internal.PropertyBinder   : MetadataSourceProcessor property departmentId with lazy=false
2024-11-06T21:37:14.388-06:00 DEBUG 86381 --- [demo] [           main] o.h.b.m.internal.AbstractPropertyHolder  : Attempting to locate auto-apply AttributeConverter for property [com.example.demo.EmployeeDTO:departmentId]
2024-11-06T21:37:14.388-06:00 DEBUG 86381 --- [demo] [           main] o.h.b.model.internal.BasicValueBinder    : building BasicValue for departmentId
2024-11-06T21:37:14.388-06:00 DEBUG 86381 --- [demo] [           main] org.hibernate.mapping.BasicValue         : Skipping column re-registration: employeedto.department_id
2024-11-06T21:37:14.388-06:00 DEBUG 86381 --- [demo] [           main] o.h.boot.model.internal.PropertyBinder   : Building property departmentId
2024-11-06T21:37:14.389-06:00 DEBUG 86381 --- [demo] [           main] o.h.boot.model.internal.AnnotatedColumn  : Binding column: AnnotatedColumn()
2024-11-06T21:37:14.389-06:00 DEBUG 86381 --- [demo] [           main] o.h.boot.model.internal.PropertyBinder   : MetadataSourceProcessor property employeeName with lazy=false
2024-11-06T21:37:14.389-06:00 DEBUG 86381 --- [demo] [           main] o.h.b.m.internal.AbstractPropertyHolder  : Attempting to locate auto-apply AttributeConverter for property [com.example.demo.EmployeeDTO:employeeName]
2024-11-06T21:37:14.389-06:00 DEBUG 86381 --- [demo] [           main] o.h.b.model.internal.BasicValueBinder    : building BasicValue for employeeName
2024-11-06T21:37:14.389-06:00 DEBUG 86381 --- [demo] [           main] org.hibernate.mapping.BasicValue         : Skipping column re-registration: employeedto.employee_name
2024-11-06T21:37:14.389-06:00 DEBUG 86381 --- [demo] [           main] o.h.boot.model.internal.PropertyBinder   : Building property employeeName
2024-11-06T21:37:14.389-06:00 DEBUG 86381 --- [demo] [           main] o.h.boot.model.internal.AnnotatedColumn  : Binding column: AnnotatedColumn()
2024-11-06T21:37:14.390-06:00 DEBUG 86381 --- [demo] [           main] o.h.boot.model.internal.PropertyBinder   : MetadataSourceProcessor property roleId with lazy=false
2024-11-06T21:37:14.390-06:00 DEBUG 86381 --- [demo] [           main] o.h.b.m.internal.AbstractPropertyHolder  : Attempting to locate auto-apply AttributeConverter for property [com.example.demo.EmployeeDTO:roleId]
2024-11-06T21:37:14.390-06:00 DEBUG 86381 --- [demo] [           main] o.h.b.model.internal.BasicValueBinder    : building BasicValue for roleId
2024-11-06T21:37:14.390-06:00 DEBUG 86381 --- [demo] [           main] org.hibernate.mapping.BasicValue         : Skipping column re-registration: employeedto.role_id
2024-11-06T21:37:14.390-06:00 DEBUG 86381 --- [demo] [           main] o.h.boot.model.internal.PropertyBinder   : Building property roleId
2024-11-06T21:37:14.390-06:00 DEBUG 86381 --- [demo] [           main] o.h.boot.model.internal.AnnotatedColumn  : Binding column: AnnotatedColumn()
2024-11-06T21:37:14.391-06:00 DEBUG 86381 --- [demo] [           main] o.h.boot.model.internal.PropertyBinder   : MetadataSourceProcessor property salary with lazy=false
2024-11-06T21:37:14.391-06:00 DEBUG 86381 --- [demo] [           main] o.h.b.m.internal.AbstractPropertyHolder  : Attempting to locate auto-apply AttributeConverter for property [com.example.demo.EmployeeDTO:salary]
2024-11-06T21:37:14.391-06:00 DEBUG 86381 --- [demo] [           main] o.h.b.model.internal.BasicValueBinder    : building BasicValue for salary
2024-11-06T21:37:14.391-06:00 DEBUG 86381 --- [demo] [           main] org.hibernate.mapping.BasicValue         : Skipping column re-registration: employeedto.salary
2024-11-06T21:37:14.391-06:00 DEBUG 86381 --- [demo] [           main] o.h.boot.model.internal.PropertyBinder   : Building property salary
2024-11-06T21:37:14.391-06:00 DEBUG 86381 --- [demo] [           main] o.h.b.r.c.i.ClassLoaderServiceImpl       : HHH000194: Package not found or no package-info.java: com.example.demo
2024-11-06T21:37:14.392-06:00 DEBUG 86381 --- [demo] [           main] o.h.boot.model.internal.EntityBinder     : Binding entity from annotated class: com.example.demo.PerformanceReviewDTO
2024-11-06T21:37:14.392-06:00 DEBUG 86381 --- [demo] [           main] o.h.boot.model.internal.EntityBinder     : Import with entity name PerformanceReviewDTO
2024-11-06T21:37:14.392-06:00 DEBUG 86381 --- [demo] [           main] o.h.boot.model.internal.EntityBinder     : Bind entity com.example.demo.PerformanceReviewDTO on table performance_reviewdto
2024-11-06T21:37:14.393-06:00 DEBUG 86381 --- [demo] [           main] o.h.boot.model.internal.AnnotatedColumn  : Binding column: AnnotatedDiscriminatorColumn(column='DTYPE')
2024-11-06T21:37:14.393-06:00 DEBUG 86381 --- [demo] [           main] o.h.boot.model.internal.AnnotatedColumn  : Binding column: AnnotatedColumn()
2024-11-06T21:37:14.393-06:00 DEBUG 86381 --- [demo] [           main] o.h.boot.internal.ClassLoaderAccessImpl  : Not known whether passed class name [com.example.demo.PerformanceReviewDTO] is safe
2024-11-06T21:37:14.393-06:00 DEBUG 86381 --- [demo] [           main] o.h.boot.internal.ClassLoaderAccessImpl  : No temp ClassLoader provided; using live ClassLoader for loading potentially unsafe class : com.example.demo.PerformanceReviewDTO
2024-11-06T21:37:14.393-06:00 DEBUG 86381 --- [demo] [           main] o.h.boot.model.internal.PropertyBinder   : MetadataSourceProcessor property reviewId with lazy=false
2024-11-06T21:37:14.393-06:00 DEBUG 86381 --- [demo] [           main] o.h.b.m.internal.AbstractPropertyHolder  : Attempting to locate auto-apply AttributeConverter for property [com.example.demo.PerformanceReviewDTO:reviewId]
2024-11-06T21:37:14.393-06:00 DEBUG 86381 --- [demo] [           main] o.h.b.model.internal.BasicValueBinder    : building BasicValue for reviewId
2024-11-06T21:37:14.393-06:00 DEBUG 86381 --- [demo] [           main] org.hibernate.mapping.BasicValue         : Skipping column re-registration: performance_reviewdto.review_id
2024-11-06T21:37:14.394-06:00 DEBUG 86381 --- [demo] [           main] o.h.boot.model.internal.PropertyBinder   : Building property reviewId
2024-11-06T21:37:14.394-06:00 DEBUG 86381 --- [demo] [           main] o.h.boot.model.internal.BinderHelper     : #makeIdGenerator(BasicValue([Column(review_id)]), reviewId, identity, , ...)
2024-11-06T21:37:14.394-06:00 DEBUG 86381 --- [demo] [           main] o.h.boot.model.internal.AnnotatedColumn  : Binding column: AnnotatedColumn()
2024-11-06T21:37:14.394-06:00 DEBUG 86381 --- [demo] [           main] o.h.boot.model.internal.PropertyBinder   : MetadataSourceProcessor property employeeId with lazy=false
2024-11-06T21:37:14.394-06:00 DEBUG 86381 --- [demo] [           main] o.h.b.m.internal.AbstractPropertyHolder  : Attempting to locate auto-apply AttributeConverter for property [com.example.demo.PerformanceReviewDTO:employeeId]
2024-11-06T21:37:14.394-06:00 DEBUG 86381 --- [demo] [           main] o.h.b.model.internal.BasicValueBinder    : building BasicValue for employeeId
2024-11-06T21:37:14.394-06:00 DEBUG 86381 --- [demo] [           main] org.hibernate.mapping.BasicValue         : Skipping column re-registration: performance_reviewdto.employee_id
2024-11-06T21:37:14.394-06:00 DEBUG 86381 --- [demo] [           main] o.h.boot.model.internal.PropertyBinder   : Building property employeeId
2024-11-06T21:37:14.394-06:00 DEBUG 86381 --- [demo] [           main] o.h.boot.model.internal.AnnotatedColumn  : Binding column: AnnotatedColumn()
2024-11-06T21:37:14.394-06:00 DEBUG 86381 --- [demo] [           main] o.h.boot.model.internal.PropertyBinder   : MetadataSourceProcessor property reviewComments with lazy=false
2024-11-06T21:37:14.394-06:00 DEBUG 86381 --- [demo] [           main] o.h.b.m.internal.AbstractPropertyHolder  : Attempting to locate auto-apply AttributeConverter for property [com.example.demo.PerformanceReviewDTO:reviewComments]
2024-11-06T21:37:14.395-06:00 DEBUG 86381 --- [demo] [           main] o.h.b.model.internal.BasicValueBinder    : building BasicValue for reviewComments
2024-11-06T21:37:14.395-06:00 DEBUG 86381 --- [demo] [           main] org.hibernate.mapping.BasicValue         : Skipping column re-registration: performance_reviewdto.review_comments
2024-11-06T21:37:14.395-06:00 DEBUG 86381 --- [demo] [           main] o.h.boot.model.internal.PropertyBinder   : Building property reviewComments
2024-11-06T21:37:14.395-06:00 DEBUG 86381 --- [demo] [           main] o.h.boot.model.internal.AnnotatedColumn  : Binding column: AnnotatedColumn()
2024-11-06T21:37:14.395-06:00 DEBUG 86381 --- [demo] [           main] o.h.boot.model.internal.PropertyBinder   : MetadataSourceProcessor property reviewDate with lazy=false
2024-11-06T21:37:14.395-06:00 DEBUG 86381 --- [demo] [           main] o.h.b.m.internal.AbstractPropertyHolder  : Attempting to locate auto-apply AttributeConverter for property [com.example.demo.PerformanceReviewDTO:reviewDate]
2024-11-06T21:37:14.395-06:00 DEBUG 86381 --- [demo] [           main] o.h.b.model.internal.BasicValueBinder    : building BasicValue for reviewDate
2024-11-06T21:37:14.395-06:00 DEBUG 86381 --- [demo] [           main] org.hibernate.mapping.BasicValue         : Skipping column re-registration: performance_reviewdto.review_date
2024-11-06T21:37:14.395-06:00 DEBUG 86381 --- [demo] [           main] o.h.boot.model.internal.PropertyBinder   : Building property reviewDate
2024-11-06T21:37:14.395-06:00 DEBUG 86381 --- [demo] [           main] o.h.boot.model.internal.AnnotatedColumn  : Binding column: AnnotatedColumn()
2024-11-06T21:37:14.395-06:00 DEBUG 86381 --- [demo] [           main] o.h.boot.model.internal.PropertyBinder   : MetadataSourceProcessor property reviewScore with lazy=false
2024-11-06T21:37:14.395-06:00 DEBUG 86381 --- [demo] [           main] o.h.b.m.internal.AbstractPropertyHolder  : Attempting to locate auto-apply AttributeConverter for property [com.example.demo.PerformanceReviewDTO:reviewScore]
2024-11-06T21:37:14.395-06:00 DEBUG 86381 --- [demo] [           main] o.h.b.model.internal.BasicValueBinder    : building BasicValue for reviewScore
2024-11-06T21:37:14.396-06:00 DEBUG 86381 --- [demo] [           main] org.hibernate.mapping.BasicValue         : Skipping column re-registration: performance_reviewdto.review_score
2024-11-06T21:37:14.396-06:00 DEBUG 86381 --- [demo] [           main] o.h.boot.model.internal.PropertyBinder   : Building property reviewScore
2024-11-06T21:37:14.396-06:00 DEBUG 86381 --- [demo] [           main] o.h.b.r.c.i.ClassLoaderServiceImpl       : HHH000194: Package not found or no package-info.java: com.example.demo
2024-11-06T21:37:14.397-06:00 DEBUG 86381 --- [demo] [           main] o.h.b.model.internal.BasicValueBinder    : Starting `BasicValueBinder#fillSimpleValue` for departmentId
2024-11-06T21:37:14.398-06:00 DEBUG 86381 --- [demo] [           main] o.h.b.model.internal.BasicValueBinder    : Starting `BasicValueBinder#fillSimpleValue` for departmentManager
2024-11-06T21:37:14.398-06:00 DEBUG 86381 --- [demo] [           main] o.h.b.model.internal.BasicValueBinder    : Starting `BasicValueBinder#fillSimpleValue` for departmentName
2024-11-06T21:37:14.398-06:00 DEBUG 86381 --- [demo] [           main] o.h.b.model.internal.BasicValueBinder    : Starting `BasicValueBinder#fillSimpleValue` for employeeId
2024-11-06T21:37:14.398-06:00 DEBUG 86381 --- [demo] [           main] o.h.b.model.internal.BasicValueBinder    : Starting `BasicValueBinder#fillSimpleValue` for departmentId
2024-11-06T21:37:14.398-06:00 DEBUG 86381 --- [demo] [           main] o.h.b.model.internal.BasicValueBinder    : Starting `BasicValueBinder#fillSimpleValue` for employeeName
2024-11-06T21:37:14.398-06:00 DEBUG 86381 --- [demo] [           main] o.h.b.model.internal.BasicValueBinder    : Starting `BasicValueBinder#fillSimpleValue` for roleId
2024-11-06T21:37:14.398-06:00 DEBUG 86381 --- [demo] [           main] o.h.b.model.internal.BasicValueBinder    : Starting `BasicValueBinder#fillSimpleValue` for salary
2024-11-06T21:37:14.399-06:00 DEBUG 86381 --- [demo] [           main] o.h.b.model.internal.BasicValueBinder    : Starting `BasicValueBinder#fillSimpleValue` for reviewId
2024-11-06T21:37:14.399-06:00 DEBUG 86381 --- [demo] [           main] o.h.b.model.internal.BasicValueBinder    : Starting `BasicValueBinder#fillSimpleValue` for employeeId
2024-11-06T21:37:14.399-06:00 DEBUG 86381 --- [demo] [           main] o.h.b.model.internal.BasicValueBinder    : Starting `BasicValueBinder#fillSimpleValue` for reviewComments
2024-11-06T21:37:14.399-06:00 DEBUG 86381 --- [demo] [           main] o.h.b.model.internal.BasicValueBinder    : Starting `BasicValueBinder#fillSimpleValue` for reviewDate
2024-11-06T21:37:14.399-06:00 DEBUG 86381 --- [demo] [           main] o.h.b.model.internal.BasicValueBinder    : Starting `BasicValueBinder#fillSimpleValue` for reviewScore
2024-11-06T21:37:14.401-06:00 DEBUG 86381 --- [demo] [           main] org.hibernate.mapping.PrimaryKey         : Forcing column [department_id] to be non-null as it is part of the primary key for table [departmentdto]
2024-11-06T21:37:14.401-06:00 DEBUG 86381 --- [demo] [           main] org.hibernate.mapping.PrimaryKey         : Forcing column [employee_id] to be non-null as it is part of the primary key for table [employeedto]
2024-11-06T21:37:14.402-06:00 DEBUG 86381 --- [demo] [           main] org.hibernate.mapping.PrimaryKey         : Forcing column [review_id] to be non-null as it is part of the primary key for table [performance_reviewdto]
2024-11-06T21:37:14.459-06:00 DEBUG 86381 --- [demo] [           main] o.hibernate.internal.SessionFactoryImpl  : Building session factory
2024-11-06T21:37:14.505-06:00 DEBUG 86381 --- [demo] [           main] .h.s.i.SessionFactoryServiceRegistryImpl : EventListenerRegistry access via ServiceRegistry is deprecated.  Use `sessionFactory.getEventEngine().getListenerRegistry()` instead
2024-11-06T21:37:14.505-06:00 DEBUG 86381 --- [demo] [           main] o.hibernate.internal.SessionFactoryImpl  : Instantiating SessionFactory with settings: {java.specification.version=22, hibernate.resource.beans.container=org.springframework.orm.hibernate5.SpringBeanContainer@6a38e3d1, hibernate.connection.handling_mode=DELAYED_ACQUISITION_AND_HOLD, sun.jnu.encoding=UTF-8, hibernate.implicit_naming_strategy=org.springframework.boot.orm.jpa.hibernate.SpringImplicitNamingStrategy, java.class.path=/Users/lucas/Downloads/Oracle_E_Commerce_App/target/test-classes:/Users/lucas/Downloads/Oracle_E_Commerce_App/target/classes:/Users/lucas/.m2/repository/org/springframework/boot/spring-boot-starter-logging/3.3.4/spring-boot-starter-logging-3.3.4.jar:/Users/lucas/.m2/repository/ch/qos/logback/logback-classic/1.5.8/logback-classic-1.5.8.jar:/Users/lucas/.m2/repository/ch/qos/logback/logback-core/1.5.8/logback-core-1.5.8.jar:/Users/lucas/.m2/repository/org/slf4j/slf4j-api/2.0.16/slf4j-api-2.0.16.jar:/Users/lucas/.m2/repository/org/apache/logging/log4j/log4j-to-slf4j/2.23.1/log4j-to-slf4j-2.23.1.jar:/Users/lucas/.m2/repository/org/apache/logging/log4j/log4j-api/2.23.1/log4j-api-2.23.1.jar:/Users/lucas/.m2/repository/org/slf4j/jul-to-slf4j/2.0.16/jul-to-slf4j-2.0.16.jar:/Users/lucas/.m2/repository/org/springframework/boot/spring-boot-starter-web/3.3.4/spring-boot-starter-web-3.3.4.jar:/Users/lucas/.m2/repository/org/springframework/boot/spring-boot-starter/3.3.4/spring-boot-starter-3.3.4.jar:/Users/lucas/.m2/repository/org/springframework/boot/spring-boot/3.3.4/spring-boot-3.3.4.jar:/Users/lucas/.m2/repository/org/springframework/boot/spring-boot-autoconfigure/3.3.4/spring-boot-autoconfigure-3.3.4.jar:/Users/lucas/.m2/repository/jakarta/annotation/jakarta.annotation-api/2.1.1/jakarta.annotation-api-2.1.1.jar:/Users/lucas/.m2/repository/org/yaml/snakeyaml/2.2/snakeyaml-2.2.jar:/Users/lucas/.m2/repository/org/springframework/boot/spring-boot-starter-json/3.3.4/spring-boot-starter-json-3.3.4.jar:/Users/lucas/.m2/repository/com/fasterxml/jackson/core/jackson-databind/2.17.2/jackson-databind-2.17.2.jar:/Users/lucas/.m2/repository/com/fasterxml/jackson/core/jackson-annotations/2.17.2/jackson-annotations-2.17.2.jar:/Users/lucas/.m2/repository/com/fasterxml/jackson/core/jackson-core/2.17.2/jackson-core-2.17.2.jar:/Users/lucas/.m2/repository/com/fasterxml/jackson/datatype/jackson-datatype-jdk8/2.17.2/jackson-datatype-jdk8-2.17.2.jar:/Users/lucas/.m2/repository/com/fasterxml/jackson/datatype/jackson-datatype-jsr310/2.17.2/jackson-datatype-jsr310-2.17.2.jar:/Users/lucas/.m2/repository/com/fasterxml/jackson/module/jackson-module-parameter-names/2.17.2/jackson-module-parameter-names-2.17.2.jar:/Users/lucas/.m2/repository/org/springframework/boot/spring-boot-starter-tomcat/3.3.4/spring-boot-starter-tomcat-3.3.4.jar:/Users/lucas/.m2/repository/org/apache/tomcat/embed/tomcat-embed-core/10.1.30/tomcat-embed-core-10.1.30.jar:/Users/lucas/.m2/repository/org/apache/tomcat/embed/tomcat-embed-websocket/10.1.30/tomcat-embed-websocket-10.1.30.jar:/Users/lucas/.m2/repository/org/springframework/spring-web/6.1.13/spring-web-6.1.13.jar:/Users/lucas/.m2/repository/org/springframework/spring-beans/6.1.13/spring-beans-6.1.13.jar:/Users/lucas/.m2/repository/io/micrometer/micrometer-observation/1.13.4/micrometer-observation-1.13.4.jar:/Users/lucas/.m2/repository/io/micrometer/micrometer-commons/1.13.4/micrometer-commons-1.13.4.jar:/Users/lucas/.m2/repository/org/springframework/spring-webmvc/6.1.13/spring-webmvc-6.1.13.jar:/Users/lucas/.m2/repository/org/springframework/spring-context/6.1.13/spring-context-6.1.13.jar:/Users/lucas/.m2/repository/org/springframework/spring-expression/6.1.13/spring-expression-6.1.13.jar:/Users/lucas/.m2/repository/org/springframework/boot/spring-boot-starter-validation/3.3.4/spring-boot-starter-validation-3.3.4.jar:/Users/lucas/.m2/repository/org/apache/tomcat/embed/tomcat-embed-el/10.1.30/tomcat-embed-el-10.1.30.jar:/Users/lucas/.m2/repository/org/hibernate/validator/hibernate-validator/8.0.1.Final/hibernate-validator-8.0.1.Final.jar:/Users/lucas/.m2/repository/jakarta/validation/jakarta.validation-api/3.0.2/jakarta.validation-api-3.0.2.jar:/Users/lucas/.m2/repository/org/jboss/logging/jboss-logging/3.5.3.Final/jboss-logging-3.5.3.Final.jar:/Users/lucas/.m2/repository/com/fasterxml/classmate/1.7.0/classmate-1.7.0.jar:/Users/lucas/.m2/repository/org/hibernate/orm/hibernate-core/6.5.3.Final/hibernate-core-6.5.3.Final.jar:/Users/lucas/.m2/repository/jakarta/persistence/jakarta.persistence-api/3.1.0/jakarta.persistence-api-3.1.0.jar:/Users/lucas/.m2/repository/jakarta/transaction/jakarta.transaction-api/2.0.1/jakarta.transaction-api-2.0.1.jar:/Users/lucas/.m2/repository/org/hibernate/common/hibernate-commons-annotations/6.0.6.Final/hibernate-commons-annotations-6.0.6.Final.jar:/Users/lucas/.m2/repository/io/smallrye/jandex/3.1.2/jandex-3.1.2.jar:/Users/lucas/.m2/repository/net/bytebuddy/byte-buddy/1.14.19/byte-buddy-1.14.19.jar:/Users/lucas/.m2/repository/jakarta/xml/bind/jakarta.xml.bind-api/4.0.2/jakarta.xml.bind-api-4.0.2.jar:/Users/lucas/.m2/repository/jakarta/activation/jakarta.activation-api/2.1.3/jakarta.activation-api-2.1.3.jar:/Users/lucas/.m2/repository/org/glassfish/jaxb/jaxb-runtime/4.0.5/jaxb-runtime-4.0.5.jar:/Users/lucas/.m2/repository/org/glassfish/jaxb/jaxb-core/4.0.5/jaxb-core-4.0.5.jar:/Users/lucas/.m2/repository/org/eclipse/angus/angus-activation/2.0.2/angus-activation-2.0.2.jar:/Users/lucas/.m2/repository/org/glassfish/jaxb/txw2/4.0.5/txw2-4.0.5.jar:/Users/lucas/.m2/repository/com/sun/istack/istack-commons-runtime/4.1.2/istack-commons-runtime-4.1.2.jar:/Users/lucas/.m2/repository/jakarta/inject/jakarta.inject-api/2.0.1/jakarta.inject-api-2.0.1.jar:/Users/lucas/.m2/repository/org/antlr/antlr4-runtime/4.13.0/antlr4-runtime-4.13.0.jar:/Users/lucas/.m2/repository/org/springframework/boot/spring-boot-starter-data-jpa/3.3.4/spring-boot-starter-data-jpa-3.3.4.jar:/Users/lucas/.m2/repository/org/springframework/boot/spring-boot-starter-aop/3.3.4/spring-boot-starter-aop-3.3.4.jar:/Users/lucas/.m2/repository/org/aspectj/aspectjweaver/1.9.22.1/aspectjweaver-1.9.22.1.jar:/Users/lucas/.m2/repository/org/springframework/boot/spring-boot-starter-jdbc/3.3.4/spring-boot-starter-jdbc-3.3.4.jar:/Users/lucas/.m2/repository/com/zaxxer/HikariCP/5.1.0/HikariCP-5.1.0.jar:/Users/lucas/.m2/repository/org/springframework/spring-jdbc/6.1.13/spring-jdbc-6.1.13.jar:/Users/lucas/.m2/repository/org/springframework/data/spring-data-jpa/3.3.4/spring-data-jpa-3.3.4.jar:/Users/lucas/.m2/repository/org/springframework/data/spring-data-commons/3.3.4/spring-data-commons-3.3.4.jar:/Users/lucas/.m2/repository/org/springframework/spring-orm/6.1.13/spring-orm-6.1.13.jar:/Users/lucas/.m2/repository/org/springframework/spring-tx/6.1.13/spring-tx-6.1.13.jar:/Users/lucas/.m2/repository/org/springframework/spring-aspects/6.1.13/spring-aspects-6.1.13.jar:/Users/lucas/.m2/repository/com/oracle/database/jdbc/ojdbc11/21.9.0.0/ojdbc11-21.9.0.0.jar:/Users/lucas/.m2/repository/javax/persistence/javax.persistence-api/2.2/javax.persistence-api-2.2.jar:/Users/lucas/.m2/repository/org/springframework/boot/spring-boot-starter-security/3.3.4/spring-boot-starter-security-3.3.4.jar:/Users/lucas/.m2/repository/org/springframework/spring-aop/6.1.13/spring-aop-6.1.13.jar:/Users/lucas/.m2/repository/org/springframework/security/spring-security-config/6.3.3/spring-security-config-6.3.3.jar:/Users/lucas/.m2/repository/org/springframework/security/spring-security-web/6.3.3/spring-security-web-6.3.3.jar:/Users/lucas/.m2/repository/org/springframework/boot/spring-boot-starter-test/3.3.4/spring-boot-starter-test-3.3.4.jar:/Users/lucas/.m2/repository/org/springframework/boot/spring-boot-test/3.3.4/spring-boot-test-3.3.4.jar:/Users/lucas/.m2/repository/org/springframework/boot/spring-boot-test-autoconfigure/3.3.4/spring-boot-test-autoconfigure-3.3.4.jar:/Users/lucas/.m2/repository/com/jayway/jsonpath/json-path/2.9.0/json-path-2.9.0.jar:/Users/lucas/.m2/repository/net/minidev/json-smart/2.5.1/json-smart-2.5.1.jar:/Users/lucas/.m2/repository/net/minidev/accessors-smart/2.5.1/accessors-smart-2.5.1.jar:/Users/lucas/.m2/repository/org/ow2/asm/asm/9.6/asm-9.6.jar:/Users/lucas/.m2/repository/org/assertj/assertj-core/3.25.3/assertj-core-3.25.3.jar:/Users/lucas/.m2/repository/org/awaitility/awaitility/4.2.2/awaitility-4.2.2.jar:/Users/lucas/.m2/repository/org/hamcrest/hamcrest/2.2/hamcrest-2.2.jar:/Users/lucas/.m2/repository/org/junit/jupiter/junit-jupiter/5.10.3/junit-jupiter-5.10.3.jar:/Users/lucas/.m2/repository/org/junit/jupiter/junit-jupiter-api/5.10.3/junit-jupiter-api-5.10.3.jar:/Users/lucas/.m2/repository/org/opentest4j/opentest4j/1.3.0/opentest4j-1.3.0.jar:/Users/lucas/.m2/repository/org/junit/platform/junit-platform-commons/1.10.3/junit-platform-commons-1.10.3.jar:/Users/lucas/.m2/repository/org/apiguardian/apiguardian-api/1.1.2/apiguardian-api-1.1.2.jar:/Users/lucas/.m2/repository/org/junit/jupiter/junit-jupiter-params/5.10.3/junit-jupiter-params-5.10.3.jar:/Users/lucas/.m2/repository/org/junit/jupiter/junit-jupiter-engine/5.10.3/junit-jupiter-engine-5.10.3.jar:/Users/lucas/.m2/repository/org/junit/platform/junit-platform-engine/1.10.3/junit-platform-engine-1.10.3.jar:/Users/lucas/.m2/repository/org/mockito/mockito-core/5.11.0/mockito-core-5.11.0.jar:/Users/lucas/.m2/repository/net/bytebuddy/byte-buddy-agent/1.14.19/byte-buddy-agent-1.14.19.jar:/Users/lucas/.m2/repository/org/objenesis/objenesis/3.3/objenesis-3.3.jar:/Users/lucas/.m2/repository/org/mockito/mockito-junit-jupiter/5.11.0/mockito-junit-jupiter-5.11.0.jar:/Users/lucas/.m2/repository/org/skyscreamer/jsonassert/1.5.3/jsonassert-1.5.3.jar:/Users/lucas/.m2/repository/com/vaadin/external/google/android-json/0.0.20131108.vaadin1/android-json-0.0.20131108.vaadin1.jar:/Users/lucas/.m2/repository/org/springframework/spring-core/6.1.13/spring-core-6.1.13.jar:/Users/lucas/.m2/repository/org/springframework/spring-jcl/6.1.13/spring-jcl-6.1.13.jar:/Users/lucas/.m2/repository/org/springframework/spring-test/6.1.13/spring-test-6.1.13.jar:/Users/lucas/.m2/repository/org/xmlunit/xmlunit-core/2.9.1/xmlunit-core-2.9.1.jar:/Users/lucas/.m2/repository/org/springframework/security/spring-security-test/6.3.3/spring-security-test-6.3.3.jar:/Users/lucas/.m2/repository/org/springframework/security/spring-security-core/6.3.3/spring-security-core-6.3.3.jar:/Users/lucas/.m2/repository/org/springframework/security/spring-security-crypto/6.3.3/spring-security-crypto-6.3.3.jar:, java.vm.vendor=Oracle Corporation, sun.arch.data.model=64, java.vendor.url=https://java.oracle.com/, user.timezone=America/Chicago, jakarta.persistence.sharedCache.mode=UNSPECIFIED, org.jboss.logging.provider=slf4j, java.vm.specification.version=22, os.name=Mac OS X, jakarta.persistence.nonJtaDataSource=HikariDataSource (HikariPool-1), sun.java.launcher=SUN_STANDARD, user.country=US, sun.boot.library.path=/Library/Java/JavaVirtualMachines/jdk-22.jdk/Contents/Home/lib, sun.java.command=/Users/lucas/Downloads/Oracle_E_Commerce_App/target/surefire/surefirebooter-20241106213709766_3.jar /Users/lucas/Downloads/Oracle_E_Commerce_App/target/surefire 2024-11-06T21-37-09_681-jvmRun1 surefire-20241106213709766_1tmp surefire_0-20241106213709766_2tmp, javax.persistence.nonJtaDataSource=HikariDataSource (HikariPool-1), hibernate.transaction.jta.platform=org.hibernate.engine.transaction.jta.platform.internal.NoJtaPlatform@28cf179c, http.nonProxyHosts=local|*.local|169.254/16|*.169.254/16, jdk.debug=release, surefire.test.class.path=/Users/lucas/Downloads/Oracle_E_Commerce_App/target/test-classes:/Users/lucas/Downloads/Oracle_E_Commerce_App/target/classes:/Users/lucas/.m2/repository/org/springframework/boot/spring-boot-starter-logging/3.3.4/spring-boot-starter-logging-3.3.4.jar:/Users/lucas/.m2/repository/ch/qos/logback/logback-classic/1.5.8/logback-classic-1.5.8.jar:/Users/lucas/.m2/repository/ch/qos/logback/logback-core/1.5.8/logback-core-1.5.8.jar:/Users/lucas/.m2/repository/org/slf4j/slf4j-api/2.0.16/slf4j-api-2.0.16.jar:/Users/lucas/.m2/repository/org/apache/logging/log4j/log4j-to-slf4j/2.23.1/log4j-to-slf4j-2.23.1.jar:/Users/lucas/.m2/repository/org/apache/logging/log4j/log4j-api/2.23.1/log4j-api-2.23.1.jar:/Users/lucas/.m2/repository/org/slf4j/jul-to-slf4j/2.0.16/jul-to-slf4j-2.0.16.jar:/Users/lucas/.m2/repository/org/springframework/boot/spring-boot-starter-web/3.3.4/spring-boot-starter-web-3.3.4.jar:/Users/lucas/.m2/repository/org/springframework/boot/spring-boot-starter/3.3.4/spring-boot-starter-3.3.4.jar:/Users/lucas/.m2/repository/org/springframework/boot/spring-boot/3.3.4/spring-boot-3.3.4.jar:/Users/lucas/.m2/repository/org/springframework/boot/spring-boot-autoconfigure/3.3.4/spring-boot-autoconfigure-3.3.4.jar:/Users/lucas/.m2/repository/jakarta/annotation/jakarta.annotation-api/2.1.1/jakarta.annotation-api-2.1.1.jar:/Users/lucas/.m2/repository/org/yaml/snakeyaml/2.2/snakeyaml-2.2.jar:/Users/lucas/.m2/repository/org/springframework/boot/spring-boot-starter-json/3.3.4/spring-boot-starter-json-3.3.4.jar:/Users/lucas/.m2/repository/com/fasterxml/jackson/core/jackson-databind/2.17.2/jackson-databind-2.17.2.jar:/Users/lucas/.m2/repository/com/fasterxml/jackson/core/jackson-annotations/2.17.2/jackson-annotations-2.17.2.jar:/Users/lucas/.m2/repository/com/fasterxml/jackson/core/jackson-core/2.17.2/jackson-core-2.17.2.jar:/Users/lucas/.m2/repository/com/fasterxml/jackson/datatype/jackson-datatype-jdk8/2.17.2/jackson-datatype-jdk8-2.17.2.jar:/Users/lucas/.m2/repository/com/fasterxml/jackson/datatype/jackson-datatype-jsr310/2.17.2/jackson-datatype-jsr310-2.17.2.jar:/Users/lucas/.m2/repository/com/fasterxml/jackson/module/jackson-module-parameter-names/2.17.2/jackson-module-parameter-names-2.17.2.jar:/Users/lucas/.m2/repository/org/springframework/boot/spring-boot-starter-tomcat/3.3.4/spring-boot-starter-tomcat-3.3.4.jar:/Users/lucas/.m2/repository/org/apache/tomcat/embed/tomcat-embed-core/10.1.30/tomcat-embed-core-10.1.30.jar:/Users/lucas/.m2/repository/org/apache/tomcat/embed/tomcat-embed-websocket/10.1.30/tomcat-embed-websocket-10.1.30.jar:/Users/lucas/.m2/repository/org/springframework/spring-web/6.1.13/spring-web-6.1.13.jar:/Users/lucas/.m2/repository/org/springframework/spring-beans/6.1.13/spring-beans-6.1.13.jar:/Users/lucas/.m2/repository/io/micrometer/micrometer-observation/1.13.4/micrometer-observation-1.13.4.jar:/Users/lucas/.m2/repository/io/micrometer/micrometer-commons/1.13.4/micrometer-commons-1.13.4.jar:/Users/lucas/.m2/repository/org/springframework/spring-webmvc/6.1.13/spring-webmvc-6.1.13.jar:/Users/lucas/.m2/repository/org/springframework/spring-context/6.1.13/spring-context-6.1.13.jar:/Users/lucas/.m2/repository/org/springframework/spring-expression/6.1.13/spring-expression-6.1.13.jar:/Users/lucas/.m2/repository/org/springframework/boot/spring-boot-starter-validation/3.3.4/spring-boot-starter-validation-3.3.4.jar:/Users/lucas/.m2/repository/org/apache/tomcat/embed/tomcat-embed-el/10.1.30/tomcat-embed-el-10.1.30.jar:/Users/lucas/.m2/repository/org/hibernate/validator/hibernate-validator/8.0.1.Final/hibernate-validator-8.0.1.Final.jar:/Users/lucas/.m2/repository/jakarta/validation/jakarta.validation-api/3.0.2/jakarta.validation-api-3.0.2.jar:/Users/lucas/.m2/repository/org/jboss/logging/jboss-logging/3.5.3.Final/jboss-logging-3.5.3.Final.jar:/Users/lucas/.m2/repository/com/fasterxml/classmate/1.7.0/classmate-1.7.0.jar:/Users/lucas/.m2/repository/org/hibernate/orm/hibernate-core/6.5.3.Final/hibernate-core-6.5.3.Final.jar:/Users/lucas/.m2/repository/jakarta/persistence/jakarta.persistence-api/3.1.0/jakarta.persistence-api-3.1.0.jar:/Users/lucas/.m2/repository/jakarta/transaction/jakarta.transaction-api/2.0.1/jakarta.transaction-api-2.0.1.jar:/Users/lucas/.m2/repository/org/hibernate/common/hibernate-commons-annotations/6.0.6.Final/hibernate-commons-annotations-6.0.6.Final.jar:/Users/lucas/.m2/repository/io/smallrye/jandex/3.1.2/jandex-3.1.2.jar:/Users/lucas/.m2/repository/net/bytebuddy/byte-buddy/1.14.19/byte-buddy-1.14.19.jar:/Users/lucas/.m2/repository/jakarta/xml/bind/jakarta.xml.bind-api/4.0.2/jakarta.xml.bind-api-4.0.2.jar:/Users/lucas/.m2/repository/jakarta/activation/jakarta.activation-api/2.1.3/jakarta.activation-api-2.1.3.jar:/Users/lucas/.m2/repository/org/glassfish/jaxb/jaxb-runtime/4.0.5/jaxb-runtime-4.0.5.jar:/Users/lucas/.m2/repository/org/glassfish/jaxb/jaxb-core/4.0.5/jaxb-core-4.0.5.jar:/Users/lucas/.m2/repository/org/eclipse/angus/angus-activation/2.0.2/angus-activation-2.0.2.jar:/Users/lucas/.m2/repository/org/glassfish/jaxb/txw2/4.0.5/txw2-4.0.5.jar:/Users/lucas/.m2/repository/com/sun/istack/istack-commons-runtime/4.1.2/istack-commons-runtime-4.1.2.jar:/Users/lucas/.m2/repository/jakarta/inject/jakarta.inject-api/2.0.1/jakarta.inject-api-2.0.1.jar:/Users/lucas/.m2/repository/org/antlr/antlr4-runtime/4.13.0/antlr4-runtime-4.13.0.jar:/Users/lucas/.m2/repository/org/springframework/boot/spring-boot-starter-data-jpa/3.3.4/spring-boot-starter-data-jpa-3.3.4.jar:/Users/lucas/.m2/repository/org/springframework/boot/spring-boot-starter-aop/3.3.4/spring-boot-starter-aop-3.3.4.jar:/Users/lucas/.m2/repository/org/aspectj/aspectjweaver/1.9.22.1/aspectjweaver-1.9.22.1.jar:/Users/lucas/.m2/repository/org/springframework/boot/spring-boot-starter-jdbc/3.3.4/spring-boot-starter-jdbc-3.3.4.jar:/Users/lucas/.m2/repository/com/zaxxer/HikariCP/5.1.0/HikariCP-5.1.0.jar:/Users/lucas/.m2/repository/org/springframework/spring-jdbc/6.1.13/spring-jdbc-6.1.13.jar:/Users/lucas/.m2/repository/org/springframework/data/spring-data-jpa/3.3.4/spring-data-jpa-3.3.4.jar:/Users/lucas/.m2/repository/org/springframework/data/spring-data-commons/3.3.4/spring-data-commons-3.3.4.jar:/Users/lucas/.m2/repository/org/springframework/spring-orm/6.1.13/spring-orm-6.1.13.jar:/Users/lucas/.m2/repository/org/springframework/spring-tx/6.1.13/spring-tx-6.1.13.jar:/Users/lucas/.m2/repository/org/springframework/spring-aspects/6.1.13/spring-aspects-6.1.13.jar:/Users/lucas/.m2/repository/com/oracle/database/jdbc/ojdbc11/21.9.0.0/ojdbc11-21.9.0.0.jar:/Users/lucas/.m2/repository/javax/persistence/javax.persistence-api/2.2/javax.persistence-api-2.2.jar:/Users/lucas/.m2/repository/org/springframework/boot/spring-boot-starter-security/3.3.4/spring-boot-starter-security-3.3.4.jar:/Users/lucas/.m2/repository/org/springframework/spring-aop/6.1.13/spring-aop-6.1.13.jar:/Users/lucas/.m2/repository/org/springframework/security/spring-security-config/6.3.3/spring-security-config-6.3.3.jar:/Users/lucas/.m2/repository/org/springframework/security/spring-security-web/6.3.3/spring-security-web-6.3.3.jar:/Users/lucas/.m2/repository/org/springframework/boot/spring-boot-starter-test/3.3.4/spring-boot-starter-test-3.3.4.jar:/Users/lucas/.m2/repository/org/springframework/boot/spring-boot-test/3.3.4/spring-boot-test-3.3.4.jar:/Users/lucas/.m2/repository/org/springframework/boot/spring-boot-test-autoconfigure/3.3.4/spring-boot-test-autoconfigure-3.3.4.jar:/Users/lucas/.m2/repository/com/jayway/jsonpath/json-path/2.9.0/json-path-2.9.0.jar:/Users/lucas/.m2/repository/net/minidev/json-smart/2.5.1/json-smart-2.5.1.jar:/Users/lucas/.m2/repository/net/minidev/accessors-smart/2.5.1/accessors-smart-2.5.1.jar:/Users/lucas/.m2/repository/org/ow2/asm/asm/9.6/asm-9.6.jar:/Users/lucas/.m2/repository/org/assertj/assertj-core/3.25.3/assertj-core-3.25.3.jar:/Users/lucas/.m2/repository/org/awaitility/awaitility/4.2.2/awaitility-4.2.2.jar:/Users/lucas/.m2/repository/org/hamcrest/hamcrest/2.2/hamcrest-2.2.jar:/Users/lucas/.m2/repository/org/junit/jupiter/junit-jupiter/5.10.3/junit-jupiter-5.10.3.jar:/Users/lucas/.m2/repository/org/junit/jupiter/junit-jupiter-api/5.10.3/junit-jupiter-api-5.10.3.jar:/Users/lucas/.m2/repository/org/opentest4j/opentest4j/1.3.0/opentest4j-1.3.0.jar:/Users/lucas/.m2/repository/org/junit/platform/junit-platform-commons/1.10.3/junit-platform-commons-1.10.3.jar:/Users/lucas/.m2/repository/org/apiguardian/apiguardian-api/1.1.2/apiguardian-api-1.1.2.jar:/Users/lucas/.m2/repository/org/junit/jupiter/junit-jupiter-params/5.10.3/junit-jupiter-params-5.10.3.jar:/Users/lucas/.m2/repository/org/junit/jupiter/junit-jupiter-engine/5.10.3/junit-jupiter-engine-5.10.3.jar:/Users/lucas/.m2/repository/org/junit/platform/junit-platform-engine/1.10.3/junit-platform-engine-1.10.3.jar:/Users/lucas/.m2/repository/org/mockito/mockito-core/5.11.0/mockito-core-5.11.0.jar:/Users/lucas/.m2/repository/net/bytebuddy/byte-buddy-agent/1.14.19/byte-buddy-agent-1.14.19.jar:/Users/lucas/.m2/repository/org/objenesis/objenesis/3.3/objenesis-3.3.jar:/Users/lucas/.m2/repository/org/mockito/mockito-junit-jupiter/5.11.0/mockito-junit-jupiter-5.11.0.jar:/Users/lucas/.m2/repository/org/skyscreamer/jsonassert/1.5.3/jsonassert-1.5.3.jar:/Users/lucas/.m2/repository/com/vaadin/external/google/android-json/0.0.20131108.vaadin1/android-json-0.0.20131108.vaadin1.jar:/Users/lucas/.m2/repository/org/springframework/spring-core/6.1.13/spring-core-6.1.13.jar:/Users/lucas/.m2/repository/org/springframework/spring-jcl/6.1.13/spring-jcl-6.1.13.jar:/Users/lucas/.m2/repository/org/springframework/spring-test/6.1.13/spring-test-6.1.13.jar:/Users/lucas/.m2/repository/org/xmlunit/xmlunit-core/2.9.1/xmlunit-core-2.9.1.jar:/Users/lucas/.m2/repository/org/springframework/security/spring-security-test/6.3.3/spring-security-test-6.3.3.jar:/Users/lucas/.m2/repository/org/springframework/security/spring-security-core/6.3.3/spring-security-core-6.3.3.jar:/Users/lucas/.m2/repository/org/springframework/security/spring-security-crypto/6.3.3/spring-security-crypto-6.3.3.jar:, sun.cpu.endian=little, hibernate.cdi.extensions=true, user.home=/Users/lucas, user.language=en, java.specification.vendor=Oracle Corporation, java.version.date=2024-07-16, java.home=/Library/Java/JavaVirtualMachines/jdk-22.jdk/Contents/Home, file.separator=/, basedir=/Users/lucas/Downloads/Oracle_E_Commerce_App, java.vm.compressedOopsMode=Zero based, line.separator=
, hibernate.persistenceUnitName=default, java.vm.specification.vendor=Oracle Corporation, java.specification.name=Java Platform API Specification, FILE_LOG_CHARSET=UTF-8, hibernate.transaction.coordinator_class=class org.hibernate.resource.transaction.backend.jdbc.internal.JdbcResourceLocalTransactionCoordinatorBuilderImpl, java.awt.headless=true, apple.awt.application.name=ForkedBooter, surefire.real.class.path=/Users/lucas/Downloads/Oracle_E_Commerce_App/target/surefire/surefirebooter-20241106213709766_3.jar, jakarta.persistence.validation.mode=AUTO, hibernate.hbm2ddl.auto=update, sun.management.compiler=HotSpot 64-Bit Tiered Compilers, ftp.nonProxyHosts=local|*.local|169.254/16|*.169.254/16, java.runtime.version=22.0.2+9-70, user.name=lucas, stdout.encoding=UTF-8, path.separator=:, os.version=12.7.5, java.runtime.name=Java(TM) SE Runtime Environment, file.encoding=UTF-8, java.vm.name=Java HotSpot(TM) 64-Bit Server VM, hibernate.show_sql=true, localRepository=/Users/lucas/.m2/repository, java.vendor.url.bug=https://bugreport.java.com/bugreport/, java.io.tmpdir=/var/folders/d1/bxh43jqs5zggnh7788ddxd340000gp/T/, java.version=22.0.2, hibernate.physical_naming_strategy=org.hibernate.boot.model.naming.CamelCaseToUnderscoresNamingStrategy, user.dir=/Users/lucas/Downloads/Oracle_E_Commerce_App, os.arch=x86_64, java.vm.specification.name=Java Virtual Machine Specification, PID=86381, CONSOLE_LOG_CHARSET=UTF-8, hibernate.boot.CfgXmlAccessService.key=org.hibernate.boot.registry.StandardServiceRegistryBuilder$1@bdda8a7, native.encoding=UTF-8, java.library.path=/Users/lucas/Library/Java/Extensions:/Library/Java/Extensions:/Network/Library/Java/Extensions:/System/Library/Java/Extensions:/usr/lib/java:., stderr.encoding=UTF-8, java.vendor=Oracle Corporation, java.vm.info=mixed mode, sharing, java.vm.version=22.0.2+9-70, sun.io.unicode.encoding=UnicodeBig, hibernate.archive.scanner=org.hibernate.boot.archive.scan.internal.DisabledScanner, hibernate.connection.datasource=HikariDataSource (HikariPool-1), socksNonProxyHosts=local|*.local|169.254/16|*.169.254/16, java.class.version=66.0, LOGGED_APPLICATION_NAME=[demo] }
2024-11-06T21:37:14.509-06:00 DEBUG 86381 --- [demo] [           main] o.hibernate.internal.SessionFactoryImpl  : Session factory constructed with filter configurations : {}
2024-11-06T21:37:14.512-06:00 DEBUG 86381 --- [demo] [           main] o.h.v.i.xml.config.ValidationXmlParser   : Trying to load META-INF/validation.xml for XML based Validator configuration.
2024-11-06T21:37:14.513-06:00 DEBUG 86381 --- [demo] [           main] o.h.v.i.xml.config.ResourceLoaderHelper  : Trying to load META-INF/validation.xml via TCCL
2024-11-06T21:37:14.513-06:00 DEBUG 86381 --- [demo] [           main] o.h.v.i.xml.config.ResourceLoaderHelper  : Trying to load META-INF/validation.xml via Hibernate Validator's class loader
2024-11-06T21:37:14.513-06:00 DEBUG 86381 --- [demo] [           main] o.h.v.i.xml.config.ValidationXmlParser   : No META-INF/validation.xml found. Using annotation based configuration only.
2024-11-06T21:37:14.513-06:00 DEBUG 86381 --- [demo] [           main] o.h.v.i.e.resolver.TraversableResolvers  : Found jakarta.persistence.Persistence on classpath containing 'getPersistenceUtil'. Assuming JPA 2 environment. Trying to instantiate JPA aware TraversableResolver
2024-11-06T21:37:14.513-06:00 DEBUG 86381 --- [demo] [           main] o.h.v.i.e.resolver.TraversableResolvers  : Instantiated JPA aware TraversableResolver of type org.hibernate.validator.internal.engine.resolver.JPATraversableResolver.
2024-11-06T21:37:14.513-06:00 DEBUG 86381 --- [demo] [           main] .h.v.m.ResourceBundleMessageInterpolator : Loaded expression factory via original TCCL
2024-11-06T21:37:14.514-06:00 DEBUG 86381 --- [demo] [           main] .i.e.ValidatorFactoryConfigurationHelper : HV000252: Using org.hibernate.validator.internal.engine.DefaultPropertyNodeNameProvider as property node name provider.
2024-11-06T21:37:14.514-06:00 DEBUG 86381 --- [demo] [           main] .i.e.ValidatorFactoryConfigurationHelper : HV000234: Using org.hibernate.validator.messageinterpolation.ResourceBundleMessageInterpolator as ValidatorFactory-scoped message interpolator.
2024-11-06T21:37:14.514-06:00 DEBUG 86381 --- [demo] [           main] .i.e.ValidatorFactoryConfigurationHelper : HV000234: Using org.hibernate.validator.internal.engine.resolver.JPATraversableResolver as ValidatorFactory-scoped traversable resolver.
2024-11-06T21:37:14.514-06:00 DEBUG 86381 --- [demo] [           main] .i.e.ValidatorFactoryConfigurationHelper : HV000234: Using org.hibernate.validator.internal.util.ExecutableParameterNameProvider as ValidatorFactory-scoped parameter name provider.
2024-11-06T21:37:14.514-06:00 DEBUG 86381 --- [demo] [           main] .i.e.ValidatorFactoryConfigurationHelper : HV000234: Using org.hibernate.validator.internal.engine.DefaultClockProvider as ValidatorFactory-scoped clock provider.
2024-11-06T21:37:14.514-06:00 DEBUG 86381 --- [demo] [           main] .i.e.ValidatorFactoryConfigurationHelper : HV000234: Using org.hibernate.validator.internal.engine.scripting.DefaultScriptEvaluatorFactory as ValidatorFactory-scoped script evaluator factory.
2024-11-06T21:37:14.515-06:00 DEBUG 86381 --- [demo] [           main] o.h.boot.internal.ClassLoaderAccessImpl  : Not known whether passed class name [com.example.demo.DepartmentDTO] is safe
2024-11-06T21:37:14.515-06:00 DEBUG 86381 --- [demo] [           main] o.h.boot.internal.ClassLoaderAccessImpl  : No temp ClassLoader provided; using live ClassLoader for loading potentially unsafe class : com.example.demo.DepartmentDTO
2024-11-06T21:37:14.534-06:00 DEBUG 86381 --- [demo] [           main] o.h.boot.internal.ClassLoaderAccessImpl  : Not known whether passed class name [com.example.demo.EmployeeDTO] is safe
2024-11-06T21:37:14.534-06:00 DEBUG 86381 --- [demo] [           main] o.h.boot.internal.ClassLoaderAccessImpl  : No temp ClassLoader provided; using live ClassLoader for loading potentially unsafe class : com.example.demo.EmployeeDTO
2024-11-06T21:37:14.550-06:00 DEBUG 86381 --- [demo] [           main] o.h.boot.internal.ClassLoaderAccessImpl  : Not known whether passed class name [com.example.demo.PerformanceReviewDTO] is safe
2024-11-06T21:37:14.550-06:00 DEBUG 86381 --- [demo] [           main] o.h.boot.internal.ClassLoaderAccessImpl  : No temp ClassLoader provided; using live ClassLoader for loading potentially unsafe class : com.example.demo.PerformanceReviewDTO
2024-11-06T21:37:14.553-06:00 DEBUG 86381 --- [demo] [           main] .h.s.i.SessionFactoryServiceRegistryImpl : EventListenerRegistry access via ServiceRegistry is deprecated.  Use `sessionFactory.getEventEngine().getListenerRegistry()` instead
2024-11-06T21:37:14.597-06:00 DEBUG 86381 --- [demo] [           main] o.h.q.sqm.function.SqmFunctionRegistry   : Registered SqmFunctionTemplate [NamedSqmFunctionTemplate(max)] under max; prior registration was null
2024-11-06T21:37:14.597-06:00 DEBUG 86381 --- [demo] [           main] o.h.q.sqm.function.SqmFunctionRegistry   : Registered SqmFunctionTemplate [NamedSqmFunctionTemplate(min)] under min; prior registration was null
2024-11-06T21:37:14.598-06:00 DEBUG 86381 --- [demo] [           main] o.h.q.sqm.function.SqmFunctionRegistry   : Registered SqmFunctionTemplate [NamedSqmFunctionTemplate(sum)] under sum; prior registration was null
2024-11-06T21:37:14.599-06:00 DEBUG 86381 --- [demo] [           main] o.h.q.sqm.function.SqmFunctionRegistry   : Registered SqmFunctionTemplate [NamedSqmFunctionTemplate(avg)] under avg; prior registration was null
2024-11-06T21:37:14.600-06:00 DEBUG 86381 --- [demo] [           main] o.h.q.sqm.function.SqmFunctionRegistry   : Registered SqmFunctionTemplate [org.hibernate.dialect.function.CountFunction@1136122a] under count; prior registration was null
2024-11-06T21:37:14.601-06:00 DEBUG 86381 --- [demo] [           main] o.h.q.sqm.function.SqmFunctionRegistry   : Registered SqmFunctionTemplate [org.hibernate.dialect.function.EveryAnyEmulation@e2f6a45] under every; prior registration was null
2024-11-06T21:37:14.601-06:00 DEBUG 86381 --- [demo] [           main] o.h.q.sqm.function.SqmFunctionRegistry   : Registered SqmFunctionTemplate [org.hibernate.dialect.function.EveryAnyEmulation@24cbf894] under any; prior registration was null
2024-11-06T21:37:14.601-06:00 DEBUG 86381 --- [demo] [           main] o.h.q.sqm.function.SqmFunctionRegistry   : Registered SqmFunctionTemplate [NamedSqmFunctionTemplate(floor)] under floor; prior registration was null
2024-11-06T21:37:14.601-06:00 DEBUG 86381 --- [demo] [           main] o.h.q.sqm.function.SqmFunctionRegistry   : Registered SqmFunctionTemplate [NamedSqmFunctionTemplate(ceiling)] under ceiling; prior registration was null
2024-11-06T21:37:14.601-06:00 DEBUG 86381 --- [demo] [           main] o.h.q.sqm.function.SqmFunctionRegistry   : Registered SqmFunctionTemplate [NamedSqmFunctionTemplate(mod)] under mod; prior registration was null
2024-11-06T21:37:14.601-06:00 DEBUG 86381 --- [demo] [           main] o.h.q.sqm.function.SqmFunctionRegistry   : Registered SqmFunctionTemplate [NamedSqmFunctionTemplate(abs)] under abs; prior registration was null
2024-11-06T21:37:14.601-06:00 DEBUG 86381 --- [demo] [           main] o.h.q.sqm.function.SqmFunctionRegistry   : Registered SqmFunctionTemplate [NamedSqmFunctionTemplate(sign)] under sign; prior registration was null
2024-11-06T21:37:14.601-06:00 DEBUG 86381 --- [demo] [           main] o.h.q.sqm.function.SqmFunctionRegistry   : Registered SqmFunctionTemplate [NamedSqmFunctionTemplate(sqrt)] under sqrt; prior registration was null
2024-11-06T21:37:14.601-06:00 DEBUG 86381 --- [demo] [           main] o.h.q.sqm.function.SqmFunctionRegistry   : Registered SqmFunctionTemplate [NamedSqmFunctionTemplate(ln)] under ln; prior registration was null
2024-11-06T21:37:14.601-06:00 DEBUG 86381 --- [demo] [           main] o.h.q.sqm.function.SqmFunctionRegistry   : Registered SqmFunctionTemplate [NamedSqmFunctionTemplate(exp)] under exp; prior registration was null
2024-11-06T21:37:14.601-06:00 DEBUG 86381 --- [demo] [           main] o.h.q.sqm.function.SqmFunctionRegistry   : Registered SqmFunctionTemplate [NamedSqmFunctionTemplate(power)] under power; prior registration was null
2024-11-06T21:37:14.602-06:00 DEBUG 86381 --- [demo] [           main] o.h.q.sqm.function.SqmFunctionRegistry   : Registered SqmFunctionTemplate [NamedSqmFunctionTemplate(round)] under round; prior registration was null
2024-11-06T21:37:14.602-06:00 DEBUG 86381 --- [demo] [           main] o.h.q.sqm.function.SqmFunctionRegistry   : Registered SqmFunctionTemplate [NamedSqmFunctionTemplate(sin)] under sin; prior registration was null
2024-11-06T21:37:14.602-06:00 DEBUG 86381 --- [demo] [           main] o.h.q.sqm.function.SqmFunctionRegistry   : Registered SqmFunctionTemplate [NamedSqmFunctionTemplate(cos)] under cos; prior registration was null
2024-11-06T21:37:14.602-06:00 DEBUG 86381 --- [demo] [           main] o.h.q.sqm.function.SqmFunctionRegistry   : Registered SqmFunctionTemplate [NamedSqmFunctionTemplate(tan)] under tan; prior registration was null
2024-11-06T21:37:14.602-06:00 DEBUG 86381 --- [demo] [           main] o.h.q.sqm.function.SqmFunctionRegistry   : Registered SqmFunctionTemplate [NamedSqmFunctionTemplate(asin)] under asin; prior registration was null
2024-11-06T21:37:14.602-06:00 DEBUG 86381 --- [demo] [           main] o.h.q.sqm.function.SqmFunctionRegistry   : Registered SqmFunctionTemplate [NamedSqmFunctionTemplate(acos)] under acos; prior registration was null
2024-11-06T21:37:14.602-06:00 DEBUG 86381 --- [demo] [           main] o.h.q.sqm.function.SqmFunctionRegistry   : Registered SqmFunctionTemplate [NamedSqmFunctionTemplate(atan)] under atan; prior registration was null
2024-11-06T21:37:14.602-06:00 DEBUG 86381 --- [demo] [           main] o.h.q.sqm.function.SqmFunctionRegistry   : Registered SqmFunctionTemplate [NamedSqmFunctionTemplate(atan2)] under atan2; prior registration was null
2024-11-06T21:37:14.603-06:00 DEBUG 86381 --- [demo] [           main] o.h.q.sqm.function.SqmFunctionRegistry   : Registered SqmFunctionTemplate [org.hibernate.query.sqm.function.PatternBasedSqmFunctionDescriptor@1324e70a] under sinh; prior registration was null
2024-11-06T21:37:14.603-06:00 DEBUG 86381 --- [demo] [           main] o.h.q.sqm.function.SqmFunctionRegistry   : Registered SqmFunctionTemplate [org.hibernate.query.sqm.function.PatternBasedSqmFunctionDescriptor@3cc6f036] under cosh; prior registration was null
2024-11-06T21:37:14.604-06:00 DEBUG 86381 --- [demo] [           main] o.h.q.sqm.function.SqmFunctionRegistry   : Registered SqmFunctionTemplate [org.hibernate.query.sqm.function.PatternBasedSqmFunctionDescriptor@72d16d6] under tanh; prior registration was null
2024-11-06T21:37:14.604-06:00 DEBUG 86381 --- [demo] [           main] o.h.q.sqm.function.SqmFunctionRegistry   : Registered SqmFunctionTemplate [org.hibernate.query.sqm.function.PatternBasedSqmFunctionDescriptor@7b0525a8] under pi; prior registration was null
2024-11-06T21:37:14.604-06:00 DEBUG 86381 --- [demo] [           main] o.h.q.sqm.function.SqmFunctionRegistry   : Registered SqmFunctionTemplate [org.hibernate.query.sqm.function.PatternBasedSqmFunctionDescriptor@4f2d8175] under log; prior registration was null
2024-11-06T21:37:14.604-06:00 DEBUG 86381 --- [demo] [           main] o.h.q.sqm.function.SqmFunctionRegistry   : Registered SqmFunctionTemplate [NamedSqmFunctionTemplate(coalesce)] under coalesce; prior registration was null
2024-11-06T21:37:14.604-06:00 DEBUG 86381 --- [demo] [           main] o.h.q.sqm.function.SqmFunctionRegistry   : Registered SqmFunctionTemplate [NamedSqmFunctionTemplate(nullif)] under nullif; prior registration was null
2024-11-06T21:37:14.604-06:00 DEBUG 86381 --- [demo] [           main] o.h.q.sqm.function.SqmFunctionRegistry   : Registered SqmFunctionTemplate [NamedSqmFunctionTemplate(left)] under left; prior registration was null
2024-11-06T21:37:14.604-06:00 DEBUG 86381 --- [demo] [           main] o.h.q.sqm.function.SqmFunctionRegistry   : Registered SqmFunctionTemplate [NamedSqmFunctionTemplate(right)] under right; prior registration was null
2024-11-06T21:37:14.604-06:00 DEBUG 86381 --- [demo] [           main] o.h.q.sqm.function.SqmFunctionRegistry   : Registered SqmFunctionTemplate [NamedSqmFunctionTemplate(replace)] under replace; prior registration was null
2024-11-06T21:37:14.604-06:00 DEBUG 86381 --- [demo] [           main] o.h.q.sqm.function.SqmFunctionRegistry   : Registered SqmFunctionTemplate [NamedSqmFunctionTemplate(concat)] under concat; prior registration was null
2024-11-06T21:37:14.605-06:00 DEBUG 86381 --- [demo] [           main] o.h.q.sqm.function.SqmFunctionRegistry   : Registered SqmFunctionTemplate [NamedSqmFunctionTemplate(lower)] under lower; prior registration was null
2024-11-06T21:37:14.605-06:00 DEBUG 86381 --- [demo] [           main] o.h.q.sqm.function.SqmFunctionRegistry   : Registered SqmFunctionTemplate [NamedSqmFunctionTemplate(upper)] under upper; prior registration was null
2024-11-06T21:37:14.605-06:00 DEBUG 86381 --- [demo] [           main] o.h.q.sqm.function.SqmFunctionRegistry   : Registered SqmFunctionTemplate [NamedSqmFunctionTemplate(substring)] under substring; prior registration was null
2024-11-06T21:37:14.605-06:00 DEBUG 86381 --- [demo] [           main] o.h.q.sqm.function.SqmFunctionRegistry   : Registered SqmFunctionTemplate [NamedSqmFunctionTemplate(locate)] under locate; prior registration was null
2024-11-06T21:37:14.605-06:00 DEBUG 86381 --- [demo] [           main] o.h.q.sqm.function.SqmFunctionRegistry   : Registered SqmFunctionTemplate [NamedSqmFunctionTemplate(character_length)] under character_length; prior registration was null
2024-11-06T21:37:14.605-06:00 DEBUG 86381 --- [demo] [           main] o.h.q.sqm.function.SqmFunctionRegistry   : Registering alternate key : length -> character_length
2024-11-06T21:37:14.605-06:00 DEBUG 86381 --- [demo] [           main] o.h.q.sqm.function.SqmFunctionRegistry   : Registered SqmFunctionTemplate [org.hibernate.dialect.function.LocatePositionEmulation@443dae2] under position; prior registration was null
2024-11-06T21:37:14.607-06:00 DEBUG 86381 --- [demo] [           main] o.h.q.sqm.function.SqmFunctionRegistry   : Registered SqmFunctionTemplate [org.hibernate.dialect.function.InsertSubstringOverlayEmulation@49639118] under overlay; prior registration was null
2024-11-06T21:37:14.607-06:00 DEBUG 86381 --- [demo] [           main] o.h.q.sqm.function.SqmFunctionRegistry   : Registered SqmFunctionTemplate [org.hibernate.dialect.function.TrimFunction@6abd8bcd] under trim; prior registration was null
2024-11-06T21:37:14.608-06:00 DEBUG 86381 --- [demo] [           main] o.h.q.sqm.function.SqmFunctionRegistry   : Registered SqmFunctionTemplate [org.hibernate.dialect.function.CastFunction@2b1a1a37] under cast; prior registration was null
2024-11-06T21:37:14.608-06:00 DEBUG 86381 --- [demo] [           main] o.h.q.sqm.function.SqmFunctionRegistry   : Registered SqmFunctionTemplate [org.hibernate.query.sqm.function.PatternBasedSqmFunctionDescriptor@7d90764a] under collate; prior registration was null
2024-11-06T21:37:14.609-06:00 DEBUG 86381 --- [demo] [           main] o.h.q.sqm.function.SqmFunctionRegistry   : Registered SqmFunctionTemplate [org.hibernate.dialect.function.ExtractFunction@119f072c] under extract; prior registration was null
2024-11-06T21:37:14.609-06:00 DEBUG 86381 --- [demo] [           main] o.h.q.sqm.function.SqmFunctionRegistry   : Registered SqmFunctionTemplate [NamedSqmFunctionTemplate(least)] under least; prior registration was null
2024-11-06T21:37:14.609-06:00 DEBUG 86381 --- [demo] [           main] o.h.q.sqm.function.SqmFunctionRegistry   : Registered SqmFunctionTemplate [NamedSqmFunctionTemplate(greatest)] under greatest; prior registration was null
2024-11-06T21:37:14.609-06:00 DEBUG 86381 --- [demo] [           main] o.h.q.sqm.function.SqmFunctionRegistry   : Registered SqmFunctionTemplate [org.hibernate.dialect.function.CoalesceIfnullEmulation@771afdd5] under ifnull; prior registration was null
2024-11-06T21:37:14.609-06:00 DEBUG 86381 --- [demo] [           main] o.h.q.sqm.function.SqmFunctionRegistry   : Registered SqmFunctionTemplate [NamedSqmFunctionTemplate(lpad)] under lpad; prior registration was null
2024-11-06T21:37:14.609-06:00 DEBUG 86381 --- [demo] [           main] o.h.q.sqm.function.SqmFunctionRegistry   : Registered SqmFunctionTemplate [NamedSqmFunctionTemplate(rpad)] under rpad; prior registration was null
2024-11-06T21:37:14.610-06:00 DEBUG 86381 --- [demo] [           main] o.h.q.sqm.function.SqmFunctionRegistry   : Registered SqmFunctionTemplate [org.hibernate.dialect.function.LpadRpadPadEmulation@667dd150] under pad; prior registration was null
2024-11-06T21:37:14.610-06:00 DEBUG 86381 --- [demo] [           main] o.h.q.sqm.function.SqmFunctionRegistry   : Registered SqmFunctionTemplate [org.hibernate.dialect.function.CastStrEmulation@7096d451] under str; prior registration was null
2024-11-06T21:37:14.612-06:00 DEBUG 86381 --- [demo] [           main] o.h.q.sqm.function.SqmFunctionRegistry   : Registered SqmFunctionTemplate [org.hibernate.dialect.function.FormatFunction@8585cdd] under format; prior registration was null
2024-11-06T21:37:14.613-06:00 DEBUG 86381 --- [demo] [           main] o.h.q.sqm.function.SqmFunctionRegistry   : Registered SqmFunctionTemplate [org.hibernate.dialect.function.TimestampaddFunction@504c415c] under timestampadd; prior registration was null
2024-11-06T21:37:14.613-06:00 DEBUG 86381 --- [demo] [           main] o.h.q.sqm.function.SqmFunctionRegistry   : Registered SqmFunctionTemplate [org.hibernate.dialect.function.TimestampdiffFunction@3c116f26] under timestampdiff; prior registration was null
2024-11-06T21:37:14.613-06:00 DEBUG 86381 --- [demo] [           main] o.h.q.sqm.function.SqmFunctionRegistry   : Registering alternate key : dateadd -> timestampadd
2024-11-06T21:37:14.613-06:00 DEBUG 86381 --- [demo] [           main] o.h.q.sqm.function.SqmFunctionRegistry   : Registering alternate key : datediff -> timestampdiff
2024-11-06T21:37:14.613-06:00 DEBUG 86381 --- [demo] [           main] o.h.q.sqm.function.SqmFunctionRegistry   : Registered SqmFunctionTemplate [org.hibernate.dialect.function.CurrentFunction@3c6b300a] under current_date; prior registration was null
2024-11-06T21:37:14.614-06:00 DEBUG 86381 --- [demo] [           main] o.h.q.sqm.function.SqmFunctionRegistry   : Registered SqmFunctionTemplate [org.hibernate.dialect.function.CurrentFunction@4247093b] under current_time; prior registration was null
2024-11-06T21:37:14.614-06:00 DEBUG 86381 --- [demo] [           main] o.h.q.sqm.function.SqmFunctionRegistry   : Registered SqmFunctionTemplate [org.hibernate.dialect.function.CurrentFunction@7074da1d] under current_timestamp; prior registration was null
2024-11-06T21:37:14.614-06:00 DEBUG 86381 --- [demo] [           main] o.h.q.sqm.function.SqmFunctionRegistry   : Registering alternate key : current date -> current_date
2024-11-06T21:37:14.614-06:00 DEBUG 86381 --- [demo] [           main] o.h.q.sqm.function.SqmFunctionRegistry   : Registering alternate key : current time -> current_time
2024-11-06T21:37:14.614-06:00 DEBUG 86381 --- [demo] [           main] o.h.q.sqm.function.SqmFunctionRegistry   : Registering alternate key : current timestamp -> current_timestamp
2024-11-06T21:37:14.614-06:00 DEBUG 86381 --- [demo] [           main] o.h.q.sqm.function.SqmFunctionRegistry   : Registered SqmFunctionTemplate [org.hibernate.dialect.function.CurrentFunction@5bdb6ea8] under local_date; prior registration was null
2024-11-06T21:37:14.614-06:00 DEBUG 86381 --- [demo] [           main] o.h.q.sqm.function.SqmFunctionRegistry   : Registered SqmFunctionTemplate [org.hibernate.dialect.function.CurrentFunction@3e55eeb9] under local_time; prior registration was null
2024-11-06T21:37:14.614-06:00 DEBUG 86381 --- [demo] [           main] o.h.q.sqm.function.SqmFunctionRegistry   : Registered SqmFunctionTemplate [org.hibernate.dialect.function.CurrentFunction@44a13699] under local_datetime; prior registration was null
2024-11-06T21:37:14.614-06:00 DEBUG 86381 --- [demo] [           main] o.h.q.sqm.function.SqmFunctionRegistry   : Registered SqmFunctionTemplate [org.hibernate.dialect.function.CurrentFunction@1253b822] under offset_datetime; prior registration was null
2024-11-06T21:37:14.614-06:00 DEBUG 86381 --- [demo] [           main] o.h.q.sqm.function.SqmFunctionRegistry   : Registering alternate key : local date -> local_date
2024-11-06T21:37:14.614-06:00 DEBUG 86381 --- [demo] [           main] o.h.q.sqm.function.SqmFunctionRegistry   : Registering alternate key : local time -> local_time
2024-11-06T21:37:14.614-06:00 DEBUG 86381 --- [demo] [           main] o.h.q.sqm.function.SqmFunctionRegistry   : Registering alternate key : local datetime -> local_datetime
2024-11-06T21:37:14.614-06:00 DEBUG 86381 --- [demo] [           main] o.h.q.sqm.function.SqmFunctionRegistry   : Registering alternate key : offset datetime -> offset_datetime
2024-11-06T21:37:14.614-06:00 DEBUG 86381 --- [demo] [           main] o.h.q.sqm.function.SqmFunctionRegistry   : Registered SqmFunctionTemplate [org.hibernate.dialect.function.CurrentFunction@127d2aee] under instant; prior registration was null
2024-11-06T21:37:14.614-06:00 DEBUG 86381 --- [demo] [           main] o.h.q.sqm.function.SqmFunctionRegistry   : Registering alternate key : current_instant -> instant
2024-11-06T21:37:14.615-06:00 DEBUG 86381 --- [demo] [           main] o.h.q.sqm.function.SqmFunctionRegistry   : Registered SqmFunctionTemplate [org.hibernate.dialect.function.SqlFunction@3a589eed] under sql; prior registration was null
2024-11-06T21:37:14.615-06:00 DEBUG 86381 --- [demo] [           main] o.h.q.sqm.function.SqmFunctionRegistry   : Registered SqmFunctionTemplate [NamedSqmFunctionTemplate(ascii)] under ascii; prior registration was null
2024-11-06T21:37:14.615-06:00 DEBUG 86381 --- [demo] [           main] o.h.q.sqm.function.SqmFunctionRegistry   : Registered SqmFunctionTemplate [NamedSqmFunctionTemplate(chr)] under chr; prior registration was null
2024-11-06T21:37:14.615-06:00 DEBUG 86381 --- [demo] [           main] o.h.q.sqm.function.SqmFunctionRegistry   : Registering alternate key : char -> chr
2024-11-06T21:37:14.615-06:00 DEBUG 86381 --- [demo] [           main] o.h.q.sqm.function.SqmFunctionRegistry   : Registered SqmFunctionTemplate [NamedSqmFunctionTemplate(cosh)] under cosh; prior registration was org.hibernate.query.sqm.function.PatternBasedSqmFunctionDescriptor@3cc6f036
2024-11-06T21:37:14.615-06:00 DEBUG 86381 --- [demo] [           main] o.h.q.sqm.function.SqmFunctionRegistry   : Registered SqmFunctionTemplate [NamedSqmFunctionTemplate(sinh)] under sinh; prior registration was org.hibernate.query.sqm.function.PatternBasedSqmFunctionDescriptor@1324e70a
2024-11-06T21:37:14.615-06:00 DEBUG 86381 --- [demo] [           main] o.h.q.sqm.function.SqmFunctionRegistry   : Registered SqmFunctionTemplate [NamedSqmFunctionTemplate(tanh)] under tanh; prior registration was org.hibernate.query.sqm.function.PatternBasedSqmFunctionDescriptor@72d16d6
2024-11-06T21:37:14.615-06:00 DEBUG 86381 --- [demo] [           main] o.h.q.sqm.function.SqmFunctionRegistry   : Registered SqmFunctionTemplate [NamedSqmFunctionTemplate(log)] under log; prior registration was org.hibernate.query.sqm.function.PatternBasedSqmFunctionDescriptor@4f2d8175
2024-11-06T21:37:14.615-06:00 DEBUG 86381 --- [demo] [           main] o.h.q.sqm.function.SqmFunctionRegistry   : Registered SqmFunctionTemplate [org.hibernate.query.sqm.function.PatternBasedSqmFunctionDescriptor@5807ea46] under log10; prior registration was null
2024-11-06T21:37:14.615-06:00 DEBUG 86381 --- [demo] [           main] o.h.q.sqm.function.SqmFunctionRegistry   : Registered SqmFunctionTemplate [NamedSqmFunctionTemplate(soundex)] under soundex; prior registration was null
2024-11-06T21:37:14.615-06:00 DEBUG 86381 --- [demo] [           main] o.h.q.sqm.function.SqmFunctionRegistry   : Registered SqmFunctionTemplate [NamedSqmFunctionTemplate(ltrim)] under ltrim; prior registration was null
2024-11-06T21:37:14.615-06:00 DEBUG 86381 --- [demo] [           main] o.h.q.sqm.function.SqmFunctionRegistry   : Registered SqmFunctionTemplate [NamedSqmFunctionTemplate(rtrim)] under rtrim; prior registration was null
2024-11-06T21:37:14.615-06:00 DEBUG 86381 --- [demo] [           main] o.h.q.sqm.function.SqmFunctionRegistry   : Registered SqmFunctionTemplate [NamedSqmFunctionTemplate(initcap)] under initcap; prior registration was null
2024-11-06T21:37:14.615-06:00 DEBUG 86381 --- [demo] [           main] o.h.q.sqm.function.SqmFunctionRegistry   : Registered SqmFunctionTemplate [NamedSqmFunctionTemplate(instr)] under instr; prior registration was null
2024-11-06T21:37:14.615-06:00 DEBUG 86381 --- [demo] [           main] o.h.q.sqm.function.SqmFunctionRegistry   : Registered SqmFunctionTemplate [NamedSqmFunctionTemplate(substr)] under substr; prior registration was null
2024-11-06T21:37:14.616-06:00 DEBUG 86381 --- [demo] [           main] o.h.q.sqm.function.SqmFunctionRegistry   : Registered SqmFunctionTemplate [NamedSqmFunctionTemplate(substr)] under substring; prior registration was NamedSqmFunctionTemplate(substring)
2024-11-06T21:37:14.616-06:00 DEBUG 86381 --- [demo] [           main] o.h.q.sqm.function.SqmFunctionRegistry   : Registered SqmFunctionTemplate [org.hibernate.query.sqm.function.PatternBasedSqmFunctionDescriptor@305289b3] under left; prior registration was NamedSqmFunctionTemplate(left)
2024-11-06T21:37:14.616-06:00 DEBUG 86381 --- [demo] [           main] o.h.q.sqm.function.SqmFunctionRegistry   : Registered SqmFunctionTemplate [org.hibernate.query.sqm.function.PatternBasedSqmFunctionDescriptor@3ee68377] under right; prior registration was NamedSqmFunctionTemplate(right)
2024-11-06T21:37:14.616-06:00 DEBUG 86381 --- [demo] [           main] o.h.q.sqm.function.SqmFunctionRegistry   : Registered SqmFunctionTemplate [NamedSqmFunctionTemplate(translate)] under translate; prior registration was null
2024-11-06T21:37:14.616-06:00 DEBUG 86381 --- [demo] [           main] o.h.q.sqm.function.SqmFunctionRegistry   : Registered SqmFunctionTemplate [NamedSqmFunctionTemplate(bitand)] under bitand; prior registration was null
2024-11-06T21:37:14.616-06:00 DEBUG 86381 --- [demo] [           main] o.h.q.sqm.function.SqmFunctionRegistry   : Registered SqmFunctionTemplate [NamedSqmFunctionTemplate(last_day)] under last_day; prior registration was null
2024-11-06T21:37:14.616-06:00 DEBUG 86381 --- [demo] [           main] o.h.q.sqm.function.SqmFunctionRegistry   : Registered SqmFunctionTemplate [NamedSqmFunctionTemplate(to_number)] under to_number; prior registration was null
2024-11-06T21:37:14.616-06:00 DEBUG 86381 --- [demo] [           main] o.h.q.sqm.function.SqmFunctionRegistry   : Registered SqmFunctionTemplate [NamedSqmFunctionTemplate(to_char)] under to_char; prior registration was null
2024-11-06T21:37:14.616-06:00 DEBUG 86381 --- [demo] [           main] o.h.q.sqm.function.SqmFunctionRegistry   : Registered SqmFunctionTemplate [NamedSqmFunctionTemplate(to_date)] under to_date; prior registration was null
2024-11-06T21:37:14.616-06:00 DEBUG 86381 --- [demo] [           main] o.h.q.sqm.function.SqmFunctionRegistry   : Registered SqmFunctionTemplate [NamedSqmFunctionTemplate(to_timestamp)] under to_timestamp; prior registration was null
2024-11-06T21:37:14.616-06:00 DEBUG 86381 --- [demo] [           main] o.h.q.sqm.function.SqmFunctionRegistry   : Registered SqmFunctionTemplate [NamedSqmFunctionTemplate(ceil)] under ceil; prior registration was null
2024-11-06T21:37:14.616-06:00 DEBUG 86381 --- [demo] [           main] o.h.q.sqm.function.SqmFunctionRegistry   : Registering alternate key : ceiling -> ceil
2024-11-06T21:37:14.616-06:00 DEBUG 86381 --- [demo] [           main] o.h.q.sqm.function.SqmFunctionRegistry   : Registered SqmFunctionTemplate [org.hibernate.query.sqm.function.PatternBasedSqmFunctionDescriptor@4037cdb0] under concat; prior registration was NamedSqmFunctionTemplate(concat)
2024-11-06T21:37:14.616-06:00 DEBUG 86381 --- [demo] [           main] o.h.q.sqm.function.SqmFunctionRegistry   : Registered SqmFunctionTemplate [NamedSqmFunctionTemplate(rowid)] under rowid; prior registration was null
2024-11-06T21:37:14.616-06:00 DEBUG 86381 --- [demo] [           main] o.h.q.sqm.function.SqmFunctionRegistry   : Registered SqmFunctionTemplate [NamedSqmFunctionTemplate(rownum)] under rownum; prior registration was null
2024-11-06T21:37:14.616-06:00 DEBUG 86381 --- [demo] [           main] o.h.q.sqm.function.SqmFunctionRegistry   : Registered SqmFunctionTemplate [NamedSqmFunctionTemplate(sysdate)] under sysdate; prior registration was null
2024-11-06T21:37:14.616-06:00 DEBUG 86381 --- [demo] [           main] o.h.q.sqm.function.SqmFunctionRegistry   : Registered SqmFunctionTemplate [NamedSqmFunctionTemplate(systimestamp)] under systimestamp; prior registration was null
2024-11-06T21:37:14.616-06:00 DEBUG 86381 --- [demo] [           main] o.h.q.sqm.function.SqmFunctionRegistry   : Registered SqmFunctionTemplate [NamedSqmFunctionTemplate(add_months)] under add_months; prior registration was null
2024-11-06T21:37:14.616-06:00 DEBUG 86381 --- [demo] [           main] o.h.q.sqm.function.SqmFunctionRegistry   : Registered SqmFunctionTemplate [NamedSqmFunctionTemplate(months_between)] under months_between; prior registration was null
2024-11-06T21:37:14.617-06:00 DEBUG 86381 --- [demo] [           main] o.h.q.sqm.function.SqmFunctionRegistry   : Registered SqmFunctionTemplate [org.hibernate.dialect.function.MinMaxCaseEveryAnyEmulation@776d8097] under every; prior registration was org.hibernate.dialect.function.EveryAnyEmulation@e2f6a45
2024-11-06T21:37:14.617-06:00 DEBUG 86381 --- [demo] [           main] o.h.q.sqm.function.SqmFunctionRegistry   : Registered SqmFunctionTemplate [org.hibernate.dialect.function.MinMaxCaseEveryAnyEmulation@7a34505a] under any; prior registration was org.hibernate.dialect.function.EveryAnyEmulation@24cbf894
2024-11-06T21:37:14.617-06:00 DEBUG 86381 --- [demo] [           main] o.h.q.sqm.function.SqmFunctionRegistry   : Registered SqmFunctionTemplate [org.hibernate.query.sqm.function.PatternBasedSqmFunctionDescriptor@b787274] under repeat; prior registration was null
2024-11-06T21:37:14.617-06:00 DEBUG 86381 --- [demo] [           main] o.h.q.sqm.function.SqmFunctionRegistry   : Registered SqmFunctionTemplate [org.hibernate.query.sqm.function.PatternBasedSqmFunctionDescriptor@4ec616d6] under radians; prior registration was null
2024-11-06T21:37:14.617-06:00 DEBUG 86381 --- [demo] [           main] o.h.q.sqm.function.SqmFunctionRegistry   : Registered SqmFunctionTemplate [org.hibernate.query.sqm.function.PatternBasedSqmFunctionDescriptor@55b45ea1] under degrees; prior registration was null
2024-11-06T21:37:14.617-06:00 DEBUG 86381 --- [demo] [           main] o.h.q.sqm.function.SqmFunctionRegistry   : Registered SqmFunctionTemplate [NamedSqmFunctionTemplate(median)] under median; prior registration was null
2024-11-06T21:37:14.617-06:00 DEBUG 86381 --- [demo] [           main] o.h.q.sqm.function.SqmFunctionRegistry   : Registered SqmFunctionTemplate [NamedSqmFunctionTemplate(stddev)] under stddev; prior registration was null
2024-11-06T21:37:14.617-06:00 DEBUG 86381 --- [demo] [           main] o.h.q.sqm.function.SqmFunctionRegistry   : Registered SqmFunctionTemplate [NamedSqmFunctionTemplate(stddev_pop)] under stddev_pop; prior registration was null
2024-11-06T21:37:14.617-06:00 DEBUG 86381 --- [demo] [           main] o.h.q.sqm.function.SqmFunctionRegistry   : Registered SqmFunctionTemplate [NamedSqmFunctionTemplate(stddev_samp)] under stddev_samp; prior registration was null
2024-11-06T21:37:14.617-06:00 DEBUG 86381 --- [demo] [           main] o.h.q.sqm.function.SqmFunctionRegistry   : Registered SqmFunctionTemplate [NamedSqmFunctionTemplate(variance)] under variance; prior registration was null
2024-11-06T21:37:14.617-06:00 DEBUG 86381 --- [demo] [           main] o.h.q.sqm.function.SqmFunctionRegistry   : Registered SqmFunctionTemplate [NamedSqmFunctionTemplate(var_pop)] under var_pop; prior registration was null
2024-11-06T21:37:14.617-06:00 DEBUG 86381 --- [demo] [           main] o.h.q.sqm.function.SqmFunctionRegistry   : Registered SqmFunctionTemplate [NamedSqmFunctionTemplate(var_samp)] under var_samp; prior registration was null
2024-11-06T21:37:14.617-06:00 DEBUG 86381 --- [demo] [           main] o.h.q.sqm.function.SqmFunctionRegistry   : Registered SqmFunctionTemplate [NamedSqmFunctionTemplate(covar_pop)] under covar_pop; prior registration was null
2024-11-06T21:37:14.618-06:00 DEBUG 86381 --- [demo] [           main] o.h.q.sqm.function.SqmFunctionRegistry   : Registered SqmFunctionTemplate [NamedSqmFunctionTemplate(covar_samp)] under covar_samp; prior registration was null
2024-11-06T21:37:14.618-06:00 DEBUG 86381 --- [demo] [           main] o.h.q.sqm.function.SqmFunctionRegistry   : Registered SqmFunctionTemplate [NamedSqmFunctionTemplate(corr)] under corr; prior registration was null
2024-11-06T21:37:14.618-06:00 DEBUG 86381 --- [demo] [           main] o.h.q.sqm.function.SqmFunctionRegistry   : Registered SqmFunctionTemplate [NamedSqmFunctionTemplate(regr_avgx)] under regr_avgx; prior registration was null
2024-11-06T21:37:14.618-06:00 DEBUG 86381 --- [demo] [           main] o.h.q.sqm.function.SqmFunctionRegistry   : Registered SqmFunctionTemplate [NamedSqmFunctionTemplate(regr_avgy)] under regr_avgy; prior registration was null
2024-11-06T21:37:14.618-06:00 DEBUG 86381 --- [demo] [           main] o.h.q.sqm.function.SqmFunctionRegistry   : Registered SqmFunctionTemplate [NamedSqmFunctionTemplate(regr_count)] under regr_count; prior registration was null
2024-11-06T21:37:14.618-06:00 DEBUG 86381 --- [demo] [           main] o.h.q.sqm.function.SqmFunctionRegistry   : Registered SqmFunctionTemplate [NamedSqmFunctionTemplate(regr_intercept)] under regr_intercept; prior registration was null
2024-11-06T21:37:14.618-06:00 DEBUG 86381 --- [demo] [           main] o.h.q.sqm.function.SqmFunctionRegistry   : Registered SqmFunctionTemplate [NamedSqmFunctionTemplate(regr_r2)] under regr_r2; prior registration was null
2024-11-06T21:37:14.619-06:00 DEBUG 86381 --- [demo] [           main] o.h.q.sqm.function.SqmFunctionRegistry   : Registered SqmFunctionTemplate [NamedSqmFunctionTemplate(regr_slope)] under regr_slope; prior registration was null
2024-11-06T21:37:14.619-06:00 DEBUG 86381 --- [demo] [           main] o.h.q.sqm.function.SqmFunctionRegistry   : Registered SqmFunctionTemplate [NamedSqmFunctionTemplate(regr_sxx)] under regr_sxx; prior registration was null
2024-11-06T21:37:14.619-06:00 DEBUG 86381 --- [demo] [           main] o.h.q.sqm.function.SqmFunctionRegistry   : Registered SqmFunctionTemplate [NamedSqmFunctionTemplate(regr_sxy)] under regr_sxy; prior registration was null
2024-11-06T21:37:14.619-06:00 DEBUG 86381 --- [demo] [           main] o.h.q.sqm.function.SqmFunctionRegistry   : Registered SqmFunctionTemplate [NamedSqmFunctionTemplate(regr_syy)] under regr_syy; prior registration was null
2024-11-06T21:37:14.619-06:00 DEBUG 86381 --- [demo] [           main] o.h.q.sqm.function.SqmFunctionRegistry   : Registered SqmFunctionTemplate [org.hibernate.dialect.function.LengthFunction@12d35bc9] under length; prior registration was null
2024-11-06T21:37:14.619-06:00 DEBUG 86381 --- [demo] [           main] o.h.q.sqm.function.SqmFunctionRegistry   : Registering alternate key : character_length -> length
2024-11-06T21:37:14.619-06:00 DEBUG 86381 --- [demo] [           main] o.h.q.sqm.function.SqmFunctionRegistry   : Registered SqmFunctionTemplate [org.hibernate.dialect.function.LengthFunction@1df32c09] under octet_length; prior registration was null
2024-11-06T21:37:14.619-06:00 DEBUG 86381 --- [demo] [           main] o.h.q.sqm.function.SqmFunctionRegistry   : Registered SqmFunctionTemplate [org.hibernate.dialect.function.LengthFunction@1aa31454] under bit_length; prior registration was null
2024-11-06T21:37:14.619-06:00 DEBUG 86381 --- [demo] [           main] o.h.q.sqm.function.SqmFunctionRegistry   : Registered SqmFunctionTemplate [NamedSqmFunctionTemplate(coalesce)] under coalesce; prior registration was NamedSqmFunctionTemplate(coalesce)
2024-11-06T21:37:14.620-06:00 DEBUG 86381 --- [demo] [           main] o.h.q.sqm.function.SqmFunctionRegistry   : Registered SqmFunctionTemplate [org.hibernate.query.sqm.function.PatternBasedSqmFunctionDescriptor@5a8656a2] under bitor; prior registration was null
2024-11-06T21:37:14.620-06:00 DEBUG 86381 --- [demo] [           main] o.h.q.sqm.function.SqmFunctionRegistry   : Registered SqmFunctionTemplate [org.hibernate.query.sqm.function.PatternBasedSqmFunctionDescriptor@52035328] under bitxor; prior registration was null
2024-11-06T21:37:14.620-06:00 DEBUG 86381 --- [demo] [           main] o.h.q.sqm.function.SqmFunctionRegistry   : Registered SqmFunctionTemplate [org.hibernate.query.sqm.function.MultipatternSqmFunctionDescriptor@749ee0e3] under locate; prior registration was NamedSqmFunctionTemplate(locate)
2024-11-06T21:37:14.620-06:00 DEBUG 86381 --- [demo] [           main] o.h.q.sqm.function.SqmFunctionRegistry   : Registered SqmFunctionTemplate [org.hibernate.dialect.function.ListaggFunction@3700994c] under listagg; prior registration was null
2024-11-06T21:37:14.620-06:00 DEBUG 86381 --- [demo] [           main] o.h.q.sqm.function.SqmFunctionRegistry   : Registered SqmFunctionTemplate [NamedSqmFunctionTemplate(row_number)] under row_number; prior registration was null
2024-11-06T21:37:14.621-06:00 DEBUG 86381 --- [demo] [           main] o.h.q.sqm.function.SqmFunctionRegistry   : Registered SqmFunctionTemplate [NamedSqmFunctionTemplate(lag)] under lag; prior registration was null
2024-11-06T21:37:14.621-06:00 DEBUG 86381 --- [demo] [           main] o.h.q.sqm.function.SqmFunctionRegistry   : Registered SqmFunctionTemplate [NamedSqmFunctionTemplate(lead)] under lead; prior registration was null
2024-11-06T21:37:14.621-06:00 DEBUG 86381 --- [demo] [           main] o.h.q.sqm.function.SqmFunctionRegistry   : Registered SqmFunctionTemplate [NamedSqmFunctionTemplate(first_value)] under first_value; prior registration was null
2024-11-06T21:37:14.621-06:00 DEBUG 86381 --- [demo] [           main] o.h.q.sqm.function.SqmFunctionRegistry   : Registered SqmFunctionTemplate [NamedSqmFunctionTemplate(last_value)] under last_value; prior registration was null
2024-11-06T21:37:14.621-06:00 DEBUG 86381 --- [demo] [           main] o.h.q.sqm.function.SqmFunctionRegistry   : Registered SqmFunctionTemplate [NamedSqmFunctionTemplate(nth_value)] under nth_value; prior registration was null
2024-11-06T21:37:14.621-06:00 DEBUG 86381 --- [demo] [           main] o.h.q.sqm.function.SqmFunctionRegistry   : Registered SqmFunctionTemplate [org.hibernate.dialect.function.HypotheticalSetFunction@77f529a6] under rank; prior registration was null
2024-11-06T21:37:14.621-06:00 DEBUG 86381 --- [demo] [           main] o.h.q.sqm.function.SqmFunctionRegistry   : Registered SqmFunctionTemplate [org.hibernate.dialect.function.HypotheticalSetFunction@7d47b021] under dense_rank; prior registration was null
2024-11-06T21:37:14.621-06:00 DEBUG 86381 --- [demo] [           main] o.h.q.sqm.function.SqmFunctionRegistry   : Registered SqmFunctionTemplate [org.hibernate.dialect.function.HypotheticalSetFunction@6516181f] under percent_rank; prior registration was null
2024-11-06T21:37:14.621-06:00 DEBUG 86381 --- [demo] [           main] o.h.q.sqm.function.SqmFunctionRegistry   : Registered SqmFunctionTemplate [org.hibernate.dialect.function.HypotheticalSetFunction@40cb95c1] under cume_dist; prior registration was null
2024-11-06T21:37:14.622-06:00 DEBUG 86381 --- [demo] [           main] o.h.q.sqm.function.SqmFunctionRegistry   : Registered SqmFunctionTemplate [org.hibernate.dialect.function.InverseDistributionFunction@644e6a8e] under mode; prior registration was null
2024-11-06T21:37:14.622-06:00 DEBUG 86381 --- [demo] [           main] o.h.q.sqm.function.SqmFunctionRegistry   : Registered SqmFunctionTemplate [org.hibernate.dialect.function.InverseDistributionFunction@2ccecae2] under percentile_cont; prior registration was null
2024-11-06T21:37:14.622-06:00 DEBUG 86381 --- [demo] [           main] o.h.q.sqm.function.SqmFunctionRegistry   : Registered SqmFunctionTemplate [org.hibernate.dialect.function.InverseDistributionFunction@37ade216] under percentile_disc; prior registration was null
2024-11-06T21:37:14.623-06:00 DEBUG 86381 --- [demo] [           main] o.h.q.sqm.function.SqmFunctionRegistry   : Registered SqmFunctionTemplate [org.hibernate.dialect.function.ModeStatsModeEmulation@4258106] under mode; prior registration was org.hibernate.dialect.function.InverseDistributionFunction@644e6a8e
2024-11-06T21:37:14.626-06:00 DEBUG 86381 --- [demo] [           main] o.h.q.sqm.function.SqmFunctionRegistry   : Registered SqmFunctionTemplate [org.hibernate.dialect.function.OracleTruncFunction@2a21cbe7] under trunc; prior registration was null
2024-11-06T21:37:14.626-06:00 DEBUG 86381 --- [demo] [           main] o.h.q.sqm.function.SqmFunctionRegistry   : Registering alternate key : truncate -> trunc
2024-11-06T21:37:14.627-06:00 DEBUG 86381 --- [demo] [           main] o.h.q.sqm.function.SqmFunctionRegistry   : Registered SqmFunctionTemplate [org.hibernate.dialect.function.array.OracleArrayConstructorFunction@7bdb4d69] under array; prior registration was null
2024-11-06T21:37:14.627-06:00 DEBUG 86381 --- [demo] [           main] o.h.q.sqm.function.SqmFunctionRegistry   : Registered SqmFunctionTemplate [org.hibernate.dialect.function.array.OracleArrayConstructorFunction@129c760d] under array_list; prior registration was null
2024-11-06T21:37:14.629-06:00 DEBUG 86381 --- [demo] [           main] o.h.q.sqm.function.SqmFunctionRegistry   : Registered SqmFunctionTemplate [org.hibernate.dialect.function.array.OracleArrayAggEmulation@5e3405a1] under array_agg; prior registration was null
2024-11-06T21:37:14.630-06:00 DEBUG 86381 --- [demo] [           main] o.h.q.sqm.function.SqmFunctionRegistry   : Registered SqmFunctionTemplate [org.hibernate.dialect.function.array.OracleArrayPositionFunction@25e353dc] under array_position; prior registration was null
2024-11-06T21:37:14.634-06:00 DEBUG 86381 --- [demo] [           main] o.h.q.sqm.function.SqmFunctionRegistry   : Registered SqmFunctionTemplate [org.hibernate.dialect.function.array.OracleArrayPositionsFunction@1a7a21d0] under array_positions; prior registration was null
2024-11-06T21:37:14.635-06:00 DEBUG 86381 --- [demo] [           main] o.h.q.sqm.function.SqmFunctionRegistry   : Registered SqmFunctionTemplate [org.hibernate.dialect.function.array.OracleArrayPositionsFunction@4dd752e8] under array_positions_list; prior registration was null
2024-11-06T21:37:14.636-06:00 DEBUG 86381 --- [demo] [           main] o.h.q.sqm.function.SqmFunctionRegistry   : Registered SqmFunctionTemplate [org.hibernate.dialect.function.array.OracleArrayLengthFunction@42ef5216] under array_length; prior registration was null
2024-11-06T21:37:14.637-06:00 DEBUG 86381 --- [demo] [           main] o.h.q.sqm.function.SqmFunctionRegistry   : Registered SqmFunctionTemplate [org.hibernate.dialect.function.array.OracleArrayConcatFunction@174cb0d8] under array_concat; prior registration was null
2024-11-06T21:37:14.638-06:00 DEBUG 86381 --- [demo] [           main] o.h.q.sqm.function.SqmFunctionRegistry   : Registered SqmFunctionTemplate [org.hibernate.dialect.function.array.OracleArrayConcatElementFunction@5f911d24] under array_prepend; prior registration was null
2024-11-06T21:37:14.638-06:00 DEBUG 86381 --- [demo] [           main] o.h.q.sqm.function.SqmFunctionRegistry   : Registered SqmFunctionTemplate [org.hibernate.dialect.function.array.OracleArrayConcatElementFunction@3de383f7] under array_append; prior registration was null
2024-11-06T21:37:14.639-06:00 DEBUG 86381 --- [demo] [           main] o.h.q.sqm.function.SqmFunctionRegistry   : Registered SqmFunctionTemplate [org.hibernate.dialect.function.array.OracleArrayContainsFunction@6d695ec4] under array_contains; prior registration was null
2024-11-06T21:37:14.639-06:00 DEBUG 86381 --- [demo] [           main] o.h.q.sqm.function.SqmFunctionRegistry   : Registered SqmFunctionTemplate [org.hibernate.dialect.function.array.OracleArrayContainsFunction@20556566] under array_contains_nullable; prior registration was null
2024-11-06T21:37:14.640-06:00 DEBUG 86381 --- [demo] [           main] o.h.q.sqm.function.SqmFunctionRegistry   : Registered SqmFunctionTemplate [org.hibernate.dialect.function.array.OracleArrayOverlapsFunction@69fd99c1] under array_overlaps; prior registration was null
2024-11-06T21:37:14.640-06:00 DEBUG 86381 --- [demo] [           main] o.h.q.sqm.function.SqmFunctionRegistry   : Registered SqmFunctionTemplate [org.hibernate.dialect.function.array.OracleArrayOverlapsFunction@32d8710a] under array_overlaps_nullable; prior registration was null
2024-11-06T21:37:14.641-06:00 DEBUG 86381 --- [demo] [           main] o.h.q.sqm.function.SqmFunctionRegistry   : Registered SqmFunctionTemplate [org.hibernate.dialect.function.array.OracleArrayGetFunction@1eb7ec59] under array_get; prior registration was null
2024-11-06T21:37:14.642-06:00 DEBUG 86381 --- [demo] [           main] o.h.q.sqm.function.SqmFunctionRegistry   : Registered SqmFunctionTemplate [org.hibernate.dialect.function.array.OracleArraySetFunction@2b19b346] under array_set; prior registration was null
2024-11-06T21:37:14.643-06:00 DEBUG 86381 --- [demo] [           main] o.h.q.sqm.function.SqmFunctionRegistry   : Registered SqmFunctionTemplate [org.hibernate.dialect.function.array.OracleArrayRemoveFunction@4e45fbd0] under array_remove; prior registration was null
2024-11-06T21:37:14.643-06:00 DEBUG 86381 --- [demo] [           main] o.h.q.sqm.function.SqmFunctionRegistry   : Registered SqmFunctionTemplate [org.hibernate.dialect.function.array.OracleArrayRemoveIndexFunction@1835b783] under array_remove_index; prior registration was null
2024-11-06T21:37:14.643-06:00 DEBUG 86381 --- [demo] [           main] o.h.q.sqm.function.SqmFunctionRegistry   : Registered SqmFunctionTemplate [org.hibernate.dialect.function.array.OracleArraySliceFunction@1b9c716f] under array_slice; prior registration was null
2024-11-06T21:37:14.644-06:00 DEBUG 86381 --- [demo] [           main] o.h.q.sqm.function.SqmFunctionRegistry   : Registered SqmFunctionTemplate [org.hibernate.dialect.function.array.OracleArrayReplaceFunction@5ddf5118] under array_replace; prior registration was null
2024-11-06T21:37:14.644-06:00 DEBUG 86381 --- [demo] [           main] o.h.q.sqm.function.SqmFunctionRegistry   : Registered SqmFunctionTemplate [org.hibernate.dialect.function.array.OracleArrayTrimFunction@27d6267e] under array_trim; prior registration was null
2024-11-06T21:37:14.645-06:00 DEBUG 86381 --- [demo] [           main] o.h.q.sqm.function.SqmFunctionRegistry   : Registered SqmFunctionTemplate [org.hibernate.dialect.function.array.OracleArrayFillFunction@538f45f1] under array_fill; prior registration was null
2024-11-06T21:37:14.645-06:00 DEBUG 86381 --- [demo] [           main] o.h.q.sqm.function.SqmFunctionRegistry   : Registered SqmFunctionTemplate [org.hibernate.dialect.function.array.OracleArrayFillFunction@64fc6470] under array_fill_list; prior registration was null
2024-11-06T21:37:14.646-06:00 DEBUG 86381 --- [demo] [           main] o.h.q.sqm.function.SqmFunctionRegistry   : Registered SqmFunctionTemplate [org.hibernate.dialect.function.array.OracleArrayToStringFunction@4fc71437] under array_to_string; prior registration was null
2024-11-06T21:37:14.647-06:00 DEBUG 86381 --- [demo] [           main] org.hibernate.HQL_FUNCTIONS              : abs(NUMERIC arg)
2024-11-06T21:37:14.647-06:00 DEBUG 86381 --- [demo] [           main] org.hibernate.HQL_FUNCTIONS              : Double acos(NUMERIC arg)
2024-11-06T21:37:14.647-06:00 DEBUG 86381 --- [demo] [           main] org.hibernate.HQL_FUNCTIONS              : add_months(DATE datetime, INTEGER months)
2024-11-06T21:37:14.647-06:00 DEBUG 86381 --- [demo] [           main] org.hibernate.HQL_FUNCTIONS              : Boolean any(BOOLEAN arg)
2024-11-06T21:37:14.647-06:00 DEBUG 86381 --- [demo] [           main] org.hibernate.HQL_FUNCTIONS              : array( ... )
2024-11-06T21:37:14.647-06:00 DEBUG 86381 --- [demo] [           main] org.hibernate.HQL_FUNCTIONS              : array_agg(arg)
2024-11-06T21:37:14.647-06:00 DEBUG 86381 --- [demo] [           main] org.hibernate.HQL_FUNCTIONS              : array_append( ... )
2024-11-06T21:37:14.647-06:00 DEBUG 86381 --- [demo] [           main] org.hibernate.HQL_FUNCTIONS              : array_concat( ... )
2024-11-06T21:37:14.647-06:00 DEBUG 86381 --- [demo] [           main] org.hibernate.HQL_FUNCTIONS              : Boolean array_contains(ARRAY haystackArray, OBJECT needleElementOrArray)
2024-11-06T21:37:14.647-06:00 DEBUG 86381 --- [demo] [           main] org.hibernate.HQL_FUNCTIONS              : Boolean array_contains_nullable(ARRAY haystackArray, OBJECT needleElementOrArray)
2024-11-06T21:37:14.647-06:00 DEBUG 86381 --- [demo] [           main] org.hibernate.HQL_FUNCTIONS              : array_fill(OBJECT element, INTEGER elementCount)
2024-11-06T21:37:14.647-06:00 DEBUG 86381 --- [demo] [           main] org.hibernate.HQL_FUNCTIONS              : array_fill_list(OBJECT element, INTEGER elementCount)
2024-11-06T21:37:14.647-06:00 DEBUG 86381 --- [demo] [           main] org.hibernate.HQL_FUNCTIONS              : array_get( ... )
2024-11-06T21:37:14.647-06:00 DEBUG 86381 --- [demo] [           main] org.hibernate.HQL_FUNCTIONS              : Integer array_length(ARRAY array)
2024-11-06T21:37:14.647-06:00 DEBUG 86381 --- [demo] [           main] org.hibernate.HQL_FUNCTIONS              : array_list( ... )
2024-11-06T21:37:14.647-06:00 DEBUG 86381 --- [demo] [           main] org.hibernate.HQL_FUNCTIONS              : Boolean array_overlaps(ARRAY array0, OBJECT array1)
2024-11-06T21:37:14.647-06:00 DEBUG 86381 --- [demo] [           main] org.hibernate.HQL_FUNCTIONS              : Boolean array_overlaps_nullable(ARRAY array0, OBJECT array1)
2024-11-06T21:37:14.648-06:00 DEBUG 86381 --- [demo] [           main] org.hibernate.HQL_FUNCTIONS              : Integer array_position(ARRAY array, OBJECT element[, INTEGER startPosition])
2024-11-06T21:37:14.648-06:00 DEBUG 86381 --- [demo] [           main] org.hibernate.HQL_FUNCTIONS              : int[] array_positions(ARRAY array, OBJECT element)
2024-11-06T21:37:14.648-06:00 DEBUG 86381 --- [demo] [           main] org.hibernate.HQL_FUNCTIONS              : List array_positions_list(ARRAY array, OBJECT element)
2024-11-06T21:37:14.648-06:00 DEBUG 86381 --- [demo] [           main] org.hibernate.HQL_FUNCTIONS              : array_prepend( ... )
2024-11-06T21:37:14.648-06:00 DEBUG 86381 --- [demo] [           main] org.hibernate.HQL_FUNCTIONS              : array_remove( ... )
2024-11-06T21:37:14.648-06:00 DEBUG 86381 --- [demo] [           main] org.hibernate.HQL_FUNCTIONS              : array_remove_index( ... )
2024-11-06T21:37:14.648-06:00 DEBUG 86381 --- [demo] [           main] org.hibernate.HQL_FUNCTIONS              : array_replace( ... )
2024-11-06T21:37:14.648-06:00 DEBUG 86381 --- [demo] [           main] org.hibernate.HQL_FUNCTIONS              : array_set( ... )
2024-11-06T21:37:14.648-06:00 DEBUG 86381 --- [demo] [           main] org.hibernate.HQL_FUNCTIONS              : array_slice( ... )
2024-11-06T21:37:14.648-06:00 DEBUG 86381 --- [demo] [           main] org.hibernate.HQL_FUNCTIONS              : String array_to_string( ... )
2024-11-06T21:37:14.648-06:00 DEBUG 86381 --- [demo] [           main] org.hibernate.HQL_FUNCTIONS              : array_trim( ... )
2024-11-06T21:37:14.648-06:00 DEBUG 86381 --- [demo] [           main] org.hibernate.HQL_FUNCTIONS              : Integer ascii(STRING arg)
2024-11-06T21:37:14.648-06:00 DEBUG 86381 --- [demo] [           main] org.hibernate.HQL_FUNCTIONS              : Double asin(NUMERIC arg)
2024-11-06T21:37:14.648-06:00 DEBUG 86381 --- [demo] [           main] org.hibernate.HQL_FUNCTIONS              : Double atan(NUMERIC arg)
2024-11-06T21:37:14.648-06:00 DEBUG 86381 --- [demo] [           main] org.hibernate.HQL_FUNCTIONS              : Double atan2(NUMERIC arg0, NUMERIC arg1)
2024-11-06T21:37:14.648-06:00 DEBUG 86381 --- [demo] [           main] org.hibernate.HQL_FUNCTIONS              : avg(arg)
2024-11-06T21:37:14.648-06:00 DEBUG 86381 --- [demo] [           main] org.hibernate.HQL_FUNCTIONS              : Integer bit_length(STRING_OR_CLOB arg)
2024-11-06T21:37:14.648-06:00 DEBUG 86381 --- [demo] [           main] org.hibernate.HQL_FUNCTIONS              : bitand(arg0, arg1)
2024-11-06T21:37:14.648-06:00 DEBUG 86381 --- [demo] [           main] org.hibernate.HQL_FUNCTIONS              : bitor(arg0, arg1)
2024-11-06T21:37:14.648-06:00 DEBUG 86381 --- [demo] [           main] org.hibernate.HQL_FUNCTIONS              : bitxor(arg0, arg1)
2024-11-06T21:37:14.648-06:00 DEBUG 86381 --- [demo] [           main] org.hibernate.HQL_FUNCTIONS              : cast(arg as Type)
2024-11-06T21:37:14.648-06:00 DEBUG 86381 --- [demo] [           main] org.hibernate.HQL_FUNCTIONS              : ceil(NUMERIC arg)
2024-11-06T21:37:14.648-06:00 DEBUG 86381 --- [demo] [           main] org.hibernate.HQL_FUNCTIONS              : ceiling(NUMERIC arg)
2024-11-06T21:37:14.648-06:00 DEBUG 86381 --- [demo] [           main] org.hibernate.HQL_FUNCTIONS              : Character char(INTEGER arg)
2024-11-06T21:37:14.649-06:00 DEBUG 86381 --- [demo] [           main] org.hibernate.HQL_FUNCTIONS              : Integer character_length(STRING_OR_CLOB arg)
2024-11-06T21:37:14.649-06:00 DEBUG 86381 --- [demo] [           main] org.hibernate.HQL_FUNCTIONS              : Character chr(INTEGER arg)
2024-11-06T21:37:14.649-06:00 DEBUG 86381 --- [demo] [           main] org.hibernate.HQL_FUNCTIONS              : coalesce(arg0[, arg1[, ...]])
2024-11-06T21:37:14.649-06:00 DEBUG 86381 --- [demo] [           main] org.hibernate.HQL_FUNCTIONS              : String collate(STRING string as COLLATION collation)
2024-11-06T21:37:14.649-06:00 DEBUG 86381 --- [demo] [           main] org.hibernate.HQL_FUNCTIONS              : String concat(STRING string0[, STRING string1[, ...]])
2024-11-06T21:37:14.649-06:00 DEBUG 86381 --- [demo] [           main] org.hibernate.HQL_FUNCTIONS              : Double corr(NUMERIC arg0, NUMERIC arg1)
2024-11-06T21:37:14.649-06:00 DEBUG 86381 --- [demo] [           main] org.hibernate.HQL_FUNCTIONS              : Double cos(NUMERIC arg)
2024-11-06T21:37:14.649-06:00 DEBUG 86381 --- [demo] [           main] org.hibernate.HQL_FUNCTIONS              : Double cosh(NUMERIC arg)
2024-11-06T21:37:14.649-06:00 DEBUG 86381 --- [demo] [           main] org.hibernate.HQL_FUNCTIONS              : Long count([distinct ]{arg|*})
2024-11-06T21:37:14.649-06:00 DEBUG 86381 --- [demo] [           main] org.hibernate.HQL_FUNCTIONS              : Double covar_pop(NUMERIC arg0, NUMERIC arg1)
2024-11-06T21:37:14.649-06:00 DEBUG 86381 --- [demo] [           main] org.hibernate.HQL_FUNCTIONS              : Double covar_samp(NUMERIC arg0, NUMERIC arg1)
2024-11-06T21:37:14.649-06:00 DEBUG 86381 --- [demo] [           main] org.hibernate.HQL_FUNCTIONS              : Double cume_dist([arg0[, ...]])
2024-11-06T21:37:14.649-06:00 DEBUG 86381 --- [demo] [           main] org.hibernate.HQL_FUNCTIONS              : Date current date
2024-11-06T21:37:14.649-06:00 DEBUG 86381 --- [demo] [           main] org.hibernate.HQL_FUNCTIONS              : Time current time
2024-11-06T21:37:14.649-06:00 DEBUG 86381 --- [demo] [           main] org.hibernate.HQL_FUNCTIONS              : Timestamp current timestamp
2024-11-06T21:37:14.649-06:00 DEBUG 86381 --- [demo] [           main] org.hibernate.HQL_FUNCTIONS              : Date current_date
2024-11-06T21:37:14.649-06:00 DEBUG 86381 --- [demo] [           main] org.hibernate.HQL_FUNCTIONS              : Instant current_instant
2024-11-06T21:37:14.649-06:00 DEBUG 86381 --- [demo] [           main] org.hibernate.HQL_FUNCTIONS              : Time current_time
2024-11-06T21:37:14.649-06:00 DEBUG 86381 --- [demo] [           main] org.hibernate.HQL_FUNCTIONS              : Timestamp current_timestamp
2024-11-06T21:37:14.649-06:00 DEBUG 86381 --- [demo] [           main] org.hibernate.HQL_FUNCTIONS              : dateadd(TEMPORAL_UNIT field, INTEGER magnitude, TEMPORAL datetime)
2024-11-06T21:37:14.649-06:00 DEBUG 86381 --- [demo] [           main] org.hibernate.HQL_FUNCTIONS              : Long|Double datediff(TEMPORAL_UNIT field, TEMPORAL start, TEMPORAL end)
2024-11-06T21:37:14.649-06:00 DEBUG 86381 --- [demo] [           main] org.hibernate.HQL_FUNCTIONS              : Double degrees(NUMERIC arg)
2024-11-06T21:37:14.649-06:00 DEBUG 86381 --- [demo] [           main] org.hibernate.HQL_FUNCTIONS              : Long dense_rank([arg0[, ...]])
2024-11-06T21:37:14.649-06:00 DEBUG 86381 --- [demo] [           main] org.hibernate.HQL_FUNCTIONS              : Boolean every(BOOLEAN arg)
2024-11-06T21:37:14.650-06:00 DEBUG 86381 --- [demo] [           main] org.hibernate.HQL_FUNCTIONS              : Double exp(NUMERIC arg)
2024-11-06T21:37:14.650-06:00 DEBUG 86381 --- [demo] [           main] org.hibernate.HQL_FUNCTIONS              : extract(TEMPORAL_UNIT field from TEMPORAL arg)
2024-11-06T21:37:14.650-06:00 DEBUG 86381 --- [demo] [           main] org.hibernate.HQL_FUNCTIONS              : first_valueANY value
2024-11-06T21:37:14.650-06:00 DEBUG 86381 --- [demo] [           main] org.hibernate.HQL_FUNCTIONS              : floor(NUMERIC arg)
2024-11-06T21:37:14.650-06:00 DEBUG 86381 --- [demo] [           main] org.hibernate.HQL_FUNCTIONS              : String format(TEMPORAL datetime as STRING pattern)
2024-11-06T21:37:14.650-06:00 DEBUG 86381 --- [demo] [           main] org.hibernate.HQL_FUNCTIONS              : greatest(COMPARABLE arg0, COMPARABLE arg1[, arg2[, ...]])
2024-11-06T21:37:14.650-06:00 DEBUG 86381 --- [demo] [           main] org.hibernate.HQL_FUNCTIONS              : ifnull(arg0, arg1)
2024-11-06T21:37:14.650-06:00 DEBUG 86381 --- [demo] [           main] org.hibernate.HQL_FUNCTIONS              : String initcap(arg)
2024-11-06T21:37:14.650-06:00 DEBUG 86381 --- [demo] [           main] org.hibernate.HQL_FUNCTIONS              : Instant instant
2024-11-06T21:37:14.650-06:00 DEBUG 86381 --- [demo] [           main] org.hibernate.HQL_FUNCTIONS              : Integer instr(STRING string, STRING pattern[, INTEGER start[, INTEGER occurrence]])
2024-11-06T21:37:14.650-06:00 DEBUG 86381 --- [demo] [           main] org.hibernate.HQL_FUNCTIONS              : lagANY value[, INTEGER offset[, ANY default]]
2024-11-06T21:37:14.650-06:00 DEBUG 86381 --- [demo] [           main] org.hibernate.HQL_FUNCTIONS              : Date last_day(DATE arg)
2024-11-06T21:37:14.650-06:00 DEBUG 86381 --- [demo] [           main] org.hibernate.HQL_FUNCTIONS              : last_valueANY value
2024-11-06T21:37:14.650-06:00 DEBUG 86381 --- [demo] [           main] org.hibernate.HQL_FUNCTIONS              : leadANY value[, INTEGER offset[, ANY default]]
2024-11-06T21:37:14.650-06:00 DEBUG 86381 --- [demo] [           main] org.hibernate.HQL_FUNCTIONS              : least(COMPARABLE arg0, COMPARABLE arg1[, arg2[, ...]])
2024-11-06T21:37:14.650-06:00 DEBUG 86381 --- [demo] [           main] org.hibernate.HQL_FUNCTIONS              : String left(STRING string, INTEGER length)
2024-11-06T21:37:14.650-06:00 DEBUG 86381 --- [demo] [           main] org.hibernate.HQL_FUNCTIONS              : Integer length(STRING_OR_CLOB arg)
2024-11-06T21:37:14.650-06:00 DEBUG 86381 --- [demo] [           main] org.hibernate.HQL_FUNCTIONS              : String listagg(STRING arg0, STRING arg1)
2024-11-06T21:37:14.650-06:00 DEBUG 86381 --- [demo] [           main] org.hibernate.HQL_FUNCTIONS              : Double ln(NUMERIC arg)
2024-11-06T21:37:14.650-06:00 DEBUG 86381 --- [demo] [           main] org.hibernate.HQL_FUNCTIONS              : LocalDate local date
2024-11-06T21:37:14.650-06:00 DEBUG 86381 --- [demo] [           main] org.hibernate.HQL_FUNCTIONS              : LocalDateTime local datetime
2024-11-06T21:37:14.650-06:00 DEBUG 86381 --- [demo] [           main] org.hibernate.HQL_FUNCTIONS              : LocalTime local time
2024-11-06T21:37:14.650-06:00 DEBUG 86381 --- [demo] [           main] org.hibernate.HQL_FUNCTIONS              : LocalDate local_date
2024-11-06T21:37:14.650-06:00 DEBUG 86381 --- [demo] [           main] org.hibernate.HQL_FUNCTIONS              : LocalDateTime local_datetime
2024-11-06T21:37:14.650-06:00 DEBUG 86381 --- [demo] [           main] org.hibernate.HQL_FUNCTIONS              : LocalTime local_time
2024-11-06T21:37:14.650-06:00 DEBUG 86381 --- [demo] [           main] org.hibernate.HQL_FUNCTIONS              : Integer locate(pattern, string[, start])
2024-11-06T21:37:14.650-06:00 DEBUG 86381 --- [demo] [           main] org.hibernate.HQL_FUNCTIONS              : Double log(NUMERIC arg0[, NUMERIC arg1])
2024-11-06T21:37:14.650-06:00 DEBUG 86381 --- [demo] [           main] org.hibernate.HQL_FUNCTIONS              : Double log10(NUMERIC arg)
2024-11-06T21:37:14.650-06:00 DEBUG 86381 --- [demo] [           main] org.hibernate.HQL_FUNCTIONS              : String lower(STRING string)
2024-11-06T21:37:14.650-06:00 DEBUG 86381 --- [demo] [           main] org.hibernate.HQL_FUNCTIONS              : String lpad(STRING string, INTEGER length[, STRING padding])
2024-11-06T21:37:14.650-06:00 DEBUG 86381 --- [demo] [           main] org.hibernate.HQL_FUNCTIONS              : String ltrim(STRING string[, STRING characters])
2024-11-06T21:37:14.651-06:00 DEBUG 86381 --- [demo] [           main] org.hibernate.HQL_FUNCTIONS              : max(COMPARABLE arg)
2024-11-06T21:37:14.651-06:00 DEBUG 86381 --- [demo] [           main] org.hibernate.HQL_FUNCTIONS              : Double median(NUMERIC arg)
2024-11-06T21:37:14.651-06:00 DEBUG 86381 --- [demo] [           main] org.hibernate.HQL_FUNCTIONS              : min(COMPARABLE arg)
2024-11-06T21:37:14.651-06:00 DEBUG 86381 --- [demo] [           main] org.hibernate.HQL_FUNCTIONS              : Integer mod(INTEGER arg0, INTEGER arg1)
2024-11-06T21:37:14.651-06:00 DEBUG 86381 --- [demo] [           main] org.hibernate.HQL_FUNCTIONS              : mode()
2024-11-06T21:37:14.651-06:00 DEBUG 86381 --- [demo] [           main] org.hibernate.HQL_FUNCTIONS              : Integer months_between(DATE end, DATE start)
2024-11-06T21:37:14.651-06:00 DEBUG 86381 --- [demo] [           main] org.hibernate.HQL_FUNCTIONS              : nth_valueANY value, INTEGER nth
2024-11-06T21:37:14.651-06:00 DEBUG 86381 --- [demo] [           main] org.hibernate.HQL_FUNCTIONS              : nullif(arg0, arg1)
2024-11-06T21:37:14.651-06:00 DEBUG 86381 --- [demo] [           main] org.hibernate.HQL_FUNCTIONS              : Integer octet_length(STRING_OR_CLOB arg)
2024-11-06T21:37:14.651-06:00 DEBUG 86381 --- [demo] [           main] org.hibernate.HQL_FUNCTIONS              : OffsetDateTime offset datetime
2024-11-06T21:37:14.651-06:00 DEBUG 86381 --- [demo] [           main] org.hibernate.HQL_FUNCTIONS              : OffsetDateTime offset_datetime
2024-11-06T21:37:14.651-06:00 DEBUG 86381 --- [demo] [           main] org.hibernate.HQL_FUNCTIONS              : String overlay(STRING string placing STRING replacement from INTEGER start[ for INTEGER length])
2024-11-06T21:37:14.651-06:00 DEBUG 86381 --- [demo] [           main] org.hibernate.HQL_FUNCTIONS              : String pad(STRING string with INTEGER length {leading|trailing}[ STRING character])
2024-11-06T21:37:14.651-06:00 DEBUG 86381 --- [demo] [           main] org.hibernate.HQL_FUNCTIONS              : Double percent_rank([arg0[, ...]])
2024-11-06T21:37:14.651-06:00 DEBUG 86381 --- [demo] [           main] org.hibernate.HQL_FUNCTIONS              : percentile_cont(NUMERIC arg)
2024-11-06T21:37:14.651-06:00 DEBUG 86381 --- [demo] [           main] org.hibernate.HQL_FUNCTIONS              : percentile_disc(NUMERIC arg)
2024-11-06T21:37:14.651-06:00 DEBUG 86381 --- [demo] [           main] org.hibernate.HQL_FUNCTIONS              : Double pi
2024-11-06T21:37:14.651-06:00 DEBUG 86381 --- [demo] [           main] org.hibernate.HQL_FUNCTIONS              : Integer position(STRING pattern in STRING string)
2024-11-06T21:37:14.652-06:00 DEBUG 86381 --- [demo] [           main] org.hibernate.HQL_FUNCTIONS              : Double power(NUMERIC arg0, NUMERIC arg1)
2024-11-06T21:37:14.652-06:00 DEBUG 86381 --- [demo] [           main] org.hibernate.HQL_FUNCTIONS              : Double radians(NUMERIC arg)
2024-11-06T21:37:14.652-06:00 DEBUG 86381 --- [demo] [           main] org.hibernate.HQL_FUNCTIONS              : Long rank([arg0[, ...]])
2024-11-06T21:37:14.652-06:00 DEBUG 86381 --- [demo] [           main] org.hibernate.HQL_FUNCTIONS              : Double regr_avgx(NUMERIC arg0, NUMERIC arg1)
2024-11-06T21:37:14.652-06:00 DEBUG 86381 --- [demo] [           main] org.hibernate.HQL_FUNCTIONS              : Double regr_avgy(NUMERIC arg0, NUMERIC arg1)
2024-11-06T21:37:14.652-06:00 DEBUG 86381 --- [demo] [           main] org.hibernate.HQL_FUNCTIONS              : Double regr_count(NUMERIC arg0, NUMERIC arg1)
2024-11-06T21:37:14.652-06:00 DEBUG 86381 --- [demo] [           main] org.hibernate.HQL_FUNCTIONS              : Double regr_intercept(NUMERIC arg0, NUMERIC arg1)
2024-11-06T21:37:14.652-06:00 DEBUG 86381 --- [demo] [           main] org.hibernate.HQL_FUNCTIONS              : Double regr_r2(NUMERIC arg0, NUMERIC arg1)
2024-11-06T21:37:14.652-06:00 DEBUG 86381 --- [demo] [           main] org.hibernate.HQL_FUNCTIONS              : Double regr_slope(NUMERIC arg0, NUMERIC arg1)
2024-11-06T21:37:14.652-06:00 DEBUG 86381 --- [demo] [           main] org.hibernate.HQL_FUNCTIONS              : Double regr_sxx(NUMERIC arg0, NUMERIC arg1)
2024-11-06T21:37:14.652-06:00 DEBUG 86381 --- [demo] [           main] org.hibernate.HQL_FUNCTIONS              : Double regr_sxy(NUMERIC arg0, NUMERIC arg1)
2024-11-06T21:37:14.652-06:00 DEBUG 86381 --- [demo] [           main] org.hibernate.HQL_FUNCTIONS              : Double regr_syy(NUMERIC arg0, NUMERIC arg1)
2024-11-06T21:37:14.652-06:00 DEBUG 86381 --- [demo] [           main] org.hibernate.HQL_FUNCTIONS              : String repeat(STRING string, INTEGER times)
2024-11-06T21:37:14.652-06:00 DEBUG 86381 --- [demo] [           main] org.hibernate.HQL_FUNCTIONS              : String replace(STRING string, STRING pattern, STRING replacement)
2024-11-06T21:37:14.652-06:00 DEBUG 86381 --- [demo] [           main] org.hibernate.HQL_FUNCTIONS              : String right(STRING string, INTEGER length)
2024-11-06T21:37:14.652-06:00 DEBUG 86381 --- [demo] [           main] org.hibernate.HQL_FUNCTIONS              : round(NUMERIC number[, INTEGER places])
2024-11-06T21:37:14.652-06:00 DEBUG 86381 --- [demo] [           main] org.hibernate.HQL_FUNCTIONS              : Long row_number()
2024-11-06T21:37:14.652-06:00 DEBUG 86381 --- [demo] [           main] org.hibernate.HQL_FUNCTIONS              : Long rowid
2024-11-06T21:37:14.652-06:00 DEBUG 86381 --- [demo] [           main] org.hibernate.HQL_FUNCTIONS              : Long rownum
2024-11-06T21:37:14.652-06:00 DEBUG 86381 --- [demo] [           main] org.hibernate.HQL_FUNCTIONS              : String rpad(STRING string, INTEGER length[, STRING padding])
2024-11-06T21:37:14.652-06:00 DEBUG 86381 --- [demo] [           main] org.hibernate.HQL_FUNCTIONS              : String rtrim(STRING string[, STRING characters])
2024-11-06T21:37:14.652-06:00 DEBUG 86381 --- [demo] [           main] org.hibernate.HQL_FUNCTIONS              : Integer sign(NUMERIC arg)
2024-11-06T21:37:14.652-06:00 DEBUG 86381 --- [demo] [           main] org.hibernate.HQL_FUNCTIONS              : Double sin(NUMERIC arg)
2024-11-06T21:37:14.652-06:00 DEBUG 86381 --- [demo] [           main] org.hibernate.HQL_FUNCTIONS              : Double sinh(NUMERIC arg)
2024-11-06T21:37:14.653-06:00 DEBUG 86381 --- [demo] [           main] org.hibernate.HQL_FUNCTIONS              : String soundex(arg)
2024-11-06T21:37:14.653-06:00 DEBUG 86381 --- [demo] [           main] org.hibernate.HQL_FUNCTIONS              : Object sql
2024-11-06T21:37:14.653-06:00 DEBUG 86381 --- [demo] [           main] org.hibernate.HQL_FUNCTIONS              : Double sqrt(NUMERIC arg)
2024-11-06T21:37:14.653-06:00 DEBUG 86381 --- [demo] [           main] org.hibernate.HQL_FUNCTIONS              : Double stddev(NUMERIC arg)
2024-11-06T21:37:14.653-06:00 DEBUG 86381 --- [demo] [           main] org.hibernate.HQL_FUNCTIONS              : Double stddev_pop(NUMERIC arg)
2024-11-06T21:37:14.653-06:00 DEBUG 86381 --- [demo] [           main] org.hibernate.HQL_FUNCTIONS              : Double stddev_samp(NUMERIC arg)
2024-11-06T21:37:14.653-06:00 DEBUG 86381 --- [demo] [           main] org.hibernate.HQL_FUNCTIONS              : String str(arg)
2024-11-06T21:37:14.653-06:00 DEBUG 86381 --- [demo] [           main] org.hibernate.HQL_FUNCTIONS              : String substr(STRING string, INTEGER start[, INTEGER length])
2024-11-06T21:37:14.653-06:00 DEBUG 86381 --- [demo] [           main] org.hibernate.HQL_FUNCTIONS              : String substring(STRING string{ from|,} INTEGER start[{ for|,} INTEGER length])
2024-11-06T21:37:14.653-06:00 DEBUG 86381 --- [demo] [           main] org.hibernate.HQL_FUNCTIONS              : sum(arg)
2024-11-06T21:37:14.653-06:00 DEBUG 86381 --- [demo] [           main] org.hibernate.HQL_FUNCTIONS              : Timestamp sysdate
2024-11-06T21:37:14.653-06:00 DEBUG 86381 --- [demo] [           main] org.hibernate.HQL_FUNCTIONS              : Timestamp systimestamp
2024-11-06T21:37:14.653-06:00 DEBUG 86381 --- [demo] [           main] org.hibernate.HQL_FUNCTIONS              : Double tan(NUMERIC arg)
2024-11-06T21:37:14.653-06:00 DEBUG 86381 --- [demo] [           main] org.hibernate.HQL_FUNCTIONS              : Double tanh(NUMERIC arg)
2024-11-06T21:37:14.653-06:00 DEBUG 86381 --- [demo] [           main] org.hibernate.HQL_FUNCTIONS              : timestampadd(TEMPORAL_UNIT field, INTEGER magnitude, TEMPORAL datetime)
2024-11-06T21:37:14.653-06:00 DEBUG 86381 --- [demo] [           main] org.hibernate.HQL_FUNCTIONS              : Long|Double timestampdiff(TEMPORAL_UNIT field, TEMPORAL start, TEMPORAL end)
2024-11-06T21:37:14.653-06:00 DEBUG 86381 --- [demo] [           main] org.hibernate.HQL_FUNCTIONS              : String to_char(ANY arg0[, STRING arg1, STRING arg2])
2024-11-06T21:37:14.653-06:00 DEBUG 86381 --- [demo] [           main] org.hibernate.HQL_FUNCTIONS              : Date to_date(STRING arg0[, STRING arg1, STRING arg2])
2024-11-06T21:37:14.653-06:00 DEBUG 86381 --- [demo] [           main] org.hibernate.HQL_FUNCTIONS              : Double to_number(STRING arg0[, STRING arg1, STRING arg2])
2024-11-06T21:37:14.653-06:00 DEBUG 86381 --- [demo] [           main] org.hibernate.HQL_FUNCTIONS              : Timestamp to_timestamp(STRING arg0[, STRING arg1, STRING arg2])
2024-11-06T21:37:14.653-06:00 DEBUG 86381 --- [demo] [           main] org.hibernate.HQL_FUNCTIONS              : String translate(STRING arg0, STRING arg1, STRING arg2)
2024-11-06T21:37:14.653-06:00 DEBUG 86381 --- [demo] [           main] org.hibernate.HQL_FUNCTIONS              : String trim([[{leading|trailing|both} ][STRING arg0 ]from] STRING arg1)
2024-11-06T21:37:14.653-06:00 DEBUG 86381 --- [demo] [           main] org.hibernate.HQL_FUNCTIONS              : trunc( ... )
2024-11-06T21:37:14.653-06:00 DEBUG 86381 --- [demo] [           main] org.hibernate.HQL_FUNCTIONS              : truncate( ... )
2024-11-06T21:37:14.653-06:00 DEBUG 86381 --- [demo] [           main] org.hibernate.HQL_FUNCTIONS              : String upper(STRING string)
2024-11-06T21:37:14.653-06:00 DEBUG 86381 --- [demo] [           main] org.hibernate.HQL_FUNCTIONS              : Double var_pop(NUMERIC arg)
2024-11-06T21:37:14.653-06:00 DEBUG 86381 --- [demo] [           main] org.hibernate.HQL_FUNCTIONS              : Double var_samp(NUMERIC arg)
2024-11-06T21:37:14.654-06:00 DEBUG 86381 --- [demo] [           main] org.hibernate.HQL_FUNCTIONS              : Double variance(NUMERIC arg)
2024-11-06T21:37:14.658-06:00 DEBUG 86381 --- [demo] [           main] org.hibernate.orm.query.plan.cache       : Starting QueryInterpretationCache(2048)
2024-11-06T21:37:14.727-06:00 DEBUG 86381 --- [demo] [           main] .h.s.i.SessionFactoryServiceRegistryImpl : EventListenerRegistry access via ServiceRegistry is deprecated.  Use `sessionFactory.getEventEngine().getListenerRegistry()` instead
2024-11-06T21:37:14.729-06:00 DEBUG 86381 --- [demo] [           main] h.e.i.EntityCopyObserverFactoryInitiator : Configured EntityCopyObserver strategy: disallow
2024-11-06T21:37:14.805-06:00 DEBUG 86381 --- [demo] [           main] o.h.boot.internal.ClassLoaderAccessImpl  : Not known whether passed class name [com.example.demo.DepartmentDTO] is safe
2024-11-06T21:37:14.805-06:00 DEBUG 86381 --- [demo] [           main] o.h.boot.internal.ClassLoaderAccessImpl  : No temp ClassLoader provided; using live ClassLoader for loading potentially unsafe class : com.example.demo.DepartmentDTO
2024-11-06T21:37:14.970-06:00 DEBUG 86381 --- [demo] [           main] o.h.b.i.bytebuddy.BytecodeProviderImpl   : HHH000513: Unable to create the ReflectionOptimizer for [com.example.demo.DepartmentDTO]: private accessor [departmentManager]
2024-11-06T21:37:14.994-06:00 DEBUG 86381 --- [demo] [           main] o.h.boot.internal.ClassLoaderAccessImpl  : Not known whether passed class name [com.example.demo.EmployeeDTO] is safe
2024-11-06T21:37:14.994-06:00 DEBUG 86381 --- [demo] [           main] o.h.boot.internal.ClassLoaderAccessImpl  : No temp ClassLoader provided; using live ClassLoader for loading potentially unsafe class : com.example.demo.EmployeeDTO
2024-11-06T21:37:15.010-06:00 DEBUG 86381 --- [demo] [           main] o.h.b.i.bytebuddy.BytecodeProviderImpl   : HHH000513: Unable to create the ReflectionOptimizer for [com.example.demo.EmployeeDTO]: private accessor [departmentId]
2024-11-06T21:37:15.010-06:00 DEBUG 86381 --- [demo] [           main] o.h.boot.internal.ClassLoaderAccessImpl  : Not known whether passed class name [com.example.demo.PerformanceReviewDTO] is safe
2024-11-06T21:37:15.011-06:00 DEBUG 86381 --- [demo] [           main] o.h.boot.internal.ClassLoaderAccessImpl  : No temp ClassLoader provided; using live ClassLoader for loading potentially unsafe class : com.example.demo.PerformanceReviewDTO
2024-11-06T21:37:15.023-06:00 DEBUG 86381 --- [demo] [           main] o.h.b.i.bytebuddy.BytecodeProviderImpl   : HHH000513: Unable to create the ReflectionOptimizer for [com.example.demo.PerformanceReviewDTO]: private accessor [employeeId]
2024-11-06T21:37:15.038-06:00 DEBUG 86381 --- [demo] [           main] o.hibernate.orm.model.mapping.creation   : Starting post-init callbacks
2024-11-06T21:37:15.038-06:00 DEBUG 86381 --- [demo] [           main] o.hibernate.orm.model.mapping.creation   : Starting PostInitCallbackEntry : Entity(com.example.demo.DepartmentDTO) `staticFetchableList` generator
2024-11-06T21:37:15.039-06:00 DEBUG 86381 --- [demo] [           main] o.hibernate.orm.model.mapping.creation   : Starting PostInitCallbackEntry : Entity(com.example.demo.EmployeeDTO) `staticFetchableList` generator
2024-11-06T21:37:15.039-06:00 DEBUG 86381 --- [demo] [           main] o.hibernate.orm.model.mapping.creation   : Starting PostInitCallbackEntry : Entity(com.example.demo.PerformanceReviewDTO) `staticFetchableList` generator
2024-11-06T21:37:15.117-06:00 DEBUG 86381 --- [demo] [           main] org.hibernate.orm.sql.ast.create         : Created new SQL alias : dd1_0
2024-11-06T21:37:15.119-06:00 DEBUG 86381 --- [demo] [           main] org.hibernate.orm.sql.ast.create         : Registration of TableGroup [StandardTableGroup(com.example.demo.DepartmentDTO)] with identifierForTableGroup [com.example.demo.DepartmentDTO] for NavigablePath [com.example.demo.DepartmentDTO] 
2024-11-06T21:37:15.131-06:00 DEBUG 86381 --- [demo] [           main] org.hibernate.orm.results.graph.AST      : DomainResult Graph:
 \-EntityResultImpl [com.example.demo.DepartmentDTO]
 |  +-BasicFetch [com.example.demo.DepartmentDTO.departmentManager]
 |  \-BasicFetch [com.example.demo.DepartmentDTO.departmentName]

2024-11-06T21:37:15.133-06:00 DEBUG 86381 --- [demo] [           main] org.hibernate.orm.sql.ast.tree           : SQL AST Tree:
    SelectStatement {
      FromClause {
        StandardTableGroup (dd1 : com.example.demo.DepartmentDTO) {
          primaryTableReference : departmentdto as dd1_0
        }
      }
    }

2024-11-06T21:37:15.139-06:00 DEBUG 86381 --- [demo] [           main] o.h.p.entity.AbstractEntityPersister     : Static SQL for entity: com.example.demo.DepartmentDTO
2024-11-06T21:37:15.139-06:00 DEBUG 86381 --- [demo] [           main] o.h.p.entity.AbstractEntityPersister     :  Version select: select department_id from departmentdto where department_id=?
2024-11-06T21:37:15.139-06:00 DEBUG 86381 --- [demo] [           main] o.h.p.entity.AbstractEntityPersister     :  Insert (0): insert into departmentdto (department_manager,department_name,department_id) values (?,?,default)
2024-11-06T21:37:15.139-06:00 DEBUG 86381 --- [demo] [           main] o.h.p.entity.AbstractEntityPersister     :  Update (0): update departmentdto set department_manager=?,department_name=? where department_id=?
2024-11-06T21:37:15.139-06:00 DEBUG 86381 --- [demo] [           main] o.h.p.entity.AbstractEntityPersister     :  Delete (0): delete from departmentdto where department_id=?
2024-11-06T21:37:15.140-06:00 DEBUG 86381 --- [demo] [           main] org.hibernate.orm.sql.ast.create         : Created new SQL alias : ed1_0
2024-11-06T21:37:15.140-06:00 DEBUG 86381 --- [demo] [           main] org.hibernate.orm.sql.ast.create         : Registration of TableGroup [StandardTableGroup(com.example.demo.EmployeeDTO)] with identifierForTableGroup [com.example.demo.EmployeeDTO] for NavigablePath [com.example.demo.EmployeeDTO] 
2024-11-06T21:37:15.140-06:00 DEBUG 86381 --- [demo] [           main] org.hibernate.orm.results.graph.AST      : DomainResult Graph:
 \-EntityResultImpl [com.example.demo.EmployeeDTO]
 |  +-BasicFetch [com.example.demo.EmployeeDTO.departmentId]
 |  +-BasicFetch [com.example.demo.EmployeeDTO.employeeName]
 |  +-BasicFetch [com.example.demo.EmployeeDTO.roleId]
 |  \-BasicFetch [com.example.demo.EmployeeDTO.salary]

2024-11-06T21:37:15.140-06:00 DEBUG 86381 --- [demo] [           main] org.hibernate.orm.sql.ast.tree           : SQL AST Tree:
    SelectStatement {
      FromClause {
        StandardTableGroup (ed1 : com.example.demo.EmployeeDTO) {
          primaryTableReference : employeedto as ed1_0
        }
      }
    }

2024-11-06T21:37:15.140-06:00 DEBUG 86381 --- [demo] [           main] o.h.p.entity.AbstractEntityPersister     : Static SQL for entity: com.example.demo.EmployeeDTO
2024-11-06T21:37:15.140-06:00 DEBUG 86381 --- [demo] [           main] o.h.p.entity.AbstractEntityPersister     :  Version select: select employee_id from employeedto where employee_id=?
2024-11-06T21:37:15.140-06:00 DEBUG 86381 --- [demo] [           main] o.h.p.entity.AbstractEntityPersister     :  Insert (0): insert into employeedto (department_id,employee_name,role_id,salary,employee_id) values (?,?,?,?,default)
2024-11-06T21:37:15.140-06:00 DEBUG 86381 --- [demo] [           main] o.h.p.entity.AbstractEntityPersister     :  Update (0): update employeedto set department_id=?,employee_name=?,role_id=?,salary=? where employee_id=?
2024-11-06T21:37:15.140-06:00 DEBUG 86381 --- [demo] [           main] o.h.p.entity.AbstractEntityPersister     :  Delete (0): delete from employeedto where employee_id=?
2024-11-06T21:37:15.140-06:00 DEBUG 86381 --- [demo] [           main] org.hibernate.orm.sql.ast.create         : Created new SQL alias : prd1_0
2024-11-06T21:37:15.140-06:00 DEBUG 86381 --- [demo] [           main] org.hibernate.orm.sql.ast.create         : Registration of TableGroup [StandardTableGroup(com.example.demo.PerformanceReviewDTO)] with identifierForTableGroup [com.example.demo.PerformanceReviewDTO] for NavigablePath [com.example.demo.PerformanceReviewDTO] 
2024-11-06T21:37:15.140-06:00 DEBUG 86381 --- [demo] [           main] org.hibernate.orm.results.graph.AST      : DomainResult Graph:
 \-EntityResultImpl [com.example.demo.PerformanceReviewDTO]
 |  +-BasicFetch [com.example.demo.PerformanceReviewDTO.employeeId]
 |  +-BasicFetch [com.example.demo.PerformanceReviewDTO.reviewComments]
 |  +-BasicFetch [com.example.demo.PerformanceReviewDTO.reviewDate]
 |  \-BasicFetch [com.example.demo.PerformanceReviewDTO.reviewScore]

2024-11-06T21:37:15.140-06:00 DEBUG 86381 --- [demo] [           main] org.hibernate.orm.sql.ast.tree           : SQL AST Tree:
    SelectStatement {
      FromClause {
        StandardTableGroup (prd1 : com.example.demo.PerformanceReviewDTO) {
          primaryTableReference : performance_reviewdto as prd1_0
        }
      }
    }

2024-11-06T21:37:15.141-06:00 DEBUG 86381 --- [demo] [           main] o.h.p.entity.AbstractEntityPersister     : Static SQL for entity: com.example.demo.PerformanceReviewDTO
2024-11-06T21:37:15.141-06:00 DEBUG 86381 --- [demo] [           main] o.h.p.entity.AbstractEntityPersister     :  Version select: select review_id from performance_reviewdto where review_id=?
2024-11-06T21:37:15.141-06:00 DEBUG 86381 --- [demo] [           main] o.h.p.entity.AbstractEntityPersister     :  Insert (0): insert into performance_reviewdto (employee_id,review_comments,review_date,review_score,review_id) values (?,?,?,?,default)
2024-11-06T21:37:15.141-06:00 DEBUG 86381 --- [demo] [           main] o.h.p.entity.AbstractEntityPersister     :  Update (0): update performance_reviewdto set employee_id=?,review_comments=?,review_date=?,review_score=? where review_id=?
2024-11-06T21:37:15.141-06:00 DEBUG 86381 --- [demo] [           main] o.h.p.entity.AbstractEntityPersister     :  Delete (0): delete from performance_reviewdto where review_id=?
2024-11-06T21:37:15.163-06:00  INFO 86381 --- [demo] [           main] o.h.e.t.j.p.i.JtaPlatformInitiator       : HHH000489: No JTA platform available (set 'hibernate.transaction.jta.platform' to enable JTA platform integration)
2024-11-06T21:37:15.164-06:00 DEBUG 86381 --- [demo] [           main] o.h.type.spi.TypeConfiguration$Scope     : Scoping TypeConfiguration [org.hibernate.type.spi.TypeConfiguration@e994ca] to SessionFactoryImplementor [org.hibernate.internal.SessionFactoryImpl@1af78e37]
2024-11-06T21:37:15.165-06:00 DEBUG 86381 --- [demo] [           main] o.h.query.named.NamedObjectRepository    : Checking 0 named HQL queries
2024-11-06T21:37:15.165-06:00 DEBUG 86381 --- [demo] [           main] o.h.query.named.NamedObjectRepository    : Checking 0 named SQL queries
2024-11-06T21:37:15.814-06:00 DEBUG 86381 --- [demo] [           main] org.hibernate.mapping.Table              : No alter strings for table : departmentdto
2024-11-06T21:37:15.815-06:00 DEBUG 86381 --- [demo] [           main] org.hibernate.mapping.Table              : No alter strings for table : employeedto
2024-11-06T21:37:15.815-06:00 DEBUG 86381 --- [demo] [           main] org.hibernate.mapping.Table              : No alter strings for table : performance_reviewdto
2024-11-06T21:37:15.816-06:00 DEBUG 86381 --- [demo] [           main] o.h.internal.SessionFactoryRegistry      : Initializing SessionFactoryRegistry : org.hibernate.internal.SessionFactoryRegistry@24888d8b
2024-11-06T21:37:15.816-06:00 DEBUG 86381 --- [demo] [           main] o.h.internal.SessionFactoryRegistry      : Registering SessionFactory: b1d63ec4-cace-417b-a923-e6ca97417bdc (<unnamed>)
2024-11-06T21:37:15.816-06:00 DEBUG 86381 --- [demo] [           main] o.h.internal.SessionFactoryRegistry      : Not binding SessionFactory to JNDI, no JNDI name configured
2024-11-06T21:37:15.816-06:00 DEBUG 86381 --- [demo] [           main] o.hibernate.internal.SessionFactoryImpl  : Instantiated SessionFactory
2024-11-06T21:37:15.817-06:00  INFO 86381 --- [demo] [           main] j.LocalContainerEntityManagerFactoryBean : Initialized JPA EntityManagerFactory for persistence unit 'default'
2024-11-06T21:37:16.053-06:00  INFO 86381 --- [demo] [           main] r$InitializeUserDetailsManagerConfigurer : Global AuthenticationManager configured with UserDetailsService bean with name userDetailsService
2024-11-06T21:37:16.423-06:00 DEBUG 86381 --- [demo] [           main] .h.v.m.ResourceBundleMessageInterpolator : Loaded expression factory via original TCCL
2024-11-06T21:37:16.424-06:00 DEBUG 86381 --- [demo] [           main] o.h.v.i.e.AbstractConfigurationImpl      : Setting custom MessageInterpolator of type org.springframework.validation.beanvalidation.LocaleContextMessageInterpolator
2024-11-06T21:37:16.425-06:00 DEBUG 86381 --- [demo] [           main] o.h.v.i.e.AbstractConfigurationImpl      : Setting custom ConstraintValidatorFactory of type org.springframework.validation.beanvalidation.SpringConstraintValidatorFactory
2024-11-06T21:37:16.425-06:00 DEBUG 86381 --- [demo] [           main] o.h.v.i.xml.config.ValidationXmlParser   : Trying to load META-INF/validation.xml for XML based Validator configuration.
2024-11-06T21:37:16.426-06:00 DEBUG 86381 --- [demo] [           main] o.h.v.i.xml.config.ResourceLoaderHelper  : Trying to load META-INF/validation.xml via user class loader
2024-11-06T21:37:16.426-06:00 DEBUG 86381 --- [demo] [           main] o.h.v.i.xml.config.ResourceLoaderHelper  : Trying to load META-INF/validation.xml via TCCL
2024-11-06T21:37:16.426-06:00 DEBUG 86381 --- [demo] [           main] o.h.v.i.xml.config.ResourceLoaderHelper  : Trying to load META-INF/validation.xml via Hibernate Validator's class loader
2024-11-06T21:37:16.426-06:00 DEBUG 86381 --- [demo] [           main] o.h.v.i.xml.config.ValidationXmlParser   : No META-INF/validation.xml found. Using annotation based configuration only.
2024-11-06T21:37:16.426-06:00 DEBUG 86381 --- [demo] [           main] o.h.v.i.e.resolver.TraversableResolvers  : Found jakarta.persistence.Persistence on classpath containing 'getPersistenceUtil'. Assuming JPA 2 environment. Trying to instantiate JPA aware TraversableResolver
2024-11-06T21:37:16.426-06:00 DEBUG 86381 --- [demo] [           main] o.h.v.i.e.resolver.TraversableResolvers  : Instantiated JPA aware TraversableResolver of type org.hibernate.validator.internal.engine.resolver.JPATraversableResolver.
2024-11-06T21:37:16.427-06:00 DEBUG 86381 --- [demo] [           main] .i.e.ValidatorFactoryConfigurationHelper : HV000252: Using org.hibernate.validator.internal.engine.DefaultPropertyNodeNameProvider as property node name provider.
2024-11-06T21:37:16.427-06:00 DEBUG 86381 --- [demo] [           main] .i.e.ValidatorFactoryConfigurationHelper : HV000234: Using org.springframework.validation.beanvalidation.LocaleContextMessageInterpolator as ValidatorFactory-scoped message interpolator.
2024-11-06T21:37:16.427-06:00 DEBUG 86381 --- [demo] [           main] .i.e.ValidatorFactoryConfigurationHelper : HV000234: Using org.hibernate.validator.internal.engine.resolver.JPATraversableResolver as ValidatorFactory-scoped traversable resolver.
2024-11-06T21:37:16.427-06:00 DEBUG 86381 --- [demo] [           main] .i.e.ValidatorFactoryConfigurationHelper : HV000234: Using org.hibernate.validator.internal.util.ExecutableParameterNameProvider as ValidatorFactory-scoped parameter name provider.
2024-11-06T21:37:16.427-06:00 DEBUG 86381 --- [demo] [           main] .i.e.ValidatorFactoryConfigurationHelper : HV000234: Using org.hibernate.validator.internal.engine.DefaultClockProvider as ValidatorFactory-scoped clock provider.
2024-11-06T21:37:16.427-06:00 DEBUG 86381 --- [demo] [           main] .i.e.ValidatorFactoryConfigurationHelper : HV000234: Using org.hibernate.validator.internal.engine.scripting.DefaultScriptEvaluatorFactory as ValidatorFactory-scoped script evaluator factory.
2024-11-06T21:37:16.633-06:00  INFO 86381 --- [demo] [           main] com.example.demo.DemoApplicationTests    : Started DemoApplicationTests in 5.856 seconds (process running for 6.794)
]]></system-out>
    <system-err><![CDATA[WARNING: A Java agent has been loaded dynamically (/Users/lucas/.m2/repository/net/bytebuddy/byte-buddy-agent/1.14.19/byte-buddy-agent-1.14.19.jar)
WARNING: If a serviceability tool is in use, please run with -XX:+EnableDynamicAgentLoading to hide this warning
WARNING: If a serviceability tool is not in use, please run with -Djdk.instrument.traceUsage for more information
WARNING: Dynamic loading of agents will be disallowed by default in a future release
]]></system-err>
  </testcase>
</testsuite>